[2024-04-29T05:31:48.075+0000] {processor.py:161} INFO - Started process (PID=163) to work on /opt/airflow/dags/etl.py
[2024-04-29T05:31:48.076+0000] {processor.py:830} INFO - Processing file /opt/airflow/dags/etl.py for tasks to queue
[2024-04-29T05:31:48.077+0000] {logging_mixin.py:188} INFO - [2024-04-29T05:31:48.076+0000] {dagbag.py:540} INFO - Filling up the DagBag from /opt/airflow/dags/etl.py
[2024-04-29T05:31:48.127+0000] {processor.py:840} INFO - DAG(s) 'etl' retrieved from /opt/airflow/dags/etl.py
[2024-04-29T05:31:48.594+0000] {logging_mixin.py:188} INFO - [2024-04-29T05:31:48.594+0000] {override.py:1769} INFO - Created Permission View: can read on DAG:etl
[2024-04-29T05:31:48.620+0000] {logging_mixin.py:188} INFO - [2024-04-29T05:31:48.619+0000] {override.py:1769} INFO - Created Permission View: can edit on DAG:etl
[2024-04-29T05:31:48.639+0000] {logging_mixin.py:188} INFO - [2024-04-29T05:31:48.639+0000] {override.py:1769} INFO - Created Permission View: can delete on DAG:etl
[2024-04-29T05:31:48.640+0000] {logging_mixin.py:188} INFO - [2024-04-29T05:31:48.640+0000] {dag.py:3047} INFO - Sync 1 DAGs
[2024-04-29T05:31:48.673+0000] {logging_mixin.py:188} INFO - [2024-04-29T05:31:48.672+0000] {dag.py:3069} INFO - Creating ORM DAG for etl
[2024-04-29T05:31:48.692+0000] {logging_mixin.py:188} INFO - [2024-04-29T05:31:48.691+0000] {dag.py:3834} INFO - Setting next_dagrun for etl to 2024-04-03 00:00:00+00:00, run_after=2024-04-04 00:00:00+00:00
[2024-04-29T05:31:48.753+0000] {processor.py:183} INFO - Processing /opt/airflow/dags/etl.py took 0.683 seconds
[2024-04-29T05:32:19.275+0000] {processor.py:161} INFO - Started process (PID=415) to work on /opt/airflow/dags/etl.py
[2024-04-29T05:32:19.276+0000] {processor.py:830} INFO - Processing file /opt/airflow/dags/etl.py for tasks to queue
[2024-04-29T05:32:19.278+0000] {logging_mixin.py:188} INFO - [2024-04-29T05:32:19.277+0000] {dagbag.py:540} INFO - Filling up the DagBag from /opt/airflow/dags/etl.py
[2024-04-29T05:32:19.287+0000] {processor.py:840} INFO - DAG(s) 'etl' retrieved from /opt/airflow/dags/etl.py
[2024-04-29T05:32:19.311+0000] {logging_mixin.py:188} INFO - [2024-04-29T05:32:19.311+0000] {dag.py:3047} INFO - Sync 1 DAGs
[2024-04-29T05:32:19.338+0000] {logging_mixin.py:188} INFO - [2024-04-29T05:32:19.337+0000] {dag.py:3834} INFO - Setting next_dagrun for etl to 2024-04-03 00:00:00+00:00, run_after=2024-04-04 00:00:00+00:00
[2024-04-29T05:32:19.398+0000] {processor.py:183} INFO - Processing /opt/airflow/dags/etl.py took 0.126 seconds
[2024-04-29T05:32:49.649+0000] {processor.py:161} INFO - Started process (PID=666) to work on /opt/airflow/dags/etl.py
[2024-04-29T05:32:49.650+0000] {processor.py:830} INFO - Processing file /opt/airflow/dags/etl.py for tasks to queue
[2024-04-29T05:32:49.652+0000] {logging_mixin.py:188} INFO - [2024-04-29T05:32:49.652+0000] {dagbag.py:540} INFO - Filling up the DagBag from /opt/airflow/dags/etl.py
[2024-04-29T05:32:49.662+0000] {processor.py:840} INFO - DAG(s) 'etl' retrieved from /opt/airflow/dags/etl.py
[2024-04-29T05:32:49.687+0000] {logging_mixin.py:188} INFO - [2024-04-29T05:32:49.686+0000] {dag.py:3047} INFO - Sync 1 DAGs
[2024-04-29T05:32:49.714+0000] {logging_mixin.py:188} INFO - [2024-04-29T05:32:49.713+0000] {dag.py:3834} INFO - Setting next_dagrun for etl to 2024-04-03 00:00:00+00:00, run_after=2024-04-04 00:00:00+00:00
[2024-04-29T05:32:49.737+0000] {processor.py:183} INFO - Processing /opt/airflow/dags/etl.py took 0.092 seconds
[2024-04-29T05:34:23.563+0000] {processor.py:161} INFO - Started process (PID=162) to work on /opt/airflow/dags/etl.py
[2024-04-29T05:34:23.564+0000] {processor.py:830} INFO - Processing file /opt/airflow/dags/etl.py for tasks to queue
[2024-04-29T05:34:23.565+0000] {logging_mixin.py:188} INFO - [2024-04-29T05:34:23.564+0000] {dagbag.py:540} INFO - Filling up the DagBag from /opt/airflow/dags/etl.py
[2024-04-29T05:34:23.592+0000] {processor.py:840} INFO - DAG(s) 'etl' retrieved from /opt/airflow/dags/etl.py
[2024-04-29T05:34:24.228+0000] {logging_mixin.py:188} INFO - [2024-04-29T05:34:24.227+0000] {dag.py:3047} INFO - Sync 1 DAGs
[2024-04-29T05:34:24.262+0000] {logging_mixin.py:188} INFO - [2024-04-29T05:34:24.262+0000] {dag.py:3834} INFO - Setting next_dagrun for etl to 2024-04-03 00:00:00+00:00, run_after=2024-04-04 00:00:00+00:00
[2024-04-29T05:34:24.310+0000] {processor.py:183} INFO - Processing /opt/airflow/dags/etl.py took 0.750 seconds
[2024-04-29T05:34:54.591+0000] {processor.py:161} INFO - Started process (PID=414) to work on /opt/airflow/dags/etl.py
[2024-04-29T05:34:54.592+0000] {processor.py:830} INFO - Processing file /opt/airflow/dags/etl.py for tasks to queue
[2024-04-29T05:34:54.594+0000] {logging_mixin.py:188} INFO - [2024-04-29T05:34:54.593+0000] {dagbag.py:540} INFO - Filling up the DagBag from /opt/airflow/dags/etl.py
[2024-04-29T05:34:54.618+0000] {processor.py:840} INFO - DAG(s) 'etl' retrieved from /opt/airflow/dags/etl.py
[2024-04-29T05:34:54.665+0000] {logging_mixin.py:188} INFO - [2024-04-29T05:34:54.665+0000] {dag.py:3047} INFO - Sync 1 DAGs
[2024-04-29T05:34:54.708+0000] {logging_mixin.py:188} INFO - [2024-04-29T05:34:54.708+0000] {dag.py:3834} INFO - Setting next_dagrun for etl to 2024-04-03 00:00:00+00:00, run_after=2024-04-04 00:00:00+00:00
[2024-04-29T05:34:54.905+0000] {processor.py:183} INFO - Processing /opt/airflow/dags/etl.py took 0.322 seconds
[2024-04-29T05:35:25.022+0000] {processor.py:161} INFO - Started process (PID=666) to work on /opt/airflow/dags/etl.py
[2024-04-29T05:35:25.023+0000] {processor.py:830} INFO - Processing file /opt/airflow/dags/etl.py for tasks to queue
[2024-04-29T05:35:25.024+0000] {logging_mixin.py:188} INFO - [2024-04-29T05:35:25.024+0000] {dagbag.py:540} INFO - Filling up the DagBag from /opt/airflow/dags/etl.py
[2024-04-29T05:35:25.030+0000] {processor.py:840} INFO - DAG(s) 'etl' retrieved from /opt/airflow/dags/etl.py
[2024-04-29T05:35:25.048+0000] {logging_mixin.py:188} INFO - [2024-04-29T05:35:25.048+0000] {dag.py:3047} INFO - Sync 1 DAGs
[2024-04-29T05:35:25.069+0000] {logging_mixin.py:188} INFO - [2024-04-29T05:35:25.069+0000] {dag.py:3834} INFO - Setting next_dagrun for etl to 2024-04-03 00:00:00+00:00, run_after=2024-04-04 00:00:00+00:00
[2024-04-29T05:35:25.088+0000] {processor.py:183} INFO - Processing /opt/airflow/dags/etl.py took 0.068 seconds
[2024-04-29T05:35:55.228+0000] {processor.py:161} INFO - Started process (PID=917) to work on /opt/airflow/dags/etl.py
[2024-04-29T05:35:55.229+0000] {processor.py:830} INFO - Processing file /opt/airflow/dags/etl.py for tasks to queue
[2024-04-29T05:35:55.229+0000] {logging_mixin.py:188} INFO - [2024-04-29T05:35:55.229+0000] {dagbag.py:540} INFO - Filling up the DagBag from /opt/airflow/dags/etl.py
[2024-04-29T05:35:55.236+0000] {processor.py:840} INFO - DAG(s) 'etl' retrieved from /opt/airflow/dags/etl.py
[2024-04-29T05:35:55.253+0000] {logging_mixin.py:188} INFO - [2024-04-29T05:35:55.253+0000] {dag.py:3047} INFO - Sync 1 DAGs
[2024-04-29T05:35:55.271+0000] {logging_mixin.py:188} INFO - [2024-04-29T05:35:55.271+0000] {dag.py:3834} INFO - Setting next_dagrun for etl to 2024-04-03 00:00:00+00:00, run_after=2024-04-04 00:00:00+00:00
[2024-04-29T05:35:55.292+0000] {processor.py:183} INFO - Processing /opt/airflow/dags/etl.py took 0.066 seconds
[2024-04-29T05:36:25.927+0000] {processor.py:161} INFO - Started process (PID=1170) to work on /opt/airflow/dags/etl.py
[2024-04-29T05:36:25.930+0000] {processor.py:830} INFO - Processing file /opt/airflow/dags/etl.py for tasks to queue
[2024-04-29T05:36:25.931+0000] {logging_mixin.py:188} INFO - [2024-04-29T05:36:25.931+0000] {dagbag.py:540} INFO - Filling up the DagBag from /opt/airflow/dags/etl.py
[2024-04-29T05:36:25.941+0000] {processor.py:840} INFO - DAG(s) 'etl' retrieved from /opt/airflow/dags/etl.py
[2024-04-29T05:36:25.959+0000] {logging_mixin.py:188} INFO - [2024-04-29T05:36:25.959+0000] {dag.py:3047} INFO - Sync 1 DAGs
[2024-04-29T05:36:25.977+0000] {logging_mixin.py:188} INFO - [2024-04-29T05:36:25.977+0000] {dag.py:3834} INFO - Setting next_dagrun for etl to 2024-04-03 00:00:00+00:00, run_after=2024-04-04 00:00:00+00:00
[2024-04-29T05:36:25.997+0000] {processor.py:183} INFO - Processing /opt/airflow/dags/etl.py took 0.073 seconds
[2024-04-29T05:36:56.471+0000] {processor.py:161} INFO - Started process (PID=1423) to work on /opt/airflow/dags/etl.py
[2024-04-29T05:36:56.472+0000] {processor.py:830} INFO - Processing file /opt/airflow/dags/etl.py for tasks to queue
[2024-04-29T05:36:56.473+0000] {logging_mixin.py:188} INFO - [2024-04-29T05:36:56.472+0000] {dagbag.py:540} INFO - Filling up the DagBag from /opt/airflow/dags/etl.py
[2024-04-29T05:36:56.479+0000] {processor.py:840} INFO - DAG(s) 'etl' retrieved from /opt/airflow/dags/etl.py
[2024-04-29T05:36:56.497+0000] {logging_mixin.py:188} INFO - [2024-04-29T05:36:56.496+0000] {dag.py:3047} INFO - Sync 1 DAGs
[2024-04-29T05:36:56.514+0000] {logging_mixin.py:188} INFO - [2024-04-29T05:36:56.514+0000] {dag.py:3834} INFO - Setting next_dagrun for etl to 2024-04-03 00:00:00+00:00, run_after=2024-04-04 00:00:00+00:00
[2024-04-29T05:36:56.534+0000] {processor.py:183} INFO - Processing /opt/airflow/dags/etl.py took 0.065 seconds
[2024-04-29T05:37:26.979+0000] {processor.py:161} INFO - Started process (PID=1675) to work on /opt/airflow/dags/etl.py
[2024-04-29T05:37:26.980+0000] {processor.py:830} INFO - Processing file /opt/airflow/dags/etl.py for tasks to queue
[2024-04-29T05:37:26.980+0000] {logging_mixin.py:188} INFO - [2024-04-29T05:37:26.980+0000] {dagbag.py:540} INFO - Filling up the DagBag from /opt/airflow/dags/etl.py
[2024-04-29T05:37:26.987+0000] {processor.py:840} INFO - DAG(s) 'etl' retrieved from /opt/airflow/dags/etl.py
[2024-04-29T05:37:27.005+0000] {logging_mixin.py:188} INFO - [2024-04-29T05:37:27.005+0000] {dag.py:3047} INFO - Sync 1 DAGs
[2024-04-29T05:37:27.024+0000] {logging_mixin.py:188} INFO - [2024-04-29T05:37:27.023+0000] {dag.py:3834} INFO - Setting next_dagrun for etl to 2024-04-03 00:00:00+00:00, run_after=2024-04-04 00:00:00+00:00
[2024-04-29T05:37:27.055+0000] {processor.py:183} INFO - Processing /opt/airflow/dags/etl.py took 0.079 seconds
[2024-04-29T05:37:57.565+0000] {processor.py:161} INFO - Started process (PID=1990) to work on /opt/airflow/dags/etl.py
[2024-04-29T05:37:57.569+0000] {processor.py:830} INFO - Processing file /opt/airflow/dags/etl.py for tasks to queue
[2024-04-29T05:37:57.579+0000] {logging_mixin.py:188} INFO - [2024-04-29T05:37:57.579+0000] {dagbag.py:540} INFO - Filling up the DagBag from /opt/airflow/dags/etl.py
[2024-04-29T05:37:57.669+0000] {processor.py:840} INFO - DAG(s) 'etl' retrieved from /opt/airflow/dags/etl.py
[2024-04-29T05:37:57.886+0000] {logging_mixin.py:188} INFO - [2024-04-29T05:37:57.886+0000] {dag.py:3047} INFO - Sync 1 DAGs
[2024-04-29T05:37:58.598+0000] {logging_mixin.py:188} INFO - [2024-04-29T05:37:58.597+0000] {dag.py:3834} INFO - Setting next_dagrun for etl to 2024-04-19 00:00:00+00:00, run_after=2024-04-20 00:00:00+00:00
[2024-04-29T05:37:58.810+0000] {processor.py:183} INFO - Processing /opt/airflow/dags/etl.py took 1.269 seconds
[2024-04-29T05:38:29.246+0000] {processor.py:161} INFO - Started process (PID=2310) to work on /opt/airflow/dags/etl.py
[2024-04-29T05:38:29.261+0000] {processor.py:830} INFO - Processing file /opt/airflow/dags/etl.py for tasks to queue
[2024-04-29T05:38:29.265+0000] {logging_mixin.py:188} INFO - [2024-04-29T05:38:29.265+0000] {dagbag.py:540} INFO - Filling up the DagBag from /opt/airflow/dags/etl.py
[2024-04-29T05:38:29.328+0000] {processor.py:840} INFO - DAG(s) 'etl' retrieved from /opt/airflow/dags/etl.py
[2024-04-29T05:38:29.509+0000] {logging_mixin.py:188} INFO - [2024-04-29T05:38:29.509+0000] {dag.py:3047} INFO - Sync 1 DAGs
[2024-04-29T05:38:29.724+0000] {logging_mixin.py:188} INFO - [2024-04-29T05:38:29.724+0000] {dag.py:3834} INFO - Setting next_dagrun for etl to 2024-04-29 00:00:00+00:00, run_after=2024-04-30 00:00:00+00:00
[2024-04-29T05:38:29.889+0000] {processor.py:183} INFO - Processing /opt/airflow/dags/etl.py took 0.661 seconds
[2024-04-29T05:39:00.373+0000] {processor.py:161} INFO - Started process (PID=2586) to work on /opt/airflow/dags/etl.py
[2024-04-29T05:39:00.374+0000] {processor.py:830} INFO - Processing file /opt/airflow/dags/etl.py for tasks to queue
[2024-04-29T05:39:00.375+0000] {logging_mixin.py:188} INFO - [2024-04-29T05:39:00.374+0000] {dagbag.py:540} INFO - Filling up the DagBag from /opt/airflow/dags/etl.py
[2024-04-29T05:39:00.381+0000] {processor.py:840} INFO - DAG(s) 'etl' retrieved from /opt/airflow/dags/etl.py
[2024-04-29T05:39:00.400+0000] {logging_mixin.py:188} INFO - [2024-04-29T05:39:00.399+0000] {dag.py:3047} INFO - Sync 1 DAGs
[2024-04-29T05:39:00.418+0000] {logging_mixin.py:188} INFO - [2024-04-29T05:39:00.418+0000] {dag.py:3834} INFO - Setting next_dagrun for etl to 2024-04-29 00:00:00+00:00, run_after=2024-04-30 00:00:00+00:00
[2024-04-29T05:39:00.438+0000] {processor.py:183} INFO - Processing /opt/airflow/dags/etl.py took 0.067 seconds
[2024-04-29T05:39:30.777+0000] {processor.py:161} INFO - Started process (PID=2839) to work on /opt/airflow/dags/etl.py
[2024-04-29T05:39:30.778+0000] {processor.py:830} INFO - Processing file /opt/airflow/dags/etl.py for tasks to queue
[2024-04-29T05:39:30.778+0000] {logging_mixin.py:188} INFO - [2024-04-29T05:39:30.778+0000] {dagbag.py:540} INFO - Filling up the DagBag from /opt/airflow/dags/etl.py
[2024-04-29T05:39:30.785+0000] {processor.py:840} INFO - DAG(s) 'etl' retrieved from /opt/airflow/dags/etl.py
[2024-04-29T05:39:30.803+0000] {logging_mixin.py:188} INFO - [2024-04-29T05:39:30.802+0000] {dag.py:3047} INFO - Sync 1 DAGs
[2024-04-29T05:39:30.821+0000] {logging_mixin.py:188} INFO - [2024-04-29T05:39:30.821+0000] {dag.py:3834} INFO - Setting next_dagrun for etl to 2024-04-29 00:00:00+00:00, run_after=2024-04-30 00:00:00+00:00
[2024-04-29T05:39:30.841+0000] {processor.py:183} INFO - Processing /opt/airflow/dags/etl.py took 0.067 seconds
[2024-04-29T05:40:00.956+0000] {processor.py:161} INFO - Started process (PID=3093) to work on /opt/airflow/dags/etl.py
[2024-04-29T05:40:00.957+0000] {processor.py:830} INFO - Processing file /opt/airflow/dags/etl.py for tasks to queue
[2024-04-29T05:40:00.958+0000] {logging_mixin.py:188} INFO - [2024-04-29T05:40:00.957+0000] {dagbag.py:540} INFO - Filling up the DagBag from /opt/airflow/dags/etl.py
[2024-04-29T05:40:00.964+0000] {processor.py:840} INFO - DAG(s) 'etl' retrieved from /opt/airflow/dags/etl.py
[2024-04-29T05:40:00.983+0000] {logging_mixin.py:188} INFO - [2024-04-29T05:40:00.982+0000] {dag.py:3047} INFO - Sync 1 DAGs
[2024-04-29T05:40:01.001+0000] {logging_mixin.py:188} INFO - [2024-04-29T05:40:01.000+0000] {dag.py:3834} INFO - Setting next_dagrun for etl to 2024-04-29 00:00:00+00:00, run_after=2024-04-30 00:00:00+00:00
[2024-04-29T05:40:01.021+0000] {processor.py:183} INFO - Processing /opt/airflow/dags/etl.py took 0.068 seconds
[2024-04-29T05:40:31.105+0000] {processor.py:161} INFO - Started process (PID=3346) to work on /opt/airflow/dags/etl.py
[2024-04-29T05:40:31.106+0000] {processor.py:830} INFO - Processing file /opt/airflow/dags/etl.py for tasks to queue
[2024-04-29T05:40:31.106+0000] {logging_mixin.py:188} INFO - [2024-04-29T05:40:31.106+0000] {dagbag.py:540} INFO - Filling up the DagBag from /opt/airflow/dags/etl.py
[2024-04-29T05:40:31.113+0000] {processor.py:840} INFO - DAG(s) 'etl' retrieved from /opt/airflow/dags/etl.py
[2024-04-29T05:40:31.130+0000] {logging_mixin.py:188} INFO - [2024-04-29T05:40:31.130+0000] {dag.py:3047} INFO - Sync 1 DAGs
[2024-04-29T05:40:31.149+0000] {logging_mixin.py:188} INFO - [2024-04-29T05:40:31.149+0000] {dag.py:3834} INFO - Setting next_dagrun for etl to 2024-04-29 00:00:00+00:00, run_after=2024-04-30 00:00:00+00:00
[2024-04-29T05:40:31.169+0000] {processor.py:183} INFO - Processing /opt/airflow/dags/etl.py took 0.067 seconds
[2024-04-29T05:40:46.960+0000] {processor.py:161} INFO - Started process (PID=3477) to work on /opt/airflow/dags/etl.py
[2024-04-29T05:40:46.960+0000] {processor.py:830} INFO - Processing file /opt/airflow/dags/etl.py for tasks to queue
[2024-04-29T05:40:46.961+0000] {logging_mixin.py:188} INFO - [2024-04-29T05:40:46.961+0000] {dagbag.py:540} INFO - Filling up the DagBag from /opt/airflow/dags/etl.py
[2024-04-29T05:40:46.969+0000] {processor.py:840} INFO - DAG(s) 'etl' retrieved from /opt/airflow/dags/etl.py
[2024-04-29T05:40:47.058+0000] {logging_mixin.py:188} INFO - [2024-04-29T05:40:47.057+0000] {dag.py:3047} INFO - Sync 1 DAGs
[2024-04-29T05:40:47.091+0000] {logging_mixin.py:188} INFO - [2024-04-29T05:40:47.091+0000] {dag.py:3834} INFO - Setting next_dagrun for etl to 2024-04-29 00:00:00+00:00, run_after=2024-04-30 00:00:00+00:00
[2024-04-29T05:40:47.120+0000] {processor.py:183} INFO - Processing /opt/airflow/dags/etl.py took 0.163 seconds
[2024-04-29T05:40:49.277+0000] {processor.py:161} INFO - Started process (PID=3502) to work on /opt/airflow/dags/etl.py
[2024-04-29T05:40:49.278+0000] {processor.py:830} INFO - Processing file /opt/airflow/dags/etl.py for tasks to queue
[2024-04-29T05:40:49.279+0000] {logging_mixin.py:188} INFO - [2024-04-29T05:40:49.279+0000] {dagbag.py:540} INFO - Filling up the DagBag from /opt/airflow/dags/etl.py
[2024-04-29T05:40:49.290+0000] {processor.py:840} INFO - DAG(s) 'etl' retrieved from /opt/airflow/dags/etl.py
[2024-04-29T05:40:49.307+0000] {logging_mixin.py:188} INFO - [2024-04-29T05:40:49.307+0000] {dag.py:3047} INFO - Sync 1 DAGs
[2024-04-29T05:40:49.337+0000] {logging_mixin.py:188} INFO - [2024-04-29T05:40:49.336+0000] {dag.py:3834} INFO - Setting next_dagrun for etl to 2024-04-29 00:00:00+00:00, run_after=2024-04-30 00:00:00+00:00
[2024-04-29T05:40:49.362+0000] {processor.py:183} INFO - Processing /opt/airflow/dags/etl.py took 0.088 seconds
[2024-04-29T05:41:19.897+0000] {processor.py:161} INFO - Started process (PID=3760) to work on /opt/airflow/dags/etl.py
[2024-04-29T05:41:19.898+0000] {processor.py:830} INFO - Processing file /opt/airflow/dags/etl.py for tasks to queue
[2024-04-29T05:41:19.899+0000] {logging_mixin.py:188} INFO - [2024-04-29T05:41:19.898+0000] {dagbag.py:540} INFO - Filling up the DagBag from /opt/airflow/dags/etl.py
[2024-04-29T05:41:19.908+0000] {processor.py:840} INFO - DAG(s) 'etl' retrieved from /opt/airflow/dags/etl.py
[2024-04-29T05:41:19.932+0000] {logging_mixin.py:188} INFO - [2024-04-29T05:41:19.932+0000] {dag.py:3047} INFO - Sync 1 DAGs
[2024-04-29T05:41:19.994+0000] {logging_mixin.py:188} INFO - [2024-04-29T05:41:19.993+0000] {dag.py:3834} INFO - Setting next_dagrun for etl to 2024-04-29 00:00:00+00:00, run_after=2024-04-30 00:00:00+00:00
[2024-04-29T05:41:20.026+0000] {processor.py:183} INFO - Processing /opt/airflow/dags/etl.py took 0.133 seconds
[2024-04-29T05:41:50.243+0000] {processor.py:161} INFO - Started process (PID=4012) to work on /opt/airflow/dags/etl.py
[2024-04-29T05:41:50.258+0000] {processor.py:830} INFO - Processing file /opt/airflow/dags/etl.py for tasks to queue
[2024-04-29T05:41:50.259+0000] {logging_mixin.py:188} INFO - [2024-04-29T05:41:50.258+0000] {dagbag.py:540} INFO - Filling up the DagBag from /opt/airflow/dags/etl.py
[2024-04-29T05:41:50.307+0000] {processor.py:840} INFO - DAG(s) 'etl' retrieved from /opt/airflow/dags/etl.py
[2024-04-29T05:41:50.356+0000] {logging_mixin.py:188} INFO - [2024-04-29T05:41:50.356+0000] {dag.py:3047} INFO - Sync 1 DAGs
[2024-04-29T05:41:50.440+0000] {logging_mixin.py:188} INFO - [2024-04-29T05:41:50.440+0000] {dag.py:3834} INFO - Setting next_dagrun for etl to 2024-04-29 00:00:00+00:00, run_after=2024-04-30 00:00:00+00:00
[2024-04-29T05:41:50.509+0000] {processor.py:183} INFO - Processing /opt/airflow/dags/etl.py took 0.277 seconds
[2024-04-29T05:42:20.676+0000] {processor.py:161} INFO - Started process (PID=4264) to work on /opt/airflow/dags/etl.py
[2024-04-29T05:42:20.677+0000] {processor.py:830} INFO - Processing file /opt/airflow/dags/etl.py for tasks to queue
[2024-04-29T05:42:20.678+0000] {logging_mixin.py:188} INFO - [2024-04-29T05:42:20.678+0000] {dagbag.py:540} INFO - Filling up the DagBag from /opt/airflow/dags/etl.py
[2024-04-29T05:42:20.687+0000] {processor.py:840} INFO - DAG(s) 'etl' retrieved from /opt/airflow/dags/etl.py
[2024-04-29T05:42:20.713+0000] {logging_mixin.py:188} INFO - [2024-04-29T05:42:20.713+0000] {dag.py:3047} INFO - Sync 1 DAGs
[2024-04-29T05:42:20.742+0000] {logging_mixin.py:188} INFO - [2024-04-29T05:42:20.741+0000] {dag.py:3834} INFO - Setting next_dagrun for etl to 2024-04-29 00:00:00+00:00, run_after=2024-04-30 00:00:00+00:00
[2024-04-29T05:42:20.775+0000] {processor.py:183} INFO - Processing /opt/airflow/dags/etl.py took 0.102 seconds
[2024-04-29T05:42:50.925+0000] {processor.py:161} INFO - Started process (PID=4517) to work on /opt/airflow/dags/etl.py
[2024-04-29T05:42:50.926+0000] {processor.py:830} INFO - Processing file /opt/airflow/dags/etl.py for tasks to queue
[2024-04-29T05:42:50.927+0000] {logging_mixin.py:188} INFO - [2024-04-29T05:42:50.927+0000] {dagbag.py:540} INFO - Filling up the DagBag from /opt/airflow/dags/etl.py
[2024-04-29T05:42:50.942+0000] {processor.py:840} INFO - DAG(s) 'etl' retrieved from /opt/airflow/dags/etl.py
[2024-04-29T05:42:50.967+0000] {logging_mixin.py:188} INFO - [2024-04-29T05:42:50.966+0000] {dag.py:3047} INFO - Sync 1 DAGs
[2024-04-29T05:42:50.994+0000] {logging_mixin.py:188} INFO - [2024-04-29T05:42:50.994+0000] {dag.py:3834} INFO - Setting next_dagrun for etl to 2024-04-29 00:00:00+00:00, run_after=2024-04-30 00:00:00+00:00
[2024-04-29T05:42:51.026+0000] {processor.py:183} INFO - Processing /opt/airflow/dags/etl.py took 0.105 seconds
[2024-04-29T05:43:21.137+0000] {processor.py:161} INFO - Started process (PID=4770) to work on /opt/airflow/dags/etl.py
[2024-04-29T05:43:21.139+0000] {processor.py:830} INFO - Processing file /opt/airflow/dags/etl.py for tasks to queue
[2024-04-29T05:43:21.140+0000] {logging_mixin.py:188} INFO - [2024-04-29T05:43:21.139+0000] {dagbag.py:540} INFO - Filling up the DagBag from /opt/airflow/dags/etl.py
[2024-04-29T05:43:21.150+0000] {processor.py:840} INFO - DAG(s) 'etl' retrieved from /opt/airflow/dags/etl.py
[2024-04-29T05:43:21.175+0000] {logging_mixin.py:188} INFO - [2024-04-29T05:43:21.175+0000] {dag.py:3047} INFO - Sync 1 DAGs
[2024-04-29T05:43:21.203+0000] {logging_mixin.py:188} INFO - [2024-04-29T05:43:21.203+0000] {dag.py:3834} INFO - Setting next_dagrun for etl to 2024-04-29 00:00:00+00:00, run_after=2024-04-30 00:00:00+00:00
[2024-04-29T05:43:21.228+0000] {processor.py:183} INFO - Processing /opt/airflow/dags/etl.py took 0.095 seconds
