[2024-04-29T05:31:53.054+0000] {processor.py:161} INFO - Started process (PID=246) to work on /home/airflow/.local/lib/python3.8/site-packages/airflow/example_dags/example_latest_only.py
[2024-04-29T05:31:53.055+0000] {processor.py:830} INFO - Processing file /home/airflow/.local/lib/python3.8/site-packages/airflow/example_dags/example_latest_only.py for tasks to queue
[2024-04-29T05:31:53.056+0000] {logging_mixin.py:188} INFO - [2024-04-29T05:31:53.056+0000] {dagbag.py:540} INFO - Filling up the DagBag from /home/airflow/.local/lib/python3.8/site-packages/airflow/example_dags/example_latest_only.py
[2024-04-29T05:31:53.069+0000] {processor.py:840} INFO - DAG(s) 'latest_only' retrieved from /home/airflow/.local/lib/python3.8/site-packages/airflow/example_dags/example_latest_only.py
[2024-04-29T05:31:53.247+0000] {logging_mixin.py:188} INFO - [2024-04-29T05:31:53.246+0000] {override.py:1769} INFO - Created Permission View: can read on DAG:latest_only
[2024-04-29T05:31:53.265+0000] {logging_mixin.py:188} INFO - [2024-04-29T05:31:53.265+0000] {override.py:1769} INFO - Created Permission View: can edit on DAG:latest_only
[2024-04-29T05:31:53.276+0000] {logging_mixin.py:188} INFO - [2024-04-29T05:31:53.276+0000] {override.py:1769} INFO - Created Permission View: can delete on DAG:latest_only
[2024-04-29T05:31:53.276+0000] {logging_mixin.py:188} INFO - [2024-04-29T05:31:53.276+0000] {dag.py:3047} INFO - Sync 1 DAGs
[2024-04-29T05:31:53.298+0000] {logging_mixin.py:188} INFO - [2024-04-29T05:31:53.297+0000] {dag.py:3069} INFO - Creating ORM DAG for latest_only
[2024-04-29T05:31:53.310+0000] {logging_mixin.py:188} INFO - [2024-04-29T05:31:53.310+0000] {dag.py:3834} INFO - Setting next_dagrun for latest_only to 2024-04-29 00:00:00+00:00, run_after=2024-04-29 04:00:00+00:00
[2024-04-29T05:31:53.346+0000] {processor.py:183} INFO - Processing /home/airflow/.local/lib/python3.8/site-packages/airflow/example_dags/example_latest_only.py took 0.296 seconds
[2024-04-29T05:32:23.404+0000] {processor.py:161} INFO - Started process (PID=493) to work on /home/airflow/.local/lib/python3.8/site-packages/airflow/example_dags/example_latest_only.py
[2024-04-29T05:32:23.406+0000] {processor.py:830} INFO - Processing file /home/airflow/.local/lib/python3.8/site-packages/airflow/example_dags/example_latest_only.py for tasks to queue
[2024-04-29T05:32:23.407+0000] {logging_mixin.py:188} INFO - [2024-04-29T05:32:23.407+0000] {dagbag.py:540} INFO - Filling up the DagBag from /home/airflow/.local/lib/python3.8/site-packages/airflow/example_dags/example_latest_only.py
[2024-04-29T05:32:23.414+0000] {processor.py:840} INFO - DAG(s) 'latest_only' retrieved from /home/airflow/.local/lib/python3.8/site-packages/airflow/example_dags/example_latest_only.py
[2024-04-29T05:32:23.448+0000] {logging_mixin.py:188} INFO - [2024-04-29T05:32:23.448+0000] {dag.py:3047} INFO - Sync 1 DAGs
[2024-04-29T05:32:23.473+0000] {logging_mixin.py:188} INFO - [2024-04-29T05:32:23.472+0000] {dag.py:3834} INFO - Setting next_dagrun for latest_only to 2024-04-29 00:00:00+00:00, run_after=2024-04-29 04:00:00+00:00
[2024-04-29T05:32:23.495+0000] {processor.py:183} INFO - Processing /home/airflow/.local/lib/python3.8/site-packages/airflow/example_dags/example_latest_only.py took 0.096 seconds
[2024-04-29T05:32:53.924+0000] {processor.py:161} INFO - Started process (PID=749) to work on /home/airflow/.local/lib/python3.8/site-packages/airflow/example_dags/example_latest_only.py
[2024-04-29T05:32:53.930+0000] {processor.py:830} INFO - Processing file /home/airflow/.local/lib/python3.8/site-packages/airflow/example_dags/example_latest_only.py for tasks to queue
[2024-04-29T05:32:53.931+0000] {logging_mixin.py:188} INFO - [2024-04-29T05:32:53.931+0000] {dagbag.py:540} INFO - Filling up the DagBag from /home/airflow/.local/lib/python3.8/site-packages/airflow/example_dags/example_latest_only.py
[2024-04-29T05:32:53.938+0000] {processor.py:840} INFO - DAG(s) 'latest_only' retrieved from /home/airflow/.local/lib/python3.8/site-packages/airflow/example_dags/example_latest_only.py
[2024-04-29T05:32:53.960+0000] {logging_mixin.py:188} INFO - [2024-04-29T05:32:53.959+0000] {dag.py:3047} INFO - Sync 1 DAGs
[2024-04-29T05:32:53.991+0000] {logging_mixin.py:188} INFO - [2024-04-29T05:32:53.991+0000] {dag.py:3834} INFO - Setting next_dagrun for latest_only to 2024-04-29 00:00:00+00:00, run_after=2024-04-29 04:00:00+00:00
[2024-04-29T05:32:54.012+0000] {processor.py:183} INFO - Processing /home/airflow/.local/lib/python3.8/site-packages/airflow/example_dags/example_latest_only.py took 0.091 seconds
[2024-04-29T05:34:26.193+0000] {processor.py:161} INFO - Started process (PID=245) to work on /home/airflow/.local/lib/python3.8/site-packages/airflow/example_dags/example_latest_only.py
[2024-04-29T05:34:26.194+0000] {processor.py:830} INFO - Processing file /home/airflow/.local/lib/python3.8/site-packages/airflow/example_dags/example_latest_only.py for tasks to queue
[2024-04-29T05:34:26.195+0000] {logging_mixin.py:188} INFO - [2024-04-29T05:34:26.195+0000] {dagbag.py:540} INFO - Filling up the DagBag from /home/airflow/.local/lib/python3.8/site-packages/airflow/example_dags/example_latest_only.py
[2024-04-29T05:34:26.208+0000] {processor.py:840} INFO - DAG(s) 'latest_only' retrieved from /home/airflow/.local/lib/python3.8/site-packages/airflow/example_dags/example_latest_only.py
[2024-04-29T05:34:26.233+0000] {logging_mixin.py:188} INFO - [2024-04-29T05:34:26.233+0000] {dag.py:3047} INFO - Sync 1 DAGs
[2024-04-29T05:34:26.267+0000] {logging_mixin.py:188} INFO - [2024-04-29T05:34:26.266+0000] {dag.py:3834} INFO - Setting next_dagrun for latest_only to 2024-04-29 00:00:00+00:00, run_after=2024-04-29 04:00:00+00:00
[2024-04-29T05:34:26.386+0000] {processor.py:183} INFO - Processing /home/airflow/.local/lib/python3.8/site-packages/airflow/example_dags/example_latest_only.py took 0.196 seconds
[2024-04-29T05:34:57.649+0000] {processor.py:161} INFO - Started process (PID=497) to work on /home/airflow/.local/lib/python3.8/site-packages/airflow/example_dags/example_latest_only.py
[2024-04-29T05:34:57.657+0000] {processor.py:830} INFO - Processing file /home/airflow/.local/lib/python3.8/site-packages/airflow/example_dags/example_latest_only.py for tasks to queue
[2024-04-29T05:34:57.658+0000] {logging_mixin.py:188} INFO - [2024-04-29T05:34:57.658+0000] {dagbag.py:540} INFO - Filling up the DagBag from /home/airflow/.local/lib/python3.8/site-packages/airflow/example_dags/example_latest_only.py
[2024-04-29T05:34:57.664+0000] {processor.py:840} INFO - DAG(s) 'latest_only' retrieved from /home/airflow/.local/lib/python3.8/site-packages/airflow/example_dags/example_latest_only.py
[2024-04-29T05:34:57.797+0000] {logging_mixin.py:188} INFO - [2024-04-29T05:34:57.796+0000] {dag.py:3047} INFO - Sync 1 DAGs
[2024-04-29T05:34:57.835+0000] {logging_mixin.py:188} INFO - [2024-04-29T05:34:57.834+0000] {dag.py:3834} INFO - Setting next_dagrun for latest_only to 2024-04-29 00:00:00+00:00, run_after=2024-04-29 04:00:00+00:00
[2024-04-29T05:34:57.873+0000] {processor.py:183} INFO - Processing /home/airflow/.local/lib/python3.8/site-packages/airflow/example_dags/example_latest_only.py took 0.228 seconds
[2024-04-29T05:35:28.298+0000] {processor.py:161} INFO - Started process (PID=751) to work on /home/airflow/.local/lib/python3.8/site-packages/airflow/example_dags/example_latest_only.py
[2024-04-29T05:35:28.299+0000] {processor.py:830} INFO - Processing file /home/airflow/.local/lib/python3.8/site-packages/airflow/example_dags/example_latest_only.py for tasks to queue
[2024-04-29T05:35:28.300+0000] {logging_mixin.py:188} INFO - [2024-04-29T05:35:28.300+0000] {dagbag.py:540} INFO - Filling up the DagBag from /home/airflow/.local/lib/python3.8/site-packages/airflow/example_dags/example_latest_only.py
[2024-04-29T05:35:28.306+0000] {processor.py:840} INFO - DAG(s) 'latest_only' retrieved from /home/airflow/.local/lib/python3.8/site-packages/airflow/example_dags/example_latest_only.py
[2024-04-29T05:35:28.331+0000] {logging_mixin.py:188} INFO - [2024-04-29T05:35:28.331+0000] {dag.py:3047} INFO - Sync 1 DAGs
[2024-04-29T05:35:28.360+0000] {logging_mixin.py:188} INFO - [2024-04-29T05:35:28.360+0000] {dag.py:3834} INFO - Setting next_dagrun for latest_only to 2024-04-29 00:00:00+00:00, run_after=2024-04-29 04:00:00+00:00
[2024-04-29T05:35:28.402+0000] {processor.py:183} INFO - Processing /home/airflow/.local/lib/python3.8/site-packages/airflow/example_dags/example_latest_only.py took 0.108 seconds
[2024-04-29T05:35:58.500+0000] {processor.py:161} INFO - Started process (PID=998) to work on /home/airflow/.local/lib/python3.8/site-packages/airflow/example_dags/example_latest_only.py
[2024-04-29T05:35:58.503+0000] {processor.py:830} INFO - Processing file /home/airflow/.local/lib/python3.8/site-packages/airflow/example_dags/example_latest_only.py for tasks to queue
[2024-04-29T05:35:58.506+0000] {logging_mixin.py:188} INFO - [2024-04-29T05:35:58.505+0000] {dagbag.py:540} INFO - Filling up the DagBag from /home/airflow/.local/lib/python3.8/site-packages/airflow/example_dags/example_latest_only.py
[2024-04-29T05:35:58.515+0000] {processor.py:840} INFO - DAG(s) 'latest_only' retrieved from /home/airflow/.local/lib/python3.8/site-packages/airflow/example_dags/example_latest_only.py
[2024-04-29T05:35:58.541+0000] {logging_mixin.py:188} INFO - [2024-04-29T05:35:58.541+0000] {dag.py:3047} INFO - Sync 1 DAGs
[2024-04-29T05:35:58.566+0000] {logging_mixin.py:188} INFO - [2024-04-29T05:35:58.566+0000] {dag.py:3834} INFO - Setting next_dagrun for latest_only to 2024-04-29 00:00:00+00:00, run_after=2024-04-29 04:00:00+00:00
[2024-04-29T05:35:58.589+0000] {processor.py:183} INFO - Processing /home/airflow/.local/lib/python3.8/site-packages/airflow/example_dags/example_latest_only.py took 0.096 seconds
[2024-04-29T05:36:29.175+0000] {processor.py:161} INFO - Started process (PID=1253) to work on /home/airflow/.local/lib/python3.8/site-packages/airflow/example_dags/example_latest_only.py
[2024-04-29T05:36:29.176+0000] {processor.py:830} INFO - Processing file /home/airflow/.local/lib/python3.8/site-packages/airflow/example_dags/example_latest_only.py for tasks to queue
[2024-04-29T05:36:29.177+0000] {logging_mixin.py:188} INFO - [2024-04-29T05:36:29.177+0000] {dagbag.py:540} INFO - Filling up the DagBag from /home/airflow/.local/lib/python3.8/site-packages/airflow/example_dags/example_latest_only.py
[2024-04-29T05:36:29.184+0000] {processor.py:840} INFO - DAG(s) 'latest_only' retrieved from /home/airflow/.local/lib/python3.8/site-packages/airflow/example_dags/example_latest_only.py
[2024-04-29T05:36:29.204+0000] {logging_mixin.py:188} INFO - [2024-04-29T05:36:29.204+0000] {dag.py:3047} INFO - Sync 1 DAGs
[2024-04-29T05:36:29.229+0000] {logging_mixin.py:188} INFO - [2024-04-29T05:36:29.228+0000] {dag.py:3834} INFO - Setting next_dagrun for latest_only to 2024-04-29 00:00:00+00:00, run_after=2024-04-29 04:00:00+00:00
[2024-04-29T05:36:29.251+0000] {processor.py:183} INFO - Processing /home/airflow/.local/lib/python3.8/site-packages/airflow/example_dags/example_latest_only.py took 0.080 seconds
[2024-04-29T05:36:59.762+0000] {processor.py:161} INFO - Started process (PID=1506) to work on /home/airflow/.local/lib/python3.8/site-packages/airflow/example_dags/example_latest_only.py
[2024-04-29T05:36:59.764+0000] {processor.py:830} INFO - Processing file /home/airflow/.local/lib/python3.8/site-packages/airflow/example_dags/example_latest_only.py for tasks to queue
[2024-04-29T05:36:59.775+0000] {logging_mixin.py:188} INFO - [2024-04-29T05:36:59.775+0000] {dagbag.py:540} INFO - Filling up the DagBag from /home/airflow/.local/lib/python3.8/site-packages/airflow/example_dags/example_latest_only.py
[2024-04-29T05:36:59.781+0000] {processor.py:840} INFO - DAG(s) 'latest_only' retrieved from /home/airflow/.local/lib/python3.8/site-packages/airflow/example_dags/example_latest_only.py
[2024-04-29T05:36:59.804+0000] {logging_mixin.py:188} INFO - [2024-04-29T05:36:59.803+0000] {dag.py:3047} INFO - Sync 1 DAGs
[2024-04-29T05:36:59.835+0000] {logging_mixin.py:188} INFO - [2024-04-29T05:36:59.835+0000] {dag.py:3834} INFO - Setting next_dagrun for latest_only to 2024-04-29 00:00:00+00:00, run_after=2024-04-29 04:00:00+00:00
[2024-04-29T05:36:59.861+0000] {processor.py:183} INFO - Processing /home/airflow/.local/lib/python3.8/site-packages/airflow/example_dags/example_latest_only.py took 0.105 seconds
[2024-04-29T05:37:29.974+0000] {processor.py:161} INFO - Started process (PID=1758) to work on /home/airflow/.local/lib/python3.8/site-packages/airflow/example_dags/example_latest_only.py
[2024-04-29T05:37:29.974+0000] {processor.py:830} INFO - Processing file /home/airflow/.local/lib/python3.8/site-packages/airflow/example_dags/example_latest_only.py for tasks to queue
[2024-04-29T05:37:29.975+0000] {logging_mixin.py:188} INFO - [2024-04-29T05:37:29.975+0000] {dagbag.py:540} INFO - Filling up the DagBag from /home/airflow/.local/lib/python3.8/site-packages/airflow/example_dags/example_latest_only.py
[2024-04-29T05:37:29.982+0000] {processor.py:840} INFO - DAG(s) 'latest_only' retrieved from /home/airflow/.local/lib/python3.8/site-packages/airflow/example_dags/example_latest_only.py
[2024-04-29T05:37:30.004+0000] {logging_mixin.py:188} INFO - [2024-04-29T05:37:30.003+0000] {dag.py:3047} INFO - Sync 1 DAGs
[2024-04-29T05:37:30.033+0000] {logging_mixin.py:188} INFO - [2024-04-29T05:37:30.033+0000] {dag.py:3834} INFO - Setting next_dagrun for latest_only to 2024-04-29 00:00:00+00:00, run_after=2024-04-29 04:00:00+00:00
[2024-04-29T05:37:30.059+0000] {processor.py:183} INFO - Processing /home/airflow/.local/lib/python3.8/site-packages/airflow/example_dags/example_latest_only.py took 0.088 seconds
[2024-04-29T05:38:09.935+0000] {processor.py:161} INFO - Started process (PID=2109) to work on /home/airflow/.local/lib/python3.8/site-packages/airflow/example_dags/example_latest_only.py
[2024-04-29T05:38:09.937+0000] {processor.py:830} INFO - Processing file /home/airflow/.local/lib/python3.8/site-packages/airflow/example_dags/example_latest_only.py for tasks to queue
[2024-04-29T05:38:09.947+0000] {logging_mixin.py:188} INFO - [2024-04-29T05:38:09.946+0000] {dagbag.py:540} INFO - Filling up the DagBag from /home/airflow/.local/lib/python3.8/site-packages/airflow/example_dags/example_latest_only.py
[2024-04-29T05:38:10.050+0000] {processor.py:840} INFO - DAG(s) 'latest_only' retrieved from /home/airflow/.local/lib/python3.8/site-packages/airflow/example_dags/example_latest_only.py
[2024-04-29T05:38:10.505+0000] {logging_mixin.py:188} INFO - [2024-04-29T05:38:10.501+0000] {dag.py:3047} INFO - Sync 1 DAGs
[2024-04-29T05:38:10.981+0000] {logging_mixin.py:188} INFO - [2024-04-29T05:38:10.957+0000] {dag.py:3834} INFO - Setting next_dagrun for latest_only to 2024-04-29 00:00:00+00:00, run_after=2024-04-29 04:00:00+00:00
[2024-04-29T05:38:11.141+0000] {processor.py:183} INFO - Processing /home/airflow/.local/lib/python3.8/site-packages/airflow/example_dags/example_latest_only.py took 1.233 seconds
[2024-04-29T05:38:41.390+0000] {processor.py:161} INFO - Started process (PID=2425) to work on /home/airflow/.local/lib/python3.8/site-packages/airflow/example_dags/example_latest_only.py
[2024-04-29T05:38:41.391+0000] {processor.py:830} INFO - Processing file /home/airflow/.local/lib/python3.8/site-packages/airflow/example_dags/example_latest_only.py for tasks to queue
[2024-04-29T05:38:41.392+0000] {logging_mixin.py:188} INFO - [2024-04-29T05:38:41.392+0000] {dagbag.py:540} INFO - Filling up the DagBag from /home/airflow/.local/lib/python3.8/site-packages/airflow/example_dags/example_latest_only.py
[2024-04-29T05:38:41.398+0000] {processor.py:840} INFO - DAG(s) 'latest_only' retrieved from /home/airflow/.local/lib/python3.8/site-packages/airflow/example_dags/example_latest_only.py
[2024-04-29T05:38:41.427+0000] {logging_mixin.py:188} INFO - [2024-04-29T05:38:41.426+0000] {dag.py:3047} INFO - Sync 1 DAGs
[2024-04-29T05:38:41.459+0000] {logging_mixin.py:188} INFO - [2024-04-29T05:38:41.458+0000] {dag.py:3834} INFO - Setting next_dagrun for latest_only to 2024-04-29 00:00:00+00:00, run_after=2024-04-29 04:00:00+00:00
[2024-04-29T05:38:41.508+0000] {processor.py:183} INFO - Processing /home/airflow/.local/lib/python3.8/site-packages/airflow/example_dags/example_latest_only.py took 0.122 seconds
[2024-04-29T05:39:12.516+0000] {processor.py:161} INFO - Started process (PID=2678) to work on /home/airflow/.local/lib/python3.8/site-packages/airflow/example_dags/example_latest_only.py
[2024-04-29T05:39:12.517+0000] {processor.py:830} INFO - Processing file /home/airflow/.local/lib/python3.8/site-packages/airflow/example_dags/example_latest_only.py for tasks to queue
[2024-04-29T05:39:12.518+0000] {logging_mixin.py:188} INFO - [2024-04-29T05:39:12.518+0000] {dagbag.py:540} INFO - Filling up the DagBag from /home/airflow/.local/lib/python3.8/site-packages/airflow/example_dags/example_latest_only.py
[2024-04-29T05:39:12.524+0000] {processor.py:840} INFO - DAG(s) 'latest_only' retrieved from /home/airflow/.local/lib/python3.8/site-packages/airflow/example_dags/example_latest_only.py
[2024-04-29T05:39:12.547+0000] {logging_mixin.py:188} INFO - [2024-04-29T05:39:12.547+0000] {dag.py:3047} INFO - Sync 1 DAGs
[2024-04-29T05:39:12.574+0000] {logging_mixin.py:188} INFO - [2024-04-29T05:39:12.574+0000] {dag.py:3834} INFO - Setting next_dagrun for latest_only to 2024-04-29 00:00:00+00:00, run_after=2024-04-29 04:00:00+00:00
[2024-04-29T05:39:12.599+0000] {processor.py:183} INFO - Processing /home/airflow/.local/lib/python3.8/site-packages/airflow/example_dags/example_latest_only.py took 0.086 seconds
[2024-04-29T05:39:42.780+0000] {processor.py:161} INFO - Started process (PID=2932) to work on /home/airflow/.local/lib/python3.8/site-packages/airflow/example_dags/example_latest_only.py
[2024-04-29T05:39:42.781+0000] {processor.py:830} INFO - Processing file /home/airflow/.local/lib/python3.8/site-packages/airflow/example_dags/example_latest_only.py for tasks to queue
[2024-04-29T05:39:42.782+0000] {logging_mixin.py:188} INFO - [2024-04-29T05:39:42.782+0000] {dagbag.py:540} INFO - Filling up the DagBag from /home/airflow/.local/lib/python3.8/site-packages/airflow/example_dags/example_latest_only.py
[2024-04-29T05:39:42.790+0000] {processor.py:840} INFO - DAG(s) 'latest_only' retrieved from /home/airflow/.local/lib/python3.8/site-packages/airflow/example_dags/example_latest_only.py
[2024-04-29T05:39:42.814+0000] {logging_mixin.py:188} INFO - [2024-04-29T05:39:42.813+0000] {dag.py:3047} INFO - Sync 1 DAGs
[2024-04-29T05:39:42.852+0000] {logging_mixin.py:188} INFO - [2024-04-29T05:39:42.852+0000] {dag.py:3834} INFO - Setting next_dagrun for latest_only to 2024-04-29 00:00:00+00:00, run_after=2024-04-29 04:00:00+00:00
[2024-04-29T05:39:42.888+0000] {processor.py:183} INFO - Processing /home/airflow/.local/lib/python3.8/site-packages/airflow/example_dags/example_latest_only.py took 0.110 seconds
[2024-04-29T05:40:12.978+0000] {processor.py:161} INFO - Started process (PID=3185) to work on /home/airflow/.local/lib/python3.8/site-packages/airflow/example_dags/example_latest_only.py
[2024-04-29T05:40:12.979+0000] {processor.py:830} INFO - Processing file /home/airflow/.local/lib/python3.8/site-packages/airflow/example_dags/example_latest_only.py for tasks to queue
[2024-04-29T05:40:12.980+0000] {logging_mixin.py:188} INFO - [2024-04-29T05:40:12.980+0000] {dagbag.py:540} INFO - Filling up the DagBag from /home/airflow/.local/lib/python3.8/site-packages/airflow/example_dags/example_latest_only.py
[2024-04-29T05:40:12.986+0000] {processor.py:840} INFO - DAG(s) 'latest_only' retrieved from /home/airflow/.local/lib/python3.8/site-packages/airflow/example_dags/example_latest_only.py
[2024-04-29T05:40:13.008+0000] {logging_mixin.py:188} INFO - [2024-04-29T05:40:13.008+0000] {dag.py:3047} INFO - Sync 1 DAGs
[2024-04-29T05:40:13.034+0000] {logging_mixin.py:188} INFO - [2024-04-29T05:40:13.033+0000] {dag.py:3834} INFO - Setting next_dagrun for latest_only to 2024-04-29 00:00:00+00:00, run_after=2024-04-29 04:00:00+00:00
[2024-04-29T05:40:13.058+0000] {processor.py:183} INFO - Processing /home/airflow/.local/lib/python3.8/site-packages/airflow/example_dags/example_latest_only.py took 0.083 seconds
[2024-04-29T05:40:43.271+0000] {processor.py:161} INFO - Started process (PID=3437) to work on /home/airflow/.local/lib/python3.8/site-packages/airflow/example_dags/example_latest_only.py
[2024-04-29T05:40:43.272+0000] {processor.py:830} INFO - Processing file /home/airflow/.local/lib/python3.8/site-packages/airflow/example_dags/example_latest_only.py for tasks to queue
[2024-04-29T05:40:43.273+0000] {logging_mixin.py:188} INFO - [2024-04-29T05:40:43.273+0000] {dagbag.py:540} INFO - Filling up the DagBag from /home/airflow/.local/lib/python3.8/site-packages/airflow/example_dags/example_latest_only.py
[2024-04-29T05:40:43.281+0000] {processor.py:840} INFO - DAG(s) 'latest_only' retrieved from /home/airflow/.local/lib/python3.8/site-packages/airflow/example_dags/example_latest_only.py
[2024-04-29T05:40:43.304+0000] {logging_mixin.py:188} INFO - [2024-04-29T05:40:43.304+0000] {dag.py:3047} INFO - Sync 1 DAGs
[2024-04-29T05:40:43.332+0000] {logging_mixin.py:188} INFO - [2024-04-29T05:40:43.332+0000] {dag.py:3834} INFO - Setting next_dagrun for latest_only to 2024-04-29 00:00:00+00:00, run_after=2024-04-29 04:00:00+00:00
[2024-04-29T05:40:43.354+0000] {processor.py:183} INFO - Processing /home/airflow/.local/lib/python3.8/site-packages/airflow/example_dags/example_latest_only.py took 0.086 seconds
[2024-04-29T05:41:13.674+0000] {processor.py:161} INFO - Started process (PID=3698) to work on /home/airflow/.local/lib/python3.8/site-packages/airflow/example_dags/example_latest_only.py
[2024-04-29T05:41:13.676+0000] {processor.py:830} INFO - Processing file /home/airflow/.local/lib/python3.8/site-packages/airflow/example_dags/example_latest_only.py for tasks to queue
[2024-04-29T05:41:13.678+0000] {logging_mixin.py:188} INFO - [2024-04-29T05:41:13.677+0000] {dagbag.py:540} INFO - Filling up the DagBag from /home/airflow/.local/lib/python3.8/site-packages/airflow/example_dags/example_latest_only.py
[2024-04-29T05:41:13.684+0000] {processor.py:840} INFO - DAG(s) 'latest_only' retrieved from /home/airflow/.local/lib/python3.8/site-packages/airflow/example_dags/example_latest_only.py
[2024-04-29T05:41:13.736+0000] {logging_mixin.py:188} INFO - [2024-04-29T05:41:13.736+0000] {dag.py:3047} INFO - Sync 1 DAGs
[2024-04-29T05:41:13.793+0000] {logging_mixin.py:188} INFO - [2024-04-29T05:41:13.792+0000] {dag.py:3834} INFO - Setting next_dagrun for latest_only to 2024-04-29 00:00:00+00:00, run_after=2024-04-29 04:00:00+00:00
[2024-04-29T05:41:13.909+0000] {processor.py:183} INFO - Processing /home/airflow/.local/lib/python3.8/site-packages/airflow/example_dags/example_latest_only.py took 0.241 seconds
[2024-04-29T05:41:44.387+0000] {processor.py:161} INFO - Started process (PID=3952) to work on /home/airflow/.local/lib/python3.8/site-packages/airflow/example_dags/example_latest_only.py
[2024-04-29T05:41:44.388+0000] {processor.py:830} INFO - Processing file /home/airflow/.local/lib/python3.8/site-packages/airflow/example_dags/example_latest_only.py for tasks to queue
[2024-04-29T05:41:44.389+0000] {logging_mixin.py:188} INFO - [2024-04-29T05:41:44.389+0000] {dagbag.py:540} INFO - Filling up the DagBag from /home/airflow/.local/lib/python3.8/site-packages/airflow/example_dags/example_latest_only.py
[2024-04-29T05:41:44.395+0000] {processor.py:840} INFO - DAG(s) 'latest_only' retrieved from /home/airflow/.local/lib/python3.8/site-packages/airflow/example_dags/example_latest_only.py
[2024-04-29T05:41:44.418+0000] {logging_mixin.py:188} INFO - [2024-04-29T05:41:44.418+0000] {dag.py:3047} INFO - Sync 1 DAGs
[2024-04-29T05:41:44.444+0000] {logging_mixin.py:188} INFO - [2024-04-29T05:41:44.444+0000] {dag.py:3834} INFO - Setting next_dagrun for latest_only to 2024-04-29 00:00:00+00:00, run_after=2024-04-29 04:00:00+00:00
[2024-04-29T05:41:44.468+0000] {processor.py:183} INFO - Processing /home/airflow/.local/lib/python3.8/site-packages/airflow/example_dags/example_latest_only.py took 0.084 seconds
[2024-04-29T05:42:14.847+0000] {processor.py:161} INFO - Started process (PID=4204) to work on /home/airflow/.local/lib/python3.8/site-packages/airflow/example_dags/example_latest_only.py
[2024-04-29T05:42:14.851+0000] {processor.py:830} INFO - Processing file /home/airflow/.local/lib/python3.8/site-packages/airflow/example_dags/example_latest_only.py for tasks to queue
[2024-04-29T05:42:14.852+0000] {logging_mixin.py:188} INFO - [2024-04-29T05:42:14.852+0000] {dagbag.py:540} INFO - Filling up the DagBag from /home/airflow/.local/lib/python3.8/site-packages/airflow/example_dags/example_latest_only.py
[2024-04-29T05:42:14.859+0000] {processor.py:840} INFO - DAG(s) 'latest_only' retrieved from /home/airflow/.local/lib/python3.8/site-packages/airflow/example_dags/example_latest_only.py
[2024-04-29T05:42:14.882+0000] {logging_mixin.py:188} INFO - [2024-04-29T05:42:14.882+0000] {dag.py:3047} INFO - Sync 1 DAGs
[2024-04-29T05:42:14.909+0000] {logging_mixin.py:188} INFO - [2024-04-29T05:42:14.908+0000] {dag.py:3834} INFO - Setting next_dagrun for latest_only to 2024-04-29 00:00:00+00:00, run_after=2024-04-29 04:00:00+00:00
[2024-04-29T05:42:14.943+0000] {processor.py:183} INFO - Processing /home/airflow/.local/lib/python3.8/site-packages/airflow/example_dags/example_latest_only.py took 0.099 seconds
[2024-04-29T05:42:45.216+0000] {processor.py:161} INFO - Started process (PID=4457) to work on /home/airflow/.local/lib/python3.8/site-packages/airflow/example_dags/example_latest_only.py
[2024-04-29T05:42:45.218+0000] {processor.py:830} INFO - Processing file /home/airflow/.local/lib/python3.8/site-packages/airflow/example_dags/example_latest_only.py for tasks to queue
[2024-04-29T05:42:45.219+0000] {logging_mixin.py:188} INFO - [2024-04-29T05:42:45.218+0000] {dagbag.py:540} INFO - Filling up the DagBag from /home/airflow/.local/lib/python3.8/site-packages/airflow/example_dags/example_latest_only.py
[2024-04-29T05:42:45.224+0000] {processor.py:840} INFO - DAG(s) 'latest_only' retrieved from /home/airflow/.local/lib/python3.8/site-packages/airflow/example_dags/example_latest_only.py
[2024-04-29T05:42:45.248+0000] {logging_mixin.py:188} INFO - [2024-04-29T05:42:45.248+0000] {dag.py:3047} INFO - Sync 1 DAGs
[2024-04-29T05:42:45.301+0000] {logging_mixin.py:188} INFO - [2024-04-29T05:42:45.301+0000] {dag.py:3834} INFO - Setting next_dagrun for latest_only to 2024-04-29 00:00:00+00:00, run_after=2024-04-29 04:00:00+00:00
[2024-04-29T05:42:45.326+0000] {processor.py:183} INFO - Processing /home/airflow/.local/lib/python3.8/site-packages/airflow/example_dags/example_latest_only.py took 0.113 seconds
[2024-04-29T05:43:15.365+0000] {processor.py:161} INFO - Started process (PID=4710) to work on /home/airflow/.local/lib/python3.8/site-packages/airflow/example_dags/example_latest_only.py
[2024-04-29T05:43:15.366+0000] {processor.py:830} INFO - Processing file /home/airflow/.local/lib/python3.8/site-packages/airflow/example_dags/example_latest_only.py for tasks to queue
[2024-04-29T05:43:15.367+0000] {logging_mixin.py:188} INFO - [2024-04-29T05:43:15.367+0000] {dagbag.py:540} INFO - Filling up the DagBag from /home/airflow/.local/lib/python3.8/site-packages/airflow/example_dags/example_latest_only.py
[2024-04-29T05:43:15.373+0000] {processor.py:840} INFO - DAG(s) 'latest_only' retrieved from /home/airflow/.local/lib/python3.8/site-packages/airflow/example_dags/example_latest_only.py
[2024-04-29T05:43:15.397+0000] {logging_mixin.py:188} INFO - [2024-04-29T05:43:15.396+0000] {dag.py:3047} INFO - Sync 1 DAGs
[2024-04-29T05:43:15.424+0000] {logging_mixin.py:188} INFO - [2024-04-29T05:43:15.424+0000] {dag.py:3834} INFO - Setting next_dagrun for latest_only to 2024-04-29 00:00:00+00:00, run_after=2024-04-29 04:00:00+00:00
[2024-04-29T05:43:15.449+0000] {processor.py:183} INFO - Processing /home/airflow/.local/lib/python3.8/site-packages/airflow/example_dags/example_latest_only.py took 0.088 seconds
[2024-04-29T05:43:45.574+0000] {processor.py:161} INFO - Started process (PID=4962) to work on /home/airflow/.local/lib/python3.8/site-packages/airflow/example_dags/example_latest_only.py
[2024-04-29T05:43:45.575+0000] {processor.py:830} INFO - Processing file /home/airflow/.local/lib/python3.8/site-packages/airflow/example_dags/example_latest_only.py for tasks to queue
[2024-04-29T05:43:45.576+0000] {logging_mixin.py:188} INFO - [2024-04-29T05:43:45.576+0000] {dagbag.py:540} INFO - Filling up the DagBag from /home/airflow/.local/lib/python3.8/site-packages/airflow/example_dags/example_latest_only.py
[2024-04-29T05:43:45.582+0000] {processor.py:840} INFO - DAG(s) 'latest_only' retrieved from /home/airflow/.local/lib/python3.8/site-packages/airflow/example_dags/example_latest_only.py
[2024-04-29T05:43:45.606+0000] {logging_mixin.py:188} INFO - [2024-04-29T05:43:45.606+0000] {dag.py:3047} INFO - Sync 1 DAGs
[2024-04-29T05:43:45.636+0000] {logging_mixin.py:188} INFO - [2024-04-29T05:43:45.636+0000] {dag.py:3834} INFO - Setting next_dagrun for latest_only to 2024-04-29 00:00:00+00:00, run_after=2024-04-29 04:00:00+00:00
[2024-04-29T05:43:45.663+0000] {processor.py:183} INFO - Processing /home/airflow/.local/lib/python3.8/site-packages/airflow/example_dags/example_latest_only.py took 0.092 seconds
