[2024-04-29T05:31:59.145+0000] {processor.py:161} INFO - Started process (PID=348) to work on /home/airflow/.local/lib/python3.8/site-packages/airflow/example_dags/example_subdag_operator.py
[2024-04-29T05:31:59.146+0000] {processor.py:830} INFO - Processing file /home/airflow/.local/lib/python3.8/site-packages/airflow/example_dags/example_subdag_operator.py for tasks to queue
[2024-04-29T05:31:59.147+0000] {logging_mixin.py:188} INFO - [2024-04-29T05:31:59.147+0000] {dagbag.py:540} INFO - Filling up the DagBag from /home/airflow/.local/lib/python3.8/site-packages/airflow/example_dags/example_subdag_operator.py
[2024-04-29T05:31:59.199+0000] {processor.py:840} INFO - DAG(s) 'example_subdag_operator.section-1', 'example_subdag_operator.section-2', 'example_subdag_operator' retrieved from /home/airflow/.local/lib/python3.8/site-packages/airflow/example_dags/example_subdag_operator.py
[2024-04-29T05:31:59.349+0000] {logging_mixin.py:188} INFO - [2024-04-29T05:31:59.348+0000] {override.py:1769} INFO - Created Permission View: can read on DAG:example_subdag_operator
[2024-04-29T05:31:59.370+0000] {logging_mixin.py:188} INFO - [2024-04-29T05:31:59.369+0000] {override.py:1769} INFO - Created Permission View: can edit on DAG:example_subdag_operator
[2024-04-29T05:31:59.391+0000] {logging_mixin.py:188} INFO - [2024-04-29T05:31:59.391+0000] {override.py:1769} INFO - Created Permission View: can delete on DAG:example_subdag_operator
[2024-04-29T05:31:59.392+0000] {logging_mixin.py:188} INFO - [2024-04-29T05:31:59.392+0000] {dag.py:3047} INFO - Sync 3 DAGs
[2024-04-29T05:31:59.423+0000] {logging_mixin.py:188} INFO - [2024-04-29T05:31:59.423+0000] {dag.py:3069} INFO - Creating ORM DAG for example_subdag_operator
[2024-04-29T05:31:59.424+0000] {logging_mixin.py:188} INFO - [2024-04-29T05:31:59.424+0000] {dag.py:3069} INFO - Creating ORM DAG for example_subdag_operator.section-2
[2024-04-29T05:31:59.425+0000] {logging_mixin.py:188} INFO - [2024-04-29T05:31:59.424+0000] {dag.py:3069} INFO - Creating ORM DAG for example_subdag_operator.section-1
[2024-04-29T05:31:59.437+0000] {logging_mixin.py:188} INFO - [2024-04-29T05:31:59.437+0000] {dag.py:3834} INFO - Setting next_dagrun for example_subdag_operator to 2022-01-01 00:00:00+00:00, run_after=2022-01-01 00:00:00+00:00
[2024-04-29T05:31:59.438+0000] {logging_mixin.py:188} INFO - [2024-04-29T05:31:59.438+0000] {dag.py:3834} INFO - Setting next_dagrun for example_subdag_operator.section-1 to None, run_after=None
[2024-04-29T05:31:59.439+0000] {logging_mixin.py:188} INFO - [2024-04-29T05:31:59.438+0000] {dag.py:3834} INFO - Setting next_dagrun for example_subdag_operator.section-2 to None, run_after=None
[2024-04-29T05:31:59.454+0000] {logging_mixin.py:188} INFO - [2024-04-29T05:31:59.454+0000] {dag.py:3047} INFO - Sync 2 DAGs
[2024-04-29T05:31:59.467+0000] {logging_mixin.py:188} INFO - [2024-04-29T05:31:59.466+0000] {dag.py:3834} INFO - Setting next_dagrun for example_subdag_operator.section-1 to None, run_after=None
[2024-04-29T05:31:59.478+0000] {logging_mixin.py:188} INFO - [2024-04-29T05:31:59.478+0000] {dag.py:3834} INFO - Setting next_dagrun for example_subdag_operator.section-2 to None, run_after=None
[2024-04-29T05:31:59.508+0000] {processor.py:183} INFO - Processing /home/airflow/.local/lib/python3.8/site-packages/airflow/example_dags/example_subdag_operator.py took 0.366 seconds
[2024-04-29T05:32:29.882+0000] {processor.py:161} INFO - Started process (PID=600) to work on /home/airflow/.local/lib/python3.8/site-packages/airflow/example_dags/example_subdag_operator.py
[2024-04-29T05:32:29.883+0000] {processor.py:830} INFO - Processing file /home/airflow/.local/lib/python3.8/site-packages/airflow/example_dags/example_subdag_operator.py for tasks to queue
[2024-04-29T05:32:29.884+0000] {logging_mixin.py:188} INFO - [2024-04-29T05:32:29.884+0000] {dagbag.py:540} INFO - Filling up the DagBag from /home/airflow/.local/lib/python3.8/site-packages/airflow/example_dags/example_subdag_operator.py
[2024-04-29T05:32:29.913+0000] {processor.py:840} INFO - DAG(s) 'example_subdag_operator.section-1', 'example_subdag_operator.section-2', 'example_subdag_operator' retrieved from /home/airflow/.local/lib/python3.8/site-packages/airflow/example_dags/example_subdag_operator.py
[2024-04-29T05:32:29.932+0000] {logging_mixin.py:188} INFO - [2024-04-29T05:32:29.932+0000] {dag.py:3047} INFO - Sync 3 DAGs
[2024-04-29T05:32:29.958+0000] {logging_mixin.py:188} INFO - [2024-04-29T05:32:29.958+0000] {dag.py:3834} INFO - Setting next_dagrun for example_subdag_operator to 2022-01-01 00:00:00+00:00, run_after=2022-01-01 00:00:00+00:00
[2024-04-29T05:32:29.962+0000] {logging_mixin.py:188} INFO - [2024-04-29T05:32:29.962+0000] {dag.py:3834} INFO - Setting next_dagrun for example_subdag_operator.section-1 to None, run_after=None
[2024-04-29T05:32:29.963+0000] {logging_mixin.py:188} INFO - [2024-04-29T05:32:29.963+0000] {dag.py:3834} INFO - Setting next_dagrun for example_subdag_operator.section-2 to None, run_after=None
[2024-04-29T05:32:29.971+0000] {logging_mixin.py:188} INFO - [2024-04-29T05:32:29.970+0000] {dag.py:3047} INFO - Sync 2 DAGs
[2024-04-29T05:32:29.976+0000] {logging_mixin.py:188} INFO - [2024-04-29T05:32:29.976+0000] {dag.py:3834} INFO - Setting next_dagrun for example_subdag_operator.section-1 to None, run_after=None
[2024-04-29T05:32:29.976+0000] {logging_mixin.py:188} INFO - [2024-04-29T05:32:29.976+0000] {dag.py:3834} INFO - Setting next_dagrun for example_subdag_operator.section-2 to None, run_after=None
[2024-04-29T05:32:29.994+0000] {processor.py:183} INFO - Processing /home/airflow/.local/lib/python3.8/site-packages/airflow/example_dags/example_subdag_operator.py took 0.116 seconds
[2024-04-29T05:33:01.100+0000] {processor.py:161} INFO - Started process (PID=855) to work on /home/airflow/.local/lib/python3.8/site-packages/airflow/example_dags/example_subdag_operator.py
[2024-04-29T05:33:01.101+0000] {processor.py:830} INFO - Processing file /home/airflow/.local/lib/python3.8/site-packages/airflow/example_dags/example_subdag_operator.py for tasks to queue
[2024-04-29T05:33:01.102+0000] {logging_mixin.py:188} INFO - [2024-04-29T05:33:01.101+0000] {dagbag.py:540} INFO - Filling up the DagBag from /home/airflow/.local/lib/python3.8/site-packages/airflow/example_dags/example_subdag_operator.py
[2024-04-29T05:33:01.145+0000] {processor.py:840} INFO - DAG(s) 'example_subdag_operator.section-1', 'example_subdag_operator.section-2', 'example_subdag_operator' retrieved from /home/airflow/.local/lib/python3.8/site-packages/airflow/example_dags/example_subdag_operator.py
[2024-04-29T05:33:01.167+0000] {logging_mixin.py:188} INFO - [2024-04-29T05:33:01.166+0000] {dag.py:3047} INFO - Sync 3 DAGs
[2024-04-29T05:33:01.218+0000] {logging_mixin.py:188} INFO - [2024-04-29T05:33:01.218+0000] {dag.py:3834} INFO - Setting next_dagrun for example_subdag_operator to 2022-01-01 00:00:00+00:00, run_after=2022-01-01 00:00:00+00:00
[2024-04-29T05:33:01.225+0000] {logging_mixin.py:188} INFO - [2024-04-29T05:33:01.224+0000] {dag.py:3834} INFO - Setting next_dagrun for example_subdag_operator.section-1 to None, run_after=None
[2024-04-29T05:33:01.235+0000] {logging_mixin.py:188} INFO - [2024-04-29T05:33:01.234+0000] {dag.py:3834} INFO - Setting next_dagrun for example_subdag_operator.section-2 to None, run_after=None
[2024-04-29T05:33:01.242+0000] {logging_mixin.py:188} INFO - [2024-04-29T05:33:01.242+0000] {dag.py:3047} INFO - Sync 2 DAGs
[2024-04-29T05:33:01.257+0000] {logging_mixin.py:188} INFO - [2024-04-29T05:33:01.256+0000] {dag.py:3834} INFO - Setting next_dagrun for example_subdag_operator.section-1 to None, run_after=None
[2024-04-29T05:33:01.257+0000] {logging_mixin.py:188} INFO - [2024-04-29T05:33:01.257+0000] {dag.py:3834} INFO - Setting next_dagrun for example_subdag_operator.section-2 to None, run_after=None
[2024-04-29T05:33:01.278+0000] {processor.py:183} INFO - Processing /home/airflow/.local/lib/python3.8/site-packages/airflow/example_dags/example_subdag_operator.py took 0.182 seconds
[2024-04-29T05:34:28.597+0000] {processor.py:161} INFO - Started process (PID=345) to work on /home/airflow/.local/lib/python3.8/site-packages/airflow/example_dags/example_subdag_operator.py
[2024-04-29T05:34:28.605+0000] {processor.py:830} INFO - Processing file /home/airflow/.local/lib/python3.8/site-packages/airflow/example_dags/example_subdag_operator.py for tasks to queue
[2024-04-29T05:34:28.609+0000] {logging_mixin.py:188} INFO - [2024-04-29T05:34:28.609+0000] {dagbag.py:540} INFO - Filling up the DagBag from /home/airflow/.local/lib/python3.8/site-packages/airflow/example_dags/example_subdag_operator.py
[2024-04-29T05:34:28.684+0000] {processor.py:840} INFO - DAG(s) 'example_subdag_operator.section-1', 'example_subdag_operator.section-2', 'example_subdag_operator' retrieved from /home/airflow/.local/lib/python3.8/site-packages/airflow/example_dags/example_subdag_operator.py
[2024-04-29T05:34:28.710+0000] {logging_mixin.py:188} INFO - [2024-04-29T05:34:28.710+0000] {dag.py:3047} INFO - Sync 3 DAGs
[2024-04-29T05:34:28.761+0000] {logging_mixin.py:188} INFO - [2024-04-29T05:34:28.760+0000] {dag.py:3834} INFO - Setting next_dagrun for example_subdag_operator to 2022-01-01 00:00:00+00:00, run_after=2022-01-01 00:00:00+00:00
[2024-04-29T05:34:28.773+0000] {logging_mixin.py:188} INFO - [2024-04-29T05:34:28.773+0000] {dag.py:3834} INFO - Setting next_dagrun for example_subdag_operator.section-1 to None, run_after=None
[2024-04-29T05:34:28.798+0000] {logging_mixin.py:188} INFO - [2024-04-29T05:34:28.798+0000] {dag.py:3834} INFO - Setting next_dagrun for example_subdag_operator.section-2 to None, run_after=None
[2024-04-29T05:34:28.830+0000] {logging_mixin.py:188} INFO - [2024-04-29T05:34:28.830+0000] {dag.py:3047} INFO - Sync 2 DAGs
[2024-04-29T05:34:28.842+0000] {logging_mixin.py:188} INFO - [2024-04-29T05:34:28.841+0000] {dag.py:3834} INFO - Setting next_dagrun for example_subdag_operator.section-1 to None, run_after=None
[2024-04-29T05:34:28.842+0000] {logging_mixin.py:188} INFO - [2024-04-29T05:34:28.842+0000] {dag.py:3834} INFO - Setting next_dagrun for example_subdag_operator.section-2 to None, run_after=None
[2024-04-29T05:34:28.872+0000] {processor.py:183} INFO - Processing /home/airflow/.local/lib/python3.8/site-packages/airflow/example_dags/example_subdag_operator.py took 0.279 seconds
[2024-04-29T05:35:00.532+0000] {processor.py:161} INFO - Started process (PID=597) to work on /home/airflow/.local/lib/python3.8/site-packages/airflow/example_dags/example_subdag_operator.py
[2024-04-29T05:35:00.534+0000] {processor.py:830} INFO - Processing file /home/airflow/.local/lib/python3.8/site-packages/airflow/example_dags/example_subdag_operator.py for tasks to queue
[2024-04-29T05:35:00.535+0000] {logging_mixin.py:188} INFO - [2024-04-29T05:35:00.535+0000] {dagbag.py:540} INFO - Filling up the DagBag from /home/airflow/.local/lib/python3.8/site-packages/airflow/example_dags/example_subdag_operator.py
[2024-04-29T05:35:00.565+0000] {processor.py:840} INFO - DAG(s) 'example_subdag_operator.section-1', 'example_subdag_operator.section-2', 'example_subdag_operator' retrieved from /home/airflow/.local/lib/python3.8/site-packages/airflow/example_dags/example_subdag_operator.py
[2024-04-29T05:35:00.687+0000] {logging_mixin.py:188} INFO - [2024-04-29T05:35:00.687+0000] {dag.py:3047} INFO - Sync 3 DAGs
[2024-04-29T05:35:00.706+0000] {logging_mixin.py:188} INFO - [2024-04-29T05:35:00.706+0000] {dag.py:3834} INFO - Setting next_dagrun for example_subdag_operator to 2022-01-01 00:00:00+00:00, run_after=2022-01-01 00:00:00+00:00
[2024-04-29T05:35:00.709+0000] {logging_mixin.py:188} INFO - [2024-04-29T05:35:00.709+0000] {dag.py:3834} INFO - Setting next_dagrun for example_subdag_operator.section-1 to None, run_after=None
[2024-04-29T05:35:00.710+0000] {logging_mixin.py:188} INFO - [2024-04-29T05:35:00.710+0000] {dag.py:3834} INFO - Setting next_dagrun for example_subdag_operator.section-2 to None, run_after=None
[2024-04-29T05:35:00.719+0000] {logging_mixin.py:188} INFO - [2024-04-29T05:35:00.719+0000] {dag.py:3047} INFO - Sync 2 DAGs
[2024-04-29T05:35:00.725+0000] {logging_mixin.py:188} INFO - [2024-04-29T05:35:00.725+0000] {dag.py:3834} INFO - Setting next_dagrun for example_subdag_operator.section-1 to None, run_after=None
[2024-04-29T05:35:00.726+0000] {logging_mixin.py:188} INFO - [2024-04-29T05:35:00.725+0000] {dag.py:3834} INFO - Setting next_dagrun for example_subdag_operator.section-2 to None, run_after=None
[2024-04-29T05:35:00.753+0000] {processor.py:183} INFO - Processing /home/airflow/.local/lib/python3.8/site-packages/airflow/example_dags/example_subdag_operator.py took 0.224 seconds
[2024-04-29T05:35:31.069+0000] {processor.py:161} INFO - Started process (PID=849) to work on /home/airflow/.local/lib/python3.8/site-packages/airflow/example_dags/example_subdag_operator.py
[2024-04-29T05:35:31.070+0000] {processor.py:830} INFO - Processing file /home/airflow/.local/lib/python3.8/site-packages/airflow/example_dags/example_subdag_operator.py for tasks to queue
[2024-04-29T05:35:31.071+0000] {logging_mixin.py:188} INFO - [2024-04-29T05:35:31.071+0000] {dagbag.py:540} INFO - Filling up the DagBag from /home/airflow/.local/lib/python3.8/site-packages/airflow/example_dags/example_subdag_operator.py
[2024-04-29T05:35:31.112+0000] {processor.py:840} INFO - DAG(s) 'example_subdag_operator.section-1', 'example_subdag_operator.section-2', 'example_subdag_operator' retrieved from /home/airflow/.local/lib/python3.8/site-packages/airflow/example_dags/example_subdag_operator.py
[2024-04-29T05:35:31.136+0000] {logging_mixin.py:188} INFO - [2024-04-29T05:35:31.135+0000] {dag.py:3047} INFO - Sync 3 DAGs
[2024-04-29T05:35:31.162+0000] {logging_mixin.py:188} INFO - [2024-04-29T05:35:31.161+0000] {dag.py:3834} INFO - Setting next_dagrun for example_subdag_operator to 2022-01-01 00:00:00+00:00, run_after=2022-01-01 00:00:00+00:00
[2024-04-29T05:35:31.166+0000] {logging_mixin.py:188} INFO - [2024-04-29T05:35:31.166+0000] {dag.py:3834} INFO - Setting next_dagrun for example_subdag_operator.section-1 to None, run_after=None
[2024-04-29T05:35:31.168+0000] {logging_mixin.py:188} INFO - [2024-04-29T05:35:31.167+0000] {dag.py:3834} INFO - Setting next_dagrun for example_subdag_operator.section-2 to None, run_after=None
[2024-04-29T05:35:31.176+0000] {logging_mixin.py:188} INFO - [2024-04-29T05:35:31.175+0000] {dag.py:3047} INFO - Sync 2 DAGs
[2024-04-29T05:35:31.183+0000] {logging_mixin.py:188} INFO - [2024-04-29T05:35:31.182+0000] {dag.py:3834} INFO - Setting next_dagrun for example_subdag_operator.section-1 to None, run_after=None
[2024-04-29T05:35:31.183+0000] {logging_mixin.py:188} INFO - [2024-04-29T05:35:31.183+0000] {dag.py:3834} INFO - Setting next_dagrun for example_subdag_operator.section-2 to None, run_after=None
[2024-04-29T05:35:31.206+0000] {processor.py:183} INFO - Processing /home/airflow/.local/lib/python3.8/site-packages/airflow/example_dags/example_subdag_operator.py took 0.141 seconds
[2024-04-29T05:36:02.105+0000] {processor.py:161} INFO - Started process (PID=1100) to work on /home/airflow/.local/lib/python3.8/site-packages/airflow/example_dags/example_subdag_operator.py
[2024-04-29T05:36:02.106+0000] {processor.py:830} INFO - Processing file /home/airflow/.local/lib/python3.8/site-packages/airflow/example_dags/example_subdag_operator.py for tasks to queue
[2024-04-29T05:36:02.107+0000] {logging_mixin.py:188} INFO - [2024-04-29T05:36:02.107+0000] {dagbag.py:540} INFO - Filling up the DagBag from /home/airflow/.local/lib/python3.8/site-packages/airflow/example_dags/example_subdag_operator.py
[2024-04-29T05:36:02.136+0000] {processor.py:840} INFO - DAG(s) 'example_subdag_operator.section-1', 'example_subdag_operator.section-2', 'example_subdag_operator' retrieved from /home/airflow/.local/lib/python3.8/site-packages/airflow/example_dags/example_subdag_operator.py
[2024-04-29T05:36:02.157+0000] {logging_mixin.py:188} INFO - [2024-04-29T05:36:02.156+0000] {dag.py:3047} INFO - Sync 3 DAGs
[2024-04-29T05:36:02.184+0000] {logging_mixin.py:188} INFO - [2024-04-29T05:36:02.184+0000] {dag.py:3834} INFO - Setting next_dagrun for example_subdag_operator to 2022-01-01 00:00:00+00:00, run_after=2022-01-01 00:00:00+00:00
[2024-04-29T05:36:02.190+0000] {logging_mixin.py:188} INFO - [2024-04-29T05:36:02.189+0000] {dag.py:3834} INFO - Setting next_dagrun for example_subdag_operator.section-1 to None, run_after=None
[2024-04-29T05:36:02.191+0000] {logging_mixin.py:188} INFO - [2024-04-29T05:36:02.191+0000] {dag.py:3834} INFO - Setting next_dagrun for example_subdag_operator.section-2 to None, run_after=None
[2024-04-29T05:36:02.198+0000] {logging_mixin.py:188} INFO - [2024-04-29T05:36:02.198+0000] {dag.py:3047} INFO - Sync 2 DAGs
[2024-04-29T05:36:02.205+0000] {logging_mixin.py:188} INFO - [2024-04-29T05:36:02.205+0000] {dag.py:3834} INFO - Setting next_dagrun for example_subdag_operator.section-1 to None, run_after=None
[2024-04-29T05:36:02.206+0000] {logging_mixin.py:188} INFO - [2024-04-29T05:36:02.206+0000] {dag.py:3834} INFO - Setting next_dagrun for example_subdag_operator.section-2 to None, run_after=None
[2024-04-29T05:36:02.223+0000] {processor.py:183} INFO - Processing /home/airflow/.local/lib/python3.8/site-packages/airflow/example_dags/example_subdag_operator.py took 0.122 seconds
[2024-04-29T05:36:32.503+0000] {processor.py:161} INFO - Started process (PID=1353) to work on /home/airflow/.local/lib/python3.8/site-packages/airflow/example_dags/example_subdag_operator.py
[2024-04-29T05:36:32.504+0000] {processor.py:830} INFO - Processing file /home/airflow/.local/lib/python3.8/site-packages/airflow/example_dags/example_subdag_operator.py for tasks to queue
[2024-04-29T05:36:32.505+0000] {logging_mixin.py:188} INFO - [2024-04-29T05:36:32.505+0000] {dagbag.py:540} INFO - Filling up the DagBag from /home/airflow/.local/lib/python3.8/site-packages/airflow/example_dags/example_subdag_operator.py
[2024-04-29T05:36:32.532+0000] {processor.py:840} INFO - DAG(s) 'example_subdag_operator.section-1', 'example_subdag_operator.section-2', 'example_subdag_operator' retrieved from /home/airflow/.local/lib/python3.8/site-packages/airflow/example_dags/example_subdag_operator.py
[2024-04-29T05:36:32.552+0000] {logging_mixin.py:188} INFO - [2024-04-29T05:36:32.552+0000] {dag.py:3047} INFO - Sync 3 DAGs
[2024-04-29T05:36:32.579+0000] {logging_mixin.py:188} INFO - [2024-04-29T05:36:32.578+0000] {dag.py:3834} INFO - Setting next_dagrun for example_subdag_operator to 2022-01-01 00:00:00+00:00, run_after=2022-01-01 00:00:00+00:00
[2024-04-29T05:36:32.583+0000] {logging_mixin.py:188} INFO - [2024-04-29T05:36:32.583+0000] {dag.py:3834} INFO - Setting next_dagrun for example_subdag_operator.section-1 to None, run_after=None
[2024-04-29T05:36:32.585+0000] {logging_mixin.py:188} INFO - [2024-04-29T05:36:32.585+0000] {dag.py:3834} INFO - Setting next_dagrun for example_subdag_operator.section-2 to None, run_after=None
[2024-04-29T05:36:32.593+0000] {logging_mixin.py:188} INFO - [2024-04-29T05:36:32.592+0000] {dag.py:3047} INFO - Sync 2 DAGs
[2024-04-29T05:36:32.599+0000] {logging_mixin.py:188} INFO - [2024-04-29T05:36:32.599+0000] {dag.py:3834} INFO - Setting next_dagrun for example_subdag_operator.section-1 to None, run_after=None
[2024-04-29T05:36:32.600+0000] {logging_mixin.py:188} INFO - [2024-04-29T05:36:32.600+0000] {dag.py:3834} INFO - Setting next_dagrun for example_subdag_operator.section-2 to None, run_after=None
[2024-04-29T05:36:32.619+0000] {processor.py:183} INFO - Processing /home/airflow/.local/lib/python3.8/site-packages/airflow/example_dags/example_subdag_operator.py took 0.119 seconds
[2024-04-29T05:37:03.168+0000] {processor.py:161} INFO - Started process (PID=1606) to work on /home/airflow/.local/lib/python3.8/site-packages/airflow/example_dags/example_subdag_operator.py
[2024-04-29T05:37:03.169+0000] {processor.py:830} INFO - Processing file /home/airflow/.local/lib/python3.8/site-packages/airflow/example_dags/example_subdag_operator.py for tasks to queue
[2024-04-29T05:37:03.170+0000] {logging_mixin.py:188} INFO - [2024-04-29T05:37:03.169+0000] {dagbag.py:540} INFO - Filling up the DagBag from /home/airflow/.local/lib/python3.8/site-packages/airflow/example_dags/example_subdag_operator.py
[2024-04-29T05:37:03.196+0000] {processor.py:840} INFO - DAG(s) 'example_subdag_operator.section-1', 'example_subdag_operator.section-2', 'example_subdag_operator' retrieved from /home/airflow/.local/lib/python3.8/site-packages/airflow/example_dags/example_subdag_operator.py
[2024-04-29T05:37:03.215+0000] {logging_mixin.py:188} INFO - [2024-04-29T05:37:03.215+0000] {dag.py:3047} INFO - Sync 3 DAGs
[2024-04-29T05:37:03.241+0000] {logging_mixin.py:188} INFO - [2024-04-29T05:37:03.240+0000] {dag.py:3834} INFO - Setting next_dagrun for example_subdag_operator to 2022-01-01 00:00:00+00:00, run_after=2022-01-01 00:00:00+00:00
[2024-04-29T05:37:03.245+0000] {logging_mixin.py:188} INFO - [2024-04-29T05:37:03.244+0000] {dag.py:3834} INFO - Setting next_dagrun for example_subdag_operator.section-1 to None, run_after=None
[2024-04-29T05:37:03.246+0000] {logging_mixin.py:188} INFO - [2024-04-29T05:37:03.246+0000] {dag.py:3834} INFO - Setting next_dagrun for example_subdag_operator.section-2 to None, run_after=None
[2024-04-29T05:37:03.253+0000] {logging_mixin.py:188} INFO - [2024-04-29T05:37:03.253+0000] {dag.py:3047} INFO - Sync 2 DAGs
[2024-04-29T05:37:03.259+0000] {logging_mixin.py:188} INFO - [2024-04-29T05:37:03.258+0000] {dag.py:3834} INFO - Setting next_dagrun for example_subdag_operator.section-1 to None, run_after=None
[2024-04-29T05:37:03.259+0000] {logging_mixin.py:188} INFO - [2024-04-29T05:37:03.259+0000] {dag.py:3834} INFO - Setting next_dagrun for example_subdag_operator.section-2 to None, run_after=None
[2024-04-29T05:37:03.276+0000] {processor.py:183} INFO - Processing /home/airflow/.local/lib/python3.8/site-packages/airflow/example_dags/example_subdag_operator.py took 0.112 seconds
[2024-04-29T05:37:33.858+0000] {processor.py:161} INFO - Started process (PID=1858) to work on /home/airflow/.local/lib/python3.8/site-packages/airflow/example_dags/example_subdag_operator.py
[2024-04-29T05:37:33.859+0000] {processor.py:830} INFO - Processing file /home/airflow/.local/lib/python3.8/site-packages/airflow/example_dags/example_subdag_operator.py for tasks to queue
[2024-04-29T05:37:33.860+0000] {logging_mixin.py:188} INFO - [2024-04-29T05:37:33.860+0000] {dagbag.py:540} INFO - Filling up the DagBag from /home/airflow/.local/lib/python3.8/site-packages/airflow/example_dags/example_subdag_operator.py
[2024-04-29T05:37:33.888+0000] {processor.py:840} INFO - DAG(s) 'example_subdag_operator.section-1', 'example_subdag_operator.section-2', 'example_subdag_operator' retrieved from /home/airflow/.local/lib/python3.8/site-packages/airflow/example_dags/example_subdag_operator.py
[2024-04-29T05:37:33.910+0000] {logging_mixin.py:188} INFO - [2024-04-29T05:37:33.910+0000] {dag.py:3047} INFO - Sync 3 DAGs
[2024-04-29T05:37:33.935+0000] {logging_mixin.py:188} INFO - [2024-04-29T05:37:33.935+0000] {dag.py:3834} INFO - Setting next_dagrun for example_subdag_operator to 2022-01-01 00:00:00+00:00, run_after=2022-01-01 00:00:00+00:00
[2024-04-29T05:37:33.940+0000] {logging_mixin.py:188} INFO - [2024-04-29T05:37:33.939+0000] {dag.py:3834} INFO - Setting next_dagrun for example_subdag_operator.section-1 to None, run_after=None
[2024-04-29T05:37:33.941+0000] {logging_mixin.py:188} INFO - [2024-04-29T05:37:33.941+0000] {dag.py:3834} INFO - Setting next_dagrun for example_subdag_operator.section-2 to None, run_after=None
[2024-04-29T05:37:33.948+0000] {logging_mixin.py:188} INFO - [2024-04-29T05:37:33.948+0000] {dag.py:3047} INFO - Sync 2 DAGs
[2024-04-29T05:37:33.953+0000] {logging_mixin.py:188} INFO - [2024-04-29T05:37:33.953+0000] {dag.py:3834} INFO - Setting next_dagrun for example_subdag_operator.section-1 to None, run_after=None
[2024-04-29T05:37:33.954+0000] {logging_mixin.py:188} INFO - [2024-04-29T05:37:33.954+0000] {dag.py:3834} INFO - Setting next_dagrun for example_subdag_operator.section-2 to None, run_after=None
[2024-04-29T05:37:33.969+0000] {processor.py:183} INFO - Processing /home/airflow/.local/lib/python3.8/site-packages/airflow/example_dags/example_subdag_operator.py took 0.114 seconds
[2024-04-29T05:38:21.047+0000] {processor.py:161} INFO - Started process (PID=2233) to work on /home/airflow/.local/lib/python3.8/site-packages/airflow/example_dags/example_subdag_operator.py
[2024-04-29T05:38:21.066+0000] {processor.py:830} INFO - Processing file /home/airflow/.local/lib/python3.8/site-packages/airflow/example_dags/example_subdag_operator.py for tasks to queue
[2024-04-29T05:38:21.068+0000] {logging_mixin.py:188} INFO - [2024-04-29T05:38:21.067+0000] {dagbag.py:540} INFO - Filling up the DagBag from /home/airflow/.local/lib/python3.8/site-packages/airflow/example_dags/example_subdag_operator.py
[2024-04-29T05:38:21.242+0000] {processor.py:840} INFO - DAG(s) 'example_subdag_operator.section-1', 'example_subdag_operator.section-2', 'example_subdag_operator' retrieved from /home/airflow/.local/lib/python3.8/site-packages/airflow/example_dags/example_subdag_operator.py
[2024-04-29T05:38:21.422+0000] {logging_mixin.py:188} INFO - [2024-04-29T05:38:21.419+0000] {dag.py:3047} INFO - Sync 3 DAGs
[2024-04-29T05:38:21.489+0000] {logging_mixin.py:188} INFO - [2024-04-29T05:38:21.489+0000] {dag.py:3834} INFO - Setting next_dagrun for example_subdag_operator to 2022-01-01 00:00:00+00:00, run_after=2022-01-01 00:00:00+00:00
[2024-04-29T05:38:21.495+0000] {logging_mixin.py:188} INFO - [2024-04-29T05:38:21.495+0000] {dag.py:3834} INFO - Setting next_dagrun for example_subdag_operator.section-1 to None, run_after=None
[2024-04-29T05:38:21.511+0000] {logging_mixin.py:188} INFO - [2024-04-29T05:38:21.510+0000] {dag.py:3834} INFO - Setting next_dagrun for example_subdag_operator.section-2 to None, run_after=None
[2024-04-29T05:38:21.565+0000] {logging_mixin.py:188} INFO - [2024-04-29T05:38:21.560+0000] {dag.py:3047} INFO - Sync 2 DAGs
[2024-04-29T05:38:21.630+0000] {logging_mixin.py:188} INFO - [2024-04-29T05:38:21.630+0000] {dag.py:3834} INFO - Setting next_dagrun for example_subdag_operator.section-1 to None, run_after=None
[2024-04-29T05:38:21.630+0000] {logging_mixin.py:188} INFO - [2024-04-29T05:38:21.630+0000] {dag.py:3834} INFO - Setting next_dagrun for example_subdag_operator.section-2 to None, run_after=None
[2024-04-29T05:38:21.702+0000] {processor.py:183} INFO - Processing /home/airflow/.local/lib/python3.8/site-packages/airflow/example_dags/example_subdag_operator.py took 0.659 seconds
[2024-04-29T05:38:52.665+0000] {processor.py:161} INFO - Started process (PID=2525) to work on /home/airflow/.local/lib/python3.8/site-packages/airflow/example_dags/example_subdag_operator.py
[2024-04-29T05:38:52.666+0000] {processor.py:830} INFO - Processing file /home/airflow/.local/lib/python3.8/site-packages/airflow/example_dags/example_subdag_operator.py for tasks to queue
[2024-04-29T05:38:52.667+0000] {logging_mixin.py:188} INFO - [2024-04-29T05:38:52.667+0000] {dagbag.py:540} INFO - Filling up the DagBag from /home/airflow/.local/lib/python3.8/site-packages/airflow/example_dags/example_subdag_operator.py
[2024-04-29T05:38:52.687+0000] {processor.py:840} INFO - DAG(s) 'example_subdag_operator.section-1', 'example_subdag_operator.section-2', 'example_subdag_operator' retrieved from /home/airflow/.local/lib/python3.8/site-packages/airflow/example_dags/example_subdag_operator.py
[2024-04-29T05:38:52.700+0000] {logging_mixin.py:188} INFO - [2024-04-29T05:38:52.700+0000] {dag.py:3047} INFO - Sync 3 DAGs
[2024-04-29T05:38:52.719+0000] {logging_mixin.py:188} INFO - [2024-04-29T05:38:52.719+0000] {dag.py:3834} INFO - Setting next_dagrun for example_subdag_operator to 2022-01-01 00:00:00+00:00, run_after=2022-01-01 00:00:00+00:00
[2024-04-29T05:38:52.723+0000] {logging_mixin.py:188} INFO - [2024-04-29T05:38:52.723+0000] {dag.py:3834} INFO - Setting next_dagrun for example_subdag_operator.section-1 to None, run_after=None
[2024-04-29T05:38:52.724+0000] {logging_mixin.py:188} INFO - [2024-04-29T05:38:52.724+0000] {dag.py:3834} INFO - Setting next_dagrun for example_subdag_operator.section-2 to None, run_after=None
[2024-04-29T05:38:52.731+0000] {logging_mixin.py:188} INFO - [2024-04-29T05:38:52.731+0000] {dag.py:3047} INFO - Sync 2 DAGs
[2024-04-29T05:38:52.736+0000] {logging_mixin.py:188} INFO - [2024-04-29T05:38:52.736+0000] {dag.py:3834} INFO - Setting next_dagrun for example_subdag_operator.section-1 to None, run_after=None
[2024-04-29T05:38:52.736+0000] {logging_mixin.py:188} INFO - [2024-04-29T05:38:52.736+0000] {dag.py:3834} INFO - Setting next_dagrun for example_subdag_operator.section-2 to None, run_after=None
[2024-04-29T05:38:52.772+0000] {processor.py:183} INFO - Processing /home/airflow/.local/lib/python3.8/site-packages/airflow/example_dags/example_subdag_operator.py took 0.109 seconds
[2024-04-29T05:39:22.866+0000] {processor.py:161} INFO - Started process (PID=2778) to work on /home/airflow/.local/lib/python3.8/site-packages/airflow/example_dags/example_subdag_operator.py
[2024-04-29T05:39:22.868+0000] {processor.py:830} INFO - Processing file /home/airflow/.local/lib/python3.8/site-packages/airflow/example_dags/example_subdag_operator.py for tasks to queue
[2024-04-29T05:39:22.869+0000] {logging_mixin.py:188} INFO - [2024-04-29T05:39:22.868+0000] {dagbag.py:540} INFO - Filling up the DagBag from /home/airflow/.local/lib/python3.8/site-packages/airflow/example_dags/example_subdag_operator.py
[2024-04-29T05:39:22.907+0000] {processor.py:840} INFO - DAG(s) 'example_subdag_operator.section-1', 'example_subdag_operator.section-2', 'example_subdag_operator' retrieved from /home/airflow/.local/lib/python3.8/site-packages/airflow/example_dags/example_subdag_operator.py
[2024-04-29T05:39:22.928+0000] {logging_mixin.py:188} INFO - [2024-04-29T05:39:22.928+0000] {dag.py:3047} INFO - Sync 3 DAGs
[2024-04-29T05:39:22.949+0000] {logging_mixin.py:188} INFO - [2024-04-29T05:39:22.948+0000] {dag.py:3834} INFO - Setting next_dagrun for example_subdag_operator to 2022-01-01 00:00:00+00:00, run_after=2022-01-01 00:00:00+00:00
[2024-04-29T05:39:22.952+0000] {logging_mixin.py:188} INFO - [2024-04-29T05:39:22.952+0000] {dag.py:3834} INFO - Setting next_dagrun for example_subdag_operator.section-1 to None, run_after=None
[2024-04-29T05:39:22.953+0000] {logging_mixin.py:188} INFO - [2024-04-29T05:39:22.953+0000] {dag.py:3834} INFO - Setting next_dagrun for example_subdag_operator.section-2 to None, run_after=None
[2024-04-29T05:39:22.959+0000] {logging_mixin.py:188} INFO - [2024-04-29T05:39:22.958+0000] {dag.py:3047} INFO - Sync 2 DAGs
[2024-04-29T05:39:22.963+0000] {logging_mixin.py:188} INFO - [2024-04-29T05:39:22.962+0000] {dag.py:3834} INFO - Setting next_dagrun for example_subdag_operator.section-1 to None, run_after=None
[2024-04-29T05:39:22.963+0000] {logging_mixin.py:188} INFO - [2024-04-29T05:39:22.963+0000] {dag.py:3834} INFO - Setting next_dagrun for example_subdag_operator.section-2 to None, run_after=None
[2024-04-29T05:39:22.976+0000] {processor.py:183} INFO - Processing /home/airflow/.local/lib/python3.8/site-packages/airflow/example_dags/example_subdag_operator.py took 0.113 seconds
[2024-04-29T05:39:53.224+0000] {processor.py:161} INFO - Started process (PID=3032) to work on /home/airflow/.local/lib/python3.8/site-packages/airflow/example_dags/example_subdag_operator.py
[2024-04-29T05:39:53.225+0000] {processor.py:830} INFO - Processing file /home/airflow/.local/lib/python3.8/site-packages/airflow/example_dags/example_subdag_operator.py for tasks to queue
[2024-04-29T05:39:53.228+0000] {logging_mixin.py:188} INFO - [2024-04-29T05:39:53.227+0000] {dagbag.py:540} INFO - Filling up the DagBag from /home/airflow/.local/lib/python3.8/site-packages/airflow/example_dags/example_subdag_operator.py
[2024-04-29T05:39:53.260+0000] {processor.py:840} INFO - DAG(s) 'example_subdag_operator.section-1', 'example_subdag_operator.section-2', 'example_subdag_operator' retrieved from /home/airflow/.local/lib/python3.8/site-packages/airflow/example_dags/example_subdag_operator.py
[2024-04-29T05:39:53.282+0000] {logging_mixin.py:188} INFO - [2024-04-29T05:39:53.279+0000] {dag.py:3047} INFO - Sync 3 DAGs
[2024-04-29T05:39:53.315+0000] {logging_mixin.py:188} INFO - [2024-04-29T05:39:53.315+0000] {dag.py:3834} INFO - Setting next_dagrun for example_subdag_operator to 2022-01-01 00:00:00+00:00, run_after=2022-01-01 00:00:00+00:00
[2024-04-29T05:39:53.329+0000] {logging_mixin.py:188} INFO - [2024-04-29T05:39:53.329+0000] {dag.py:3834} INFO - Setting next_dagrun for example_subdag_operator.section-1 to None, run_after=None
[2024-04-29T05:39:53.338+0000] {logging_mixin.py:188} INFO - [2024-04-29T05:39:53.338+0000] {dag.py:3834} INFO - Setting next_dagrun for example_subdag_operator.section-2 to None, run_after=None
[2024-04-29T05:39:53.351+0000] {logging_mixin.py:188} INFO - [2024-04-29T05:39:53.350+0000] {dag.py:3047} INFO - Sync 2 DAGs
[2024-04-29T05:39:53.366+0000] {logging_mixin.py:188} INFO - [2024-04-29T05:39:53.365+0000] {dag.py:3834} INFO - Setting next_dagrun for example_subdag_operator.section-1 to None, run_after=None
[2024-04-29T05:39:53.367+0000] {logging_mixin.py:188} INFO - [2024-04-29T05:39:53.366+0000] {dag.py:3834} INFO - Setting next_dagrun for example_subdag_operator.section-2 to None, run_after=None
[2024-04-29T05:39:53.387+0000] {processor.py:183} INFO - Processing /home/airflow/.local/lib/python3.8/site-packages/airflow/example_dags/example_subdag_operator.py took 0.168 seconds
[2024-04-29T05:40:24.287+0000] {processor.py:161} INFO - Started process (PID=3285) to work on /home/airflow/.local/lib/python3.8/site-packages/airflow/example_dags/example_subdag_operator.py
[2024-04-29T05:40:24.288+0000] {processor.py:830} INFO - Processing file /home/airflow/.local/lib/python3.8/site-packages/airflow/example_dags/example_subdag_operator.py for tasks to queue
[2024-04-29T05:40:24.289+0000] {logging_mixin.py:188} INFO - [2024-04-29T05:40:24.288+0000] {dagbag.py:540} INFO - Filling up the DagBag from /home/airflow/.local/lib/python3.8/site-packages/airflow/example_dags/example_subdag_operator.py
[2024-04-29T05:40:24.316+0000] {processor.py:840} INFO - DAG(s) 'example_subdag_operator.section-1', 'example_subdag_operator.section-2', 'example_subdag_operator' retrieved from /home/airflow/.local/lib/python3.8/site-packages/airflow/example_dags/example_subdag_operator.py
[2024-04-29T05:40:24.336+0000] {logging_mixin.py:188} INFO - [2024-04-29T05:40:24.336+0000] {dag.py:3047} INFO - Sync 3 DAGs
[2024-04-29T05:40:24.362+0000] {logging_mixin.py:188} INFO - [2024-04-29T05:40:24.362+0000] {dag.py:3834} INFO - Setting next_dagrun for example_subdag_operator to 2022-01-01 00:00:00+00:00, run_after=2022-01-01 00:00:00+00:00
[2024-04-29T05:40:24.370+0000] {logging_mixin.py:188} INFO - [2024-04-29T05:40:24.368+0000] {dag.py:3834} INFO - Setting next_dagrun for example_subdag_operator.section-1 to None, run_after=None
[2024-04-29T05:40:24.371+0000] {logging_mixin.py:188} INFO - [2024-04-29T05:40:24.371+0000] {dag.py:3834} INFO - Setting next_dagrun for example_subdag_operator.section-2 to None, run_after=None
[2024-04-29T05:40:24.378+0000] {logging_mixin.py:188} INFO - [2024-04-29T05:40:24.378+0000] {dag.py:3047} INFO - Sync 2 DAGs
[2024-04-29T05:40:24.383+0000] {logging_mixin.py:188} INFO - [2024-04-29T05:40:24.383+0000] {dag.py:3834} INFO - Setting next_dagrun for example_subdag_operator.section-1 to None, run_after=None
[2024-04-29T05:40:24.384+0000] {logging_mixin.py:188} INFO - [2024-04-29T05:40:24.384+0000] {dag.py:3834} INFO - Setting next_dagrun for example_subdag_operator.section-2 to None, run_after=None
[2024-04-29T05:40:24.406+0000] {processor.py:183} INFO - Processing /home/airflow/.local/lib/python3.8/site-packages/airflow/example_dags/example_subdag_operator.py took 0.122 seconds
[2024-04-29T05:40:54.796+0000] {processor.py:161} INFO - Started process (PID=3547) to work on /home/airflow/.local/lib/python3.8/site-packages/airflow/example_dags/example_subdag_operator.py
[2024-04-29T05:40:54.797+0000] {processor.py:830} INFO - Processing file /home/airflow/.local/lib/python3.8/site-packages/airflow/example_dags/example_subdag_operator.py for tasks to queue
[2024-04-29T05:40:54.798+0000] {logging_mixin.py:188} INFO - [2024-04-29T05:40:54.798+0000] {dagbag.py:540} INFO - Filling up the DagBag from /home/airflow/.local/lib/python3.8/site-packages/airflow/example_dags/example_subdag_operator.py
[2024-04-29T05:40:54.825+0000] {processor.py:840} INFO - DAG(s) 'example_subdag_operator.section-1', 'example_subdag_operator.section-2', 'example_subdag_operator' retrieved from /home/airflow/.local/lib/python3.8/site-packages/airflow/example_dags/example_subdag_operator.py
[2024-04-29T05:40:54.845+0000] {logging_mixin.py:188} INFO - [2024-04-29T05:40:54.845+0000] {dag.py:3047} INFO - Sync 3 DAGs
[2024-04-29T05:40:54.871+0000] {logging_mixin.py:188} INFO - [2024-04-29T05:40:54.871+0000] {dag.py:3834} INFO - Setting next_dagrun for example_subdag_operator to 2022-01-01 00:00:00+00:00, run_after=2022-01-01 00:00:00+00:00
[2024-04-29T05:40:54.875+0000] {logging_mixin.py:188} INFO - [2024-04-29T05:40:54.875+0000] {dag.py:3834} INFO - Setting next_dagrun for example_subdag_operator.section-1 to None, run_after=None
[2024-04-29T05:40:54.877+0000] {logging_mixin.py:188} INFO - [2024-04-29T05:40:54.877+0000] {dag.py:3834} INFO - Setting next_dagrun for example_subdag_operator.section-2 to None, run_after=None
[2024-04-29T05:40:54.884+0000] {logging_mixin.py:188} INFO - [2024-04-29T05:40:54.884+0000] {dag.py:3047} INFO - Sync 2 DAGs
[2024-04-29T05:40:54.890+0000] {logging_mixin.py:188} INFO - [2024-04-29T05:40:54.890+0000] {dag.py:3834} INFO - Setting next_dagrun for example_subdag_operator.section-1 to None, run_after=None
[2024-04-29T05:40:54.890+0000] {logging_mixin.py:188} INFO - [2024-04-29T05:40:54.890+0000] {dag.py:3834} INFO - Setting next_dagrun for example_subdag_operator.section-2 to None, run_after=None
[2024-04-29T05:40:54.909+0000] {processor.py:183} INFO - Processing /home/airflow/.local/lib/python3.8/site-packages/airflow/example_dags/example_subdag_operator.py took 0.116 seconds
[2024-04-29T05:41:25.497+0000] {processor.py:161} INFO - Started process (PID=3805) to work on /home/airflow/.local/lib/python3.8/site-packages/airflow/example_dags/example_subdag_operator.py
[2024-04-29T05:41:25.498+0000] {processor.py:830} INFO - Processing file /home/airflow/.local/lib/python3.8/site-packages/airflow/example_dags/example_subdag_operator.py for tasks to queue
[2024-04-29T05:41:25.499+0000] {logging_mixin.py:188} INFO - [2024-04-29T05:41:25.498+0000] {dagbag.py:540} INFO - Filling up the DagBag from /home/airflow/.local/lib/python3.8/site-packages/airflow/example_dags/example_subdag_operator.py
[2024-04-29T05:41:25.526+0000] {processor.py:840} INFO - DAG(s) 'example_subdag_operator.section-1', 'example_subdag_operator.section-2', 'example_subdag_operator' retrieved from /home/airflow/.local/lib/python3.8/site-packages/airflow/example_dags/example_subdag_operator.py
[2024-04-29T05:41:25.546+0000] {logging_mixin.py:188} INFO - [2024-04-29T05:41:25.546+0000] {dag.py:3047} INFO - Sync 3 DAGs
[2024-04-29T05:41:25.574+0000] {logging_mixin.py:188} INFO - [2024-04-29T05:41:25.574+0000] {dag.py:3834} INFO - Setting next_dagrun for example_subdag_operator to 2022-01-01 00:00:00+00:00, run_after=2022-01-01 00:00:00+00:00
[2024-04-29T05:41:25.579+0000] {logging_mixin.py:188} INFO - [2024-04-29T05:41:25.579+0000] {dag.py:3834} INFO - Setting next_dagrun for example_subdag_operator.section-1 to None, run_after=None
[2024-04-29T05:41:25.581+0000] {logging_mixin.py:188} INFO - [2024-04-29T05:41:25.581+0000] {dag.py:3834} INFO - Setting next_dagrun for example_subdag_operator.section-2 to None, run_after=None
[2024-04-29T05:41:25.588+0000] {logging_mixin.py:188} INFO - [2024-04-29T05:41:25.588+0000] {dag.py:3047} INFO - Sync 2 DAGs
[2024-04-29T05:41:25.594+0000] {logging_mixin.py:188} INFO - [2024-04-29T05:41:25.594+0000] {dag.py:3834} INFO - Setting next_dagrun for example_subdag_operator.section-1 to None, run_after=None
[2024-04-29T05:41:25.595+0000] {logging_mixin.py:188} INFO - [2024-04-29T05:41:25.595+0000] {dag.py:3834} INFO - Setting next_dagrun for example_subdag_operator.section-2 to None, run_after=None
[2024-04-29T05:41:25.612+0000] {processor.py:183} INFO - Processing /home/airflow/.local/lib/python3.8/site-packages/airflow/example_dags/example_subdag_operator.py took 0.118 seconds
[2024-04-29T05:41:56.014+0000] {processor.py:161} INFO - Started process (PID=4057) to work on /home/airflow/.local/lib/python3.8/site-packages/airflow/example_dags/example_subdag_operator.py
[2024-04-29T05:41:56.016+0000] {processor.py:830} INFO - Processing file /home/airflow/.local/lib/python3.8/site-packages/airflow/example_dags/example_subdag_operator.py for tasks to queue
[2024-04-29T05:41:56.017+0000] {logging_mixin.py:188} INFO - [2024-04-29T05:41:56.017+0000] {dagbag.py:540} INFO - Filling up the DagBag from /home/airflow/.local/lib/python3.8/site-packages/airflow/example_dags/example_subdag_operator.py
[2024-04-29T05:41:56.046+0000] {processor.py:840} INFO - DAG(s) 'example_subdag_operator.section-1', 'example_subdag_operator.section-2', 'example_subdag_operator' retrieved from /home/airflow/.local/lib/python3.8/site-packages/airflow/example_dags/example_subdag_operator.py
[2024-04-29T05:41:56.069+0000] {logging_mixin.py:188} INFO - [2024-04-29T05:41:56.069+0000] {dag.py:3047} INFO - Sync 3 DAGs
[2024-04-29T05:41:56.097+0000] {logging_mixin.py:188} INFO - [2024-04-29T05:41:56.097+0000] {dag.py:3834} INFO - Setting next_dagrun for example_subdag_operator to 2022-01-01 00:00:00+00:00, run_after=2022-01-01 00:00:00+00:00
[2024-04-29T05:41:56.101+0000] {logging_mixin.py:188} INFO - [2024-04-29T05:41:56.101+0000] {dag.py:3834} INFO - Setting next_dagrun for example_subdag_operator.section-1 to None, run_after=None
[2024-04-29T05:41:56.103+0000] {logging_mixin.py:188} INFO - [2024-04-29T05:41:56.102+0000] {dag.py:3834} INFO - Setting next_dagrun for example_subdag_operator.section-2 to None, run_after=None
[2024-04-29T05:41:56.110+0000] {logging_mixin.py:188} INFO - [2024-04-29T05:41:56.110+0000] {dag.py:3047} INFO - Sync 2 DAGs
[2024-04-29T05:41:56.115+0000] {logging_mixin.py:188} INFO - [2024-04-29T05:41:56.115+0000] {dag.py:3834} INFO - Setting next_dagrun for example_subdag_operator.section-1 to None, run_after=None
[2024-04-29T05:41:56.116+0000] {logging_mixin.py:188} INFO - [2024-04-29T05:41:56.115+0000] {dag.py:3834} INFO - Setting next_dagrun for example_subdag_operator.section-2 to None, run_after=None
[2024-04-29T05:41:56.131+0000] {processor.py:183} INFO - Processing /home/airflow/.local/lib/python3.8/site-packages/airflow/example_dags/example_subdag_operator.py took 0.120 seconds
[2024-04-29T05:42:26.577+0000] {processor.py:161} INFO - Started process (PID=4309) to work on /home/airflow/.local/lib/python3.8/site-packages/airflow/example_dags/example_subdag_operator.py
[2024-04-29T05:42:26.578+0000] {processor.py:830} INFO - Processing file /home/airflow/.local/lib/python3.8/site-packages/airflow/example_dags/example_subdag_operator.py for tasks to queue
[2024-04-29T05:42:26.579+0000] {logging_mixin.py:188} INFO - [2024-04-29T05:42:26.579+0000] {dagbag.py:540} INFO - Filling up the DagBag from /home/airflow/.local/lib/python3.8/site-packages/airflow/example_dags/example_subdag_operator.py
[2024-04-29T05:42:26.609+0000] {processor.py:840} INFO - DAG(s) 'example_subdag_operator.section-1', 'example_subdag_operator.section-2', 'example_subdag_operator' retrieved from /home/airflow/.local/lib/python3.8/site-packages/airflow/example_dags/example_subdag_operator.py
[2024-04-29T05:42:26.629+0000] {logging_mixin.py:188} INFO - [2024-04-29T05:42:26.628+0000] {dag.py:3047} INFO - Sync 3 DAGs
[2024-04-29T05:42:26.654+0000] {logging_mixin.py:188} INFO - [2024-04-29T05:42:26.654+0000] {dag.py:3834} INFO - Setting next_dagrun for example_subdag_operator to 2022-01-01 00:00:00+00:00, run_after=2022-01-01 00:00:00+00:00
[2024-04-29T05:42:26.658+0000] {logging_mixin.py:188} INFO - [2024-04-29T05:42:26.658+0000] {dag.py:3834} INFO - Setting next_dagrun for example_subdag_operator.section-1 to None, run_after=None
[2024-04-29T05:42:26.660+0000] {logging_mixin.py:188} INFO - [2024-04-29T05:42:26.659+0000] {dag.py:3834} INFO - Setting next_dagrun for example_subdag_operator.section-2 to None, run_after=None
[2024-04-29T05:42:26.667+0000] {logging_mixin.py:188} INFO - [2024-04-29T05:42:26.667+0000] {dag.py:3047} INFO - Sync 2 DAGs
[2024-04-29T05:42:26.673+0000] {logging_mixin.py:188} INFO - [2024-04-29T05:42:26.673+0000] {dag.py:3834} INFO - Setting next_dagrun for example_subdag_operator.section-1 to None, run_after=None
[2024-04-29T05:42:26.674+0000] {logging_mixin.py:188} INFO - [2024-04-29T05:42:26.673+0000] {dag.py:3834} INFO - Setting next_dagrun for example_subdag_operator.section-2 to None, run_after=None
[2024-04-29T05:42:26.690+0000] {processor.py:183} INFO - Processing /home/airflow/.local/lib/python3.8/site-packages/airflow/example_dags/example_subdag_operator.py took 0.117 seconds
[2024-04-29T05:42:57.497+0000] {processor.py:161} INFO - Started process (PID=4562) to work on /home/airflow/.local/lib/python3.8/site-packages/airflow/example_dags/example_subdag_operator.py
[2024-04-29T05:42:57.498+0000] {processor.py:830} INFO - Processing file /home/airflow/.local/lib/python3.8/site-packages/airflow/example_dags/example_subdag_operator.py for tasks to queue
[2024-04-29T05:42:57.499+0000] {logging_mixin.py:188} INFO - [2024-04-29T05:42:57.498+0000] {dagbag.py:540} INFO - Filling up the DagBag from /home/airflow/.local/lib/python3.8/site-packages/airflow/example_dags/example_subdag_operator.py
[2024-04-29T05:42:57.527+0000] {processor.py:840} INFO - DAG(s) 'example_subdag_operator.section-1', 'example_subdag_operator.section-2', 'example_subdag_operator' retrieved from /home/airflow/.local/lib/python3.8/site-packages/airflow/example_dags/example_subdag_operator.py
[2024-04-29T05:42:57.547+0000] {logging_mixin.py:188} INFO - [2024-04-29T05:42:57.547+0000] {dag.py:3047} INFO - Sync 3 DAGs
[2024-04-29T05:42:57.577+0000] {logging_mixin.py:188} INFO - [2024-04-29T05:42:57.575+0000] {dag.py:3834} INFO - Setting next_dagrun for example_subdag_operator to 2022-01-01 00:00:00+00:00, run_after=2022-01-01 00:00:00+00:00
[2024-04-29T05:42:57.583+0000] {logging_mixin.py:188} INFO - [2024-04-29T05:42:57.583+0000] {dag.py:3834} INFO - Setting next_dagrun for example_subdag_operator.section-1 to None, run_after=None
[2024-04-29T05:42:57.585+0000] {logging_mixin.py:188} INFO - [2024-04-29T05:42:57.585+0000] {dag.py:3834} INFO - Setting next_dagrun for example_subdag_operator.section-2 to None, run_after=None
[2024-04-29T05:42:57.593+0000] {logging_mixin.py:188} INFO - [2024-04-29T05:42:57.593+0000] {dag.py:3047} INFO - Sync 2 DAGs
[2024-04-29T05:42:57.600+0000] {logging_mixin.py:188} INFO - [2024-04-29T05:42:57.600+0000] {dag.py:3834} INFO - Setting next_dagrun for example_subdag_operator.section-1 to None, run_after=None
[2024-04-29T05:42:57.601+0000] {logging_mixin.py:188} INFO - [2024-04-29T05:42:57.600+0000] {dag.py:3834} INFO - Setting next_dagrun for example_subdag_operator.section-2 to None, run_after=None
[2024-04-29T05:42:57.617+0000] {processor.py:183} INFO - Processing /home/airflow/.local/lib/python3.8/site-packages/airflow/example_dags/example_subdag_operator.py took 0.124 seconds
[2024-04-29T05:43:27.699+0000] {processor.py:161} INFO - Started process (PID=4815) to work on /home/airflow/.local/lib/python3.8/site-packages/airflow/example_dags/example_subdag_operator.py
[2024-04-29T05:43:27.700+0000] {processor.py:830} INFO - Processing file /home/airflow/.local/lib/python3.8/site-packages/airflow/example_dags/example_subdag_operator.py for tasks to queue
[2024-04-29T05:43:27.701+0000] {logging_mixin.py:188} INFO - [2024-04-29T05:43:27.701+0000] {dagbag.py:540} INFO - Filling up the DagBag from /home/airflow/.local/lib/python3.8/site-packages/airflow/example_dags/example_subdag_operator.py
[2024-04-29T05:43:27.728+0000] {processor.py:840} INFO - DAG(s) 'example_subdag_operator.section-1', 'example_subdag_operator.section-2', 'example_subdag_operator' retrieved from /home/airflow/.local/lib/python3.8/site-packages/airflow/example_dags/example_subdag_operator.py
[2024-04-29T05:43:27.773+0000] {logging_mixin.py:188} INFO - [2024-04-29T05:43:27.773+0000] {dag.py:3047} INFO - Sync 3 DAGs
[2024-04-29T05:43:27.817+0000] {logging_mixin.py:188} INFO - [2024-04-29T05:43:27.816+0000] {dag.py:3834} INFO - Setting next_dagrun for example_subdag_operator to 2022-01-01 00:00:00+00:00, run_after=2022-01-01 00:00:00+00:00
[2024-04-29T05:43:27.823+0000] {logging_mixin.py:188} INFO - [2024-04-29T05:43:27.823+0000] {dag.py:3834} INFO - Setting next_dagrun for example_subdag_operator.section-1 to None, run_after=None
[2024-04-29T05:43:27.824+0000] {logging_mixin.py:188} INFO - [2024-04-29T05:43:27.824+0000] {dag.py:3834} INFO - Setting next_dagrun for example_subdag_operator.section-2 to None, run_after=None
[2024-04-29T05:43:27.831+0000] {logging_mixin.py:188} INFO - [2024-04-29T05:43:27.831+0000] {dag.py:3047} INFO - Sync 2 DAGs
[2024-04-29T05:43:27.836+0000] {logging_mixin.py:188} INFO - [2024-04-29T05:43:27.836+0000] {dag.py:3834} INFO - Setting next_dagrun for example_subdag_operator.section-1 to None, run_after=None
[2024-04-29T05:43:27.837+0000] {logging_mixin.py:188} INFO - [2024-04-29T05:43:27.837+0000] {dag.py:3834} INFO - Setting next_dagrun for example_subdag_operator.section-2 to None, run_after=None
[2024-04-29T05:43:27.852+0000] {processor.py:183} INFO - Processing /home/airflow/.local/lib/python3.8/site-packages/airflow/example_dags/example_subdag_operator.py took 0.156 seconds
[2024-04-29T05:43:57.982+0000] {processor.py:161} INFO - Started process (PID=5067) to work on /home/airflow/.local/lib/python3.8/site-packages/airflow/example_dags/example_subdag_operator.py
[2024-04-29T05:43:57.983+0000] {processor.py:830} INFO - Processing file /home/airflow/.local/lib/python3.8/site-packages/airflow/example_dags/example_subdag_operator.py for tasks to queue
[2024-04-29T05:43:57.984+0000] {logging_mixin.py:188} INFO - [2024-04-29T05:43:57.984+0000] {dagbag.py:540} INFO - Filling up the DagBag from /home/airflow/.local/lib/python3.8/site-packages/airflow/example_dags/example_subdag_operator.py
[2024-04-29T05:43:58.011+0000] {processor.py:840} INFO - DAG(s) 'example_subdag_operator.section-1', 'example_subdag_operator.section-2', 'example_subdag_operator' retrieved from /home/airflow/.local/lib/python3.8/site-packages/airflow/example_dags/example_subdag_operator.py
[2024-04-29T05:43:58.030+0000] {logging_mixin.py:188} INFO - [2024-04-29T05:43:58.030+0000] {dag.py:3047} INFO - Sync 3 DAGs
[2024-04-29T05:43:58.056+0000] {logging_mixin.py:188} INFO - [2024-04-29T05:43:58.055+0000] {dag.py:3834} INFO - Setting next_dagrun for example_subdag_operator to 2022-01-01 00:00:00+00:00, run_after=2022-01-01 00:00:00+00:00
[2024-04-29T05:43:58.060+0000] {logging_mixin.py:188} INFO - [2024-04-29T05:43:58.060+0000] {dag.py:3834} INFO - Setting next_dagrun for example_subdag_operator.section-1 to None, run_after=None
[2024-04-29T05:43:58.061+0000] {logging_mixin.py:188} INFO - [2024-04-29T05:43:58.061+0000] {dag.py:3834} INFO - Setting next_dagrun for example_subdag_operator.section-2 to None, run_after=None
[2024-04-29T05:43:58.068+0000] {logging_mixin.py:188} INFO - [2024-04-29T05:43:58.068+0000] {dag.py:3047} INFO - Sync 2 DAGs
[2024-04-29T05:43:58.074+0000] {logging_mixin.py:188} INFO - [2024-04-29T05:43:58.074+0000] {dag.py:3834} INFO - Setting next_dagrun for example_subdag_operator.section-1 to None, run_after=None
[2024-04-29T05:43:58.075+0000] {logging_mixin.py:188} INFO - [2024-04-29T05:43:58.074+0000] {dag.py:3834} INFO - Setting next_dagrun for example_subdag_operator.section-2 to None, run_after=None
[2024-04-29T05:43:58.090+0000] {processor.py:183} INFO - Processing /home/airflow/.local/lib/python3.8/site-packages/airflow/example_dags/example_subdag_operator.py took 0.111 seconds
[2024-04-29T05:44:28.569+0000] {processor.py:161} INFO - Started process (PID=5320) to work on /home/airflow/.local/lib/python3.8/site-packages/airflow/example_dags/example_subdag_operator.py
[2024-04-29T05:44:28.569+0000] {processor.py:830} INFO - Processing file /home/airflow/.local/lib/python3.8/site-packages/airflow/example_dags/example_subdag_operator.py for tasks to queue
[2024-04-29T05:44:28.570+0000] {logging_mixin.py:188} INFO - [2024-04-29T05:44:28.570+0000] {dagbag.py:540} INFO - Filling up the DagBag from /home/airflow/.local/lib/python3.8/site-packages/airflow/example_dags/example_subdag_operator.py
[2024-04-29T05:44:28.602+0000] {processor.py:840} INFO - DAG(s) 'example_subdag_operator.section-1', 'example_subdag_operator.section-2', 'example_subdag_operator' retrieved from /home/airflow/.local/lib/python3.8/site-packages/airflow/example_dags/example_subdag_operator.py
[2024-04-29T05:44:28.622+0000] {logging_mixin.py:188} INFO - [2024-04-29T05:44:28.622+0000] {dag.py:3047} INFO - Sync 3 DAGs
[2024-04-29T05:44:28.651+0000] {logging_mixin.py:188} INFO - [2024-04-29T05:44:28.650+0000] {dag.py:3834} INFO - Setting next_dagrun for example_subdag_operator to 2022-01-01 00:00:00+00:00, run_after=2022-01-01 00:00:00+00:00
[2024-04-29T05:44:28.655+0000] {logging_mixin.py:188} INFO - [2024-04-29T05:44:28.654+0000] {dag.py:3834} INFO - Setting next_dagrun for example_subdag_operator.section-1 to None, run_after=None
[2024-04-29T05:44:28.656+0000] {logging_mixin.py:188} INFO - [2024-04-29T05:44:28.656+0000] {dag.py:3834} INFO - Setting next_dagrun for example_subdag_operator.section-2 to None, run_after=None
[2024-04-29T05:44:28.663+0000] {logging_mixin.py:188} INFO - [2024-04-29T05:44:28.663+0000] {dag.py:3047} INFO - Sync 2 DAGs
[2024-04-29T05:44:28.669+0000] {logging_mixin.py:188} INFO - [2024-04-29T05:44:28.668+0000] {dag.py:3834} INFO - Setting next_dagrun for example_subdag_operator.section-1 to None, run_after=None
[2024-04-29T05:44:28.669+0000] {logging_mixin.py:188} INFO - [2024-04-29T05:44:28.669+0000] {dag.py:3834} INFO - Setting next_dagrun for example_subdag_operator.section-2 to None, run_after=None
[2024-04-29T05:44:28.685+0000] {processor.py:183} INFO - Processing /home/airflow/.local/lib/python3.8/site-packages/airflow/example_dags/example_subdag_operator.py took 0.119 seconds
[2024-04-29T05:44:58.732+0000] {processor.py:161} INFO - Started process (PID=5572) to work on /home/airflow/.local/lib/python3.8/site-packages/airflow/example_dags/example_subdag_operator.py
[2024-04-29T05:44:58.732+0000] {processor.py:830} INFO - Processing file /home/airflow/.local/lib/python3.8/site-packages/airflow/example_dags/example_subdag_operator.py for tasks to queue
[2024-04-29T05:44:58.733+0000] {logging_mixin.py:188} INFO - [2024-04-29T05:44:58.733+0000] {dagbag.py:540} INFO - Filling up the DagBag from /home/airflow/.local/lib/python3.8/site-packages/airflow/example_dags/example_subdag_operator.py
[2024-04-29T05:44:58.753+0000] {processor.py:840} INFO - DAG(s) 'example_subdag_operator.section-1', 'example_subdag_operator.section-2', 'example_subdag_operator' retrieved from /home/airflow/.local/lib/python3.8/site-packages/airflow/example_dags/example_subdag_operator.py
[2024-04-29T05:44:58.766+0000] {logging_mixin.py:188} INFO - [2024-04-29T05:44:58.766+0000] {dag.py:3047} INFO - Sync 3 DAGs
[2024-04-29T05:44:58.783+0000] {logging_mixin.py:188} INFO - [2024-04-29T05:44:58.783+0000] {dag.py:3834} INFO - Setting next_dagrun for example_subdag_operator to 2022-01-01 00:00:00+00:00, run_after=2022-01-01 00:00:00+00:00
[2024-04-29T05:44:58.786+0000] {logging_mixin.py:188} INFO - [2024-04-29T05:44:58.786+0000] {dag.py:3834} INFO - Setting next_dagrun for example_subdag_operator.section-1 to None, run_after=None
[2024-04-29T05:44:58.787+0000] {logging_mixin.py:188} INFO - [2024-04-29T05:44:58.787+0000] {dag.py:3834} INFO - Setting next_dagrun for example_subdag_operator.section-2 to None, run_after=None
[2024-04-29T05:44:58.792+0000] {logging_mixin.py:188} INFO - [2024-04-29T05:44:58.792+0000] {dag.py:3047} INFO - Sync 2 DAGs
[2024-04-29T05:44:58.796+0000] {logging_mixin.py:188} INFO - [2024-04-29T05:44:58.796+0000] {dag.py:3834} INFO - Setting next_dagrun for example_subdag_operator.section-1 to None, run_after=None
[2024-04-29T05:44:58.797+0000] {logging_mixin.py:188} INFO - [2024-04-29T05:44:58.796+0000] {dag.py:3834} INFO - Setting next_dagrun for example_subdag_operator.section-2 to None, run_after=None
[2024-04-29T05:44:58.811+0000] {processor.py:183} INFO - Processing /home/airflow/.local/lib/python3.8/site-packages/airflow/example_dags/example_subdag_operator.py took 0.082 seconds
[2024-04-29T05:45:28.896+0000] {processor.py:161} INFO - Started process (PID=5823) to work on /home/airflow/.local/lib/python3.8/site-packages/airflow/example_dags/example_subdag_operator.py
[2024-04-29T05:45:28.897+0000] {processor.py:830} INFO - Processing file /home/airflow/.local/lib/python3.8/site-packages/airflow/example_dags/example_subdag_operator.py for tasks to queue
[2024-04-29T05:45:28.898+0000] {logging_mixin.py:188} INFO - [2024-04-29T05:45:28.898+0000] {dagbag.py:540} INFO - Filling up the DagBag from /home/airflow/.local/lib/python3.8/site-packages/airflow/example_dags/example_subdag_operator.py
[2024-04-29T05:45:28.927+0000] {processor.py:840} INFO - DAG(s) 'example_subdag_operator.section-1', 'example_subdag_operator.section-2', 'example_subdag_operator' retrieved from /home/airflow/.local/lib/python3.8/site-packages/airflow/example_dags/example_subdag_operator.py
[2024-04-29T05:45:28.948+0000] {logging_mixin.py:188} INFO - [2024-04-29T05:45:28.947+0000] {dag.py:3047} INFO - Sync 3 DAGs
[2024-04-29T05:45:28.977+0000] {logging_mixin.py:188} INFO - [2024-04-29T05:45:28.977+0000] {dag.py:3834} INFO - Setting next_dagrun for example_subdag_operator to 2022-01-01 00:00:00+00:00, run_after=2022-01-01 00:00:00+00:00
[2024-04-29T05:45:28.981+0000] {logging_mixin.py:188} INFO - [2024-04-29T05:45:28.981+0000] {dag.py:3834} INFO - Setting next_dagrun for example_subdag_operator.section-1 to None, run_after=None
[2024-04-29T05:45:28.983+0000] {logging_mixin.py:188} INFO - [2024-04-29T05:45:28.982+0000] {dag.py:3834} INFO - Setting next_dagrun for example_subdag_operator.section-2 to None, run_after=None
[2024-04-29T05:45:28.990+0000] {logging_mixin.py:188} INFO - [2024-04-29T05:45:28.990+0000] {dag.py:3047} INFO - Sync 2 DAGs
[2024-04-29T05:45:28.996+0000] {logging_mixin.py:188} INFO - [2024-04-29T05:45:28.995+0000] {dag.py:3834} INFO - Setting next_dagrun for example_subdag_operator.section-1 to None, run_after=None
[2024-04-29T05:45:28.996+0000] {logging_mixin.py:188} INFO - [2024-04-29T05:45:28.996+0000] {dag.py:3834} INFO - Setting next_dagrun for example_subdag_operator.section-2 to None, run_after=None
[2024-04-29T05:45:29.039+0000] {processor.py:183} INFO - Processing /home/airflow/.local/lib/python3.8/site-packages/airflow/example_dags/example_subdag_operator.py took 0.147 seconds
[2024-04-29T05:45:59.349+0000] {processor.py:161} INFO - Started process (PID=6075) to work on /home/airflow/.local/lib/python3.8/site-packages/airflow/example_dags/example_subdag_operator.py
[2024-04-29T05:45:59.350+0000] {processor.py:830} INFO - Processing file /home/airflow/.local/lib/python3.8/site-packages/airflow/example_dags/example_subdag_operator.py for tasks to queue
[2024-04-29T05:45:59.351+0000] {logging_mixin.py:188} INFO - [2024-04-29T05:45:59.351+0000] {dagbag.py:540} INFO - Filling up the DagBag from /home/airflow/.local/lib/python3.8/site-packages/airflow/example_dags/example_subdag_operator.py
[2024-04-29T05:45:59.378+0000] {processor.py:840} INFO - DAG(s) 'example_subdag_operator.section-1', 'example_subdag_operator.section-2', 'example_subdag_operator' retrieved from /home/airflow/.local/lib/python3.8/site-packages/airflow/example_dags/example_subdag_operator.py
[2024-04-29T05:45:59.397+0000] {logging_mixin.py:188} INFO - [2024-04-29T05:45:59.397+0000] {dag.py:3047} INFO - Sync 3 DAGs
[2024-04-29T05:45:59.422+0000] {logging_mixin.py:188} INFO - [2024-04-29T05:45:59.422+0000] {dag.py:3834} INFO - Setting next_dagrun for example_subdag_operator to 2022-01-01 00:00:00+00:00, run_after=2022-01-01 00:00:00+00:00
[2024-04-29T05:45:59.426+0000] {logging_mixin.py:188} INFO - [2024-04-29T05:45:59.426+0000] {dag.py:3834} INFO - Setting next_dagrun for example_subdag_operator.section-1 to None, run_after=None
[2024-04-29T05:45:59.428+0000] {logging_mixin.py:188} INFO - [2024-04-29T05:45:59.428+0000] {dag.py:3834} INFO - Setting next_dagrun for example_subdag_operator.section-2 to None, run_after=None
[2024-04-29T05:45:59.436+0000] {logging_mixin.py:188} INFO - [2024-04-29T05:45:59.435+0000] {dag.py:3047} INFO - Sync 2 DAGs
[2024-04-29T05:45:59.441+0000] {logging_mixin.py:188} INFO - [2024-04-29T05:45:59.441+0000] {dag.py:3834} INFO - Setting next_dagrun for example_subdag_operator.section-1 to None, run_after=None
[2024-04-29T05:45:59.442+0000] {logging_mixin.py:188} INFO - [2024-04-29T05:45:59.442+0000] {dag.py:3834} INFO - Setting next_dagrun for example_subdag_operator.section-2 to None, run_after=None
[2024-04-29T05:45:59.458+0000] {processor.py:183} INFO - Processing /home/airflow/.local/lib/python3.8/site-packages/airflow/example_dags/example_subdag_operator.py took 0.113 seconds
[2024-04-29T05:46:29.873+0000] {processor.py:161} INFO - Started process (PID=6328) to work on /home/airflow/.local/lib/python3.8/site-packages/airflow/example_dags/example_subdag_operator.py
[2024-04-29T05:46:29.874+0000] {processor.py:830} INFO - Processing file /home/airflow/.local/lib/python3.8/site-packages/airflow/example_dags/example_subdag_operator.py for tasks to queue
[2024-04-29T05:46:29.875+0000] {logging_mixin.py:188} INFO - [2024-04-29T05:46:29.875+0000] {dagbag.py:540} INFO - Filling up the DagBag from /home/airflow/.local/lib/python3.8/site-packages/airflow/example_dags/example_subdag_operator.py
[2024-04-29T05:46:29.905+0000] {processor.py:840} INFO - DAG(s) 'example_subdag_operator.section-1', 'example_subdag_operator.section-2', 'example_subdag_operator' retrieved from /home/airflow/.local/lib/python3.8/site-packages/airflow/example_dags/example_subdag_operator.py
[2024-04-29T05:46:29.928+0000] {logging_mixin.py:188} INFO - [2024-04-29T05:46:29.928+0000] {dag.py:3047} INFO - Sync 3 DAGs
[2024-04-29T05:46:29.965+0000] {logging_mixin.py:188} INFO - [2024-04-29T05:46:29.965+0000] {dag.py:3834} INFO - Setting next_dagrun for example_subdag_operator to 2022-01-01 00:00:00+00:00, run_after=2022-01-01 00:00:00+00:00
[2024-04-29T05:46:29.969+0000] {logging_mixin.py:188} INFO - [2024-04-29T05:46:29.969+0000] {dag.py:3834} INFO - Setting next_dagrun for example_subdag_operator.section-1 to None, run_after=None
[2024-04-29T05:46:29.971+0000] {logging_mixin.py:188} INFO - [2024-04-29T05:46:29.970+0000] {dag.py:3834} INFO - Setting next_dagrun for example_subdag_operator.section-2 to None, run_after=None
[2024-04-29T05:46:29.978+0000] {logging_mixin.py:188} INFO - [2024-04-29T05:46:29.977+0000] {dag.py:3047} INFO - Sync 2 DAGs
[2024-04-29T05:46:29.991+0000] {logging_mixin.py:188} INFO - [2024-04-29T05:46:29.991+0000] {dag.py:3834} INFO - Setting next_dagrun for example_subdag_operator.section-1 to None, run_after=None
[2024-04-29T05:46:29.992+0000] {logging_mixin.py:188} INFO - [2024-04-29T05:46:29.992+0000] {dag.py:3834} INFO - Setting next_dagrun for example_subdag_operator.section-2 to None, run_after=None
[2024-04-29T05:46:30.012+0000] {processor.py:183} INFO - Processing /home/airflow/.local/lib/python3.8/site-packages/airflow/example_dags/example_subdag_operator.py took 0.143 seconds
[2024-04-29T05:47:00.653+0000] {processor.py:161} INFO - Started process (PID=6578) to work on /home/airflow/.local/lib/python3.8/site-packages/airflow/example_dags/example_subdag_operator.py
[2024-04-29T05:47:00.659+0000] {processor.py:830} INFO - Processing file /home/airflow/.local/lib/python3.8/site-packages/airflow/example_dags/example_subdag_operator.py for tasks to queue
[2024-04-29T05:47:00.660+0000] {logging_mixin.py:188} INFO - [2024-04-29T05:47:00.660+0000] {dagbag.py:540} INFO - Filling up the DagBag from /home/airflow/.local/lib/python3.8/site-packages/airflow/example_dags/example_subdag_operator.py
[2024-04-29T05:47:00.743+0000] {processor.py:840} INFO - DAG(s) 'example_subdag_operator.section-1', 'example_subdag_operator.section-2', 'example_subdag_operator' retrieved from /home/airflow/.local/lib/python3.8/site-packages/airflow/example_dags/example_subdag_operator.py
[2024-04-29T05:47:00.778+0000] {logging_mixin.py:188} INFO - [2024-04-29T05:47:00.778+0000] {dag.py:3047} INFO - Sync 3 DAGs
[2024-04-29T05:47:00.830+0000] {logging_mixin.py:188} INFO - [2024-04-29T05:47:00.829+0000] {dag.py:3834} INFO - Setting next_dagrun for example_subdag_operator to 2022-01-01 00:00:00+00:00, run_after=2022-01-01 00:00:00+00:00
[2024-04-29T05:47:00.846+0000] {logging_mixin.py:188} INFO - [2024-04-29T05:47:00.846+0000] {dag.py:3834} INFO - Setting next_dagrun for example_subdag_operator.section-1 to None, run_after=None
[2024-04-29T05:47:00.856+0000] {logging_mixin.py:188} INFO - [2024-04-29T05:47:00.856+0000] {dag.py:3834} INFO - Setting next_dagrun for example_subdag_operator.section-2 to None, run_after=None
[2024-04-29T05:47:00.879+0000] {logging_mixin.py:188} INFO - [2024-04-29T05:47:00.878+0000] {dag.py:3047} INFO - Sync 2 DAGs
[2024-04-29T05:47:00.893+0000] {logging_mixin.py:188} INFO - [2024-04-29T05:47:00.893+0000] {dag.py:3834} INFO - Setting next_dagrun for example_subdag_operator.section-1 to None, run_after=None
[2024-04-29T05:47:00.894+0000] {logging_mixin.py:188} INFO - [2024-04-29T05:47:00.894+0000] {dag.py:3834} INFO - Setting next_dagrun for example_subdag_operator.section-2 to None, run_after=None
[2024-04-29T05:47:00.913+0000] {processor.py:183} INFO - Processing /home/airflow/.local/lib/python3.8/site-packages/airflow/example_dags/example_subdag_operator.py took 0.265 seconds
[2024-04-29T05:47:31.283+0000] {processor.py:161} INFO - Started process (PID=6832) to work on /home/airflow/.local/lib/python3.8/site-packages/airflow/example_dags/example_subdag_operator.py
[2024-04-29T05:47:31.285+0000] {processor.py:830} INFO - Processing file /home/airflow/.local/lib/python3.8/site-packages/airflow/example_dags/example_subdag_operator.py for tasks to queue
[2024-04-29T05:47:31.286+0000] {logging_mixin.py:188} INFO - [2024-04-29T05:47:31.286+0000] {dagbag.py:540} INFO - Filling up the DagBag from /home/airflow/.local/lib/python3.8/site-packages/airflow/example_dags/example_subdag_operator.py
[2024-04-29T05:47:31.315+0000] {processor.py:840} INFO - DAG(s) 'example_subdag_operator.section-1', 'example_subdag_operator.section-2', 'example_subdag_operator' retrieved from /home/airflow/.local/lib/python3.8/site-packages/airflow/example_dags/example_subdag_operator.py
[2024-04-29T05:47:31.334+0000] {logging_mixin.py:188} INFO - [2024-04-29T05:47:31.334+0000] {dag.py:3047} INFO - Sync 3 DAGs
[2024-04-29T05:47:31.360+0000] {logging_mixin.py:188} INFO - [2024-04-29T05:47:31.359+0000] {dag.py:3834} INFO - Setting next_dagrun for example_subdag_operator to 2022-01-01 00:00:00+00:00, run_after=2022-01-01 00:00:00+00:00
[2024-04-29T05:47:31.363+0000] {logging_mixin.py:188} INFO - [2024-04-29T05:47:31.363+0000] {dag.py:3834} INFO - Setting next_dagrun for example_subdag_operator.section-1 to None, run_after=None
[2024-04-29T05:47:31.365+0000] {logging_mixin.py:188} INFO - [2024-04-29T05:47:31.365+0000] {dag.py:3834} INFO - Setting next_dagrun for example_subdag_operator.section-2 to None, run_after=None
[2024-04-29T05:47:31.375+0000] {logging_mixin.py:188} INFO - [2024-04-29T05:47:31.375+0000] {dag.py:3047} INFO - Sync 2 DAGs
[2024-04-29T05:47:31.397+0000] {logging_mixin.py:188} INFO - [2024-04-29T05:47:31.397+0000] {dag.py:3834} INFO - Setting next_dagrun for example_subdag_operator.section-1 to None, run_after=None
[2024-04-29T05:47:31.397+0000] {logging_mixin.py:188} INFO - [2024-04-29T05:47:31.397+0000] {dag.py:3834} INFO - Setting next_dagrun for example_subdag_operator.section-2 to None, run_after=None
[2024-04-29T05:47:31.443+0000] {processor.py:183} INFO - Processing /home/airflow/.local/lib/python3.8/site-packages/airflow/example_dags/example_subdag_operator.py took 0.163 seconds
[2024-04-29T05:48:01.797+0000] {processor.py:161} INFO - Started process (PID=7085) to work on /home/airflow/.local/lib/python3.8/site-packages/airflow/example_dags/example_subdag_operator.py
[2024-04-29T05:48:01.798+0000] {processor.py:830} INFO - Processing file /home/airflow/.local/lib/python3.8/site-packages/airflow/example_dags/example_subdag_operator.py for tasks to queue
[2024-04-29T05:48:01.800+0000] {logging_mixin.py:188} INFO - [2024-04-29T05:48:01.799+0000] {dagbag.py:540} INFO - Filling up the DagBag from /home/airflow/.local/lib/python3.8/site-packages/airflow/example_dags/example_subdag_operator.py
[2024-04-29T05:48:01.827+0000] {processor.py:840} INFO - DAG(s) 'example_subdag_operator.section-1', 'example_subdag_operator.section-2', 'example_subdag_operator' retrieved from /home/airflow/.local/lib/python3.8/site-packages/airflow/example_dags/example_subdag_operator.py
[2024-04-29T05:48:01.849+0000] {logging_mixin.py:188} INFO - [2024-04-29T05:48:01.848+0000] {dag.py:3047} INFO - Sync 3 DAGs
[2024-04-29T05:48:01.876+0000] {logging_mixin.py:188} INFO - [2024-04-29T05:48:01.876+0000] {dag.py:3834} INFO - Setting next_dagrun for example_subdag_operator to 2022-01-01 00:00:00+00:00, run_after=2022-01-01 00:00:00+00:00
[2024-04-29T05:48:01.882+0000] {logging_mixin.py:188} INFO - [2024-04-29T05:48:01.881+0000] {dag.py:3834} INFO - Setting next_dagrun for example_subdag_operator.section-1 to None, run_after=None
[2024-04-29T05:48:01.883+0000] {logging_mixin.py:188} INFO - [2024-04-29T05:48:01.883+0000] {dag.py:3834} INFO - Setting next_dagrun for example_subdag_operator.section-2 to None, run_after=None
[2024-04-29T05:48:01.897+0000] {logging_mixin.py:188} INFO - [2024-04-29T05:48:01.897+0000] {dag.py:3047} INFO - Sync 2 DAGs
[2024-04-29T05:48:01.903+0000] {logging_mixin.py:188} INFO - [2024-04-29T05:48:01.903+0000] {dag.py:3834} INFO - Setting next_dagrun for example_subdag_operator.section-1 to None, run_after=None
[2024-04-29T05:48:01.904+0000] {logging_mixin.py:188} INFO - [2024-04-29T05:48:01.904+0000] {dag.py:3834} INFO - Setting next_dagrun for example_subdag_operator.section-2 to None, run_after=None
[2024-04-29T05:48:01.920+0000] {processor.py:183} INFO - Processing /home/airflow/.local/lib/python3.8/site-packages/airflow/example_dags/example_subdag_operator.py took 0.126 seconds
[2024-04-29T05:48:31.969+0000] {processor.py:161} INFO - Started process (PID=7334) to work on /home/airflow/.local/lib/python3.8/site-packages/airflow/example_dags/example_subdag_operator.py
[2024-04-29T05:48:31.969+0000] {processor.py:830} INFO - Processing file /home/airflow/.local/lib/python3.8/site-packages/airflow/example_dags/example_subdag_operator.py for tasks to queue
[2024-04-29T05:48:31.970+0000] {logging_mixin.py:188} INFO - [2024-04-29T05:48:31.970+0000] {dagbag.py:540} INFO - Filling up the DagBag from /home/airflow/.local/lib/python3.8/site-packages/airflow/example_dags/example_subdag_operator.py
[2024-04-29T05:48:31.989+0000] {processor.py:840} INFO - DAG(s) 'example_subdag_operator.section-1', 'example_subdag_operator.section-2', 'example_subdag_operator' retrieved from /home/airflow/.local/lib/python3.8/site-packages/airflow/example_dags/example_subdag_operator.py
[2024-04-29T05:48:32.002+0000] {logging_mixin.py:188} INFO - [2024-04-29T05:48:32.002+0000] {dag.py:3047} INFO - Sync 3 DAGs
[2024-04-29T05:48:32.019+0000] {logging_mixin.py:188} INFO - [2024-04-29T05:48:32.018+0000] {dag.py:3834} INFO - Setting next_dagrun for example_subdag_operator to 2022-01-01 00:00:00+00:00, run_after=2022-01-01 00:00:00+00:00
[2024-04-29T05:48:32.021+0000] {logging_mixin.py:188} INFO - [2024-04-29T05:48:32.021+0000] {dag.py:3834} INFO - Setting next_dagrun for example_subdag_operator.section-1 to None, run_after=None
[2024-04-29T05:48:32.022+0000] {logging_mixin.py:188} INFO - [2024-04-29T05:48:32.022+0000] {dag.py:3834} INFO - Setting next_dagrun for example_subdag_operator.section-2 to None, run_after=None
[2024-04-29T05:48:32.028+0000] {logging_mixin.py:188} INFO - [2024-04-29T05:48:32.028+0000] {dag.py:3047} INFO - Sync 2 DAGs
[2024-04-29T05:48:32.032+0000] {logging_mixin.py:188} INFO - [2024-04-29T05:48:32.032+0000] {dag.py:3834} INFO - Setting next_dagrun for example_subdag_operator.section-1 to None, run_after=None
[2024-04-29T05:48:32.032+0000] {logging_mixin.py:188} INFO - [2024-04-29T05:48:32.032+0000] {dag.py:3834} INFO - Setting next_dagrun for example_subdag_operator.section-2 to None, run_after=None
[2024-04-29T05:48:32.048+0000] {processor.py:183} INFO - Processing /home/airflow/.local/lib/python3.8/site-packages/airflow/example_dags/example_subdag_operator.py took 0.082 seconds
[2024-04-29T05:49:02.494+0000] {processor.py:161} INFO - Started process (PID=7589) to work on /home/airflow/.local/lib/python3.8/site-packages/airflow/example_dags/example_subdag_operator.py
[2024-04-29T05:49:02.496+0000] {processor.py:830} INFO - Processing file /home/airflow/.local/lib/python3.8/site-packages/airflow/example_dags/example_subdag_operator.py for tasks to queue
[2024-04-29T05:49:02.497+0000] {logging_mixin.py:188} INFO - [2024-04-29T05:49:02.497+0000] {dagbag.py:540} INFO - Filling up the DagBag from /home/airflow/.local/lib/python3.8/site-packages/airflow/example_dags/example_subdag_operator.py
[2024-04-29T05:49:02.524+0000] {processor.py:840} INFO - DAG(s) 'example_subdag_operator.section-1', 'example_subdag_operator.section-2', 'example_subdag_operator' retrieved from /home/airflow/.local/lib/python3.8/site-packages/airflow/example_dags/example_subdag_operator.py
[2024-04-29T05:49:02.563+0000] {logging_mixin.py:188} INFO - [2024-04-29T05:49:02.562+0000] {dag.py:3047} INFO - Sync 3 DAGs
[2024-04-29T05:49:02.617+0000] {logging_mixin.py:188} INFO - [2024-04-29T05:49:02.617+0000] {dag.py:3834} INFO - Setting next_dagrun for example_subdag_operator to 2022-01-01 00:00:00+00:00, run_after=2022-01-01 00:00:00+00:00
[2024-04-29T05:49:02.629+0000] {logging_mixin.py:188} INFO - [2024-04-29T05:49:02.629+0000] {dag.py:3834} INFO - Setting next_dagrun for example_subdag_operator.section-1 to None, run_after=None
[2024-04-29T05:49:02.631+0000] {logging_mixin.py:188} INFO - [2024-04-29T05:49:02.630+0000] {dag.py:3834} INFO - Setting next_dagrun for example_subdag_operator.section-2 to None, run_after=None
[2024-04-29T05:49:02.647+0000] {logging_mixin.py:188} INFO - [2024-04-29T05:49:02.646+0000] {dag.py:3047} INFO - Sync 2 DAGs
[2024-04-29T05:49:02.662+0000] {logging_mixin.py:188} INFO - [2024-04-29T05:49:02.661+0000] {dag.py:3834} INFO - Setting next_dagrun for example_subdag_operator.section-1 to None, run_after=None
[2024-04-29T05:49:02.662+0000] {logging_mixin.py:188} INFO - [2024-04-29T05:49:02.662+0000] {dag.py:3834} INFO - Setting next_dagrun for example_subdag_operator.section-2 to None, run_after=None
[2024-04-29T05:49:02.713+0000] {processor.py:183} INFO - Processing /home/airflow/.local/lib/python3.8/site-packages/airflow/example_dags/example_subdag_operator.py took 0.222 seconds
[2024-04-29T05:49:33.728+0000] {processor.py:161} INFO - Started process (PID=7839) to work on /home/airflow/.local/lib/python3.8/site-packages/airflow/example_dags/example_subdag_operator.py
[2024-04-29T05:49:33.729+0000] {processor.py:830} INFO - Processing file /home/airflow/.local/lib/python3.8/site-packages/airflow/example_dags/example_subdag_operator.py for tasks to queue
[2024-04-29T05:49:33.740+0000] {logging_mixin.py:188} INFO - [2024-04-29T05:49:33.740+0000] {dagbag.py:540} INFO - Filling up the DagBag from /home/airflow/.local/lib/python3.8/site-packages/airflow/example_dags/example_subdag_operator.py
[2024-04-29T05:49:33.807+0000] {processor.py:840} INFO - DAG(s) 'example_subdag_operator.section-1', 'example_subdag_operator.section-2', 'example_subdag_operator' retrieved from /home/airflow/.local/lib/python3.8/site-packages/airflow/example_dags/example_subdag_operator.py
[2024-04-29T05:49:33.850+0000] {logging_mixin.py:188} INFO - [2024-04-29T05:49:33.850+0000] {dag.py:3047} INFO - Sync 3 DAGs
[2024-04-29T05:49:33.896+0000] {logging_mixin.py:188} INFO - [2024-04-29T05:49:33.895+0000] {dag.py:3834} INFO - Setting next_dagrun for example_subdag_operator to 2022-01-01 00:00:00+00:00, run_after=2022-01-01 00:00:00+00:00
[2024-04-29T05:49:33.901+0000] {logging_mixin.py:188} INFO - [2024-04-29T05:49:33.901+0000] {dag.py:3834} INFO - Setting next_dagrun for example_subdag_operator.section-1 to None, run_after=None
[2024-04-29T05:49:33.903+0000] {logging_mixin.py:188} INFO - [2024-04-29T05:49:33.903+0000] {dag.py:3834} INFO - Setting next_dagrun for example_subdag_operator.section-2 to None, run_after=None
[2024-04-29T05:49:33.911+0000] {logging_mixin.py:188} INFO - [2024-04-29T05:49:33.911+0000] {dag.py:3047} INFO - Sync 2 DAGs
[2024-04-29T05:49:33.917+0000] {logging_mixin.py:188} INFO - [2024-04-29T05:49:33.917+0000] {dag.py:3834} INFO - Setting next_dagrun for example_subdag_operator.section-1 to None, run_after=None
[2024-04-29T05:49:33.918+0000] {logging_mixin.py:188} INFO - [2024-04-29T05:49:33.918+0000] {dag.py:3834} INFO - Setting next_dagrun for example_subdag_operator.section-2 to None, run_after=None
[2024-04-29T05:49:33.954+0000] {processor.py:183} INFO - Processing /home/airflow/.local/lib/python3.8/site-packages/airflow/example_dags/example_subdag_operator.py took 0.250 seconds
[2024-04-29T05:50:04.928+0000] {processor.py:161} INFO - Started process (PID=8094) to work on /home/airflow/.local/lib/python3.8/site-packages/airflow/example_dags/example_subdag_operator.py
[2024-04-29T05:50:04.929+0000] {processor.py:830} INFO - Processing file /home/airflow/.local/lib/python3.8/site-packages/airflow/example_dags/example_subdag_operator.py for tasks to queue
[2024-04-29T05:50:04.930+0000] {logging_mixin.py:188} INFO - [2024-04-29T05:50:04.930+0000] {dagbag.py:540} INFO - Filling up the DagBag from /home/airflow/.local/lib/python3.8/site-packages/airflow/example_dags/example_subdag_operator.py
[2024-04-29T05:50:04.957+0000] {processor.py:840} INFO - DAG(s) 'example_subdag_operator.section-1', 'example_subdag_operator.section-2', 'example_subdag_operator' retrieved from /home/airflow/.local/lib/python3.8/site-packages/airflow/example_dags/example_subdag_operator.py
[2024-04-29T05:50:04.976+0000] {logging_mixin.py:188} INFO - [2024-04-29T05:50:04.976+0000] {dag.py:3047} INFO - Sync 3 DAGs
[2024-04-29T05:50:05.002+0000] {logging_mixin.py:188} INFO - [2024-04-29T05:50:05.001+0000] {dag.py:3834} INFO - Setting next_dagrun for example_subdag_operator to 2022-01-01 00:00:00+00:00, run_after=2022-01-01 00:00:00+00:00
[2024-04-29T05:50:05.006+0000] {logging_mixin.py:188} INFO - [2024-04-29T05:50:05.005+0000] {dag.py:3834} INFO - Setting next_dagrun for example_subdag_operator.section-1 to None, run_after=None
[2024-04-29T05:50:05.007+0000] {logging_mixin.py:188} INFO - [2024-04-29T05:50:05.007+0000] {dag.py:3834} INFO - Setting next_dagrun for example_subdag_operator.section-2 to None, run_after=None
[2024-04-29T05:50:05.016+0000] {logging_mixin.py:188} INFO - [2024-04-29T05:50:05.015+0000] {dag.py:3047} INFO - Sync 2 DAGs
[2024-04-29T05:50:05.021+0000] {logging_mixin.py:188} INFO - [2024-04-29T05:50:05.021+0000] {dag.py:3834} INFO - Setting next_dagrun for example_subdag_operator.section-1 to None, run_after=None
[2024-04-29T05:50:05.022+0000] {logging_mixin.py:188} INFO - [2024-04-29T05:50:05.022+0000] {dag.py:3834} INFO - Setting next_dagrun for example_subdag_operator.section-2 to None, run_after=None
[2024-04-29T05:50:05.041+0000] {processor.py:183} INFO - Processing /home/airflow/.local/lib/python3.8/site-packages/airflow/example_dags/example_subdag_operator.py took 0.116 seconds
