[2024-04-29T05:31:56.200+0000] {processor.py:161} INFO - Started process (PID=301) to work on /home/airflow/.local/lib/python3.8/site-packages/airflow/example_dags/example_xcomargs.py
[2024-04-29T05:31:56.201+0000] {processor.py:830} INFO - Processing file /home/airflow/.local/lib/python3.8/site-packages/airflow/example_dags/example_xcomargs.py for tasks to queue
[2024-04-29T05:31:56.202+0000] {logging_mixin.py:188} INFO - [2024-04-29T05:31:56.202+0000] {dagbag.py:540} INFO - Filling up the DagBag from /home/airflow/.local/lib/python3.8/site-packages/airflow/example_dags/example_xcomargs.py
[2024-04-29T05:31:56.226+0000] {processor.py:840} INFO - DAG(s) 'example_xcom_args', 'example_xcom_args_with_operators' retrieved from /home/airflow/.local/lib/python3.8/site-packages/airflow/example_dags/example_xcomargs.py
[2024-04-29T05:31:56.530+0000] {logging_mixin.py:188} INFO - [2024-04-29T05:31:56.529+0000] {override.py:1769} INFO - Created Permission View: can read on DAG:example_xcom_args
[2024-04-29T05:31:56.558+0000] {logging_mixin.py:188} INFO - [2024-04-29T05:31:56.557+0000] {override.py:1769} INFO - Created Permission View: can edit on DAG:example_xcom_args
[2024-04-29T05:31:56.577+0000] {logging_mixin.py:188} INFO - [2024-04-29T05:31:56.577+0000] {override.py:1769} INFO - Created Permission View: can delete on DAG:example_xcom_args
[2024-04-29T05:31:56.606+0000] {logging_mixin.py:188} INFO - [2024-04-29T05:31:56.606+0000] {override.py:1769} INFO - Created Permission View: can read on DAG:example_xcom_args_with_operators
[2024-04-29T05:31:56.617+0000] {logging_mixin.py:188} INFO - [2024-04-29T05:31:56.617+0000] {override.py:1769} INFO - Created Permission View: can edit on DAG:example_xcom_args_with_operators
[2024-04-29T05:31:56.635+0000] {logging_mixin.py:188} INFO - [2024-04-29T05:31:56.634+0000] {override.py:1769} INFO - Created Permission View: can delete on DAG:example_xcom_args_with_operators
[2024-04-29T05:31:56.635+0000] {logging_mixin.py:188} INFO - [2024-04-29T05:31:56.635+0000] {dag.py:3047} INFO - Sync 2 DAGs
[2024-04-29T05:31:56.663+0000] {logging_mixin.py:188} INFO - [2024-04-29T05:31:56.663+0000] {dag.py:3069} INFO - Creating ORM DAG for example_xcom_args
[2024-04-29T05:31:56.666+0000] {logging_mixin.py:188} INFO - [2024-04-29T05:31:56.666+0000] {dag.py:3069} INFO - Creating ORM DAG for example_xcom_args_with_operators
[2024-04-29T05:31:56.667+0000] {logging_mixin.py:188} INFO - [2024-04-29T05:31:56.666+0000] {dag.py:3834} INFO - Setting next_dagrun for example_xcom_args to None, run_after=None
[2024-04-29T05:31:56.667+0000] {logging_mixin.py:188} INFO - [2024-04-29T05:31:56.667+0000] {dag.py:3834} INFO - Setting next_dagrun for example_xcom_args_with_operators to None, run_after=None
[2024-04-29T05:31:56.703+0000] {processor.py:183} INFO - Processing /home/airflow/.local/lib/python3.8/site-packages/airflow/example_dags/example_xcomargs.py took 0.514 seconds
[2024-04-29T05:32:27.060+0000] {processor.py:161} INFO - Started process (PID=555) to work on /home/airflow/.local/lib/python3.8/site-packages/airflow/example_dags/example_xcomargs.py
[2024-04-29T05:32:27.060+0000] {processor.py:830} INFO - Processing file /home/airflow/.local/lib/python3.8/site-packages/airflow/example_dags/example_xcomargs.py for tasks to queue
[2024-04-29T05:32:27.061+0000] {logging_mixin.py:188} INFO - [2024-04-29T05:32:27.061+0000] {dagbag.py:540} INFO - Filling up the DagBag from /home/airflow/.local/lib/python3.8/site-packages/airflow/example_dags/example_xcomargs.py
[2024-04-29T05:32:27.068+0000] {processor.py:840} INFO - DAG(s) 'example_xcom_args', 'example_xcom_args_with_operators' retrieved from /home/airflow/.local/lib/python3.8/site-packages/airflow/example_dags/example_xcomargs.py
[2024-04-29T05:32:27.088+0000] {logging_mixin.py:188} INFO - [2024-04-29T05:32:27.087+0000] {dag.py:3047} INFO - Sync 2 DAGs
[2024-04-29T05:32:27.099+0000] {logging_mixin.py:188} INFO - [2024-04-29T05:32:27.098+0000] {dag.py:3834} INFO - Setting next_dagrun for example_xcom_args to None, run_after=None
[2024-04-29T05:32:27.101+0000] {logging_mixin.py:188} INFO - [2024-04-29T05:32:27.101+0000] {dag.py:3834} INFO - Setting next_dagrun for example_xcom_args_with_operators to None, run_after=None
[2024-04-29T05:32:27.119+0000] {processor.py:183} INFO - Processing /home/airflow/.local/lib/python3.8/site-packages/airflow/example_dags/example_xcomargs.py took 0.062 seconds
[2024-04-29T05:32:57.620+0000] {processor.py:161} INFO - Started process (PID=806) to work on /home/airflow/.local/lib/python3.8/site-packages/airflow/example_dags/example_xcomargs.py
[2024-04-29T05:32:57.621+0000] {processor.py:830} INFO - Processing file /home/airflow/.local/lib/python3.8/site-packages/airflow/example_dags/example_xcomargs.py for tasks to queue
[2024-04-29T05:32:57.622+0000] {logging_mixin.py:188} INFO - [2024-04-29T05:32:57.621+0000] {dagbag.py:540} INFO - Filling up the DagBag from /home/airflow/.local/lib/python3.8/site-packages/airflow/example_dags/example_xcomargs.py
[2024-04-29T05:32:57.631+0000] {processor.py:840} INFO - DAG(s) 'example_xcom_args_with_operators', 'example_xcom_args' retrieved from /home/airflow/.local/lib/python3.8/site-packages/airflow/example_dags/example_xcomargs.py
[2024-04-29T05:32:57.658+0000] {logging_mixin.py:188} INFO - [2024-04-29T05:32:57.658+0000] {dag.py:3047} INFO - Sync 2 DAGs
[2024-04-29T05:32:57.675+0000] {logging_mixin.py:188} INFO - [2024-04-29T05:32:57.675+0000] {dag.py:3834} INFO - Setting next_dagrun for example_xcom_args to None, run_after=None
[2024-04-29T05:32:57.681+0000] {logging_mixin.py:188} INFO - [2024-04-29T05:32:57.680+0000] {dag.py:3834} INFO - Setting next_dagrun for example_xcom_args_with_operators to None, run_after=None
[2024-04-29T05:32:57.705+0000] {processor.py:183} INFO - Processing /home/airflow/.local/lib/python3.8/site-packages/airflow/example_dags/example_xcomargs.py took 0.089 seconds
[2024-04-29T05:34:27.505+0000] {processor.py:161} INFO - Started process (PID=301) to work on /home/airflow/.local/lib/python3.8/site-packages/airflow/example_dags/example_xcomargs.py
[2024-04-29T05:34:27.506+0000] {processor.py:830} INFO - Processing file /home/airflow/.local/lib/python3.8/site-packages/airflow/example_dags/example_xcomargs.py for tasks to queue
[2024-04-29T05:34:27.508+0000] {logging_mixin.py:188} INFO - [2024-04-29T05:34:27.508+0000] {dagbag.py:540} INFO - Filling up the DagBag from /home/airflow/.local/lib/python3.8/site-packages/airflow/example_dags/example_xcomargs.py
[2024-04-29T05:34:27.521+0000] {processor.py:840} INFO - DAG(s) 'example_xcom_args_with_operators', 'example_xcom_args' retrieved from /home/airflow/.local/lib/python3.8/site-packages/airflow/example_dags/example_xcomargs.py
[2024-04-29T05:34:27.562+0000] {logging_mixin.py:188} INFO - [2024-04-29T05:34:27.561+0000] {dag.py:3047} INFO - Sync 2 DAGs
[2024-04-29T05:34:27.597+0000] {logging_mixin.py:188} INFO - [2024-04-29T05:34:27.596+0000] {dag.py:3834} INFO - Setting next_dagrun for example_xcom_args to None, run_after=None
[2024-04-29T05:34:27.601+0000] {logging_mixin.py:188} INFO - [2024-04-29T05:34:27.601+0000] {dag.py:3834} INFO - Setting next_dagrun for example_xcom_args_with_operators to None, run_after=None
[2024-04-29T05:34:27.627+0000] {processor.py:183} INFO - Processing /home/airflow/.local/lib/python3.8/site-packages/airflow/example_dags/example_xcomargs.py took 0.143 seconds
[2024-04-29T05:34:59.337+0000] {processor.py:161} INFO - Started process (PID=552) to work on /home/airflow/.local/lib/python3.8/site-packages/airflow/example_dags/example_xcomargs.py
[2024-04-29T05:34:59.338+0000] {processor.py:830} INFO - Processing file /home/airflow/.local/lib/python3.8/site-packages/airflow/example_dags/example_xcomargs.py for tasks to queue
[2024-04-29T05:34:59.339+0000] {logging_mixin.py:188} INFO - [2024-04-29T05:34:59.339+0000] {dagbag.py:540} INFO - Filling up the DagBag from /home/airflow/.local/lib/python3.8/site-packages/airflow/example_dags/example_xcomargs.py
[2024-04-29T05:34:59.349+0000] {processor.py:840} INFO - DAG(s) 'example_xcom_args_with_operators', 'example_xcom_args' retrieved from /home/airflow/.local/lib/python3.8/site-packages/airflow/example_dags/example_xcomargs.py
[2024-04-29T05:34:59.502+0000] {logging_mixin.py:188} INFO - [2024-04-29T05:34:59.502+0000] {dag.py:3047} INFO - Sync 2 DAGs
[2024-04-29T05:34:59.518+0000] {logging_mixin.py:188} INFO - [2024-04-29T05:34:59.517+0000] {dag.py:3834} INFO - Setting next_dagrun for example_xcom_args to None, run_after=None
[2024-04-29T05:34:59.522+0000] {logging_mixin.py:188} INFO - [2024-04-29T05:34:59.522+0000] {dag.py:3834} INFO - Setting next_dagrun for example_xcom_args_with_operators to None, run_after=None
[2024-04-29T05:34:59.547+0000] {processor.py:183} INFO - Processing /home/airflow/.local/lib/python3.8/site-packages/airflow/example_dags/example_xcomargs.py took 0.214 seconds
[2024-04-29T05:35:30.154+0000] {processor.py:161} INFO - Started process (PID=806) to work on /home/airflow/.local/lib/python3.8/site-packages/airflow/example_dags/example_xcomargs.py
[2024-04-29T05:35:30.154+0000] {processor.py:830} INFO - Processing file /home/airflow/.local/lib/python3.8/site-packages/airflow/example_dags/example_xcomargs.py for tasks to queue
[2024-04-29T05:35:30.155+0000] {logging_mixin.py:188} INFO - [2024-04-29T05:35:30.155+0000] {dagbag.py:540} INFO - Filling up the DagBag from /home/airflow/.local/lib/python3.8/site-packages/airflow/example_dags/example_xcomargs.py
[2024-04-29T05:35:30.162+0000] {processor.py:840} INFO - DAG(s) 'example_xcom_args', 'example_xcom_args_with_operators' retrieved from /home/airflow/.local/lib/python3.8/site-packages/airflow/example_dags/example_xcomargs.py
[2024-04-29T05:35:30.181+0000] {logging_mixin.py:188} INFO - [2024-04-29T05:35:30.181+0000] {dag.py:3047} INFO - Sync 2 DAGs
[2024-04-29T05:35:30.191+0000] {logging_mixin.py:188} INFO - [2024-04-29T05:35:30.191+0000] {dag.py:3834} INFO - Setting next_dagrun for example_xcom_args to None, run_after=None
[2024-04-29T05:35:30.194+0000] {logging_mixin.py:188} INFO - [2024-04-29T05:35:30.193+0000] {dag.py:3834} INFO - Setting next_dagrun for example_xcom_args_with_operators to None, run_after=None
[2024-04-29T05:35:30.212+0000] {processor.py:183} INFO - Processing /home/airflow/.local/lib/python3.8/site-packages/airflow/example_dags/example_xcomargs.py took 0.061 seconds
[2024-04-29T05:36:00.395+0000] {processor.py:161} INFO - Started process (PID=1057) to work on /home/airflow/.local/lib/python3.8/site-packages/airflow/example_dags/example_xcomargs.py
[2024-04-29T05:36:00.396+0000] {processor.py:830} INFO - Processing file /home/airflow/.local/lib/python3.8/site-packages/airflow/example_dags/example_xcomargs.py for tasks to queue
[2024-04-29T05:36:00.397+0000] {logging_mixin.py:188} INFO - [2024-04-29T05:36:00.397+0000] {dagbag.py:540} INFO - Filling up the DagBag from /home/airflow/.local/lib/python3.8/site-packages/airflow/example_dags/example_xcomargs.py
[2024-04-29T05:36:00.404+0000] {processor.py:840} INFO - DAG(s) 'example_xcom_args_with_operators', 'example_xcom_args' retrieved from /home/airflow/.local/lib/python3.8/site-packages/airflow/example_dags/example_xcomargs.py
[2024-04-29T05:36:00.424+0000] {logging_mixin.py:188} INFO - [2024-04-29T05:36:00.424+0000] {dag.py:3047} INFO - Sync 2 DAGs
[2024-04-29T05:36:00.434+0000] {logging_mixin.py:188} INFO - [2024-04-29T05:36:00.434+0000] {dag.py:3834} INFO - Setting next_dagrun for example_xcom_args to None, run_after=None
[2024-04-29T05:36:00.437+0000] {logging_mixin.py:188} INFO - [2024-04-29T05:36:00.437+0000] {dag.py:3834} INFO - Setting next_dagrun for example_xcom_args_with_operators to None, run_after=None
[2024-04-29T05:36:00.456+0000] {processor.py:183} INFO - Processing /home/airflow/.local/lib/python3.8/site-packages/airflow/example_dags/example_xcomargs.py took 0.063 seconds
[2024-04-29T05:36:30.930+0000] {processor.py:161} INFO - Started process (PID=1310) to work on /home/airflow/.local/lib/python3.8/site-packages/airflow/example_dags/example_xcomargs.py
[2024-04-29T05:36:30.930+0000] {processor.py:830} INFO - Processing file /home/airflow/.local/lib/python3.8/site-packages/airflow/example_dags/example_xcomargs.py for tasks to queue
[2024-04-29T05:36:30.931+0000] {logging_mixin.py:188} INFO - [2024-04-29T05:36:30.931+0000] {dagbag.py:540} INFO - Filling up the DagBag from /home/airflow/.local/lib/python3.8/site-packages/airflow/example_dags/example_xcomargs.py
[2024-04-29T05:36:30.939+0000] {processor.py:840} INFO - DAG(s) 'example_xcom_args_with_operators', 'example_xcom_args' retrieved from /home/airflow/.local/lib/python3.8/site-packages/airflow/example_dags/example_xcomargs.py
[2024-04-29T05:36:30.958+0000] {logging_mixin.py:188} INFO - [2024-04-29T05:36:30.958+0000] {dag.py:3047} INFO - Sync 2 DAGs
[2024-04-29T05:36:30.969+0000] {logging_mixin.py:188} INFO - [2024-04-29T05:36:30.969+0000] {dag.py:3834} INFO - Setting next_dagrun for example_xcom_args to None, run_after=None
[2024-04-29T05:36:30.972+0000] {logging_mixin.py:188} INFO - [2024-04-29T05:36:30.972+0000] {dag.py:3834} INFO - Setting next_dagrun for example_xcom_args_with_operators to None, run_after=None
[2024-04-29T05:36:30.990+0000] {processor.py:183} INFO - Processing /home/airflow/.local/lib/python3.8/site-packages/airflow/example_dags/example_xcomargs.py took 0.063 seconds
[2024-04-29T05:37:01.406+0000] {processor.py:161} INFO - Started process (PID=1563) to work on /home/airflow/.local/lib/python3.8/site-packages/airflow/example_dags/example_xcomargs.py
[2024-04-29T05:37:01.407+0000] {processor.py:830} INFO - Processing file /home/airflow/.local/lib/python3.8/site-packages/airflow/example_dags/example_xcomargs.py for tasks to queue
[2024-04-29T05:37:01.408+0000] {logging_mixin.py:188} INFO - [2024-04-29T05:37:01.407+0000] {dagbag.py:540} INFO - Filling up the DagBag from /home/airflow/.local/lib/python3.8/site-packages/airflow/example_dags/example_xcomargs.py
[2024-04-29T05:37:01.418+0000] {processor.py:840} INFO - DAG(s) 'example_xcom_args', 'example_xcom_args_with_operators' retrieved from /home/airflow/.local/lib/python3.8/site-packages/airflow/example_dags/example_xcomargs.py
[2024-04-29T05:37:01.440+0000] {logging_mixin.py:188} INFO - [2024-04-29T05:37:01.440+0000] {dag.py:3047} INFO - Sync 2 DAGs
[2024-04-29T05:37:01.453+0000] {logging_mixin.py:188} INFO - [2024-04-29T05:37:01.452+0000] {dag.py:3834} INFO - Setting next_dagrun for example_xcom_args to None, run_after=None
[2024-04-29T05:37:01.456+0000] {logging_mixin.py:188} INFO - [2024-04-29T05:37:01.455+0000] {dag.py:3834} INFO - Setting next_dagrun for example_xcom_args_with_operators to None, run_after=None
[2024-04-29T05:37:01.473+0000] {processor.py:183} INFO - Processing /home/airflow/.local/lib/python3.8/site-packages/airflow/example_dags/example_xcomargs.py took 0.072 seconds
[2024-04-29T05:37:31.813+0000] {processor.py:161} INFO - Started process (PID=1815) to work on /home/airflow/.local/lib/python3.8/site-packages/airflow/example_dags/example_xcomargs.py
[2024-04-29T05:37:31.814+0000] {processor.py:830} INFO - Processing file /home/airflow/.local/lib/python3.8/site-packages/airflow/example_dags/example_xcomargs.py for tasks to queue
[2024-04-29T05:37:31.814+0000] {logging_mixin.py:188} INFO - [2024-04-29T05:37:31.814+0000] {dagbag.py:540} INFO - Filling up the DagBag from /home/airflow/.local/lib/python3.8/site-packages/airflow/example_dags/example_xcomargs.py
[2024-04-29T05:37:31.821+0000] {processor.py:840} INFO - DAG(s) 'example_xcom_args_with_operators', 'example_xcom_args' retrieved from /home/airflow/.local/lib/python3.8/site-packages/airflow/example_dags/example_xcomargs.py
[2024-04-29T05:37:31.840+0000] {logging_mixin.py:188} INFO - [2024-04-29T05:37:31.840+0000] {dag.py:3047} INFO - Sync 2 DAGs
[2024-04-29T05:37:31.850+0000] {logging_mixin.py:188} INFO - [2024-04-29T05:37:31.850+0000] {dag.py:3834} INFO - Setting next_dagrun for example_xcom_args to None, run_after=None
[2024-04-29T05:37:31.853+0000] {logging_mixin.py:188} INFO - [2024-04-29T05:37:31.853+0000] {dag.py:3834} INFO - Setting next_dagrun for example_xcom_args_with_operators to None, run_after=None
[2024-04-29T05:37:31.871+0000] {processor.py:183} INFO - Processing /home/airflow/.local/lib/python3.8/site-packages/airflow/example_dags/example_xcomargs.py took 0.061 seconds
[2024-04-29T05:38:16.322+0000] {processor.py:161} INFO - Started process (PID=2177) to work on /home/airflow/.local/lib/python3.8/site-packages/airflow/example_dags/example_xcomargs.py
[2024-04-29T05:38:16.350+0000] {processor.py:830} INFO - Processing file /home/airflow/.local/lib/python3.8/site-packages/airflow/example_dags/example_xcomargs.py for tasks to queue
[2024-04-29T05:38:16.359+0000] {logging_mixin.py:188} INFO - [2024-04-29T05:38:16.358+0000] {dagbag.py:540} INFO - Filling up the DagBag from /home/airflow/.local/lib/python3.8/site-packages/airflow/example_dags/example_xcomargs.py
[2024-04-29T05:38:16.427+0000] {processor.py:840} INFO - DAG(s) 'example_xcom_args', 'example_xcom_args_with_operators' retrieved from /home/airflow/.local/lib/python3.8/site-packages/airflow/example_dags/example_xcomargs.py
[2024-04-29T05:38:16.618+0000] {logging_mixin.py:188} INFO - [2024-04-29T05:38:16.618+0000] {dag.py:3047} INFO - Sync 2 DAGs
[2024-04-29T05:38:16.728+0000] {logging_mixin.py:188} INFO - [2024-04-29T05:38:16.728+0000] {dag.py:3834} INFO - Setting next_dagrun for example_xcom_args to None, run_after=None
[2024-04-29T05:38:16.830+0000] {logging_mixin.py:188} INFO - [2024-04-29T05:38:16.830+0000] {dag.py:3834} INFO - Setting next_dagrun for example_xcom_args_with_operators to None, run_after=None
[2024-04-29T05:38:16.910+0000] {processor.py:183} INFO - Processing /home/airflow/.local/lib/python3.8/site-packages/airflow/example_dags/example_xcomargs.py took 0.594 seconds
[2024-04-29T05:38:47.131+0000] {processor.py:161} INFO - Started process (PID=2480) to work on /home/airflow/.local/lib/python3.8/site-packages/airflow/example_dags/example_xcomargs.py
[2024-04-29T05:38:47.132+0000] {processor.py:830} INFO - Processing file /home/airflow/.local/lib/python3.8/site-packages/airflow/example_dags/example_xcomargs.py for tasks to queue
[2024-04-29T05:38:47.133+0000] {logging_mixin.py:188} INFO - [2024-04-29T05:38:47.133+0000] {dagbag.py:540} INFO - Filling up the DagBag from /home/airflow/.local/lib/python3.8/site-packages/airflow/example_dags/example_xcomargs.py
[2024-04-29T05:38:47.140+0000] {processor.py:840} INFO - DAG(s) 'example_xcom_args', 'example_xcom_args_with_operators' retrieved from /home/airflow/.local/lib/python3.8/site-packages/airflow/example_dags/example_xcomargs.py
[2024-04-29T05:38:47.161+0000] {logging_mixin.py:188} INFO - [2024-04-29T05:38:47.161+0000] {dag.py:3047} INFO - Sync 2 DAGs
[2024-04-29T05:38:47.172+0000] {logging_mixin.py:188} INFO - [2024-04-29T05:38:47.172+0000] {dag.py:3834} INFO - Setting next_dagrun for example_xcom_args to None, run_after=None
[2024-04-29T05:38:47.175+0000] {logging_mixin.py:188} INFO - [2024-04-29T05:38:47.175+0000] {dag.py:3834} INFO - Setting next_dagrun for example_xcom_args_with_operators to None, run_after=None
[2024-04-29T05:38:47.194+0000] {processor.py:183} INFO - Processing /home/airflow/.local/lib/python3.8/site-packages/airflow/example_dags/example_xcomargs.py took 0.065 seconds
[2024-04-29T05:39:17.270+0000] {processor.py:161} INFO - Started process (PID=2731) to work on /home/airflow/.local/lib/python3.8/site-packages/airflow/example_dags/example_xcomargs.py
[2024-04-29T05:39:17.270+0000] {processor.py:830} INFO - Processing file /home/airflow/.local/lib/python3.8/site-packages/airflow/example_dags/example_xcomargs.py for tasks to queue
[2024-04-29T05:39:17.271+0000] {logging_mixin.py:188} INFO - [2024-04-29T05:39:17.271+0000] {dagbag.py:540} INFO - Filling up the DagBag from /home/airflow/.local/lib/python3.8/site-packages/airflow/example_dags/example_xcomargs.py
[2024-04-29T05:39:17.288+0000] {processor.py:840} INFO - DAG(s) 'example_xcom_args_with_operators', 'example_xcom_args' retrieved from /home/airflow/.local/lib/python3.8/site-packages/airflow/example_dags/example_xcomargs.py
[2024-04-29T05:39:17.319+0000] {logging_mixin.py:188} INFO - [2024-04-29T05:39:17.319+0000] {dag.py:3047} INFO - Sync 2 DAGs
[2024-04-29T05:39:17.337+0000] {logging_mixin.py:188} INFO - [2024-04-29T05:39:17.337+0000] {dag.py:3834} INFO - Setting next_dagrun for example_xcom_args to None, run_after=None
[2024-04-29T05:39:17.342+0000] {logging_mixin.py:188} INFO - [2024-04-29T05:39:17.341+0000] {dag.py:3834} INFO - Setting next_dagrun for example_xcom_args_with_operators to None, run_after=None
[2024-04-29T05:39:17.364+0000] {processor.py:183} INFO - Processing /home/airflow/.local/lib/python3.8/site-packages/airflow/example_dags/example_xcomargs.py took 0.100 seconds
[2024-04-29T05:39:47.562+0000] {processor.py:161} INFO - Started process (PID=2985) to work on /home/airflow/.local/lib/python3.8/site-packages/airflow/example_dags/example_xcomargs.py
[2024-04-29T05:39:47.562+0000] {processor.py:830} INFO - Processing file /home/airflow/.local/lib/python3.8/site-packages/airflow/example_dags/example_xcomargs.py for tasks to queue
[2024-04-29T05:39:47.563+0000] {logging_mixin.py:188} INFO - [2024-04-29T05:39:47.563+0000] {dagbag.py:540} INFO - Filling up the DagBag from /home/airflow/.local/lib/python3.8/site-packages/airflow/example_dags/example_xcomargs.py
[2024-04-29T05:39:47.573+0000] {processor.py:840} INFO - DAG(s) 'example_xcom_args', 'example_xcom_args_with_operators' retrieved from /home/airflow/.local/lib/python3.8/site-packages/airflow/example_dags/example_xcomargs.py
[2024-04-29T05:39:47.601+0000] {logging_mixin.py:188} INFO - [2024-04-29T05:39:47.601+0000] {dag.py:3047} INFO - Sync 2 DAGs
[2024-04-29T05:39:47.617+0000] {logging_mixin.py:188} INFO - [2024-04-29T05:39:47.616+0000] {dag.py:3834} INFO - Setting next_dagrun for example_xcom_args to None, run_after=None
[2024-04-29T05:39:47.620+0000] {logging_mixin.py:188} INFO - [2024-04-29T05:39:47.620+0000] {dag.py:3834} INFO - Setting next_dagrun for example_xcom_args_with_operators to None, run_after=None
[2024-04-29T05:39:47.639+0000] {processor.py:183} INFO - Processing /home/airflow/.local/lib/python3.8/site-packages/airflow/example_dags/example_xcomargs.py took 0.081 seconds
[2024-04-29T05:40:17.759+0000] {processor.py:161} INFO - Started process (PID=3238) to work on /home/airflow/.local/lib/python3.8/site-packages/airflow/example_dags/example_xcomargs.py
[2024-04-29T05:40:17.760+0000] {processor.py:830} INFO - Processing file /home/airflow/.local/lib/python3.8/site-packages/airflow/example_dags/example_xcomargs.py for tasks to queue
[2024-04-29T05:40:17.761+0000] {logging_mixin.py:188} INFO - [2024-04-29T05:40:17.761+0000] {dagbag.py:540} INFO - Filling up the DagBag from /home/airflow/.local/lib/python3.8/site-packages/airflow/example_dags/example_xcomargs.py
[2024-04-29T05:40:17.770+0000] {processor.py:840} INFO - DAG(s) 'example_xcom_args_with_operators', 'example_xcom_args' retrieved from /home/airflow/.local/lib/python3.8/site-packages/airflow/example_dags/example_xcomargs.py
[2024-04-29T05:40:17.797+0000] {logging_mixin.py:188} INFO - [2024-04-29T05:40:17.797+0000] {dag.py:3047} INFO - Sync 2 DAGs
[2024-04-29T05:40:17.809+0000] {logging_mixin.py:188} INFO - [2024-04-29T05:40:17.809+0000] {dag.py:3834} INFO - Setting next_dagrun for example_xcom_args to None, run_after=None
[2024-04-29T05:40:17.813+0000] {logging_mixin.py:188} INFO - [2024-04-29T05:40:17.813+0000] {dag.py:3834} INFO - Setting next_dagrun for example_xcom_args_with_operators to None, run_after=None
[2024-04-29T05:40:17.835+0000] {processor.py:183} INFO - Processing /home/airflow/.local/lib/python3.8/site-packages/airflow/example_dags/example_xcomargs.py took 0.080 seconds
[2024-04-29T05:40:48.197+0000] {processor.py:161} INFO - Started process (PID=3495) to work on /home/airflow/.local/lib/python3.8/site-packages/airflow/example_dags/example_xcomargs.py
[2024-04-29T05:40:48.214+0000] {processor.py:830} INFO - Processing file /home/airflow/.local/lib/python3.8/site-packages/airflow/example_dags/example_xcomargs.py for tasks to queue
[2024-04-29T05:40:48.215+0000] {logging_mixin.py:188} INFO - [2024-04-29T05:40:48.214+0000] {dagbag.py:540} INFO - Filling up the DagBag from /home/airflow/.local/lib/python3.8/site-packages/airflow/example_dags/example_xcomargs.py
[2024-04-29T05:40:48.224+0000] {processor.py:840} INFO - DAG(s) 'example_xcom_args', 'example_xcom_args_with_operators' retrieved from /home/airflow/.local/lib/python3.8/site-packages/airflow/example_dags/example_xcomargs.py
[2024-04-29T05:40:48.253+0000] {logging_mixin.py:188} INFO - [2024-04-29T05:40:48.253+0000] {dag.py:3047} INFO - Sync 2 DAGs
[2024-04-29T05:40:48.266+0000] {logging_mixin.py:188} INFO - [2024-04-29T05:40:48.265+0000] {dag.py:3834} INFO - Setting next_dagrun for example_xcom_args to None, run_after=None
[2024-04-29T05:40:48.268+0000] {logging_mixin.py:188} INFO - [2024-04-29T05:40:48.268+0000] {dag.py:3834} INFO - Setting next_dagrun for example_xcom_args_with_operators to None, run_after=None
[2024-04-29T05:40:48.286+0000] {processor.py:183} INFO - Processing /home/airflow/.local/lib/python3.8/site-packages/airflow/example_dags/example_xcomargs.py took 0.097 seconds
[2024-04-29T05:41:18.806+0000] {processor.py:161} INFO - Started process (PID=3753) to work on /home/airflow/.local/lib/python3.8/site-packages/airflow/example_dags/example_xcomargs.py
[2024-04-29T05:41:18.807+0000] {processor.py:830} INFO - Processing file /home/airflow/.local/lib/python3.8/site-packages/airflow/example_dags/example_xcomargs.py for tasks to queue
[2024-04-29T05:41:18.808+0000] {logging_mixin.py:188} INFO - [2024-04-29T05:41:18.808+0000] {dagbag.py:540} INFO - Filling up the DagBag from /home/airflow/.local/lib/python3.8/site-packages/airflow/example_dags/example_xcomargs.py
[2024-04-29T05:41:18.818+0000] {processor.py:840} INFO - DAG(s) 'example_xcom_args_with_operators', 'example_xcom_args' retrieved from /home/airflow/.local/lib/python3.8/site-packages/airflow/example_dags/example_xcomargs.py
[2024-04-29T05:41:18.847+0000] {logging_mixin.py:188} INFO - [2024-04-29T05:41:18.847+0000] {dag.py:3047} INFO - Sync 2 DAGs
[2024-04-29T05:41:18.864+0000] {logging_mixin.py:188} INFO - [2024-04-29T05:41:18.864+0000] {dag.py:3834} INFO - Setting next_dagrun for example_xcom_args to None, run_after=None
[2024-04-29T05:41:18.868+0000] {logging_mixin.py:188} INFO - [2024-04-29T05:41:18.868+0000] {dag.py:3834} INFO - Setting next_dagrun for example_xcom_args_with_operators to None, run_after=None
[2024-04-29T05:41:18.887+0000] {processor.py:183} INFO - Processing /home/airflow/.local/lib/python3.8/site-packages/airflow/example_dags/example_xcomargs.py took 0.085 seconds
[2024-04-29T05:41:49.104+0000] {processor.py:161} INFO - Started process (PID=4005) to work on /home/airflow/.local/lib/python3.8/site-packages/airflow/example_dags/example_xcomargs.py
[2024-04-29T05:41:49.105+0000] {processor.py:830} INFO - Processing file /home/airflow/.local/lib/python3.8/site-packages/airflow/example_dags/example_xcomargs.py for tasks to queue
[2024-04-29T05:41:49.106+0000] {logging_mixin.py:188} INFO - [2024-04-29T05:41:49.106+0000] {dagbag.py:540} INFO - Filling up the DagBag from /home/airflow/.local/lib/python3.8/site-packages/airflow/example_dags/example_xcomargs.py
[2024-04-29T05:41:49.116+0000] {processor.py:840} INFO - DAG(s) 'example_xcom_args', 'example_xcom_args_with_operators' retrieved from /home/airflow/.local/lib/python3.8/site-packages/airflow/example_dags/example_xcomargs.py
[2024-04-29T05:41:49.142+0000] {logging_mixin.py:188} INFO - [2024-04-29T05:41:49.141+0000] {dag.py:3047} INFO - Sync 2 DAGs
[2024-04-29T05:41:49.156+0000] {logging_mixin.py:188} INFO - [2024-04-29T05:41:49.156+0000] {dag.py:3834} INFO - Setting next_dagrun for example_xcom_args to None, run_after=None
[2024-04-29T05:41:49.160+0000] {logging_mixin.py:188} INFO - [2024-04-29T05:41:49.159+0000] {dag.py:3834} INFO - Setting next_dagrun for example_xcom_args_with_operators to None, run_after=None
[2024-04-29T05:41:49.180+0000] {processor.py:183} INFO - Processing /home/airflow/.local/lib/python3.8/site-packages/airflow/example_dags/example_xcomargs.py took 0.080 seconds
[2024-04-29T05:42:19.578+0000] {processor.py:161} INFO - Started process (PID=4257) to work on /home/airflow/.local/lib/python3.8/site-packages/airflow/example_dags/example_xcomargs.py
[2024-04-29T05:42:19.579+0000] {processor.py:830} INFO - Processing file /home/airflow/.local/lib/python3.8/site-packages/airflow/example_dags/example_xcomargs.py for tasks to queue
[2024-04-29T05:42:19.580+0000] {logging_mixin.py:188} INFO - [2024-04-29T05:42:19.580+0000] {dagbag.py:540} INFO - Filling up the DagBag from /home/airflow/.local/lib/python3.8/site-packages/airflow/example_dags/example_xcomargs.py
[2024-04-29T05:42:19.591+0000] {processor.py:840} INFO - DAG(s) 'example_xcom_args', 'example_xcom_args_with_operators' retrieved from /home/airflow/.local/lib/python3.8/site-packages/airflow/example_dags/example_xcomargs.py
[2024-04-29T05:42:19.621+0000] {logging_mixin.py:188} INFO - [2024-04-29T05:42:19.621+0000] {dag.py:3047} INFO - Sync 2 DAGs
[2024-04-29T05:42:19.632+0000] {logging_mixin.py:188} INFO - [2024-04-29T05:42:19.632+0000] {dag.py:3834} INFO - Setting next_dagrun for example_xcom_args to None, run_after=None
[2024-04-29T05:42:19.636+0000] {logging_mixin.py:188} INFO - [2024-04-29T05:42:19.636+0000] {dag.py:3834} INFO - Setting next_dagrun for example_xcom_args_with_operators to None, run_after=None
[2024-04-29T05:42:19.659+0000] {processor.py:183} INFO - Processing /home/airflow/.local/lib/python3.8/site-packages/airflow/example_dags/example_xcomargs.py took 0.085 seconds
[2024-04-29T05:42:49.835+0000] {processor.py:161} INFO - Started process (PID=4510) to work on /home/airflow/.local/lib/python3.8/site-packages/airflow/example_dags/example_xcomargs.py
[2024-04-29T05:42:49.836+0000] {processor.py:830} INFO - Processing file /home/airflow/.local/lib/python3.8/site-packages/airflow/example_dags/example_xcomargs.py for tasks to queue
[2024-04-29T05:42:49.837+0000] {logging_mixin.py:188} INFO - [2024-04-29T05:42:49.837+0000] {dagbag.py:540} INFO - Filling up the DagBag from /home/airflow/.local/lib/python3.8/site-packages/airflow/example_dags/example_xcomargs.py
[2024-04-29T05:42:49.848+0000] {processor.py:840} INFO - DAG(s) 'example_xcom_args_with_operators', 'example_xcom_args' retrieved from /home/airflow/.local/lib/python3.8/site-packages/airflow/example_dags/example_xcomargs.py
[2024-04-29T05:42:49.877+0000] {logging_mixin.py:188} INFO - [2024-04-29T05:42:49.877+0000] {dag.py:3047} INFO - Sync 2 DAGs
[2024-04-29T05:42:49.892+0000] {logging_mixin.py:188} INFO - [2024-04-29T05:42:49.892+0000] {dag.py:3834} INFO - Setting next_dagrun for example_xcom_args to None, run_after=None
[2024-04-29T05:42:49.896+0000] {logging_mixin.py:188} INFO - [2024-04-29T05:42:49.896+0000] {dag.py:3834} INFO - Setting next_dagrun for example_xcom_args_with_operators to None, run_after=None
[2024-04-29T05:42:49.922+0000] {processor.py:183} INFO - Processing /home/airflow/.local/lib/python3.8/site-packages/airflow/example_dags/example_xcomargs.py took 0.091 seconds
[2024-04-29T05:43:20.035+0000] {processor.py:161} INFO - Started process (PID=4763) to work on /home/airflow/.local/lib/python3.8/site-packages/airflow/example_dags/example_xcomargs.py
[2024-04-29T05:43:20.037+0000] {processor.py:830} INFO - Processing file /home/airflow/.local/lib/python3.8/site-packages/airflow/example_dags/example_xcomargs.py for tasks to queue
[2024-04-29T05:43:20.038+0000] {logging_mixin.py:188} INFO - [2024-04-29T05:43:20.038+0000] {dagbag.py:540} INFO - Filling up the DagBag from /home/airflow/.local/lib/python3.8/site-packages/airflow/example_dags/example_xcomargs.py
[2024-04-29T05:43:20.053+0000] {processor.py:840} INFO - DAG(s) 'example_xcom_args_with_operators', 'example_xcom_args' retrieved from /home/airflow/.local/lib/python3.8/site-packages/airflow/example_dags/example_xcomargs.py
[2024-04-29T05:43:20.081+0000] {logging_mixin.py:188} INFO - [2024-04-29T05:43:20.081+0000] {dag.py:3047} INFO - Sync 2 DAGs
[2024-04-29T05:43:20.094+0000] {logging_mixin.py:188} INFO - [2024-04-29T05:43:20.094+0000] {dag.py:3834} INFO - Setting next_dagrun for example_xcom_args to None, run_after=None
[2024-04-29T05:43:20.098+0000] {logging_mixin.py:188} INFO - [2024-04-29T05:43:20.098+0000] {dag.py:3834} INFO - Setting next_dagrun for example_xcom_args_with_operators to None, run_after=None
[2024-04-29T05:43:20.123+0000] {processor.py:183} INFO - Processing /home/airflow/.local/lib/python3.8/site-packages/airflow/example_dags/example_xcomargs.py took 0.091 seconds
[2024-04-29T05:43:50.302+0000] {processor.py:161} INFO - Started process (PID=5015) to work on /home/airflow/.local/lib/python3.8/site-packages/airflow/example_dags/example_xcomargs.py
[2024-04-29T05:43:50.303+0000] {processor.py:830} INFO - Processing file /home/airflow/.local/lib/python3.8/site-packages/airflow/example_dags/example_xcomargs.py for tasks to queue
[2024-04-29T05:43:50.304+0000] {logging_mixin.py:188} INFO - [2024-04-29T05:43:50.303+0000] {dagbag.py:540} INFO - Filling up the DagBag from /home/airflow/.local/lib/python3.8/site-packages/airflow/example_dags/example_xcomargs.py
[2024-04-29T05:43:50.316+0000] {processor.py:840} INFO - DAG(s) 'example_xcom_args_with_operators', 'example_xcom_args' retrieved from /home/airflow/.local/lib/python3.8/site-packages/airflow/example_dags/example_xcomargs.py
[2024-04-29T05:43:50.353+0000] {logging_mixin.py:188} INFO - [2024-04-29T05:43:50.352+0000] {dag.py:3047} INFO - Sync 2 DAGs
[2024-04-29T05:43:50.369+0000] {logging_mixin.py:188} INFO - [2024-04-29T05:43:50.369+0000] {dag.py:3834} INFO - Setting next_dagrun for example_xcom_args to None, run_after=None
[2024-04-29T05:43:50.374+0000] {logging_mixin.py:188} INFO - [2024-04-29T05:43:50.374+0000] {dag.py:3834} INFO - Setting next_dagrun for example_xcom_args_with_operators to None, run_after=None
[2024-04-29T05:43:50.421+0000] {processor.py:183} INFO - Processing /home/airflow/.local/lib/python3.8/site-packages/airflow/example_dags/example_xcomargs.py took 0.122 seconds
