[2024-04-29T05:32:00.840+0000] {processor.py:161} INFO - Started process (PID=387) to work on /home/airflow/.local/lib/python3.8/site-packages/airflow/example_dags/example_branch_operator.py
[2024-04-29T05:32:00.846+0000] {processor.py:830} INFO - Processing file /home/airflow/.local/lib/python3.8/site-packages/airflow/example_dags/example_branch_operator.py for tasks to queue
[2024-04-29T05:32:00.847+0000] {logging_mixin.py:188} INFO - [2024-04-29T05:32:00.846+0000] {dagbag.py:540} INFO - Filling up the DagBag from /home/airflow/.local/lib/python3.8/site-packages/airflow/example_dags/example_branch_operator.py
[2024-04-29T05:32:00.937+0000] {processor.py:840} INFO - DAG(s) 'example_branch_operator' retrieved from /home/airflow/.local/lib/python3.8/site-packages/airflow/example_dags/example_branch_operator.py
[2024-04-29T05:32:01.109+0000] {logging_mixin.py:188} INFO - [2024-04-29T05:32:01.108+0000] {override.py:1769} INFO - Created Permission View: can read on DAG:example_branch_operator
[2024-04-29T05:32:01.140+0000] {logging_mixin.py:188} INFO - [2024-04-29T05:32:01.140+0000] {override.py:1769} INFO - Created Permission View: can edit on DAG:example_branch_operator
[2024-04-29T05:32:01.163+0000] {logging_mixin.py:188} INFO - [2024-04-29T05:32:01.162+0000] {override.py:1769} INFO - Created Permission View: can delete on DAG:example_branch_operator
[2024-04-29T05:32:01.164+0000] {logging_mixin.py:188} INFO - [2024-04-29T05:32:01.163+0000] {dag.py:3047} INFO - Sync 1 DAGs
[2024-04-29T05:32:01.185+0000] {logging_mixin.py:188} INFO - [2024-04-29T05:32:01.184+0000] {dag.py:3069} INFO - Creating ORM DAG for example_branch_operator
[2024-04-29T05:32:01.219+0000] {logging_mixin.py:188} INFO - [2024-04-29T05:32:01.219+0000] {dag.py:3834} INFO - Setting next_dagrun for example_branch_operator to 2024-04-28 00:00:00+00:00, run_after=2024-04-29 00:00:00+00:00
[2024-04-29T05:32:01.260+0000] {processor.py:183} INFO - Processing /home/airflow/.local/lib/python3.8/site-packages/airflow/example_dags/example_branch_operator.py took 0.423 seconds
[2024-04-29T05:32:31.390+0000] {processor.py:161} INFO - Started process (PID=640) to work on /home/airflow/.local/lib/python3.8/site-packages/airflow/example_dags/example_branch_operator.py
[2024-04-29T05:32:31.391+0000] {processor.py:830} INFO - Processing file /home/airflow/.local/lib/python3.8/site-packages/airflow/example_dags/example_branch_operator.py for tasks to queue
[2024-04-29T05:32:31.392+0000] {logging_mixin.py:188} INFO - [2024-04-29T05:32:31.391+0000] {dagbag.py:540} INFO - Filling up the DagBag from /home/airflow/.local/lib/python3.8/site-packages/airflow/example_dags/example_branch_operator.py
[2024-04-29T05:32:31.415+0000] {processor.py:840} INFO - DAG(s) 'example_branch_operator' retrieved from /home/airflow/.local/lib/python3.8/site-packages/airflow/example_dags/example_branch_operator.py
[2024-04-29T05:32:31.448+0000] {logging_mixin.py:188} INFO - [2024-04-29T05:32:31.448+0000] {dag.py:3047} INFO - Sync 1 DAGs
[2024-04-29T05:32:31.477+0000] {logging_mixin.py:188} INFO - [2024-04-29T05:32:31.477+0000] {dag.py:3834} INFO - Setting next_dagrun for example_branch_operator to 2024-04-28 00:00:00+00:00, run_after=2024-04-29 00:00:00+00:00
[2024-04-29T05:32:31.502+0000] {processor.py:183} INFO - Processing /home/airflow/.local/lib/python3.8/site-packages/airflow/example_dags/example_branch_operator.py took 0.116 seconds
[2024-04-29T05:34:30.181+0000] {processor.py:161} INFO - Started process (PID=380) to work on /home/airflow/.local/lib/python3.8/site-packages/airflow/example_dags/example_branch_operator.py
[2024-04-29T05:34:30.183+0000] {processor.py:830} INFO - Processing file /home/airflow/.local/lib/python3.8/site-packages/airflow/example_dags/example_branch_operator.py for tasks to queue
[2024-04-29T05:34:30.184+0000] {logging_mixin.py:188} INFO - [2024-04-29T05:34:30.183+0000] {dagbag.py:540} INFO - Filling up the DagBag from /home/airflow/.local/lib/python3.8/site-packages/airflow/example_dags/example_branch_operator.py
[2024-04-29T05:34:30.216+0000] {processor.py:840} INFO - DAG(s) 'example_branch_operator' retrieved from /home/airflow/.local/lib/python3.8/site-packages/airflow/example_dags/example_branch_operator.py
[2024-04-29T05:34:30.495+0000] {logging_mixin.py:188} INFO - [2024-04-29T05:34:30.495+0000] {dag.py:3047} INFO - Sync 1 DAGs
[2024-04-29T05:34:30.548+0000] {logging_mixin.py:188} INFO - [2024-04-29T05:34:30.548+0000] {dag.py:3834} INFO - Setting next_dagrun for example_branch_operator to 2024-04-28 00:00:00+00:00, run_after=2024-04-29 00:00:00+00:00
[2024-04-29T05:34:30.646+0000] {processor.py:183} INFO - Processing /home/airflow/.local/lib/python3.8/site-packages/airflow/example_dags/example_branch_operator.py took 0.474 seconds
[2024-04-29T05:35:01.394+0000] {processor.py:161} INFO - Started process (PID=634) to work on /home/airflow/.local/lib/python3.8/site-packages/airflow/example_dags/example_branch_operator.py
[2024-04-29T05:35:01.395+0000] {processor.py:830} INFO - Processing file /home/airflow/.local/lib/python3.8/site-packages/airflow/example_dags/example_branch_operator.py for tasks to queue
[2024-04-29T05:35:01.396+0000] {logging_mixin.py:188} INFO - [2024-04-29T05:35:01.396+0000] {dagbag.py:540} INFO - Filling up the DagBag from /home/airflow/.local/lib/python3.8/site-packages/airflow/example_dags/example_branch_operator.py
[2024-04-29T05:35:01.417+0000] {processor.py:840} INFO - DAG(s) 'example_branch_operator' retrieved from /home/airflow/.local/lib/python3.8/site-packages/airflow/example_dags/example_branch_operator.py
[2024-04-29T05:35:01.454+0000] {logging_mixin.py:188} INFO - [2024-04-29T05:35:01.454+0000] {dag.py:3047} INFO - Sync 1 DAGs
[2024-04-29T05:35:01.500+0000] {logging_mixin.py:188} INFO - [2024-04-29T05:35:01.500+0000] {dag.py:3834} INFO - Setting next_dagrun for example_branch_operator to 2024-04-28 00:00:00+00:00, run_after=2024-04-29 00:00:00+00:00
[2024-04-29T05:35:01.528+0000] {processor.py:183} INFO - Processing /home/airflow/.local/lib/python3.8/site-packages/airflow/example_dags/example_branch_operator.py took 0.137 seconds
[2024-04-29T05:35:31.600+0000] {processor.py:161} INFO - Started process (PID=884) to work on /home/airflow/.local/lib/python3.8/site-packages/airflow/example_dags/example_branch_operator.py
[2024-04-29T05:35:31.601+0000] {processor.py:830} INFO - Processing file /home/airflow/.local/lib/python3.8/site-packages/airflow/example_dags/example_branch_operator.py for tasks to queue
[2024-04-29T05:35:31.601+0000] {logging_mixin.py:188} INFO - [2024-04-29T05:35:31.601+0000] {dagbag.py:540} INFO - Filling up the DagBag from /home/airflow/.local/lib/python3.8/site-packages/airflow/example_dags/example_branch_operator.py
[2024-04-29T05:35:31.625+0000] {processor.py:840} INFO - DAG(s) 'example_branch_operator' retrieved from /home/airflow/.local/lib/python3.8/site-packages/airflow/example_dags/example_branch_operator.py
[2024-04-29T05:35:31.657+0000] {logging_mixin.py:188} INFO - [2024-04-29T05:35:31.657+0000] {dag.py:3047} INFO - Sync 1 DAGs
[2024-04-29T05:35:31.694+0000] {logging_mixin.py:188} INFO - [2024-04-29T05:35:31.694+0000] {dag.py:3834} INFO - Setting next_dagrun for example_branch_operator to 2024-04-28 00:00:00+00:00, run_after=2024-04-29 00:00:00+00:00
[2024-04-29T05:35:31.756+0000] {processor.py:183} INFO - Processing /home/airflow/.local/lib/python3.8/site-packages/airflow/example_dags/example_branch_operator.py took 0.160 seconds
[2024-04-29T05:36:02.617+0000] {processor.py:161} INFO - Started process (PID=1135) to work on /home/airflow/.local/lib/python3.8/site-packages/airflow/example_dags/example_branch_operator.py
[2024-04-29T05:36:02.618+0000] {processor.py:830} INFO - Processing file /home/airflow/.local/lib/python3.8/site-packages/airflow/example_dags/example_branch_operator.py for tasks to queue
[2024-04-29T05:36:02.619+0000] {logging_mixin.py:188} INFO - [2024-04-29T05:36:02.619+0000] {dagbag.py:540} INFO - Filling up the DagBag from /home/airflow/.local/lib/python3.8/site-packages/airflow/example_dags/example_branch_operator.py
[2024-04-29T05:36:02.641+0000] {processor.py:840} INFO - DAG(s) 'example_branch_operator' retrieved from /home/airflow/.local/lib/python3.8/site-packages/airflow/example_dags/example_branch_operator.py
[2024-04-29T05:36:02.676+0000] {logging_mixin.py:188} INFO - [2024-04-29T05:36:02.676+0000] {dag.py:3047} INFO - Sync 1 DAGs
[2024-04-29T05:36:02.705+0000] {logging_mixin.py:188} INFO - [2024-04-29T05:36:02.705+0000] {dag.py:3834} INFO - Setting next_dagrun for example_branch_operator to 2024-04-28 00:00:00+00:00, run_after=2024-04-29 00:00:00+00:00
[2024-04-29T05:36:02.728+0000] {processor.py:183} INFO - Processing /home/airflow/.local/lib/python3.8/site-packages/airflow/example_dags/example_branch_operator.py took 0.116 seconds
[2024-04-29T05:36:33.104+0000] {processor.py:161} INFO - Started process (PID=1390) to work on /home/airflow/.local/lib/python3.8/site-packages/airflow/example_dags/example_branch_operator.py
[2024-04-29T05:36:33.105+0000] {processor.py:830} INFO - Processing file /home/airflow/.local/lib/python3.8/site-packages/airflow/example_dags/example_branch_operator.py for tasks to queue
[2024-04-29T05:36:33.106+0000] {logging_mixin.py:188} INFO - [2024-04-29T05:36:33.106+0000] {dagbag.py:540} INFO - Filling up the DagBag from /home/airflow/.local/lib/python3.8/site-packages/airflow/example_dags/example_branch_operator.py
[2024-04-29T05:36:33.130+0000] {processor.py:840} INFO - DAG(s) 'example_branch_operator' retrieved from /home/airflow/.local/lib/python3.8/site-packages/airflow/example_dags/example_branch_operator.py
[2024-04-29T05:36:33.164+0000] {logging_mixin.py:188} INFO - [2024-04-29T05:36:33.164+0000] {dag.py:3047} INFO - Sync 1 DAGs
[2024-04-29T05:36:33.193+0000] {logging_mixin.py:188} INFO - [2024-04-29T05:36:33.192+0000] {dag.py:3834} INFO - Setting next_dagrun for example_branch_operator to 2024-04-28 00:00:00+00:00, run_after=2024-04-29 00:00:00+00:00
[2024-04-29T05:36:33.248+0000] {processor.py:183} INFO - Processing /home/airflow/.local/lib/python3.8/site-packages/airflow/example_dags/example_branch_operator.py took 0.147 seconds
[2024-04-29T05:37:03.700+0000] {processor.py:161} INFO - Started process (PID=1641) to work on /home/airflow/.local/lib/python3.8/site-packages/airflow/example_dags/example_branch_operator.py
[2024-04-29T05:37:03.701+0000] {processor.py:830} INFO - Processing file /home/airflow/.local/lib/python3.8/site-packages/airflow/example_dags/example_branch_operator.py for tasks to queue
[2024-04-29T05:37:03.702+0000] {logging_mixin.py:188} INFO - [2024-04-29T05:37:03.701+0000] {dagbag.py:540} INFO - Filling up the DagBag from /home/airflow/.local/lib/python3.8/site-packages/airflow/example_dags/example_branch_operator.py
[2024-04-29T05:37:03.723+0000] {processor.py:840} INFO - DAG(s) 'example_branch_operator' retrieved from /home/airflow/.local/lib/python3.8/site-packages/airflow/example_dags/example_branch_operator.py
[2024-04-29T05:37:03.758+0000] {logging_mixin.py:188} INFO - [2024-04-29T05:37:03.757+0000] {dag.py:3047} INFO - Sync 1 DAGs
[2024-04-29T05:37:03.784+0000] {logging_mixin.py:188} INFO - [2024-04-29T05:37:03.784+0000] {dag.py:3834} INFO - Setting next_dagrun for example_branch_operator to 2024-04-28 00:00:00+00:00, run_after=2024-04-29 00:00:00+00:00
[2024-04-29T05:37:03.808+0000] {processor.py:183} INFO - Processing /home/airflow/.local/lib/python3.8/site-packages/airflow/example_dags/example_branch_operator.py took 0.111 seconds
[2024-04-29T05:37:34.406+0000] {processor.py:161} INFO - Started process (PID=1893) to work on /home/airflow/.local/lib/python3.8/site-packages/airflow/example_dags/example_branch_operator.py
[2024-04-29T05:37:34.407+0000] {processor.py:830} INFO - Processing file /home/airflow/.local/lib/python3.8/site-packages/airflow/example_dags/example_branch_operator.py for tasks to queue
[2024-04-29T05:37:34.412+0000] {logging_mixin.py:188} INFO - [2024-04-29T05:37:34.412+0000] {dagbag.py:540} INFO - Filling up the DagBag from /home/airflow/.local/lib/python3.8/site-packages/airflow/example_dags/example_branch_operator.py
[2024-04-29T05:37:34.441+0000] {processor.py:840} INFO - DAG(s) 'example_branch_operator' retrieved from /home/airflow/.local/lib/python3.8/site-packages/airflow/example_dags/example_branch_operator.py
[2024-04-29T05:37:34.474+0000] {logging_mixin.py:188} INFO - [2024-04-29T05:37:34.473+0000] {dag.py:3047} INFO - Sync 1 DAGs
[2024-04-29T05:37:34.501+0000] {logging_mixin.py:188} INFO - [2024-04-29T05:37:34.501+0000] {dag.py:3834} INFO - Setting next_dagrun for example_branch_operator to 2024-04-28 00:00:00+00:00, run_after=2024-04-29 00:00:00+00:00
[2024-04-29T05:37:34.545+0000] {processor.py:183} INFO - Processing /home/airflow/.local/lib/python3.8/site-packages/airflow/example_dags/example_branch_operator.py took 0.143 seconds
[2024-04-29T05:38:24.322+0000] {processor.py:161} INFO - Started process (PID=2276) to work on /home/airflow/.local/lib/python3.8/site-packages/airflow/example_dags/example_branch_operator.py
[2024-04-29T05:38:24.327+0000] {processor.py:830} INFO - Processing file /home/airflow/.local/lib/python3.8/site-packages/airflow/example_dags/example_branch_operator.py for tasks to queue
[2024-04-29T05:38:24.330+0000] {logging_mixin.py:188} INFO - [2024-04-29T05:38:24.329+0000] {dagbag.py:540} INFO - Filling up the DagBag from /home/airflow/.local/lib/python3.8/site-packages/airflow/example_dags/example_branch_operator.py
[2024-04-29T05:38:24.475+0000] {processor.py:840} INFO - DAG(s) 'example_branch_operator' retrieved from /home/airflow/.local/lib/python3.8/site-packages/airflow/example_dags/example_branch_operator.py
[2024-04-29T05:38:24.587+0000] {logging_mixin.py:188} INFO - [2024-04-29T05:38:24.587+0000] {dag.py:3047} INFO - Sync 1 DAGs
[2024-04-29T05:38:24.742+0000] {logging_mixin.py:188} INFO - [2024-04-29T05:38:24.741+0000] {dag.py:3834} INFO - Setting next_dagrun for example_branch_operator to 2024-04-28 00:00:00+00:00, run_after=2024-04-29 00:00:00+00:00
[2024-04-29T05:38:24.961+0000] {processor.py:183} INFO - Processing /home/airflow/.local/lib/python3.8/site-packages/airflow/example_dags/example_branch_operator.py took 0.649 seconds
[2024-04-29T05:38:55.187+0000] {processor.py:161} INFO - Started process (PID=2560) to work on /home/airflow/.local/lib/python3.8/site-packages/airflow/example_dags/example_branch_operator.py
[2024-04-29T05:38:55.188+0000] {processor.py:830} INFO - Processing file /home/airflow/.local/lib/python3.8/site-packages/airflow/example_dags/example_branch_operator.py for tasks to queue
[2024-04-29T05:38:55.189+0000] {logging_mixin.py:188} INFO - [2024-04-29T05:38:55.189+0000] {dagbag.py:540} INFO - Filling up the DagBag from /home/airflow/.local/lib/python3.8/site-packages/airflow/example_dags/example_branch_operator.py
[2024-04-29T05:38:55.209+0000] {processor.py:840} INFO - DAG(s) 'example_branch_operator' retrieved from /home/airflow/.local/lib/python3.8/site-packages/airflow/example_dags/example_branch_operator.py
[2024-04-29T05:38:55.242+0000] {logging_mixin.py:188} INFO - [2024-04-29T05:38:55.242+0000] {dag.py:3047} INFO - Sync 1 DAGs
[2024-04-29T05:38:55.270+0000] {logging_mixin.py:188} INFO - [2024-04-29T05:38:55.270+0000] {dag.py:3834} INFO - Setting next_dagrun for example_branch_operator to 2024-04-28 00:00:00+00:00, run_after=2024-04-29 00:00:00+00:00
[2024-04-29T05:38:55.294+0000] {processor.py:183} INFO - Processing /home/airflow/.local/lib/python3.8/site-packages/airflow/example_dags/example_branch_operator.py took 0.110 seconds
[2024-04-29T05:39:25.550+0000] {processor.py:161} INFO - Started process (PID=2813) to work on /home/airflow/.local/lib/python3.8/site-packages/airflow/example_dags/example_branch_operator.py
[2024-04-29T05:39:25.550+0000] {processor.py:830} INFO - Processing file /home/airflow/.local/lib/python3.8/site-packages/airflow/example_dags/example_branch_operator.py for tasks to queue
[2024-04-29T05:39:25.551+0000] {logging_mixin.py:188} INFO - [2024-04-29T05:39:25.551+0000] {dagbag.py:540} INFO - Filling up the DagBag from /home/airflow/.local/lib/python3.8/site-packages/airflow/example_dags/example_branch_operator.py
[2024-04-29T05:39:25.565+0000] {processor.py:840} INFO - DAG(s) 'example_branch_operator' retrieved from /home/airflow/.local/lib/python3.8/site-packages/airflow/example_dags/example_branch_operator.py
[2024-04-29T05:39:25.589+0000] {logging_mixin.py:188} INFO - [2024-04-29T05:39:25.589+0000] {dag.py:3047} INFO - Sync 1 DAGs
[2024-04-29T05:39:25.609+0000] {logging_mixin.py:188} INFO - [2024-04-29T05:39:25.609+0000] {dag.py:3834} INFO - Setting next_dagrun for example_branch_operator to 2024-04-28 00:00:00+00:00, run_after=2024-04-29 00:00:00+00:00
[2024-04-29T05:39:25.634+0000] {processor.py:183} INFO - Processing /home/airflow/.local/lib/python3.8/site-packages/airflow/example_dags/example_branch_operator.py took 0.087 seconds
[2024-04-29T05:39:55.758+0000] {processor.py:161} INFO - Started process (PID=3067) to work on /home/airflow/.local/lib/python3.8/site-packages/airflow/example_dags/example_branch_operator.py
[2024-04-29T05:39:55.759+0000] {processor.py:830} INFO - Processing file /home/airflow/.local/lib/python3.8/site-packages/airflow/example_dags/example_branch_operator.py for tasks to queue
[2024-04-29T05:39:55.760+0000] {logging_mixin.py:188} INFO - [2024-04-29T05:39:55.760+0000] {dagbag.py:540} INFO - Filling up the DagBag from /home/airflow/.local/lib/python3.8/site-packages/airflow/example_dags/example_branch_operator.py
[2024-04-29T05:39:55.781+0000] {processor.py:840} INFO - DAG(s) 'example_branch_operator' retrieved from /home/airflow/.local/lib/python3.8/site-packages/airflow/example_dags/example_branch_operator.py
[2024-04-29T05:39:55.829+0000] {logging_mixin.py:188} INFO - [2024-04-29T05:39:55.828+0000] {dag.py:3047} INFO - Sync 1 DAGs
[2024-04-29T05:39:55.860+0000] {logging_mixin.py:188} INFO - [2024-04-29T05:39:55.859+0000] {dag.py:3834} INFO - Setting next_dagrun for example_branch_operator to 2024-04-28 00:00:00+00:00, run_after=2024-04-29 00:00:00+00:00
[2024-04-29T05:39:55.883+0000] {processor.py:183} INFO - Processing /home/airflow/.local/lib/python3.8/site-packages/airflow/example_dags/example_branch_operator.py took 0.128 seconds
[2024-04-29T05:40:26.891+0000] {processor.py:161} INFO - Started process (PID=3320) to work on /home/airflow/.local/lib/python3.8/site-packages/airflow/example_dags/example_branch_operator.py
[2024-04-29T05:40:26.892+0000] {processor.py:830} INFO - Processing file /home/airflow/.local/lib/python3.8/site-packages/airflow/example_dags/example_branch_operator.py for tasks to queue
[2024-04-29T05:40:26.893+0000] {logging_mixin.py:188} INFO - [2024-04-29T05:40:26.893+0000] {dagbag.py:540} INFO - Filling up the DagBag from /home/airflow/.local/lib/python3.8/site-packages/airflow/example_dags/example_branch_operator.py
[2024-04-29T05:40:26.914+0000] {processor.py:840} INFO - DAG(s) 'example_branch_operator' retrieved from /home/airflow/.local/lib/python3.8/site-packages/airflow/example_dags/example_branch_operator.py
[2024-04-29T05:40:26.955+0000] {logging_mixin.py:188} INFO - [2024-04-29T05:40:26.955+0000] {dag.py:3047} INFO - Sync 1 DAGs
[2024-04-29T05:40:26.983+0000] {logging_mixin.py:188} INFO - [2024-04-29T05:40:26.983+0000] {dag.py:3834} INFO - Setting next_dagrun for example_branch_operator to 2024-04-28 00:00:00+00:00, run_after=2024-04-29 00:00:00+00:00
[2024-04-29T05:40:27.013+0000] {processor.py:183} INFO - Processing /home/airflow/.local/lib/python3.8/site-packages/airflow/example_dags/example_branch_operator.py took 0.126 seconds
[2024-04-29T05:40:57.107+0000] {processor.py:161} INFO - Started process (PID=3582) to work on /home/airflow/.local/lib/python3.8/site-packages/airflow/example_dags/example_branch_operator.py
[2024-04-29T05:40:57.108+0000] {processor.py:830} INFO - Processing file /home/airflow/.local/lib/python3.8/site-packages/airflow/example_dags/example_branch_operator.py for tasks to queue
[2024-04-29T05:40:57.109+0000] {logging_mixin.py:188} INFO - [2024-04-29T05:40:57.108+0000] {dagbag.py:540} INFO - Filling up the DagBag from /home/airflow/.local/lib/python3.8/site-packages/airflow/example_dags/example_branch_operator.py
[2024-04-29T05:40:57.128+0000] {processor.py:840} INFO - DAG(s) 'example_branch_operator' retrieved from /home/airflow/.local/lib/python3.8/site-packages/airflow/example_dags/example_branch_operator.py
[2024-04-29T05:40:57.163+0000] {logging_mixin.py:188} INFO - [2024-04-29T05:40:57.163+0000] {dag.py:3047} INFO - Sync 1 DAGs
[2024-04-29T05:40:57.190+0000] {logging_mixin.py:188} INFO - [2024-04-29T05:40:57.190+0000] {dag.py:3834} INFO - Setting next_dagrun for example_branch_operator to 2024-04-28 00:00:00+00:00, run_after=2024-04-29 00:00:00+00:00
[2024-04-29T05:40:57.213+0000] {processor.py:183} INFO - Processing /home/airflow/.local/lib/python3.8/site-packages/airflow/example_dags/example_branch_operator.py took 0.110 seconds
[2024-04-29T05:41:27.918+0000] {processor.py:161} INFO - Started process (PID=3838) to work on /home/airflow/.local/lib/python3.8/site-packages/airflow/example_dags/example_branch_operator.py
[2024-04-29T05:41:27.923+0000] {processor.py:830} INFO - Processing file /home/airflow/.local/lib/python3.8/site-packages/airflow/example_dags/example_branch_operator.py for tasks to queue
[2024-04-29T05:41:27.925+0000] {logging_mixin.py:188} INFO - [2024-04-29T05:41:27.924+0000] {dagbag.py:540} INFO - Filling up the DagBag from /home/airflow/.local/lib/python3.8/site-packages/airflow/example_dags/example_branch_operator.py
[2024-04-29T05:41:27.966+0000] {processor.py:840} INFO - DAG(s) 'example_branch_operator' retrieved from /home/airflow/.local/lib/python3.8/site-packages/airflow/example_dags/example_branch_operator.py
[2024-04-29T05:41:28.017+0000] {logging_mixin.py:188} INFO - [2024-04-29T05:41:28.017+0000] {dag.py:3047} INFO - Sync 1 DAGs
[2024-04-29T05:41:28.064+0000] {logging_mixin.py:188} INFO - [2024-04-29T05:41:28.064+0000] {dag.py:3834} INFO - Setting next_dagrun for example_branch_operator to 2024-04-28 00:00:00+00:00, run_after=2024-04-29 00:00:00+00:00
[2024-04-29T05:41:28.110+0000] {processor.py:183} INFO - Processing /home/airflow/.local/lib/python3.8/site-packages/airflow/example_dags/example_branch_operator.py took 0.202 seconds
[2024-04-29T05:41:58.513+0000] {processor.py:161} INFO - Started process (PID=4092) to work on /home/airflow/.local/lib/python3.8/site-packages/airflow/example_dags/example_branch_operator.py
[2024-04-29T05:41:58.514+0000] {processor.py:830} INFO - Processing file /home/airflow/.local/lib/python3.8/site-packages/airflow/example_dags/example_branch_operator.py for tasks to queue
[2024-04-29T05:41:58.515+0000] {logging_mixin.py:188} INFO - [2024-04-29T05:41:58.515+0000] {dagbag.py:540} INFO - Filling up the DagBag from /home/airflow/.local/lib/python3.8/site-packages/airflow/example_dags/example_branch_operator.py
[2024-04-29T05:41:58.537+0000] {processor.py:840} INFO - DAG(s) 'example_branch_operator' retrieved from /home/airflow/.local/lib/python3.8/site-packages/airflow/example_dags/example_branch_operator.py
[2024-04-29T05:41:58.573+0000] {logging_mixin.py:188} INFO - [2024-04-29T05:41:58.573+0000] {dag.py:3047} INFO - Sync 1 DAGs
[2024-04-29T05:41:58.601+0000] {logging_mixin.py:188} INFO - [2024-04-29T05:41:58.601+0000] {dag.py:3834} INFO - Setting next_dagrun for example_branch_operator to 2024-04-28 00:00:00+00:00, run_after=2024-04-29 00:00:00+00:00
[2024-04-29T05:41:58.622+0000] {processor.py:183} INFO - Processing /home/airflow/.local/lib/python3.8/site-packages/airflow/example_dags/example_branch_operator.py took 0.113 seconds
[2024-04-29T05:42:29.125+0000] {processor.py:161} INFO - Started process (PID=4343) to work on /home/airflow/.local/lib/python3.8/site-packages/airflow/example_dags/example_branch_operator.py
[2024-04-29T05:42:29.127+0000] {processor.py:830} INFO - Processing file /home/airflow/.local/lib/python3.8/site-packages/airflow/example_dags/example_branch_operator.py for tasks to queue
[2024-04-29T05:42:29.128+0000] {logging_mixin.py:188} INFO - [2024-04-29T05:42:29.127+0000] {dagbag.py:540} INFO - Filling up the DagBag from /home/airflow/.local/lib/python3.8/site-packages/airflow/example_dags/example_branch_operator.py
[2024-04-29T05:42:29.149+0000] {processor.py:840} INFO - DAG(s) 'example_branch_operator' retrieved from /home/airflow/.local/lib/python3.8/site-packages/airflow/example_dags/example_branch_operator.py
[2024-04-29T05:42:29.181+0000] {logging_mixin.py:188} INFO - [2024-04-29T05:42:29.180+0000] {dag.py:3047} INFO - Sync 1 DAGs
[2024-04-29T05:42:29.207+0000] {logging_mixin.py:188} INFO - [2024-04-29T05:42:29.207+0000] {dag.py:3834} INFO - Setting next_dagrun for example_branch_operator to 2024-04-28 00:00:00+00:00, run_after=2024-04-29 00:00:00+00:00
[2024-04-29T05:42:29.231+0000] {processor.py:183} INFO - Processing /home/airflow/.local/lib/python3.8/site-packages/airflow/example_dags/example_branch_operator.py took 0.109 seconds
[2024-04-29T05:42:59.906+0000] {processor.py:161} INFO - Started process (PID=4595) to work on /home/airflow/.local/lib/python3.8/site-packages/airflow/example_dags/example_branch_operator.py
[2024-04-29T05:42:59.907+0000] {processor.py:830} INFO - Processing file /home/airflow/.local/lib/python3.8/site-packages/airflow/example_dags/example_branch_operator.py for tasks to queue
[2024-04-29T05:42:59.907+0000] {logging_mixin.py:188} INFO - [2024-04-29T05:42:59.907+0000] {dagbag.py:540} INFO - Filling up the DagBag from /home/airflow/.local/lib/python3.8/site-packages/airflow/example_dags/example_branch_operator.py
[2024-04-29T05:42:59.928+0000] {processor.py:840} INFO - DAG(s) 'example_branch_operator' retrieved from /home/airflow/.local/lib/python3.8/site-packages/airflow/example_dags/example_branch_operator.py
[2024-04-29T05:42:59.962+0000] {logging_mixin.py:188} INFO - [2024-04-29T05:42:59.961+0000] {dag.py:3047} INFO - Sync 1 DAGs
[2024-04-29T05:42:59.989+0000] {logging_mixin.py:188} INFO - [2024-04-29T05:42:59.988+0000] {dag.py:3834} INFO - Setting next_dagrun for example_branch_operator to 2024-04-28 00:00:00+00:00, run_after=2024-04-29 00:00:00+00:00
[2024-04-29T05:43:00.013+0000] {processor.py:183} INFO - Processing /home/airflow/.local/lib/python3.8/site-packages/airflow/example_dags/example_branch_operator.py took 0.110 seconds
[2024-04-29T05:43:30.250+0000] {processor.py:161} INFO - Started process (PID=4848) to work on /home/airflow/.local/lib/python3.8/site-packages/airflow/example_dags/example_branch_operator.py
[2024-04-29T05:43:30.252+0000] {processor.py:830} INFO - Processing file /home/airflow/.local/lib/python3.8/site-packages/airflow/example_dags/example_branch_operator.py for tasks to queue
[2024-04-29T05:43:30.254+0000] {logging_mixin.py:188} INFO - [2024-04-29T05:43:30.254+0000] {dagbag.py:540} INFO - Filling up the DagBag from /home/airflow/.local/lib/python3.8/site-packages/airflow/example_dags/example_branch_operator.py
[2024-04-29T05:43:30.274+0000] {processor.py:840} INFO - DAG(s) 'example_branch_operator' retrieved from /home/airflow/.local/lib/python3.8/site-packages/airflow/example_dags/example_branch_operator.py
[2024-04-29T05:43:30.308+0000] {logging_mixin.py:188} INFO - [2024-04-29T05:43:30.308+0000] {dag.py:3047} INFO - Sync 1 DAGs
[2024-04-29T05:43:30.338+0000] {logging_mixin.py:188} INFO - [2024-04-29T05:43:30.337+0000] {dag.py:3834} INFO - Setting next_dagrun for example_branch_operator to 2024-04-28 00:00:00+00:00, run_after=2024-04-29 00:00:00+00:00
[2024-04-29T05:43:30.360+0000] {processor.py:183} INFO - Processing /home/airflow/.local/lib/python3.8/site-packages/airflow/example_dags/example_branch_operator.py took 0.113 seconds
[2024-04-29T05:44:00.484+0000] {processor.py:161} INFO - Started process (PID=5105) to work on /home/airflow/.local/lib/python3.8/site-packages/airflow/example_dags/example_branch_operator.py
[2024-04-29T05:44:00.485+0000] {processor.py:830} INFO - Processing file /home/airflow/.local/lib/python3.8/site-packages/airflow/example_dags/example_branch_operator.py for tasks to queue
[2024-04-29T05:44:00.487+0000] {logging_mixin.py:188} INFO - [2024-04-29T05:44:00.486+0000] {dagbag.py:540} INFO - Filling up the DagBag from /home/airflow/.local/lib/python3.8/site-packages/airflow/example_dags/example_branch_operator.py
[2024-04-29T05:44:00.507+0000] {processor.py:840} INFO - DAG(s) 'example_branch_operator' retrieved from /home/airflow/.local/lib/python3.8/site-packages/airflow/example_dags/example_branch_operator.py
[2024-04-29T05:44:00.577+0000] {logging_mixin.py:188} INFO - [2024-04-29T05:44:00.577+0000] {dag.py:3047} INFO - Sync 1 DAGs
[2024-04-29T05:44:00.614+0000] {logging_mixin.py:188} INFO - [2024-04-29T05:44:00.614+0000] {dag.py:3834} INFO - Setting next_dagrun for example_branch_operator to 2024-04-28 00:00:00+00:00, run_after=2024-04-29 00:00:00+00:00
[2024-04-29T05:44:00.680+0000] {processor.py:183} INFO - Processing /home/airflow/.local/lib/python3.8/site-packages/airflow/example_dags/example_branch_operator.py took 0.200 seconds
[2024-04-29T05:44:31.039+0000] {processor.py:161} INFO - Started process (PID=5353) to work on /home/airflow/.local/lib/python3.8/site-packages/airflow/example_dags/example_branch_operator.py
[2024-04-29T05:44:31.040+0000] {processor.py:830} INFO - Processing file /home/airflow/.local/lib/python3.8/site-packages/airflow/example_dags/example_branch_operator.py for tasks to queue
[2024-04-29T05:44:31.041+0000] {logging_mixin.py:188} INFO - [2024-04-29T05:44:31.041+0000] {dagbag.py:540} INFO - Filling up the DagBag from /home/airflow/.local/lib/python3.8/site-packages/airflow/example_dags/example_branch_operator.py
[2024-04-29T05:44:31.062+0000] {processor.py:840} INFO - DAG(s) 'example_branch_operator' retrieved from /home/airflow/.local/lib/python3.8/site-packages/airflow/example_dags/example_branch_operator.py
[2024-04-29T05:44:31.098+0000] {logging_mixin.py:188} INFO - [2024-04-29T05:44:31.097+0000] {dag.py:3047} INFO - Sync 1 DAGs
[2024-04-29T05:44:31.136+0000] {logging_mixin.py:188} INFO - [2024-04-29T05:44:31.136+0000] {dag.py:3834} INFO - Setting next_dagrun for example_branch_operator to 2024-04-28 00:00:00+00:00, run_after=2024-04-29 00:00:00+00:00
[2024-04-29T05:44:31.168+0000] {processor.py:183} INFO - Processing /home/airflow/.local/lib/python3.8/site-packages/airflow/example_dags/example_branch_operator.py took 0.133 seconds
[2024-04-29T05:45:01.251+0000] {processor.py:161} INFO - Started process (PID=5612) to work on /home/airflow/.local/lib/python3.8/site-packages/airflow/example_dags/example_branch_operator.py
[2024-04-29T05:45:01.252+0000] {processor.py:830} INFO - Processing file /home/airflow/.local/lib/python3.8/site-packages/airflow/example_dags/example_branch_operator.py for tasks to queue
[2024-04-29T05:45:01.253+0000] {logging_mixin.py:188} INFO - [2024-04-29T05:45:01.253+0000] {dagbag.py:540} INFO - Filling up the DagBag from /home/airflow/.local/lib/python3.8/site-packages/airflow/example_dags/example_branch_operator.py
[2024-04-29T05:45:01.267+0000] {processor.py:840} INFO - DAG(s) 'example_branch_operator' retrieved from /home/airflow/.local/lib/python3.8/site-packages/airflow/example_dags/example_branch_operator.py
[2024-04-29T05:45:01.289+0000] {logging_mixin.py:188} INFO - [2024-04-29T05:45:01.289+0000] {dag.py:3047} INFO - Sync 1 DAGs
[2024-04-29T05:45:01.307+0000] {logging_mixin.py:188} INFO - [2024-04-29T05:45:01.307+0000] {dag.py:3834} INFO - Setting next_dagrun for example_branch_operator to 2024-04-28 00:00:00+00:00, run_after=2024-04-29 00:00:00+00:00
[2024-04-29T05:45:01.326+0000] {processor.py:183} INFO - Processing /home/airflow/.local/lib/python3.8/site-packages/airflow/example_dags/example_branch_operator.py took 0.078 seconds
[2024-04-29T05:45:31.457+0000] {processor.py:161} INFO - Started process (PID=5858) to work on /home/airflow/.local/lib/python3.8/site-packages/airflow/example_dags/example_branch_operator.py
[2024-04-29T05:45:31.458+0000] {processor.py:830} INFO - Processing file /home/airflow/.local/lib/python3.8/site-packages/airflow/example_dags/example_branch_operator.py for tasks to queue
[2024-04-29T05:45:31.459+0000] {logging_mixin.py:188} INFO - [2024-04-29T05:45:31.459+0000] {dagbag.py:540} INFO - Filling up the DagBag from /home/airflow/.local/lib/python3.8/site-packages/airflow/example_dags/example_branch_operator.py
[2024-04-29T05:45:31.479+0000] {processor.py:840} INFO - DAG(s) 'example_branch_operator' retrieved from /home/airflow/.local/lib/python3.8/site-packages/airflow/example_dags/example_branch_operator.py
[2024-04-29T05:45:31.513+0000] {logging_mixin.py:188} INFO - [2024-04-29T05:45:31.513+0000] {dag.py:3047} INFO - Sync 1 DAGs
[2024-04-29T05:45:31.539+0000] {logging_mixin.py:188} INFO - [2024-04-29T05:45:31.539+0000] {dag.py:3834} INFO - Setting next_dagrun for example_branch_operator to 2024-04-28 00:00:00+00:00, run_after=2024-04-29 00:00:00+00:00
[2024-04-29T05:45:31.564+0000] {processor.py:183} INFO - Processing /home/airflow/.local/lib/python3.8/site-packages/airflow/example_dags/example_branch_operator.py took 0.111 seconds
[2024-04-29T05:46:01.939+0000] {processor.py:161} INFO - Started process (PID=6110) to work on /home/airflow/.local/lib/python3.8/site-packages/airflow/example_dags/example_branch_operator.py
[2024-04-29T05:46:01.940+0000] {processor.py:830} INFO - Processing file /home/airflow/.local/lib/python3.8/site-packages/airflow/example_dags/example_branch_operator.py for tasks to queue
[2024-04-29T05:46:01.941+0000] {logging_mixin.py:188} INFO - [2024-04-29T05:46:01.941+0000] {dagbag.py:540} INFO - Filling up the DagBag from /home/airflow/.local/lib/python3.8/site-packages/airflow/example_dags/example_branch_operator.py
[2024-04-29T05:46:01.962+0000] {processor.py:840} INFO - DAG(s) 'example_branch_operator' retrieved from /home/airflow/.local/lib/python3.8/site-packages/airflow/example_dags/example_branch_operator.py
[2024-04-29T05:46:01.996+0000] {logging_mixin.py:188} INFO - [2024-04-29T05:46:01.996+0000] {dag.py:3047} INFO - Sync 1 DAGs
[2024-04-29T05:46:02.024+0000] {logging_mixin.py:188} INFO - [2024-04-29T05:46:02.024+0000] {dag.py:3834} INFO - Setting next_dagrun for example_branch_operator to 2024-04-28 00:00:00+00:00, run_after=2024-04-29 00:00:00+00:00
[2024-04-29T05:46:02.055+0000] {processor.py:183} INFO - Processing /home/airflow/.local/lib/python3.8/site-packages/airflow/example_dags/example_branch_operator.py took 0.120 seconds
[2024-04-29T05:46:32.470+0000] {processor.py:161} INFO - Started process (PID=6363) to work on /home/airflow/.local/lib/python3.8/site-packages/airflow/example_dags/example_branch_operator.py
[2024-04-29T05:46:32.471+0000] {processor.py:830} INFO - Processing file /home/airflow/.local/lib/python3.8/site-packages/airflow/example_dags/example_branch_operator.py for tasks to queue
[2024-04-29T05:46:32.472+0000] {logging_mixin.py:188} INFO - [2024-04-29T05:46:32.471+0000] {dagbag.py:540} INFO - Filling up the DagBag from /home/airflow/.local/lib/python3.8/site-packages/airflow/example_dags/example_branch_operator.py
[2024-04-29T05:46:32.492+0000] {processor.py:840} INFO - DAG(s) 'example_branch_operator' retrieved from /home/airflow/.local/lib/python3.8/site-packages/airflow/example_dags/example_branch_operator.py
[2024-04-29T05:46:32.527+0000] {logging_mixin.py:188} INFO - [2024-04-29T05:46:32.526+0000] {dag.py:3047} INFO - Sync 1 DAGs
[2024-04-29T05:46:32.551+0000] {logging_mixin.py:188} INFO - [2024-04-29T05:46:32.551+0000] {dag.py:3834} INFO - Setting next_dagrun for example_branch_operator to 2024-04-28 00:00:00+00:00, run_after=2024-04-29 00:00:00+00:00
[2024-04-29T05:46:32.575+0000] {processor.py:183} INFO - Processing /home/airflow/.local/lib/python3.8/site-packages/airflow/example_dags/example_branch_operator.py took 0.109 seconds
[2024-04-29T05:47:03.459+0000] {processor.py:161} INFO - Started process (PID=6616) to work on /home/airflow/.local/lib/python3.8/site-packages/airflow/example_dags/example_branch_operator.py
[2024-04-29T05:47:03.460+0000] {processor.py:830} INFO - Processing file /home/airflow/.local/lib/python3.8/site-packages/airflow/example_dags/example_branch_operator.py for tasks to queue
[2024-04-29T05:47:03.460+0000] {logging_mixin.py:188} INFO - [2024-04-29T05:47:03.460+0000] {dagbag.py:540} INFO - Filling up the DagBag from /home/airflow/.local/lib/python3.8/site-packages/airflow/example_dags/example_branch_operator.py
[2024-04-29T05:47:03.481+0000] {processor.py:840} INFO - DAG(s) 'example_branch_operator' retrieved from /home/airflow/.local/lib/python3.8/site-packages/airflow/example_dags/example_branch_operator.py
[2024-04-29T05:47:03.515+0000] {logging_mixin.py:188} INFO - [2024-04-29T05:47:03.515+0000] {dag.py:3047} INFO - Sync 1 DAGs
[2024-04-29T05:47:03.541+0000] {logging_mixin.py:188} INFO - [2024-04-29T05:47:03.541+0000] {dag.py:3834} INFO - Setting next_dagrun for example_branch_operator to 2024-04-28 00:00:00+00:00, run_after=2024-04-29 00:00:00+00:00
[2024-04-29T05:47:03.565+0000] {processor.py:183} INFO - Processing /home/airflow/.local/lib/python3.8/site-packages/airflow/example_dags/example_branch_operator.py took 0.110 seconds
[2024-04-29T05:47:33.968+0000] {processor.py:161} INFO - Started process (PID=6867) to work on /home/airflow/.local/lib/python3.8/site-packages/airflow/example_dags/example_branch_operator.py
[2024-04-29T05:47:33.969+0000] {processor.py:830} INFO - Processing file /home/airflow/.local/lib/python3.8/site-packages/airflow/example_dags/example_branch_operator.py for tasks to queue
[2024-04-29T05:47:33.971+0000] {logging_mixin.py:188} INFO - [2024-04-29T05:47:33.970+0000] {dagbag.py:540} INFO - Filling up the DagBag from /home/airflow/.local/lib/python3.8/site-packages/airflow/example_dags/example_branch_operator.py
[2024-04-29T05:47:33.991+0000] {processor.py:840} INFO - DAG(s) 'example_branch_operator' retrieved from /home/airflow/.local/lib/python3.8/site-packages/airflow/example_dags/example_branch_operator.py
[2024-04-29T05:47:34.026+0000] {logging_mixin.py:188} INFO - [2024-04-29T05:47:34.026+0000] {dag.py:3047} INFO - Sync 1 DAGs
[2024-04-29T05:47:34.052+0000] {logging_mixin.py:188} INFO - [2024-04-29T05:47:34.052+0000] {dag.py:3834} INFO - Setting next_dagrun for example_branch_operator to 2024-04-28 00:00:00+00:00, run_after=2024-04-29 00:00:00+00:00
[2024-04-29T05:47:34.078+0000] {processor.py:183} INFO - Processing /home/airflow/.local/lib/python3.8/site-packages/airflow/example_dags/example_branch_operator.py took 0.114 seconds
[2024-04-29T05:48:04.414+0000] {processor.py:161} INFO - Started process (PID=7120) to work on /home/airflow/.local/lib/python3.8/site-packages/airflow/example_dags/example_branch_operator.py
[2024-04-29T05:48:04.415+0000] {processor.py:830} INFO - Processing file /home/airflow/.local/lib/python3.8/site-packages/airflow/example_dags/example_branch_operator.py for tasks to queue
[2024-04-29T05:48:04.416+0000] {logging_mixin.py:188} INFO - [2024-04-29T05:48:04.416+0000] {dagbag.py:540} INFO - Filling up the DagBag from /home/airflow/.local/lib/python3.8/site-packages/airflow/example_dags/example_branch_operator.py
[2024-04-29T05:48:04.438+0000] {processor.py:840} INFO - DAG(s) 'example_branch_operator' retrieved from /home/airflow/.local/lib/python3.8/site-packages/airflow/example_dags/example_branch_operator.py
[2024-04-29T05:48:04.474+0000] {logging_mixin.py:188} INFO - [2024-04-29T05:48:04.474+0000] {dag.py:3047} INFO - Sync 1 DAGs
[2024-04-29T05:48:04.501+0000] {logging_mixin.py:188} INFO - [2024-04-29T05:48:04.500+0000] {dag.py:3834} INFO - Setting next_dagrun for example_branch_operator to 2024-04-28 00:00:00+00:00, run_after=2024-04-29 00:00:00+00:00
[2024-04-29T05:48:04.526+0000] {processor.py:183} INFO - Processing /home/airflow/.local/lib/python3.8/site-packages/airflow/example_dags/example_branch_operator.py took 0.115 seconds
[2024-04-29T05:48:34.652+0000] {processor.py:161} INFO - Started process (PID=7378) to work on /home/airflow/.local/lib/python3.8/site-packages/airflow/example_dags/example_branch_operator.py
[2024-04-29T05:48:34.653+0000] {processor.py:830} INFO - Processing file /home/airflow/.local/lib/python3.8/site-packages/airflow/example_dags/example_branch_operator.py for tasks to queue
[2024-04-29T05:48:34.655+0000] {logging_mixin.py:188} INFO - [2024-04-29T05:48:34.654+0000] {dagbag.py:540} INFO - Filling up the DagBag from /home/airflow/.local/lib/python3.8/site-packages/airflow/example_dags/example_branch_operator.py
[2024-04-29T05:48:34.678+0000] {processor.py:840} INFO - DAG(s) 'example_branch_operator' retrieved from /home/airflow/.local/lib/python3.8/site-packages/airflow/example_dags/example_branch_operator.py
[2024-04-29T05:48:34.709+0000] {logging_mixin.py:188} INFO - [2024-04-29T05:48:34.709+0000] {dag.py:3047} INFO - Sync 1 DAGs
[2024-04-29T05:48:34.747+0000] {logging_mixin.py:188} INFO - [2024-04-29T05:48:34.746+0000] {dag.py:3834} INFO - Setting next_dagrun for example_branch_operator to 2024-04-28 00:00:00+00:00, run_after=2024-04-29 00:00:00+00:00
[2024-04-29T05:48:34.788+0000] {processor.py:183} INFO - Processing /home/airflow/.local/lib/python3.8/site-packages/airflow/example_dags/example_branch_operator.py took 0.140 seconds
[2024-04-29T05:49:05.238+0000] {processor.py:161} INFO - Started process (PID=7624) to work on /home/airflow/.local/lib/python3.8/site-packages/airflow/example_dags/example_branch_operator.py
[2024-04-29T05:49:05.239+0000] {processor.py:830} INFO - Processing file /home/airflow/.local/lib/python3.8/site-packages/airflow/example_dags/example_branch_operator.py for tasks to queue
[2024-04-29T05:49:05.240+0000] {logging_mixin.py:188} INFO - [2024-04-29T05:49:05.240+0000] {dagbag.py:540} INFO - Filling up the DagBag from /home/airflow/.local/lib/python3.8/site-packages/airflow/example_dags/example_branch_operator.py
[2024-04-29T05:49:05.260+0000] {processor.py:840} INFO - DAG(s) 'example_branch_operator' retrieved from /home/airflow/.local/lib/python3.8/site-packages/airflow/example_dags/example_branch_operator.py
[2024-04-29T05:49:05.294+0000] {logging_mixin.py:188} INFO - [2024-04-29T05:49:05.294+0000] {dag.py:3047} INFO - Sync 1 DAGs
[2024-04-29T05:49:05.321+0000] {logging_mixin.py:188} INFO - [2024-04-29T05:49:05.321+0000] {dag.py:3834} INFO - Setting next_dagrun for example_branch_operator to 2024-04-28 00:00:00+00:00, run_after=2024-04-29 00:00:00+00:00
[2024-04-29T05:49:05.351+0000] {processor.py:183} INFO - Processing /home/airflow/.local/lib/python3.8/site-packages/airflow/example_dags/example_branch_operator.py took 0.116 seconds
[2024-04-29T05:49:35.506+0000] {processor.py:161} INFO - Started process (PID=7876) to work on /home/airflow/.local/lib/python3.8/site-packages/airflow/example_dags/example_branch_operator.py
[2024-04-29T05:49:35.507+0000] {processor.py:830} INFO - Processing file /home/airflow/.local/lib/python3.8/site-packages/airflow/example_dags/example_branch_operator.py for tasks to queue
[2024-04-29T05:49:35.508+0000] {logging_mixin.py:188} INFO - [2024-04-29T05:49:35.507+0000] {dagbag.py:540} INFO - Filling up the DagBag from /home/airflow/.local/lib/python3.8/site-packages/airflow/example_dags/example_branch_operator.py
[2024-04-29T05:49:35.531+0000] {processor.py:840} INFO - DAG(s) 'example_branch_operator' retrieved from /home/airflow/.local/lib/python3.8/site-packages/airflow/example_dags/example_branch_operator.py
[2024-04-29T05:49:35.565+0000] {logging_mixin.py:188} INFO - [2024-04-29T05:49:35.564+0000] {dag.py:3047} INFO - Sync 1 DAGs
[2024-04-29T05:49:35.592+0000] {logging_mixin.py:188} INFO - [2024-04-29T05:49:35.592+0000] {dag.py:3834} INFO - Setting next_dagrun for example_branch_operator to 2024-04-28 00:00:00+00:00, run_after=2024-04-29 00:00:00+00:00
[2024-04-29T05:49:35.651+0000] {processor.py:183} INFO - Processing /home/airflow/.local/lib/python3.8/site-packages/airflow/example_dags/example_branch_operator.py took 0.151 seconds
[2024-04-29T05:50:06.519+0000] {processor.py:161} INFO - Started process (PID=8129) to work on /home/airflow/.local/lib/python3.8/site-packages/airflow/example_dags/example_branch_operator.py
[2024-04-29T05:50:06.519+0000] {processor.py:830} INFO - Processing file /home/airflow/.local/lib/python3.8/site-packages/airflow/example_dags/example_branch_operator.py for tasks to queue
[2024-04-29T05:50:06.520+0000] {logging_mixin.py:188} INFO - [2024-04-29T05:50:06.520+0000] {dagbag.py:540} INFO - Filling up the DagBag from /home/airflow/.local/lib/python3.8/site-packages/airflow/example_dags/example_branch_operator.py
[2024-04-29T05:50:06.542+0000] {processor.py:840} INFO - DAG(s) 'example_branch_operator' retrieved from /home/airflow/.local/lib/python3.8/site-packages/airflow/example_dags/example_branch_operator.py
[2024-04-29T05:50:06.594+0000] {logging_mixin.py:188} INFO - [2024-04-29T05:50:06.594+0000] {dag.py:3047} INFO - Sync 1 DAGs
[2024-04-29T05:50:06.623+0000] {logging_mixin.py:188} INFO - [2024-04-29T05:50:06.623+0000] {dag.py:3834} INFO - Setting next_dagrun for example_branch_operator to 2024-04-28 00:00:00+00:00, run_after=2024-04-29 00:00:00+00:00
[2024-04-29T05:50:06.646+0000] {processor.py:183} INFO - Processing /home/airflow/.local/lib/python3.8/site-packages/airflow/example_dags/example_branch_operator.py took 0.131 seconds
