[2024-04-29T05:32:00.682+0000] {processor.py:161} INFO - Started process (PID=382) to work on /home/airflow/.local/lib/python3.8/site-packages/airflow/example_dags/example_sensors.py
[2024-04-29T05:32:00.683+0000] {processor.py:830} INFO - Processing file /home/airflow/.local/lib/python3.8/site-packages/airflow/example_dags/example_sensors.py for tasks to queue
[2024-04-29T05:32:00.684+0000] {logging_mixin.py:188} INFO - [2024-04-29T05:32:00.684+0000] {dagbag.py:540} INFO - Filling up the DagBag from /home/airflow/.local/lib/python3.8/site-packages/airflow/example_dags/example_sensors.py
[2024-04-29T05:32:00.721+0000] {processor.py:840} INFO - DAG(s) 'example_sensors' retrieved from /home/airflow/.local/lib/python3.8/site-packages/airflow/example_dags/example_sensors.py
[2024-04-29T05:32:00.992+0000] {logging_mixin.py:188} INFO - [2024-04-29T05:32:00.991+0000] {override.py:1769} INFO - Created Permission View: can read on DAG:example_sensors
[2024-04-29T05:32:01.040+0000] {logging_mixin.py:188} INFO - [2024-04-29T05:32:01.039+0000] {override.py:1769} INFO - Created Permission View: can edit on DAG:example_sensors
[2024-04-29T05:32:01.073+0000] {logging_mixin.py:188} INFO - [2024-04-29T05:32:01.072+0000] {override.py:1769} INFO - Created Permission View: can delete on DAG:example_sensors
[2024-04-29T05:32:01.074+0000] {logging_mixin.py:188} INFO - [2024-04-29T05:32:01.073+0000] {dag.py:3047} INFO - Sync 1 DAGs
[2024-04-29T05:32:01.098+0000] {logging_mixin.py:188} INFO - [2024-04-29T05:32:01.098+0000] {dag.py:3069} INFO - Creating ORM DAG for example_sensors
[2024-04-29T05:32:01.103+0000] {logging_mixin.py:188} INFO - [2024-04-29T05:32:01.101+0000] {dag.py:3834} INFO - Setting next_dagrun for example_sensors to None, run_after=None
[2024-04-29T05:32:01.150+0000] {processor.py:183} INFO - Processing /home/airflow/.local/lib/python3.8/site-packages/airflow/example_dags/example_sensors.py took 0.479 seconds
[2024-04-29T05:32:31.303+0000] {processor.py:161} INFO - Started process (PID=635) to work on /home/airflow/.local/lib/python3.8/site-packages/airflow/example_dags/example_sensors.py
[2024-04-29T05:32:31.304+0000] {processor.py:830} INFO - Processing file /home/airflow/.local/lib/python3.8/site-packages/airflow/example_dags/example_sensors.py for tasks to queue
[2024-04-29T05:32:31.305+0000] {logging_mixin.py:188} INFO - [2024-04-29T05:32:31.305+0000] {dagbag.py:540} INFO - Filling up the DagBag from /home/airflow/.local/lib/python3.8/site-packages/airflow/example_dags/example_sensors.py
[2024-04-29T05:32:31.313+0000] {processor.py:840} INFO - DAG(s) 'example_sensors' retrieved from /home/airflow/.local/lib/python3.8/site-packages/airflow/example_dags/example_sensors.py
[2024-04-29T05:32:31.334+0000] {logging_mixin.py:188} INFO - [2024-04-29T05:32:31.334+0000] {dag.py:3047} INFO - Sync 1 DAGs
[2024-04-29T05:32:31.344+0000] {logging_mixin.py:188} INFO - [2024-04-29T05:32:31.344+0000] {dag.py:3834} INFO - Setting next_dagrun for example_sensors to None, run_after=None
[2024-04-29T05:32:31.364+0000] {processor.py:183} INFO - Processing /home/airflow/.local/lib/python3.8/site-packages/airflow/example_dags/example_sensors.py took 0.063 seconds
[2024-04-29T05:34:29.727+0000] {processor.py:161} INFO - Started process (PID=374) to work on /home/airflow/.local/lib/python3.8/site-packages/airflow/example_dags/example_sensors.py
[2024-04-29T05:34:29.731+0000] {processor.py:830} INFO - Processing file /home/airflow/.local/lib/python3.8/site-packages/airflow/example_dags/example_sensors.py for tasks to queue
[2024-04-29T05:34:29.732+0000] {logging_mixin.py:188} INFO - [2024-04-29T05:34:29.731+0000] {dagbag.py:540} INFO - Filling up the DagBag from /home/airflow/.local/lib/python3.8/site-packages/airflow/example_dags/example_sensors.py
[2024-04-29T05:34:29.797+0000] {processor.py:840} INFO - DAG(s) 'example_sensors' retrieved from /home/airflow/.local/lib/python3.8/site-packages/airflow/example_dags/example_sensors.py
[2024-04-29T05:34:30.095+0000] {logging_mixin.py:188} INFO - [2024-04-29T05:34:30.094+0000] {dag.py:3047} INFO - Sync 1 DAGs
[2024-04-29T05:34:30.115+0000] {logging_mixin.py:188} INFO - [2024-04-29T05:34:30.115+0000] {dag.py:3834} INFO - Setting next_dagrun for example_sensors to None, run_after=None
[2024-04-29T05:34:30.153+0000] {processor.py:183} INFO - Processing /home/airflow/.local/lib/python3.8/site-packages/airflow/example_dags/example_sensors.py took 0.435 seconds
[2024-04-29T05:35:01.310+0000] {processor.py:161} INFO - Started process (PID=629) to work on /home/airflow/.local/lib/python3.8/site-packages/airflow/example_dags/example_sensors.py
[2024-04-29T05:35:01.311+0000] {processor.py:830} INFO - Processing file /home/airflow/.local/lib/python3.8/site-packages/airflow/example_dags/example_sensors.py for tasks to queue
[2024-04-29T05:35:01.311+0000] {logging_mixin.py:188} INFO - [2024-04-29T05:35:01.311+0000] {dagbag.py:540} INFO - Filling up the DagBag from /home/airflow/.local/lib/python3.8/site-packages/airflow/example_dags/example_sensors.py
[2024-04-29T05:35:01.319+0000] {processor.py:840} INFO - DAG(s) 'example_sensors' retrieved from /home/airflow/.local/lib/python3.8/site-packages/airflow/example_dags/example_sensors.py
[2024-04-29T05:35:01.340+0000] {logging_mixin.py:188} INFO - [2024-04-29T05:35:01.340+0000] {dag.py:3047} INFO - Sync 1 DAGs
[2024-04-29T05:35:01.350+0000] {logging_mixin.py:188} INFO - [2024-04-29T05:35:01.350+0000] {dag.py:3834} INFO - Setting next_dagrun for example_sensors to None, run_after=None
[2024-04-29T05:35:01.369+0000] {processor.py:183} INFO - Processing /home/airflow/.local/lib/python3.8/site-packages/airflow/example_dags/example_sensors.py took 0.062 seconds
[2024-04-29T05:35:31.573+0000] {processor.py:161} INFO - Started process (PID=879) to work on /home/airflow/.local/lib/python3.8/site-packages/airflow/example_dags/example_sensors.py
[2024-04-29T05:35:31.574+0000] {processor.py:830} INFO - Processing file /home/airflow/.local/lib/python3.8/site-packages/airflow/example_dags/example_sensors.py for tasks to queue
[2024-04-29T05:35:31.574+0000] {logging_mixin.py:188} INFO - [2024-04-29T05:35:31.574+0000] {dagbag.py:540} INFO - Filling up the DagBag from /home/airflow/.local/lib/python3.8/site-packages/airflow/example_dags/example_sensors.py
[2024-04-29T05:35:31.585+0000] {processor.py:840} INFO - DAG(s) 'example_sensors' retrieved from /home/airflow/.local/lib/python3.8/site-packages/airflow/example_dags/example_sensors.py
[2024-04-29T05:35:31.617+0000] {logging_mixin.py:188} INFO - [2024-04-29T05:35:31.616+0000] {dag.py:3047} INFO - Sync 1 DAGs
[2024-04-29T05:35:31.631+0000] {logging_mixin.py:188} INFO - [2024-04-29T05:35:31.631+0000] {dag.py:3834} INFO - Setting next_dagrun for example_sensors to None, run_after=None
[2024-04-29T05:35:31.657+0000] {processor.py:183} INFO - Processing /home/airflow/.local/lib/python3.8/site-packages/airflow/example_dags/example_sensors.py took 0.087 seconds
[2024-04-29T05:36:02.553+0000] {processor.py:161} INFO - Started process (PID=1130) to work on /home/airflow/.local/lib/python3.8/site-packages/airflow/example_dags/example_sensors.py
[2024-04-29T05:36:02.554+0000] {processor.py:830} INFO - Processing file /home/airflow/.local/lib/python3.8/site-packages/airflow/example_dags/example_sensors.py for tasks to queue
[2024-04-29T05:36:02.556+0000] {logging_mixin.py:188} INFO - [2024-04-29T05:36:02.555+0000] {dagbag.py:540} INFO - Filling up the DagBag from /home/airflow/.local/lib/python3.8/site-packages/airflow/example_dags/example_sensors.py
[2024-04-29T05:36:02.567+0000] {processor.py:840} INFO - DAG(s) 'example_sensors' retrieved from /home/airflow/.local/lib/python3.8/site-packages/airflow/example_dags/example_sensors.py
[2024-04-29T05:36:02.595+0000] {logging_mixin.py:188} INFO - [2024-04-29T05:36:02.595+0000] {dag.py:3047} INFO - Sync 1 DAGs
[2024-04-29T05:36:02.611+0000] {logging_mixin.py:188} INFO - [2024-04-29T05:36:02.611+0000] {dag.py:3834} INFO - Setting next_dagrun for example_sensors to None, run_after=None
[2024-04-29T05:36:02.634+0000] {processor.py:183} INFO - Processing /home/airflow/.local/lib/python3.8/site-packages/airflow/example_dags/example_sensors.py took 0.085 seconds
[2024-04-29T05:36:33.019+0000] {processor.py:161} INFO - Started process (PID=1385) to work on /home/airflow/.local/lib/python3.8/site-packages/airflow/example_dags/example_sensors.py
[2024-04-29T05:36:33.019+0000] {processor.py:830} INFO - Processing file /home/airflow/.local/lib/python3.8/site-packages/airflow/example_dags/example_sensors.py for tasks to queue
[2024-04-29T05:36:33.020+0000] {logging_mixin.py:188} INFO - [2024-04-29T05:36:33.020+0000] {dagbag.py:540} INFO - Filling up the DagBag from /home/airflow/.local/lib/python3.8/site-packages/airflow/example_dags/example_sensors.py
[2024-04-29T05:36:33.028+0000] {processor.py:840} INFO - DAG(s) 'example_sensors' retrieved from /home/airflow/.local/lib/python3.8/site-packages/airflow/example_dags/example_sensors.py
[2024-04-29T05:36:33.049+0000] {logging_mixin.py:188} INFO - [2024-04-29T05:36:33.048+0000] {dag.py:3047} INFO - Sync 1 DAGs
[2024-04-29T05:36:33.059+0000] {logging_mixin.py:188} INFO - [2024-04-29T05:36:33.058+0000] {dag.py:3834} INFO - Setting next_dagrun for example_sensors to None, run_after=None
[2024-04-29T05:36:33.079+0000] {processor.py:183} INFO - Processing /home/airflow/.local/lib/python3.8/site-packages/airflow/example_dags/example_sensors.py took 0.064 seconds
[2024-04-29T05:37:03.615+0000] {processor.py:161} INFO - Started process (PID=1636) to work on /home/airflow/.local/lib/python3.8/site-packages/airflow/example_dags/example_sensors.py
[2024-04-29T05:37:03.616+0000] {processor.py:830} INFO - Processing file /home/airflow/.local/lib/python3.8/site-packages/airflow/example_dags/example_sensors.py for tasks to queue
[2024-04-29T05:37:03.617+0000] {logging_mixin.py:188} INFO - [2024-04-29T05:37:03.616+0000] {dagbag.py:540} INFO - Filling up the DagBag from /home/airflow/.local/lib/python3.8/site-packages/airflow/example_dags/example_sensors.py
[2024-04-29T05:37:03.628+0000] {processor.py:840} INFO - DAG(s) 'example_sensors' retrieved from /home/airflow/.local/lib/python3.8/site-packages/airflow/example_dags/example_sensors.py
[2024-04-29T05:37:03.656+0000] {logging_mixin.py:188} INFO - [2024-04-29T05:37:03.656+0000] {dag.py:3047} INFO - Sync 1 DAGs
[2024-04-29T05:37:03.671+0000] {logging_mixin.py:188} INFO - [2024-04-29T05:37:03.671+0000] {dag.py:3834} INFO - Setting next_dagrun for example_sensors to None, run_after=None
[2024-04-29T05:37:03.694+0000] {processor.py:183} INFO - Processing /home/airflow/.local/lib/python3.8/site-packages/airflow/example_dags/example_sensors.py took 0.083 seconds
[2024-04-29T05:37:34.328+0000] {processor.py:161} INFO - Started process (PID=1888) to work on /home/airflow/.local/lib/python3.8/site-packages/airflow/example_dags/example_sensors.py
[2024-04-29T05:37:34.330+0000] {processor.py:830} INFO - Processing file /home/airflow/.local/lib/python3.8/site-packages/airflow/example_dags/example_sensors.py for tasks to queue
[2024-04-29T05:37:34.331+0000] {logging_mixin.py:188} INFO - [2024-04-29T05:37:34.330+0000] {dagbag.py:540} INFO - Filling up the DagBag from /home/airflow/.local/lib/python3.8/site-packages/airflow/example_dags/example_sensors.py
[2024-04-29T05:37:34.342+0000] {processor.py:840} INFO - DAG(s) 'example_sensors' retrieved from /home/airflow/.local/lib/python3.8/site-packages/airflow/example_dags/example_sensors.py
[2024-04-29T05:37:34.368+0000] {logging_mixin.py:188} INFO - [2024-04-29T05:37:34.368+0000] {dag.py:3047} INFO - Sync 1 DAGs
[2024-04-29T05:37:34.383+0000] {logging_mixin.py:188} INFO - [2024-04-29T05:37:34.383+0000] {dag.py:3834} INFO - Setting next_dagrun for example_sensors to None, run_after=None
[2024-04-29T05:37:34.407+0000] {processor.py:183} INFO - Processing /home/airflow/.local/lib/python3.8/site-packages/airflow/example_dags/example_sensors.py took 0.083 seconds
[2024-04-29T05:38:23.807+0000] {processor.py:161} INFO - Started process (PID=2267) to work on /home/airflow/.local/lib/python3.8/site-packages/airflow/example_dags/example_sensors.py
[2024-04-29T05:38:23.826+0000] {processor.py:830} INFO - Processing file /home/airflow/.local/lib/python3.8/site-packages/airflow/example_dags/example_sensors.py for tasks to queue
[2024-04-29T05:38:23.827+0000] {logging_mixin.py:188} INFO - [2024-04-29T05:38:23.827+0000] {dagbag.py:540} INFO - Filling up the DagBag from /home/airflow/.local/lib/python3.8/site-packages/airflow/example_dags/example_sensors.py
[2024-04-29T05:38:23.894+0000] {processor.py:840} INFO - DAG(s) 'example_sensors' retrieved from /home/airflow/.local/lib/python3.8/site-packages/airflow/example_dags/example_sensors.py
[2024-04-29T05:38:24.142+0000] {logging_mixin.py:188} INFO - [2024-04-29T05:38:24.142+0000] {dag.py:3047} INFO - Sync 1 DAGs
[2024-04-29T05:38:24.220+0000] {logging_mixin.py:188} INFO - [2024-04-29T05:38:24.219+0000] {dag.py:3834} INFO - Setting next_dagrun for example_sensors to None, run_after=None
[2024-04-29T05:38:24.298+0000] {processor.py:183} INFO - Processing /home/airflow/.local/lib/python3.8/site-packages/airflow/example_dags/example_sensors.py took 0.495 seconds
[2024-04-29T05:38:55.081+0000] {processor.py:161} INFO - Started process (PID=2553) to work on /home/airflow/.local/lib/python3.8/site-packages/airflow/example_dags/example_sensors.py
[2024-04-29T05:38:55.083+0000] {processor.py:830} INFO - Processing file /home/airflow/.local/lib/python3.8/site-packages/airflow/example_dags/example_sensors.py for tasks to queue
[2024-04-29T05:38:55.084+0000] {logging_mixin.py:188} INFO - [2024-04-29T05:38:55.084+0000] {dagbag.py:540} INFO - Filling up the DagBag from /home/airflow/.local/lib/python3.8/site-packages/airflow/example_dags/example_sensors.py
[2024-04-29T05:38:55.095+0000] {processor.py:840} INFO - DAG(s) 'example_sensors' retrieved from /home/airflow/.local/lib/python3.8/site-packages/airflow/example_dags/example_sensors.py
[2024-04-29T05:38:55.133+0000] {logging_mixin.py:188} INFO - [2024-04-29T05:38:55.133+0000] {dag.py:3047} INFO - Sync 1 DAGs
[2024-04-29T05:38:55.147+0000] {logging_mixin.py:188} INFO - [2024-04-29T05:38:55.147+0000] {dag.py:3834} INFO - Setting next_dagrun for example_sensors to None, run_after=None
[2024-04-29T05:38:55.173+0000] {processor.py:183} INFO - Processing /home/airflow/.local/lib/python3.8/site-packages/airflow/example_dags/example_sensors.py took 0.095 seconds
[2024-04-29T05:39:25.423+0000] {processor.py:161} INFO - Started process (PID=2806) to work on /home/airflow/.local/lib/python3.8/site-packages/airflow/example_dags/example_sensors.py
[2024-04-29T05:39:25.424+0000] {processor.py:830} INFO - Processing file /home/airflow/.local/lib/python3.8/site-packages/airflow/example_dags/example_sensors.py for tasks to queue
[2024-04-29T05:39:25.426+0000] {logging_mixin.py:188} INFO - [2024-04-29T05:39:25.426+0000] {dagbag.py:540} INFO - Filling up the DagBag from /home/airflow/.local/lib/python3.8/site-packages/airflow/example_dags/example_sensors.py
[2024-04-29T05:39:25.440+0000] {processor.py:840} INFO - DAG(s) 'example_sensors' retrieved from /home/airflow/.local/lib/python3.8/site-packages/airflow/example_dags/example_sensors.py
[2024-04-29T05:39:25.471+0000] {logging_mixin.py:188} INFO - [2024-04-29T05:39:25.471+0000] {dag.py:3047} INFO - Sync 1 DAGs
[2024-04-29T05:39:25.485+0000] {logging_mixin.py:188} INFO - [2024-04-29T05:39:25.485+0000] {dag.py:3834} INFO - Setting next_dagrun for example_sensors to None, run_after=None
[2024-04-29T05:39:25.526+0000] {processor.py:183} INFO - Processing /home/airflow/.local/lib/python3.8/site-packages/airflow/example_dags/example_sensors.py took 0.106 seconds
[2024-04-29T05:39:55.659+0000] {processor.py:161} INFO - Started process (PID=3060) to work on /home/airflow/.local/lib/python3.8/site-packages/airflow/example_dags/example_sensors.py
[2024-04-29T05:39:55.661+0000] {processor.py:830} INFO - Processing file /home/airflow/.local/lib/python3.8/site-packages/airflow/example_dags/example_sensors.py for tasks to queue
[2024-04-29T05:39:55.662+0000] {logging_mixin.py:188} INFO - [2024-04-29T05:39:55.661+0000] {dagbag.py:540} INFO - Filling up the DagBag from /home/airflow/.local/lib/python3.8/site-packages/airflow/example_dags/example_sensors.py
[2024-04-29T05:39:55.673+0000] {processor.py:840} INFO - DAG(s) 'example_sensors' retrieved from /home/airflow/.local/lib/python3.8/site-packages/airflow/example_dags/example_sensors.py
[2024-04-29T05:39:55.703+0000] {logging_mixin.py:188} INFO - [2024-04-29T05:39:55.702+0000] {dag.py:3047} INFO - Sync 1 DAGs
[2024-04-29T05:39:55.715+0000] {logging_mixin.py:188} INFO - [2024-04-29T05:39:55.715+0000] {dag.py:3834} INFO - Setting next_dagrun for example_sensors to None, run_after=None
[2024-04-29T05:39:55.738+0000] {processor.py:183} INFO - Processing /home/airflow/.local/lib/python3.8/site-packages/airflow/example_dags/example_sensors.py took 0.082 seconds
[2024-04-29T05:40:26.720+0000] {processor.py:161} INFO - Started process (PID=3313) to work on /home/airflow/.local/lib/python3.8/site-packages/airflow/example_dags/example_sensors.py
[2024-04-29T05:40:26.721+0000] {processor.py:830} INFO - Processing file /home/airflow/.local/lib/python3.8/site-packages/airflow/example_dags/example_sensors.py for tasks to queue
[2024-04-29T05:40:26.722+0000] {logging_mixin.py:188} INFO - [2024-04-29T05:40:26.722+0000] {dagbag.py:540} INFO - Filling up the DagBag from /home/airflow/.local/lib/python3.8/site-packages/airflow/example_dags/example_sensors.py
[2024-04-29T05:40:26.751+0000] {processor.py:840} INFO - DAG(s) 'example_sensors' retrieved from /home/airflow/.local/lib/python3.8/site-packages/airflow/example_dags/example_sensors.py
[2024-04-29T05:40:26.816+0000] {logging_mixin.py:188} INFO - [2024-04-29T05:40:26.816+0000] {dag.py:3047} INFO - Sync 1 DAGs
[2024-04-29T05:40:26.831+0000] {logging_mixin.py:188} INFO - [2024-04-29T05:40:26.830+0000] {dag.py:3834} INFO - Setting next_dagrun for example_sensors to None, run_after=None
[2024-04-29T05:40:26.872+0000] {processor.py:183} INFO - Processing /home/airflow/.local/lib/python3.8/site-packages/airflow/example_dags/example_sensors.py took 0.154 seconds
[2024-04-29T05:40:56.943+0000] {processor.py:161} INFO - Started process (PID=3574) to work on /home/airflow/.local/lib/python3.8/site-packages/airflow/example_dags/example_sensors.py
[2024-04-29T05:40:56.946+0000] {processor.py:830} INFO - Processing file /home/airflow/.local/lib/python3.8/site-packages/airflow/example_dags/example_sensors.py for tasks to queue
[2024-04-29T05:40:56.948+0000] {logging_mixin.py:188} INFO - [2024-04-29T05:40:56.947+0000] {dagbag.py:540} INFO - Filling up the DagBag from /home/airflow/.local/lib/python3.8/site-packages/airflow/example_dags/example_sensors.py
[2024-04-29T05:40:56.968+0000] {processor.py:840} INFO - DAG(s) 'example_sensors' retrieved from /home/airflow/.local/lib/python3.8/site-packages/airflow/example_dags/example_sensors.py
[2024-04-29T05:40:57.034+0000] {logging_mixin.py:188} INFO - [2024-04-29T05:40:57.033+0000] {dag.py:3047} INFO - Sync 1 DAGs
[2024-04-29T05:40:57.049+0000] {logging_mixin.py:188} INFO - [2024-04-29T05:40:57.049+0000] {dag.py:3834} INFO - Setting next_dagrun for example_sensors to None, run_after=None
[2024-04-29T05:40:57.074+0000] {processor.py:183} INFO - Processing /home/airflow/.local/lib/python3.8/site-packages/airflow/example_dags/example_sensors.py took 0.137 seconds
[2024-04-29T05:41:27.828+0000] {processor.py:161} INFO - Started process (PID=3833) to work on /home/airflow/.local/lib/python3.8/site-packages/airflow/example_dags/example_sensors.py
[2024-04-29T05:41:27.829+0000] {processor.py:830} INFO - Processing file /home/airflow/.local/lib/python3.8/site-packages/airflow/example_dags/example_sensors.py for tasks to queue
[2024-04-29T05:41:27.830+0000] {logging_mixin.py:188} INFO - [2024-04-29T05:41:27.830+0000] {dagbag.py:540} INFO - Filling up the DagBag from /home/airflow/.local/lib/python3.8/site-packages/airflow/example_dags/example_sensors.py
[2024-04-29T05:41:27.841+0000] {processor.py:840} INFO - DAG(s) 'example_sensors' retrieved from /home/airflow/.local/lib/python3.8/site-packages/airflow/example_dags/example_sensors.py
[2024-04-29T05:41:27.872+0000] {logging_mixin.py:188} INFO - [2024-04-29T05:41:27.871+0000] {dag.py:3047} INFO - Sync 1 DAGs
[2024-04-29T05:41:27.884+0000] {logging_mixin.py:188} INFO - [2024-04-29T05:41:27.884+0000] {dag.py:3834} INFO - Setting next_dagrun for example_sensors to None, run_after=None
[2024-04-29T05:41:27.915+0000] {processor.py:183} INFO - Processing /home/airflow/.local/lib/python3.8/site-packages/airflow/example_dags/example_sensors.py took 0.091 seconds
[2024-04-29T05:41:58.394+0000] {processor.py:161} INFO - Started process (PID=4085) to work on /home/airflow/.local/lib/python3.8/site-packages/airflow/example_dags/example_sensors.py
[2024-04-29T05:41:58.395+0000] {processor.py:830} INFO - Processing file /home/airflow/.local/lib/python3.8/site-packages/airflow/example_dags/example_sensors.py for tasks to queue
[2024-04-29T05:41:58.396+0000] {logging_mixin.py:188} INFO - [2024-04-29T05:41:58.395+0000] {dagbag.py:540} INFO - Filling up the DagBag from /home/airflow/.local/lib/python3.8/site-packages/airflow/example_dags/example_sensors.py
[2024-04-29T05:41:58.411+0000] {processor.py:840} INFO - DAG(s) 'example_sensors' retrieved from /home/airflow/.local/lib/python3.8/site-packages/airflow/example_dags/example_sensors.py
[2024-04-29T05:41:58.450+0000] {logging_mixin.py:188} INFO - [2024-04-29T05:41:58.450+0000] {dag.py:3047} INFO - Sync 1 DAGs
[2024-04-29T05:41:58.465+0000] {logging_mixin.py:188} INFO - [2024-04-29T05:41:58.464+0000] {dag.py:3834} INFO - Setting next_dagrun for example_sensors to None, run_after=None
[2024-04-29T05:41:58.487+0000] {processor.py:183} INFO - Processing /home/airflow/.local/lib/python3.8/site-packages/airflow/example_dags/example_sensors.py took 0.098 seconds
[2024-04-29T05:42:29.017+0000] {processor.py:161} INFO - Started process (PID=4337) to work on /home/airflow/.local/lib/python3.8/site-packages/airflow/example_dags/example_sensors.py
[2024-04-29T05:42:29.018+0000] {processor.py:830} INFO - Processing file /home/airflow/.local/lib/python3.8/site-packages/airflow/example_dags/example_sensors.py for tasks to queue
[2024-04-29T05:42:29.019+0000] {logging_mixin.py:188} INFO - [2024-04-29T05:42:29.019+0000] {dagbag.py:540} INFO - Filling up the DagBag from /home/airflow/.local/lib/python3.8/site-packages/airflow/example_dags/example_sensors.py
[2024-04-29T05:42:29.031+0000] {processor.py:840} INFO - DAG(s) 'example_sensors' retrieved from /home/airflow/.local/lib/python3.8/site-packages/airflow/example_dags/example_sensors.py
[2024-04-29T05:42:29.061+0000] {logging_mixin.py:188} INFO - [2024-04-29T05:42:29.061+0000] {dag.py:3047} INFO - Sync 1 DAGs
[2024-04-29T05:42:29.073+0000] {logging_mixin.py:188} INFO - [2024-04-29T05:42:29.073+0000] {dag.py:3834} INFO - Setting next_dagrun for example_sensors to None, run_after=None
[2024-04-29T05:42:29.103+0000] {processor.py:183} INFO - Processing /home/airflow/.local/lib/python3.8/site-packages/airflow/example_dags/example_sensors.py took 0.090 seconds
[2024-04-29T05:42:59.826+0000] {processor.py:161} INFO - Started process (PID=4590) to work on /home/airflow/.local/lib/python3.8/site-packages/airflow/example_dags/example_sensors.py
[2024-04-29T05:42:59.827+0000] {processor.py:830} INFO - Processing file /home/airflow/.local/lib/python3.8/site-packages/airflow/example_dags/example_sensors.py for tasks to queue
[2024-04-29T05:42:59.828+0000] {logging_mixin.py:188} INFO - [2024-04-29T05:42:59.828+0000] {dagbag.py:540} INFO - Filling up the DagBag from /home/airflow/.local/lib/python3.8/site-packages/airflow/example_dags/example_sensors.py
[2024-04-29T05:42:59.841+0000] {processor.py:840} INFO - DAG(s) 'example_sensors' retrieved from /home/airflow/.local/lib/python3.8/site-packages/airflow/example_dags/example_sensors.py
[2024-04-29T05:42:59.870+0000] {logging_mixin.py:188} INFO - [2024-04-29T05:42:59.869+0000] {dag.py:3047} INFO - Sync 1 DAGs
[2024-04-29T05:42:59.886+0000] {logging_mixin.py:188} INFO - [2024-04-29T05:42:59.885+0000] {dag.py:3834} INFO - Setting next_dagrun for example_sensors to None, run_after=None
[2024-04-29T05:42:59.921+0000] {processor.py:183} INFO - Processing /home/airflow/.local/lib/python3.8/site-packages/airflow/example_dags/example_sensors.py took 0.098 seconds
[2024-04-29T05:43:30.173+0000] {processor.py:161} INFO - Started process (PID=4843) to work on /home/airflow/.local/lib/python3.8/site-packages/airflow/example_dags/example_sensors.py
[2024-04-29T05:43:30.175+0000] {processor.py:830} INFO - Processing file /home/airflow/.local/lib/python3.8/site-packages/airflow/example_dags/example_sensors.py for tasks to queue
[2024-04-29T05:43:30.176+0000] {logging_mixin.py:188} INFO - [2024-04-29T05:43:30.175+0000] {dagbag.py:540} INFO - Filling up the DagBag from /home/airflow/.local/lib/python3.8/site-packages/airflow/example_dags/example_sensors.py
[2024-04-29T05:43:30.188+0000] {processor.py:840} INFO - DAG(s) 'example_sensors' retrieved from /home/airflow/.local/lib/python3.8/site-packages/airflow/example_dags/example_sensors.py
[2024-04-29T05:43:30.218+0000] {logging_mixin.py:188} INFO - [2024-04-29T05:43:30.217+0000] {dag.py:3047} INFO - Sync 1 DAGs
[2024-04-29T05:43:30.231+0000] {logging_mixin.py:188} INFO - [2024-04-29T05:43:30.231+0000] {dag.py:3834} INFO - Setting next_dagrun for example_sensors to None, run_after=None
[2024-04-29T05:43:30.256+0000] {processor.py:183} INFO - Processing /home/airflow/.local/lib/python3.8/site-packages/airflow/example_dags/example_sensors.py took 0.086 seconds
[2024-04-29T05:44:00.355+0000] {processor.py:161} INFO - Started process (PID=5097) to work on /home/airflow/.local/lib/python3.8/site-packages/airflow/example_dags/example_sensors.py
[2024-04-29T05:44:00.355+0000] {processor.py:830} INFO - Processing file /home/airflow/.local/lib/python3.8/site-packages/airflow/example_dags/example_sensors.py for tasks to queue
[2024-04-29T05:44:00.356+0000] {logging_mixin.py:188} INFO - [2024-04-29T05:44:00.356+0000] {dagbag.py:540} INFO - Filling up the DagBag from /home/airflow/.local/lib/python3.8/site-packages/airflow/example_dags/example_sensors.py
[2024-04-29T05:44:00.366+0000] {processor.py:840} INFO - DAG(s) 'example_sensors' retrieved from /home/airflow/.local/lib/python3.8/site-packages/airflow/example_dags/example_sensors.py
[2024-04-29T05:44:00.398+0000] {logging_mixin.py:188} INFO - [2024-04-29T05:44:00.397+0000] {dag.py:3047} INFO - Sync 1 DAGs
[2024-04-29T05:44:00.433+0000] {logging_mixin.py:188} INFO - [2024-04-29T05:44:00.433+0000] {dag.py:3834} INFO - Setting next_dagrun for example_sensors to None, run_after=None
[2024-04-29T05:44:00.473+0000] {processor.py:183} INFO - Processing /home/airflow/.local/lib/python3.8/site-packages/airflow/example_dags/example_sensors.py took 0.122 seconds
[2024-04-29T05:44:30.955+0000] {processor.py:161} INFO - Started process (PID=5348) to work on /home/airflow/.local/lib/python3.8/site-packages/airflow/example_dags/example_sensors.py
[2024-04-29T05:44:30.956+0000] {processor.py:830} INFO - Processing file /home/airflow/.local/lib/python3.8/site-packages/airflow/example_dags/example_sensors.py for tasks to queue
[2024-04-29T05:44:30.957+0000] {logging_mixin.py:188} INFO - [2024-04-29T05:44:30.956+0000] {dagbag.py:540} INFO - Filling up the DagBag from /home/airflow/.local/lib/python3.8/site-packages/airflow/example_dags/example_sensors.py
[2024-04-29T05:44:30.970+0000] {processor.py:840} INFO - DAG(s) 'example_sensors' retrieved from /home/airflow/.local/lib/python3.8/site-packages/airflow/example_dags/example_sensors.py
[2024-04-29T05:44:31.008+0000] {logging_mixin.py:188} INFO - [2024-04-29T05:44:31.008+0000] {dag.py:3047} INFO - Sync 1 DAGs
[2024-04-29T05:44:31.021+0000] {logging_mixin.py:188} INFO - [2024-04-29T05:44:31.021+0000] {dag.py:3834} INFO - Setting next_dagrun for example_sensors to None, run_after=None
[2024-04-29T05:44:31.045+0000] {processor.py:183} INFO - Processing /home/airflow/.local/lib/python3.8/site-packages/airflow/example_dags/example_sensors.py took 0.094 seconds
[2024-04-29T05:45:01.140+0000] {processor.py:161} INFO - Started process (PID=5600) to work on /home/airflow/.local/lib/python3.8/site-packages/airflow/example_dags/example_sensors.py
[2024-04-29T05:45:01.141+0000] {processor.py:830} INFO - Processing file /home/airflow/.local/lib/python3.8/site-packages/airflow/example_dags/example_sensors.py for tasks to queue
[2024-04-29T05:45:01.142+0000] {logging_mixin.py:188} INFO - [2024-04-29T05:45:01.141+0000] {dagbag.py:540} INFO - Filling up the DagBag from /home/airflow/.local/lib/python3.8/site-packages/airflow/example_dags/example_sensors.py
[2024-04-29T05:45:01.153+0000] {processor.py:840} INFO - DAG(s) 'example_sensors' retrieved from /home/airflow/.local/lib/python3.8/site-packages/airflow/example_dags/example_sensors.py
[2024-04-29T05:45:01.183+0000] {logging_mixin.py:188} INFO - [2024-04-29T05:45:01.183+0000] {dag.py:3047} INFO - Sync 1 DAGs
[2024-04-29T05:45:01.196+0000] {logging_mixin.py:188} INFO - [2024-04-29T05:45:01.196+0000] {dag.py:3834} INFO - Setting next_dagrun for example_sensors to None, run_after=None
[2024-04-29T05:45:01.221+0000] {processor.py:183} INFO - Processing /home/airflow/.local/lib/python3.8/site-packages/airflow/example_dags/example_sensors.py took 0.085 seconds
[2024-04-29T05:45:31.384+0000] {processor.py:161} INFO - Started process (PID=5853) to work on /home/airflow/.local/lib/python3.8/site-packages/airflow/example_dags/example_sensors.py
[2024-04-29T05:45:31.385+0000] {processor.py:830} INFO - Processing file /home/airflow/.local/lib/python3.8/site-packages/airflow/example_dags/example_sensors.py for tasks to queue
[2024-04-29T05:45:31.386+0000] {logging_mixin.py:188} INFO - [2024-04-29T05:45:31.386+0000] {dagbag.py:540} INFO - Filling up the DagBag from /home/airflow/.local/lib/python3.8/site-packages/airflow/example_dags/example_sensors.py
[2024-04-29T05:45:31.397+0000] {processor.py:840} INFO - DAG(s) 'example_sensors' retrieved from /home/airflow/.local/lib/python3.8/site-packages/airflow/example_dags/example_sensors.py
[2024-04-29T05:45:31.427+0000] {logging_mixin.py:188} INFO - [2024-04-29T05:45:31.426+0000] {dag.py:3047} INFO - Sync 1 DAGs
[2024-04-29T05:45:31.440+0000] {logging_mixin.py:188} INFO - [2024-04-29T05:45:31.439+0000] {dag.py:3834} INFO - Setting next_dagrun for example_sensors to None, run_after=None
[2024-04-29T05:45:31.462+0000] {processor.py:183} INFO - Processing /home/airflow/.local/lib/python3.8/site-packages/airflow/example_dags/example_sensors.py took 0.082 seconds
[2024-04-29T05:46:01.866+0000] {processor.py:161} INFO - Started process (PID=6105) to work on /home/airflow/.local/lib/python3.8/site-packages/airflow/example_dags/example_sensors.py
[2024-04-29T05:46:01.867+0000] {processor.py:830} INFO - Processing file /home/airflow/.local/lib/python3.8/site-packages/airflow/example_dags/example_sensors.py for tasks to queue
[2024-04-29T05:46:01.868+0000] {logging_mixin.py:188} INFO - [2024-04-29T05:46:01.868+0000] {dagbag.py:540} INFO - Filling up the DagBag from /home/airflow/.local/lib/python3.8/site-packages/airflow/example_dags/example_sensors.py
[2024-04-29T05:46:01.884+0000] {processor.py:840} INFO - DAG(s) 'example_sensors' retrieved from /home/airflow/.local/lib/python3.8/site-packages/airflow/example_dags/example_sensors.py
[2024-04-29T05:46:01.911+0000] {logging_mixin.py:188} INFO - [2024-04-29T05:46:01.911+0000] {dag.py:3047} INFO - Sync 1 DAGs
[2024-04-29T05:46:01.924+0000] {logging_mixin.py:188} INFO - [2024-04-29T05:46:01.924+0000] {dag.py:3834} INFO - Setting next_dagrun for example_sensors to None, run_after=None
[2024-04-29T05:46:01.947+0000] {processor.py:183} INFO - Processing /home/airflow/.local/lib/python3.8/site-packages/airflow/example_dags/example_sensors.py took 0.086 seconds
[2024-04-29T05:46:32.380+0000] {processor.py:161} INFO - Started process (PID=6358) to work on /home/airflow/.local/lib/python3.8/site-packages/airflow/example_dags/example_sensors.py
[2024-04-29T05:46:32.382+0000] {processor.py:830} INFO - Processing file /home/airflow/.local/lib/python3.8/site-packages/airflow/example_dags/example_sensors.py for tasks to queue
[2024-04-29T05:46:32.383+0000] {logging_mixin.py:188} INFO - [2024-04-29T05:46:32.383+0000] {dagbag.py:540} INFO - Filling up the DagBag from /home/airflow/.local/lib/python3.8/site-packages/airflow/example_dags/example_sensors.py
[2024-04-29T05:46:32.396+0000] {processor.py:840} INFO - DAG(s) 'example_sensors' retrieved from /home/airflow/.local/lib/python3.8/site-packages/airflow/example_dags/example_sensors.py
[2024-04-29T05:46:32.428+0000] {logging_mixin.py:188} INFO - [2024-04-29T05:46:32.428+0000] {dag.py:3047} INFO - Sync 1 DAGs
[2024-04-29T05:46:32.443+0000] {logging_mixin.py:188} INFO - [2024-04-29T05:46:32.442+0000] {dag.py:3834} INFO - Setting next_dagrun for example_sensors to None, run_after=None
[2024-04-29T05:46:32.464+0000] {processor.py:183} INFO - Processing /home/airflow/.local/lib/python3.8/site-packages/airflow/example_dags/example_sensors.py took 0.088 seconds
[2024-04-29T05:47:03.353+0000] {processor.py:161} INFO - Started process (PID=6610) to work on /home/airflow/.local/lib/python3.8/site-packages/airflow/example_dags/example_sensors.py
[2024-04-29T05:47:03.355+0000] {processor.py:830} INFO - Processing file /home/airflow/.local/lib/python3.8/site-packages/airflow/example_dags/example_sensors.py for tasks to queue
[2024-04-29T05:47:03.357+0000] {logging_mixin.py:188} INFO - [2024-04-29T05:47:03.357+0000] {dagbag.py:540} INFO - Filling up the DagBag from /home/airflow/.local/lib/python3.8/site-packages/airflow/example_dags/example_sensors.py
[2024-04-29T05:47:03.370+0000] {processor.py:840} INFO - DAG(s) 'example_sensors' retrieved from /home/airflow/.local/lib/python3.8/site-packages/airflow/example_dags/example_sensors.py
[2024-04-29T05:47:03.399+0000] {logging_mixin.py:188} INFO - [2024-04-29T05:47:03.399+0000] {dag.py:3047} INFO - Sync 1 DAGs
[2024-04-29T05:47:03.413+0000] {logging_mixin.py:188} INFO - [2024-04-29T05:47:03.413+0000] {dag.py:3834} INFO - Setting next_dagrun for example_sensors to None, run_after=None
[2024-04-29T05:47:03.436+0000] {processor.py:183} INFO - Processing /home/airflow/.local/lib/python3.8/site-packages/airflow/example_dags/example_sensors.py took 0.086 seconds
[2024-04-29T05:47:33.891+0000] {processor.py:161} INFO - Started process (PID=6862) to work on /home/airflow/.local/lib/python3.8/site-packages/airflow/example_dags/example_sensors.py
[2024-04-29T05:47:33.892+0000] {processor.py:830} INFO - Processing file /home/airflow/.local/lib/python3.8/site-packages/airflow/example_dags/example_sensors.py for tasks to queue
[2024-04-29T05:47:33.893+0000] {logging_mixin.py:188} INFO - [2024-04-29T05:47:33.893+0000] {dagbag.py:540} INFO - Filling up the DagBag from /home/airflow/.local/lib/python3.8/site-packages/airflow/example_dags/example_sensors.py
[2024-04-29T05:47:33.905+0000] {processor.py:840} INFO - DAG(s) 'example_sensors' retrieved from /home/airflow/.local/lib/python3.8/site-packages/airflow/example_dags/example_sensors.py
[2024-04-29T05:47:33.934+0000] {logging_mixin.py:188} INFO - [2024-04-29T05:47:33.934+0000] {dag.py:3047} INFO - Sync 1 DAGs
[2024-04-29T05:47:33.948+0000] {logging_mixin.py:188} INFO - [2024-04-29T05:47:33.947+0000] {dag.py:3834} INFO - Setting next_dagrun for example_sensors to None, run_after=None
[2024-04-29T05:47:33.970+0000] {processor.py:183} INFO - Processing /home/airflow/.local/lib/python3.8/site-packages/airflow/example_dags/example_sensors.py took 0.083 seconds
[2024-04-29T05:48:04.325+0000] {processor.py:161} INFO - Started process (PID=7115) to work on /home/airflow/.local/lib/python3.8/site-packages/airflow/example_dags/example_sensors.py
[2024-04-29T05:48:04.327+0000] {processor.py:830} INFO - Processing file /home/airflow/.local/lib/python3.8/site-packages/airflow/example_dags/example_sensors.py for tasks to queue
[2024-04-29T05:48:04.328+0000] {logging_mixin.py:188} INFO - [2024-04-29T05:48:04.327+0000] {dagbag.py:540} INFO - Filling up the DagBag from /home/airflow/.local/lib/python3.8/site-packages/airflow/example_dags/example_sensors.py
[2024-04-29T05:48:04.339+0000] {processor.py:840} INFO - DAG(s) 'example_sensors' retrieved from /home/airflow/.local/lib/python3.8/site-packages/airflow/example_dags/example_sensors.py
[2024-04-29T05:48:04.369+0000] {logging_mixin.py:188} INFO - [2024-04-29T05:48:04.368+0000] {dag.py:3047} INFO - Sync 1 DAGs
[2024-04-29T05:48:04.383+0000] {logging_mixin.py:188} INFO - [2024-04-29T05:48:04.383+0000] {dag.py:3834} INFO - Setting next_dagrun for example_sensors to None, run_after=None
[2024-04-29T05:48:04.407+0000] {processor.py:183} INFO - Processing /home/airflow/.local/lib/python3.8/site-packages/airflow/example_dags/example_sensors.py took 0.088 seconds
[2024-04-29T05:48:34.532+0000] {processor.py:161} INFO - Started process (PID=7367) to work on /home/airflow/.local/lib/python3.8/site-packages/airflow/example_dags/example_sensors.py
[2024-04-29T05:48:34.533+0000] {processor.py:830} INFO - Processing file /home/airflow/.local/lib/python3.8/site-packages/airflow/example_dags/example_sensors.py for tasks to queue
[2024-04-29T05:48:34.535+0000] {logging_mixin.py:188} INFO - [2024-04-29T05:48:34.535+0000] {dagbag.py:540} INFO - Filling up the DagBag from /home/airflow/.local/lib/python3.8/site-packages/airflow/example_dags/example_sensors.py
[2024-04-29T05:48:34.547+0000] {processor.py:840} INFO - DAG(s) 'example_sensors' retrieved from /home/airflow/.local/lib/python3.8/site-packages/airflow/example_dags/example_sensors.py
[2024-04-29T05:48:34.575+0000] {logging_mixin.py:188} INFO - [2024-04-29T05:48:34.575+0000] {dag.py:3047} INFO - Sync 1 DAGs
[2024-04-29T05:48:34.590+0000] {logging_mixin.py:188} INFO - [2024-04-29T05:48:34.589+0000] {dag.py:3834} INFO - Setting next_dagrun for example_sensors to None, run_after=None
[2024-04-29T05:48:34.613+0000] {processor.py:183} INFO - Processing /home/airflow/.local/lib/python3.8/site-packages/airflow/example_dags/example_sensors.py took 0.086 seconds
[2024-04-29T05:49:05.172+0000] {processor.py:161} INFO - Started process (PID=7619) to work on /home/airflow/.local/lib/python3.8/site-packages/airflow/example_dags/example_sensors.py
[2024-04-29T05:49:05.173+0000] {processor.py:830} INFO - Processing file /home/airflow/.local/lib/python3.8/site-packages/airflow/example_dags/example_sensors.py for tasks to queue
[2024-04-29T05:49:05.174+0000] {logging_mixin.py:188} INFO - [2024-04-29T05:49:05.174+0000] {dagbag.py:540} INFO - Filling up the DagBag from /home/airflow/.local/lib/python3.8/site-packages/airflow/example_dags/example_sensors.py
[2024-04-29T05:49:05.184+0000] {processor.py:840} INFO - DAG(s) 'example_sensors' retrieved from /home/airflow/.local/lib/python3.8/site-packages/airflow/example_dags/example_sensors.py
[2024-04-29T05:49:05.214+0000] {logging_mixin.py:188} INFO - [2024-04-29T05:49:05.214+0000] {dag.py:3047} INFO - Sync 1 DAGs
[2024-04-29T05:49:05.229+0000] {logging_mixin.py:188} INFO - [2024-04-29T05:49:05.229+0000] {dag.py:3834} INFO - Setting next_dagrun for example_sensors to None, run_after=None
[2024-04-29T05:49:05.255+0000] {processor.py:183} INFO - Processing /home/airflow/.local/lib/python3.8/site-packages/airflow/example_dags/example_sensors.py took 0.086 seconds
[2024-04-29T05:49:35.422+0000] {processor.py:161} INFO - Started process (PID=7871) to work on /home/airflow/.local/lib/python3.8/site-packages/airflow/example_dags/example_sensors.py
[2024-04-29T05:49:35.423+0000] {processor.py:830} INFO - Processing file /home/airflow/.local/lib/python3.8/site-packages/airflow/example_dags/example_sensors.py for tasks to queue
[2024-04-29T05:49:35.424+0000] {logging_mixin.py:188} INFO - [2024-04-29T05:49:35.424+0000] {dagbag.py:540} INFO - Filling up the DagBag from /home/airflow/.local/lib/python3.8/site-packages/airflow/example_dags/example_sensors.py
[2024-04-29T05:49:35.437+0000] {processor.py:840} INFO - DAG(s) 'example_sensors' retrieved from /home/airflow/.local/lib/python3.8/site-packages/airflow/example_dags/example_sensors.py
[2024-04-29T05:49:35.502+0000] {logging_mixin.py:188} INFO - [2024-04-29T05:49:35.502+0000] {dag.py:3047} INFO - Sync 1 DAGs
[2024-04-29T05:49:35.522+0000] {logging_mixin.py:188} INFO - [2024-04-29T05:49:35.522+0000] {dag.py:3834} INFO - Setting next_dagrun for example_sensors to None, run_after=None
[2024-04-29T05:49:35.546+0000] {processor.py:183} INFO - Processing /home/airflow/.local/lib/python3.8/site-packages/airflow/example_dags/example_sensors.py took 0.130 seconds
[2024-04-29T05:50:06.506+0000] {processor.py:161} INFO - Started process (PID=8126) to work on /home/airflow/.local/lib/python3.8/site-packages/airflow/example_dags/example_sensors.py
[2024-04-29T05:50:06.507+0000] {processor.py:830} INFO - Processing file /home/airflow/.local/lib/python3.8/site-packages/airflow/example_dags/example_sensors.py for tasks to queue
[2024-04-29T05:50:06.508+0000] {logging_mixin.py:188} INFO - [2024-04-29T05:50:06.508+0000] {dagbag.py:540} INFO - Filling up the DagBag from /home/airflow/.local/lib/python3.8/site-packages/airflow/example_dags/example_sensors.py
[2024-04-29T05:50:06.519+0000] {processor.py:840} INFO - DAG(s) 'example_sensors' retrieved from /home/airflow/.local/lib/python3.8/site-packages/airflow/example_dags/example_sensors.py
[2024-04-29T05:50:06.565+0000] {logging_mixin.py:188} INFO - [2024-04-29T05:50:06.565+0000] {dag.py:3047} INFO - Sync 1 DAGs
[2024-04-29T05:50:06.580+0000] {logging_mixin.py:188} INFO - [2024-04-29T05:50:06.580+0000] {dag.py:3834} INFO - Setting next_dagrun for example_sensors to None, run_after=None
[2024-04-29T05:50:06.606+0000] {processor.py:183} INFO - Processing /home/airflow/.local/lib/python3.8/site-packages/airflow/example_dags/example_sensors.py took 0.103 seconds
