[2024-04-29T05:31:54.807+0000] {processor.py:161} INFO - Started process (PID=278) to work on /home/airflow/.local/lib/python3.8/site-packages/airflow/example_dags/example_task_group_decorator.py
[2024-04-29T05:31:54.809+0000] {processor.py:830} INFO - Processing file /home/airflow/.local/lib/python3.8/site-packages/airflow/example_dags/example_task_group_decorator.py for tasks to queue
[2024-04-29T05:31:54.830+0000] {logging_mixin.py:188} INFO - [2024-04-29T05:31:54.830+0000] {dagbag.py:540} INFO - Filling up the DagBag from /home/airflow/.local/lib/python3.8/site-packages/airflow/example_dags/example_task_group_decorator.py
[2024-04-29T05:31:54.856+0000] {processor.py:840} INFO - DAG(s) 'example_task_group_decorator' retrieved from /home/airflow/.local/lib/python3.8/site-packages/airflow/example_dags/example_task_group_decorator.py
[2024-04-29T05:31:55.172+0000] {logging_mixin.py:188} INFO - [2024-04-29T05:31:55.171+0000] {override.py:1769} INFO - Created Permission View: can read on DAG:example_task_group_decorator
[2024-04-29T05:31:55.198+0000] {logging_mixin.py:188} INFO - [2024-04-29T05:31:55.198+0000] {override.py:1769} INFO - Created Permission View: can edit on DAG:example_task_group_decorator
[2024-04-29T05:31:55.211+0000] {logging_mixin.py:188} INFO - [2024-04-29T05:31:55.211+0000] {override.py:1769} INFO - Created Permission View: can delete on DAG:example_task_group_decorator
[2024-04-29T05:31:55.211+0000] {logging_mixin.py:188} INFO - [2024-04-29T05:31:55.211+0000] {dag.py:3047} INFO - Sync 1 DAGs
[2024-04-29T05:31:55.232+0000] {logging_mixin.py:188} INFO - [2024-04-29T05:31:55.232+0000] {dag.py:3069} INFO - Creating ORM DAG for example_task_group_decorator
[2024-04-29T05:31:55.256+0000] {logging_mixin.py:188} INFO - [2024-04-29T05:31:55.254+0000] {dag.py:3834} INFO - Setting next_dagrun for example_task_group_decorator to 2024-04-28 00:00:00+00:00, run_after=2024-04-29 00:00:00+00:00
[2024-04-29T05:31:55.295+0000] {processor.py:183} INFO - Processing /home/airflow/.local/lib/python3.8/site-packages/airflow/example_dags/example_task_group_decorator.py took 0.493 seconds
[2024-04-29T05:32:25.794+0000] {processor.py:161} INFO - Started process (PID=528) to work on /home/airflow/.local/lib/python3.8/site-packages/airflow/example_dags/example_task_group_decorator.py
[2024-04-29T05:32:25.795+0000] {processor.py:830} INFO - Processing file /home/airflow/.local/lib/python3.8/site-packages/airflow/example_dags/example_task_group_decorator.py for tasks to queue
[2024-04-29T05:32:25.796+0000] {logging_mixin.py:188} INFO - [2024-04-29T05:32:25.795+0000] {dagbag.py:540} INFO - Filling up the DagBag from /home/airflow/.local/lib/python3.8/site-packages/airflow/example_dags/example_task_group_decorator.py
[2024-04-29T05:32:25.814+0000] {processor.py:840} INFO - DAG(s) 'example_task_group_decorator' retrieved from /home/airflow/.local/lib/python3.8/site-packages/airflow/example_dags/example_task_group_decorator.py
[2024-04-29T05:32:25.843+0000] {logging_mixin.py:188} INFO - [2024-04-29T05:32:25.843+0000] {dag.py:3047} INFO - Sync 1 DAGs
[2024-04-29T05:32:25.874+0000] {logging_mixin.py:188} INFO - [2024-04-29T05:32:25.874+0000] {dag.py:3834} INFO - Setting next_dagrun for example_task_group_decorator to 2024-04-28 00:00:00+00:00, run_after=2024-04-29 00:00:00+00:00
[2024-04-29T05:32:25.898+0000] {processor.py:183} INFO - Processing /home/airflow/.local/lib/python3.8/site-packages/airflow/example_dags/example_task_group_decorator.py took 0.108 seconds
[2024-04-29T05:32:56.331+0000] {processor.py:161} INFO - Started process (PID=779) to work on /home/airflow/.local/lib/python3.8/site-packages/airflow/example_dags/example_task_group_decorator.py
[2024-04-29T05:32:56.332+0000] {processor.py:830} INFO - Processing file /home/airflow/.local/lib/python3.8/site-packages/airflow/example_dags/example_task_group_decorator.py for tasks to queue
[2024-04-29T05:32:56.333+0000] {logging_mixin.py:188} INFO - [2024-04-29T05:32:56.332+0000] {dagbag.py:540} INFO - Filling up the DagBag from /home/airflow/.local/lib/python3.8/site-packages/airflow/example_dags/example_task_group_decorator.py
[2024-04-29T05:32:56.355+0000] {processor.py:840} INFO - DAG(s) 'example_task_group_decorator' retrieved from /home/airflow/.local/lib/python3.8/site-packages/airflow/example_dags/example_task_group_decorator.py
[2024-04-29T05:32:56.385+0000] {logging_mixin.py:188} INFO - [2024-04-29T05:32:56.384+0000] {dag.py:3047} INFO - Sync 1 DAGs
[2024-04-29T05:32:56.412+0000] {logging_mixin.py:188} INFO - [2024-04-29T05:32:56.412+0000] {dag.py:3834} INFO - Setting next_dagrun for example_task_group_decorator to 2024-04-28 00:00:00+00:00, run_after=2024-04-29 00:00:00+00:00
[2024-04-29T05:32:56.435+0000] {processor.py:183} INFO - Processing /home/airflow/.local/lib/python3.8/site-packages/airflow/example_dags/example_task_group_decorator.py took 0.108 seconds
[2024-04-29T05:34:26.888+0000] {processor.py:161} INFO - Started process (PID=276) to work on /home/airflow/.local/lib/python3.8/site-packages/airflow/example_dags/example_task_group_decorator.py
[2024-04-29T05:34:26.889+0000] {processor.py:830} INFO - Processing file /home/airflow/.local/lib/python3.8/site-packages/airflow/example_dags/example_task_group_decorator.py for tasks to queue
[2024-04-29T05:34:26.890+0000] {logging_mixin.py:188} INFO - [2024-04-29T05:34:26.889+0000] {dagbag.py:540} INFO - Filling up the DagBag from /home/airflow/.local/lib/python3.8/site-packages/airflow/example_dags/example_task_group_decorator.py
[2024-04-29T05:34:26.913+0000] {processor.py:840} INFO - DAG(s) 'example_task_group_decorator' retrieved from /home/airflow/.local/lib/python3.8/site-packages/airflow/example_dags/example_task_group_decorator.py
[2024-04-29T05:34:26.938+0000] {logging_mixin.py:188} INFO - [2024-04-29T05:34:26.937+0000] {dag.py:3047} INFO - Sync 1 DAGs
[2024-04-29T05:34:26.989+0000] {logging_mixin.py:188} INFO - [2024-04-29T05:34:26.989+0000] {dag.py:3834} INFO - Setting next_dagrun for example_task_group_decorator to 2024-04-28 00:00:00+00:00, run_after=2024-04-29 00:00:00+00:00
[2024-04-29T05:34:27.051+0000] {processor.py:183} INFO - Processing /home/airflow/.local/lib/python3.8/site-packages/airflow/example_dags/example_task_group_decorator.py took 0.167 seconds
[2024-04-29T05:34:58.512+0000] {processor.py:161} INFO - Started process (PID=527) to work on /home/airflow/.local/lib/python3.8/site-packages/airflow/example_dags/example_task_group_decorator.py
[2024-04-29T05:34:58.513+0000] {processor.py:830} INFO - Processing file /home/airflow/.local/lib/python3.8/site-packages/airflow/example_dags/example_task_group_decorator.py for tasks to queue
[2024-04-29T05:34:58.514+0000] {logging_mixin.py:188} INFO - [2024-04-29T05:34:58.513+0000] {dagbag.py:540} INFO - Filling up the DagBag from /home/airflow/.local/lib/python3.8/site-packages/airflow/example_dags/example_task_group_decorator.py
[2024-04-29T05:34:58.548+0000] {processor.py:840} INFO - DAG(s) 'example_task_group_decorator' retrieved from /home/airflow/.local/lib/python3.8/site-packages/airflow/example_dags/example_task_group_decorator.py
[2024-04-29T05:34:58.749+0000] {logging_mixin.py:188} INFO - [2024-04-29T05:34:58.749+0000] {dag.py:3047} INFO - Sync 1 DAGs
[2024-04-29T05:34:58.774+0000] {logging_mixin.py:188} INFO - [2024-04-29T05:34:58.774+0000] {dag.py:3834} INFO - Setting next_dagrun for example_task_group_decorator to 2024-04-28 00:00:00+00:00, run_after=2024-04-29 00:00:00+00:00
[2024-04-29T05:34:58.798+0000] {processor.py:183} INFO - Processing /home/airflow/.local/lib/python3.8/site-packages/airflow/example_dags/example_task_group_decorator.py took 0.290 seconds
[2024-04-29T05:35:29.810+0000] {processor.py:161} INFO - Started process (PID=781) to work on /home/airflow/.local/lib/python3.8/site-packages/airflow/example_dags/example_task_group_decorator.py
[2024-04-29T05:35:29.811+0000] {processor.py:830} INFO - Processing file /home/airflow/.local/lib/python3.8/site-packages/airflow/example_dags/example_task_group_decorator.py for tasks to queue
[2024-04-29T05:35:29.812+0000] {logging_mixin.py:188} INFO - [2024-04-29T05:35:29.811+0000] {dagbag.py:540} INFO - Filling up the DagBag from /home/airflow/.local/lib/python3.8/site-packages/airflow/example_dags/example_task_group_decorator.py
[2024-04-29T05:35:29.831+0000] {processor.py:840} INFO - DAG(s) 'example_task_group_decorator' retrieved from /home/airflow/.local/lib/python3.8/site-packages/airflow/example_dags/example_task_group_decorator.py
[2024-04-29T05:35:29.863+0000] {logging_mixin.py:188} INFO - [2024-04-29T05:35:29.863+0000] {dag.py:3047} INFO - Sync 1 DAGs
[2024-04-29T05:35:29.888+0000] {logging_mixin.py:188} INFO - [2024-04-29T05:35:29.888+0000] {dag.py:3834} INFO - Setting next_dagrun for example_task_group_decorator to 2024-04-28 00:00:00+00:00, run_after=2024-04-29 00:00:00+00:00
[2024-04-29T05:35:29.911+0000] {processor.py:183} INFO - Processing /home/airflow/.local/lib/python3.8/site-packages/airflow/example_dags/example_task_group_decorator.py took 0.105 seconds
[2024-04-29T05:36:00.034+0000] {processor.py:161} INFO - Started process (PID=1032) to work on /home/airflow/.local/lib/python3.8/site-packages/airflow/example_dags/example_task_group_decorator.py
[2024-04-29T05:36:00.035+0000] {processor.py:830} INFO - Processing file /home/airflow/.local/lib/python3.8/site-packages/airflow/example_dags/example_task_group_decorator.py for tasks to queue
[2024-04-29T05:36:00.036+0000] {logging_mixin.py:188} INFO - [2024-04-29T05:36:00.036+0000] {dagbag.py:540} INFO - Filling up the DagBag from /home/airflow/.local/lib/python3.8/site-packages/airflow/example_dags/example_task_group_decorator.py
[2024-04-29T05:36:00.055+0000] {processor.py:840} INFO - DAG(s) 'example_task_group_decorator' retrieved from /home/airflow/.local/lib/python3.8/site-packages/airflow/example_dags/example_task_group_decorator.py
[2024-04-29T05:36:00.088+0000] {logging_mixin.py:188} INFO - [2024-04-29T05:36:00.088+0000] {dag.py:3047} INFO - Sync 1 DAGs
[2024-04-29T05:36:00.117+0000] {logging_mixin.py:188} INFO - [2024-04-29T05:36:00.116+0000] {dag.py:3834} INFO - Setting next_dagrun for example_task_group_decorator to 2024-04-28 00:00:00+00:00, run_after=2024-04-29 00:00:00+00:00
[2024-04-29T05:36:00.142+0000] {processor.py:183} INFO - Processing /home/airflow/.local/lib/python3.8/site-packages/airflow/example_dags/example_task_group_decorator.py took 0.111 seconds
[2024-04-29T05:36:30.584+0000] {processor.py:161} INFO - Started process (PID=1285) to work on /home/airflow/.local/lib/python3.8/site-packages/airflow/example_dags/example_task_group_decorator.py
[2024-04-29T05:36:30.585+0000] {processor.py:830} INFO - Processing file /home/airflow/.local/lib/python3.8/site-packages/airflow/example_dags/example_task_group_decorator.py for tasks to queue
[2024-04-29T05:36:30.587+0000] {logging_mixin.py:188} INFO - [2024-04-29T05:36:30.586+0000] {dagbag.py:540} INFO - Filling up the DagBag from /home/airflow/.local/lib/python3.8/site-packages/airflow/example_dags/example_task_group_decorator.py
[2024-04-29T05:36:30.607+0000] {processor.py:840} INFO - DAG(s) 'example_task_group_decorator' retrieved from /home/airflow/.local/lib/python3.8/site-packages/airflow/example_dags/example_task_group_decorator.py
[2024-04-29T05:36:30.637+0000] {logging_mixin.py:188} INFO - [2024-04-29T05:36:30.636+0000] {dag.py:3047} INFO - Sync 1 DAGs
[2024-04-29T05:36:30.661+0000] {logging_mixin.py:188} INFO - [2024-04-29T05:36:30.661+0000] {dag.py:3834} INFO - Setting next_dagrun for example_task_group_decorator to 2024-04-28 00:00:00+00:00, run_after=2024-04-29 00:00:00+00:00
[2024-04-29T05:36:30.684+0000] {processor.py:183} INFO - Processing /home/airflow/.local/lib/python3.8/site-packages/airflow/example_dags/example_task_group_decorator.py took 0.103 seconds
[2024-04-29T05:37:01.063+0000] {processor.py:161} INFO - Started process (PID=1538) to work on /home/airflow/.local/lib/python3.8/site-packages/airflow/example_dags/example_task_group_decorator.py
[2024-04-29T05:37:01.064+0000] {processor.py:830} INFO - Processing file /home/airflow/.local/lib/python3.8/site-packages/airflow/example_dags/example_task_group_decorator.py for tasks to queue
[2024-04-29T05:37:01.065+0000] {logging_mixin.py:188} INFO - [2024-04-29T05:37:01.065+0000] {dagbag.py:540} INFO - Filling up the DagBag from /home/airflow/.local/lib/python3.8/site-packages/airflow/example_dags/example_task_group_decorator.py
[2024-04-29T05:37:01.084+0000] {processor.py:840} INFO - DAG(s) 'example_task_group_decorator' retrieved from /home/airflow/.local/lib/python3.8/site-packages/airflow/example_dags/example_task_group_decorator.py
[2024-04-29T05:37:01.114+0000] {logging_mixin.py:188} INFO - [2024-04-29T05:37:01.114+0000] {dag.py:3047} INFO - Sync 1 DAGs
[2024-04-29T05:37:01.142+0000] {logging_mixin.py:188} INFO - [2024-04-29T05:37:01.142+0000] {dag.py:3834} INFO - Setting next_dagrun for example_task_group_decorator to 2024-04-28 00:00:00+00:00, run_after=2024-04-29 00:00:00+00:00
[2024-04-29T05:37:01.171+0000] {processor.py:183} INFO - Processing /home/airflow/.local/lib/python3.8/site-packages/airflow/example_dags/example_task_group_decorator.py took 0.111 seconds
[2024-04-29T05:37:31.445+0000] {processor.py:161} INFO - Started process (PID=1790) to work on /home/airflow/.local/lib/python3.8/site-packages/airflow/example_dags/example_task_group_decorator.py
[2024-04-29T05:37:31.448+0000] {processor.py:830} INFO - Processing file /home/airflow/.local/lib/python3.8/site-packages/airflow/example_dags/example_task_group_decorator.py for tasks to queue
[2024-04-29T05:37:31.449+0000] {logging_mixin.py:188} INFO - [2024-04-29T05:37:31.449+0000] {dagbag.py:540} INFO - Filling up the DagBag from /home/airflow/.local/lib/python3.8/site-packages/airflow/example_dags/example_task_group_decorator.py
[2024-04-29T05:37:31.468+0000] {processor.py:840} INFO - DAG(s) 'example_task_group_decorator' retrieved from /home/airflow/.local/lib/python3.8/site-packages/airflow/example_dags/example_task_group_decorator.py
[2024-04-29T05:37:31.498+0000] {logging_mixin.py:188} INFO - [2024-04-29T05:37:31.498+0000] {dag.py:3047} INFO - Sync 1 DAGs
[2024-04-29T05:37:31.522+0000] {logging_mixin.py:188} INFO - [2024-04-29T05:37:31.522+0000] {dag.py:3834} INFO - Setting next_dagrun for example_task_group_decorator to 2024-04-28 00:00:00+00:00, run_after=2024-04-29 00:00:00+00:00
[2024-04-29T05:37:31.549+0000] {processor.py:183} INFO - Processing /home/airflow/.local/lib/python3.8/site-packages/airflow/example_dags/example_task_group_decorator.py took 0.107 seconds
[2024-04-29T05:38:13.912+0000] {processor.py:161} INFO - Started process (PID=2153) to work on /home/airflow/.local/lib/python3.8/site-packages/airflow/example_dags/example_task_group_decorator.py
[2024-04-29T05:38:13.927+0000] {processor.py:830} INFO - Processing file /home/airflow/.local/lib/python3.8/site-packages/airflow/example_dags/example_task_group_decorator.py for tasks to queue
[2024-04-29T05:38:13.928+0000] {logging_mixin.py:188} INFO - [2024-04-29T05:38:13.928+0000] {dagbag.py:540} INFO - Filling up the DagBag from /home/airflow/.local/lib/python3.8/site-packages/airflow/example_dags/example_task_group_decorator.py
[2024-04-29T05:38:14.178+0000] {processor.py:840} INFO - DAG(s) 'example_task_group_decorator' retrieved from /home/airflow/.local/lib/python3.8/site-packages/airflow/example_dags/example_task_group_decorator.py
[2024-04-29T05:38:14.501+0000] {logging_mixin.py:188} INFO - [2024-04-29T05:38:14.500+0000] {dag.py:3047} INFO - Sync 1 DAGs
[2024-04-29T05:38:14.861+0000] {logging_mixin.py:188} INFO - [2024-04-29T05:38:14.861+0000] {dag.py:3834} INFO - Setting next_dagrun for example_task_group_decorator to 2024-04-28 00:00:00+00:00, run_after=2024-04-29 00:00:00+00:00
[2024-04-29T05:38:15.044+0000] {processor.py:183} INFO - Processing /home/airflow/.local/lib/python3.8/site-packages/airflow/example_dags/example_task_group_decorator.py took 1.136 seconds
[2024-04-29T05:38:45.824+0000] {processor.py:161} INFO - Started process (PID=2455) to work on /home/airflow/.local/lib/python3.8/site-packages/airflow/example_dags/example_task_group_decorator.py
[2024-04-29T05:38:45.825+0000] {processor.py:830} INFO - Processing file /home/airflow/.local/lib/python3.8/site-packages/airflow/example_dags/example_task_group_decorator.py for tasks to queue
[2024-04-29T05:38:45.826+0000] {logging_mixin.py:188} INFO - [2024-04-29T05:38:45.826+0000] {dagbag.py:540} INFO - Filling up the DagBag from /home/airflow/.local/lib/python3.8/site-packages/airflow/example_dags/example_task_group_decorator.py
[2024-04-29T05:38:45.848+0000] {processor.py:840} INFO - DAG(s) 'example_task_group_decorator' retrieved from /home/airflow/.local/lib/python3.8/site-packages/airflow/example_dags/example_task_group_decorator.py
[2024-04-29T05:38:45.906+0000] {logging_mixin.py:188} INFO - [2024-04-29T05:38:45.906+0000] {dag.py:3047} INFO - Sync 1 DAGs
[2024-04-29T05:38:45.931+0000] {logging_mixin.py:188} INFO - [2024-04-29T05:38:45.931+0000] {dag.py:3834} INFO - Setting next_dagrun for example_task_group_decorator to 2024-04-28 00:00:00+00:00, run_after=2024-04-29 00:00:00+00:00
[2024-04-29T05:38:45.955+0000] {processor.py:183} INFO - Processing /home/airflow/.local/lib/python3.8/site-packages/airflow/example_dags/example_task_group_decorator.py took 0.135 seconds
[2024-04-29T05:39:16.036+0000] {processor.py:161} INFO - Started process (PID=2708) to work on /home/airflow/.local/lib/python3.8/site-packages/airflow/example_dags/example_task_group_decorator.py
[2024-04-29T05:39:16.037+0000] {processor.py:830} INFO - Processing file /home/airflow/.local/lib/python3.8/site-packages/airflow/example_dags/example_task_group_decorator.py for tasks to queue
[2024-04-29T05:39:16.039+0000] {logging_mixin.py:188} INFO - [2024-04-29T05:39:16.038+0000] {dagbag.py:540} INFO - Filling up the DagBag from /home/airflow/.local/lib/python3.8/site-packages/airflow/example_dags/example_task_group_decorator.py
[2024-04-29T05:39:16.062+0000] {processor.py:840} INFO - DAG(s) 'example_task_group_decorator' retrieved from /home/airflow/.local/lib/python3.8/site-packages/airflow/example_dags/example_task_group_decorator.py
[2024-04-29T05:39:16.097+0000] {logging_mixin.py:188} INFO - [2024-04-29T05:39:16.097+0000] {dag.py:3047} INFO - Sync 1 DAGs
[2024-04-29T05:39:16.125+0000] {logging_mixin.py:188} INFO - [2024-04-29T05:39:16.125+0000] {dag.py:3834} INFO - Setting next_dagrun for example_task_group_decorator to 2024-04-28 00:00:00+00:00, run_after=2024-04-29 00:00:00+00:00
[2024-04-29T05:39:16.159+0000] {processor.py:183} INFO - Processing /home/airflow/.local/lib/python3.8/site-packages/airflow/example_dags/example_task_group_decorator.py took 0.126 seconds
[2024-04-29T05:39:46.214+0000] {processor.py:161} INFO - Started process (PID=2962) to work on /home/airflow/.local/lib/python3.8/site-packages/airflow/example_dags/example_task_group_decorator.py
[2024-04-29T05:39:46.215+0000] {processor.py:830} INFO - Processing file /home/airflow/.local/lib/python3.8/site-packages/airflow/example_dags/example_task_group_decorator.py for tasks to queue
[2024-04-29T05:39:46.216+0000] {logging_mixin.py:188} INFO - [2024-04-29T05:39:46.216+0000] {dagbag.py:540} INFO - Filling up the DagBag from /home/airflow/.local/lib/python3.8/site-packages/airflow/example_dags/example_task_group_decorator.py
[2024-04-29T05:39:46.236+0000] {processor.py:840} INFO - DAG(s) 'example_task_group_decorator' retrieved from /home/airflow/.local/lib/python3.8/site-packages/airflow/example_dags/example_task_group_decorator.py
[2024-04-29T05:39:46.290+0000] {logging_mixin.py:188} INFO - [2024-04-29T05:39:46.289+0000] {dag.py:3047} INFO - Sync 1 DAGs
[2024-04-29T05:39:46.321+0000] {logging_mixin.py:188} INFO - [2024-04-29T05:39:46.321+0000] {dag.py:3834} INFO - Setting next_dagrun for example_task_group_decorator to 2024-04-28 00:00:00+00:00, run_after=2024-04-29 00:00:00+00:00
[2024-04-29T05:39:46.350+0000] {processor.py:183} INFO - Processing /home/airflow/.local/lib/python3.8/site-packages/airflow/example_dags/example_task_group_decorator.py took 0.139 seconds
[2024-04-29T05:40:16.445+0000] {processor.py:161} INFO - Started process (PID=3215) to work on /home/airflow/.local/lib/python3.8/site-packages/airflow/example_dags/example_task_group_decorator.py
[2024-04-29T05:40:16.446+0000] {processor.py:830} INFO - Processing file /home/airflow/.local/lib/python3.8/site-packages/airflow/example_dags/example_task_group_decorator.py for tasks to queue
[2024-04-29T05:40:16.447+0000] {logging_mixin.py:188} INFO - [2024-04-29T05:40:16.447+0000] {dagbag.py:540} INFO - Filling up the DagBag from /home/airflow/.local/lib/python3.8/site-packages/airflow/example_dags/example_task_group_decorator.py
[2024-04-29T05:40:16.476+0000] {processor.py:840} INFO - DAG(s) 'example_task_group_decorator' retrieved from /home/airflow/.local/lib/python3.8/site-packages/airflow/example_dags/example_task_group_decorator.py
[2024-04-29T05:40:16.505+0000] {logging_mixin.py:188} INFO - [2024-04-29T05:40:16.505+0000] {dag.py:3047} INFO - Sync 1 DAGs
[2024-04-29T05:40:16.532+0000] {logging_mixin.py:188} INFO - [2024-04-29T05:40:16.532+0000] {dag.py:3834} INFO - Setting next_dagrun for example_task_group_decorator to 2024-04-28 00:00:00+00:00, run_after=2024-04-29 00:00:00+00:00
[2024-04-29T05:40:16.553+0000] {processor.py:183} INFO - Processing /home/airflow/.local/lib/python3.8/site-packages/airflow/example_dags/example_task_group_decorator.py took 0.112 seconds
[2024-04-29T05:40:46.783+0000] {processor.py:161} INFO - Started process (PID=3467) to work on /home/airflow/.local/lib/python3.8/site-packages/airflow/example_dags/example_task_group_decorator.py
[2024-04-29T05:40:46.785+0000] {processor.py:830} INFO - Processing file /home/airflow/.local/lib/python3.8/site-packages/airflow/example_dags/example_task_group_decorator.py for tasks to queue
[2024-04-29T05:40:46.786+0000] {logging_mixin.py:188} INFO - [2024-04-29T05:40:46.786+0000] {dagbag.py:540} INFO - Filling up the DagBag from /home/airflow/.local/lib/python3.8/site-packages/airflow/example_dags/example_task_group_decorator.py
[2024-04-29T05:40:46.805+0000] {processor.py:840} INFO - DAG(s) 'example_task_group_decorator' retrieved from /home/airflow/.local/lib/python3.8/site-packages/airflow/example_dags/example_task_group_decorator.py
[2024-04-29T05:40:46.846+0000] {logging_mixin.py:188} INFO - [2024-04-29T05:40:46.845+0000] {dag.py:3047} INFO - Sync 1 DAGs
[2024-04-29T05:40:46.874+0000] {logging_mixin.py:188} INFO - [2024-04-29T05:40:46.874+0000] {dag.py:3834} INFO - Setting next_dagrun for example_task_group_decorator to 2024-04-28 00:00:00+00:00, run_after=2024-04-29 00:00:00+00:00
[2024-04-29T05:40:46.910+0000] {processor.py:183} INFO - Processing /home/airflow/.local/lib/python3.8/site-packages/airflow/example_dags/example_task_group_decorator.py took 0.131 seconds
[2024-04-29T05:41:17.180+0000] {processor.py:161} INFO - Started process (PID=3730) to work on /home/airflow/.local/lib/python3.8/site-packages/airflow/example_dags/example_task_group_decorator.py
[2024-04-29T05:41:17.194+0000] {processor.py:830} INFO - Processing file /home/airflow/.local/lib/python3.8/site-packages/airflow/example_dags/example_task_group_decorator.py for tasks to queue
[2024-04-29T05:41:17.205+0000] {logging_mixin.py:188} INFO - [2024-04-29T05:41:17.205+0000] {dagbag.py:540} INFO - Filling up the DagBag from /home/airflow/.local/lib/python3.8/site-packages/airflow/example_dags/example_task_group_decorator.py
[2024-04-29T05:41:17.314+0000] {processor.py:840} INFO - DAG(s) 'example_task_group_decorator' retrieved from /home/airflow/.local/lib/python3.8/site-packages/airflow/example_dags/example_task_group_decorator.py
[2024-04-29T05:41:17.384+0000] {logging_mixin.py:188} INFO - [2024-04-29T05:41:17.384+0000] {dag.py:3047} INFO - Sync 1 DAGs
[2024-04-29T05:41:17.453+0000] {logging_mixin.py:188} INFO - [2024-04-29T05:41:17.453+0000] {dag.py:3834} INFO - Setting next_dagrun for example_task_group_decorator to 2024-04-28 00:00:00+00:00, run_after=2024-04-29 00:00:00+00:00
[2024-04-29T05:41:17.495+0000] {processor.py:183} INFO - Processing /home/airflow/.local/lib/python3.8/site-packages/airflow/example_dags/example_task_group_decorator.py took 0.337 seconds
[2024-04-29T05:41:47.753+0000] {processor.py:161} INFO - Started process (PID=3982) to work on /home/airflow/.local/lib/python3.8/site-packages/airflow/example_dags/example_task_group_decorator.py
[2024-04-29T05:41:47.754+0000] {processor.py:830} INFO - Processing file /home/airflow/.local/lib/python3.8/site-packages/airflow/example_dags/example_task_group_decorator.py for tasks to queue
[2024-04-29T05:41:47.755+0000] {logging_mixin.py:188} INFO - [2024-04-29T05:41:47.755+0000] {dagbag.py:540} INFO - Filling up the DagBag from /home/airflow/.local/lib/python3.8/site-packages/airflow/example_dags/example_task_group_decorator.py
[2024-04-29T05:41:47.775+0000] {processor.py:840} INFO - DAG(s) 'example_task_group_decorator' retrieved from /home/airflow/.local/lib/python3.8/site-packages/airflow/example_dags/example_task_group_decorator.py
[2024-04-29T05:41:47.807+0000] {logging_mixin.py:188} INFO - [2024-04-29T05:41:47.807+0000] {dag.py:3047} INFO - Sync 1 DAGs
[2024-04-29T05:41:47.837+0000] {logging_mixin.py:188} INFO - [2024-04-29T05:41:47.836+0000] {dag.py:3834} INFO - Setting next_dagrun for example_task_group_decorator to 2024-04-28 00:00:00+00:00, run_after=2024-04-29 00:00:00+00:00
[2024-04-29T05:41:47.859+0000] {processor.py:183} INFO - Processing /home/airflow/.local/lib/python3.8/site-packages/airflow/example_dags/example_task_group_decorator.py took 0.109 seconds
[2024-04-29T05:42:18.219+0000] {processor.py:161} INFO - Started process (PID=4234) to work on /home/airflow/.local/lib/python3.8/site-packages/airflow/example_dags/example_task_group_decorator.py
[2024-04-29T05:42:18.227+0000] {processor.py:830} INFO - Processing file /home/airflow/.local/lib/python3.8/site-packages/airflow/example_dags/example_task_group_decorator.py for tasks to queue
[2024-04-29T05:42:18.229+0000] {logging_mixin.py:188} INFO - [2024-04-29T05:42:18.229+0000] {dagbag.py:540} INFO - Filling up the DagBag from /home/airflow/.local/lib/python3.8/site-packages/airflow/example_dags/example_task_group_decorator.py
[2024-04-29T05:42:18.284+0000] {processor.py:840} INFO - DAG(s) 'example_task_group_decorator' retrieved from /home/airflow/.local/lib/python3.8/site-packages/airflow/example_dags/example_task_group_decorator.py
[2024-04-29T05:42:18.349+0000] {logging_mixin.py:188} INFO - [2024-04-29T05:42:18.349+0000] {dag.py:3047} INFO - Sync 1 DAGs
[2024-04-29T05:42:18.382+0000] {logging_mixin.py:188} INFO - [2024-04-29T05:42:18.382+0000] {dag.py:3834} INFO - Setting next_dagrun for example_task_group_decorator to 2024-04-28 00:00:00+00:00, run_after=2024-04-29 00:00:00+00:00
[2024-04-29T05:42:18.411+0000] {processor.py:183} INFO - Processing /home/airflow/.local/lib/python3.8/site-packages/airflow/example_dags/example_task_group_decorator.py took 0.196 seconds
[2024-04-29T05:42:48.501+0000] {processor.py:161} INFO - Started process (PID=4487) to work on /home/airflow/.local/lib/python3.8/site-packages/airflow/example_dags/example_task_group_decorator.py
[2024-04-29T05:42:48.502+0000] {processor.py:830} INFO - Processing file /home/airflow/.local/lib/python3.8/site-packages/airflow/example_dags/example_task_group_decorator.py for tasks to queue
[2024-04-29T05:42:48.503+0000] {logging_mixin.py:188} INFO - [2024-04-29T05:42:48.503+0000] {dagbag.py:540} INFO - Filling up the DagBag from /home/airflow/.local/lib/python3.8/site-packages/airflow/example_dags/example_task_group_decorator.py
[2024-04-29T05:42:48.523+0000] {processor.py:840} INFO - DAG(s) 'example_task_group_decorator' retrieved from /home/airflow/.local/lib/python3.8/site-packages/airflow/example_dags/example_task_group_decorator.py
[2024-04-29T05:42:48.553+0000] {logging_mixin.py:188} INFO - [2024-04-29T05:42:48.553+0000] {dag.py:3047} INFO - Sync 1 DAGs
[2024-04-29T05:42:48.579+0000] {logging_mixin.py:188} INFO - [2024-04-29T05:42:48.579+0000] {dag.py:3834} INFO - Setting next_dagrun for example_task_group_decorator to 2024-04-28 00:00:00+00:00, run_after=2024-04-29 00:00:00+00:00
[2024-04-29T05:42:48.603+0000] {processor.py:183} INFO - Processing /home/airflow/.local/lib/python3.8/site-packages/airflow/example_dags/example_task_group_decorator.py took 0.105 seconds
[2024-04-29T05:43:18.760+0000] {processor.py:161} INFO - Started process (PID=4740) to work on /home/airflow/.local/lib/python3.8/site-packages/airflow/example_dags/example_task_group_decorator.py
[2024-04-29T05:43:18.761+0000] {processor.py:830} INFO - Processing file /home/airflow/.local/lib/python3.8/site-packages/airflow/example_dags/example_task_group_decorator.py for tasks to queue
[2024-04-29T05:43:18.762+0000] {logging_mixin.py:188} INFO - [2024-04-29T05:43:18.762+0000] {dagbag.py:540} INFO - Filling up the DagBag from /home/airflow/.local/lib/python3.8/site-packages/airflow/example_dags/example_task_group_decorator.py
[2024-04-29T05:43:18.782+0000] {processor.py:840} INFO - DAG(s) 'example_task_group_decorator' retrieved from /home/airflow/.local/lib/python3.8/site-packages/airflow/example_dags/example_task_group_decorator.py
[2024-04-29T05:43:18.813+0000] {logging_mixin.py:188} INFO - [2024-04-29T05:43:18.812+0000] {dag.py:3047} INFO - Sync 1 DAGs
[2024-04-29T05:43:18.837+0000] {logging_mixin.py:188} INFO - [2024-04-29T05:43:18.836+0000] {dag.py:3834} INFO - Setting next_dagrun for example_task_group_decorator to 2024-04-28 00:00:00+00:00, run_after=2024-04-29 00:00:00+00:00
[2024-04-29T05:43:18.861+0000] {processor.py:183} INFO - Processing /home/airflow/.local/lib/python3.8/site-packages/airflow/example_dags/example_task_group_decorator.py took 0.104 seconds
[2024-04-29T05:43:49.016+0000] {processor.py:161} INFO - Started process (PID=4992) to work on /home/airflow/.local/lib/python3.8/site-packages/airflow/example_dags/example_task_group_decorator.py
[2024-04-29T05:43:49.018+0000] {processor.py:830} INFO - Processing file /home/airflow/.local/lib/python3.8/site-packages/airflow/example_dags/example_task_group_decorator.py for tasks to queue
[2024-04-29T05:43:49.019+0000] {logging_mixin.py:188} INFO - [2024-04-29T05:43:49.019+0000] {dagbag.py:540} INFO - Filling up the DagBag from /home/airflow/.local/lib/python3.8/site-packages/airflow/example_dags/example_task_group_decorator.py
[2024-04-29T05:43:49.040+0000] {processor.py:840} INFO - DAG(s) 'example_task_group_decorator' retrieved from /home/airflow/.local/lib/python3.8/site-packages/airflow/example_dags/example_task_group_decorator.py
[2024-04-29T05:43:49.073+0000] {logging_mixin.py:188} INFO - [2024-04-29T05:43:49.072+0000] {dag.py:3047} INFO - Sync 1 DAGs
[2024-04-29T05:43:49.101+0000] {logging_mixin.py:188} INFO - [2024-04-29T05:43:49.100+0000] {dag.py:3834} INFO - Setting next_dagrun for example_task_group_decorator to 2024-04-28 00:00:00+00:00, run_after=2024-04-29 00:00:00+00:00
[2024-04-29T05:43:49.123+0000] {processor.py:183} INFO - Processing /home/airflow/.local/lib/python3.8/site-packages/airflow/example_dags/example_task_group_decorator.py took 0.110 seconds
[2024-04-29T05:44:19.516+0000] {processor.py:161} INFO - Started process (PID=5245) to work on /home/airflow/.local/lib/python3.8/site-packages/airflow/example_dags/example_task_group_decorator.py
[2024-04-29T05:44:19.518+0000] {processor.py:830} INFO - Processing file /home/airflow/.local/lib/python3.8/site-packages/airflow/example_dags/example_task_group_decorator.py for tasks to queue
[2024-04-29T05:44:19.519+0000] {logging_mixin.py:188} INFO - [2024-04-29T05:44:19.519+0000] {dagbag.py:540} INFO - Filling up the DagBag from /home/airflow/.local/lib/python3.8/site-packages/airflow/example_dags/example_task_group_decorator.py
[2024-04-29T05:44:19.540+0000] {processor.py:840} INFO - DAG(s) 'example_task_group_decorator' retrieved from /home/airflow/.local/lib/python3.8/site-packages/airflow/example_dags/example_task_group_decorator.py
[2024-04-29T05:44:19.569+0000] {logging_mixin.py:188} INFO - [2024-04-29T05:44:19.569+0000] {dag.py:3047} INFO - Sync 1 DAGs
[2024-04-29T05:44:19.598+0000] {logging_mixin.py:188} INFO - [2024-04-29T05:44:19.598+0000] {dag.py:3834} INFO - Setting next_dagrun for example_task_group_decorator to 2024-04-28 00:00:00+00:00, run_after=2024-04-29 00:00:00+00:00
[2024-04-29T05:44:19.631+0000] {processor.py:183} INFO - Processing /home/airflow/.local/lib/python3.8/site-packages/airflow/example_dags/example_task_group_decorator.py took 0.118 seconds
[2024-04-29T05:44:49.788+0000] {processor.py:161} INFO - Started process (PID=5497) to work on /home/airflow/.local/lib/python3.8/site-packages/airflow/example_dags/example_task_group_decorator.py
[2024-04-29T05:44:49.789+0000] {processor.py:830} INFO - Processing file /home/airflow/.local/lib/python3.8/site-packages/airflow/example_dags/example_task_group_decorator.py for tasks to queue
[2024-04-29T05:44:49.790+0000] {logging_mixin.py:188} INFO - [2024-04-29T05:44:49.790+0000] {dagbag.py:540} INFO - Filling up the DagBag from /home/airflow/.local/lib/python3.8/site-packages/airflow/example_dags/example_task_group_decorator.py
[2024-04-29T05:44:49.810+0000] {processor.py:840} INFO - DAG(s) 'example_task_group_decorator' retrieved from /home/airflow/.local/lib/python3.8/site-packages/airflow/example_dags/example_task_group_decorator.py
[2024-04-29T05:44:49.840+0000] {logging_mixin.py:188} INFO - [2024-04-29T05:44:49.840+0000] {dag.py:3047} INFO - Sync 1 DAGs
[2024-04-29T05:44:49.867+0000] {logging_mixin.py:188} INFO - [2024-04-29T05:44:49.867+0000] {dag.py:3834} INFO - Setting next_dagrun for example_task_group_decorator to 2024-04-28 00:00:00+00:00, run_after=2024-04-29 00:00:00+00:00
[2024-04-29T05:44:49.889+0000] {processor.py:183} INFO - Processing /home/airflow/.local/lib/python3.8/site-packages/airflow/example_dags/example_task_group_decorator.py took 0.105 seconds
[2024-04-29T05:45:19.946+0000] {processor.py:161} INFO - Started process (PID=5750) to work on /home/airflow/.local/lib/python3.8/site-packages/airflow/example_dags/example_task_group_decorator.py
[2024-04-29T05:45:19.947+0000] {processor.py:830} INFO - Processing file /home/airflow/.local/lib/python3.8/site-packages/airflow/example_dags/example_task_group_decorator.py for tasks to queue
[2024-04-29T05:45:19.948+0000] {logging_mixin.py:188} INFO - [2024-04-29T05:45:19.947+0000] {dagbag.py:540} INFO - Filling up the DagBag from /home/airflow/.local/lib/python3.8/site-packages/airflow/example_dags/example_task_group_decorator.py
[2024-04-29T05:45:19.972+0000] {processor.py:840} INFO - DAG(s) 'example_task_group_decorator' retrieved from /home/airflow/.local/lib/python3.8/site-packages/airflow/example_dags/example_task_group_decorator.py
[2024-04-29T05:45:19.999+0000] {logging_mixin.py:188} INFO - [2024-04-29T05:45:19.999+0000] {dag.py:3047} INFO - Sync 1 DAGs
[2024-04-29T05:45:20.025+0000] {logging_mixin.py:188} INFO - [2024-04-29T05:45:20.025+0000] {dag.py:3834} INFO - Setting next_dagrun for example_task_group_decorator to 2024-04-28 00:00:00+00:00, run_after=2024-04-29 00:00:00+00:00
[2024-04-29T05:45:20.063+0000] {processor.py:183} INFO - Processing /home/airflow/.local/lib/python3.8/site-packages/airflow/example_dags/example_task_group_decorator.py took 0.120 seconds
[2024-04-29T05:45:50.582+0000] {processor.py:161} INFO - Started process (PID=6002) to work on /home/airflow/.local/lib/python3.8/site-packages/airflow/example_dags/example_task_group_decorator.py
[2024-04-29T05:45:50.583+0000] {processor.py:830} INFO - Processing file /home/airflow/.local/lib/python3.8/site-packages/airflow/example_dags/example_task_group_decorator.py for tasks to queue
[2024-04-29T05:45:50.584+0000] {logging_mixin.py:188} INFO - [2024-04-29T05:45:50.584+0000] {dagbag.py:540} INFO - Filling up the DagBag from /home/airflow/.local/lib/python3.8/site-packages/airflow/example_dags/example_task_group_decorator.py
[2024-04-29T05:45:50.604+0000] {processor.py:840} INFO - DAG(s) 'example_task_group_decorator' retrieved from /home/airflow/.local/lib/python3.8/site-packages/airflow/example_dags/example_task_group_decorator.py
[2024-04-29T05:45:50.635+0000] {logging_mixin.py:188} INFO - [2024-04-29T05:45:50.635+0000] {dag.py:3047} INFO - Sync 1 DAGs
[2024-04-29T05:45:50.660+0000] {logging_mixin.py:188} INFO - [2024-04-29T05:45:50.660+0000] {dag.py:3834} INFO - Setting next_dagrun for example_task_group_decorator to 2024-04-28 00:00:00+00:00, run_after=2024-04-29 00:00:00+00:00
[2024-04-29T05:45:50.690+0000] {processor.py:183} INFO - Processing /home/airflow/.local/lib/python3.8/site-packages/airflow/example_dags/example_task_group_decorator.py took 0.112 seconds
[2024-04-29T05:46:20.977+0000] {processor.py:161} INFO - Started process (PID=6255) to work on /home/airflow/.local/lib/python3.8/site-packages/airflow/example_dags/example_task_group_decorator.py
[2024-04-29T05:46:20.978+0000] {processor.py:830} INFO - Processing file /home/airflow/.local/lib/python3.8/site-packages/airflow/example_dags/example_task_group_decorator.py for tasks to queue
[2024-04-29T05:46:20.979+0000] {logging_mixin.py:188} INFO - [2024-04-29T05:46:20.979+0000] {dagbag.py:540} INFO - Filling up the DagBag from /home/airflow/.local/lib/python3.8/site-packages/airflow/example_dags/example_task_group_decorator.py
[2024-04-29T05:46:20.998+0000] {processor.py:840} INFO - DAG(s) 'example_task_group_decorator' retrieved from /home/airflow/.local/lib/python3.8/site-packages/airflow/example_dags/example_task_group_decorator.py
[2024-04-29T05:46:21.032+0000] {logging_mixin.py:188} INFO - [2024-04-29T05:46:21.031+0000] {dag.py:3047} INFO - Sync 1 DAGs
[2024-04-29T05:46:21.058+0000] {logging_mixin.py:188} INFO - [2024-04-29T05:46:21.058+0000] {dag.py:3834} INFO - Setting next_dagrun for example_task_group_decorator to 2024-04-28 00:00:00+00:00, run_after=2024-04-29 00:00:00+00:00
[2024-04-29T05:46:21.083+0000] {processor.py:183} INFO - Processing /home/airflow/.local/lib/python3.8/site-packages/airflow/example_dags/example_task_group_decorator.py took 0.109 seconds
[2024-04-29T05:46:51.815+0000] {processor.py:161} INFO - Started process (PID=6507) to work on /home/airflow/.local/lib/python3.8/site-packages/airflow/example_dags/example_task_group_decorator.py
[2024-04-29T05:46:51.817+0000] {processor.py:830} INFO - Processing file /home/airflow/.local/lib/python3.8/site-packages/airflow/example_dags/example_task_group_decorator.py for tasks to queue
[2024-04-29T05:46:51.818+0000] {logging_mixin.py:188} INFO - [2024-04-29T05:46:51.818+0000] {dagbag.py:540} INFO - Filling up the DagBag from /home/airflow/.local/lib/python3.8/site-packages/airflow/example_dags/example_task_group_decorator.py
[2024-04-29T05:46:51.838+0000] {processor.py:840} INFO - DAG(s) 'example_task_group_decorator' retrieved from /home/airflow/.local/lib/python3.8/site-packages/airflow/example_dags/example_task_group_decorator.py
[2024-04-29T05:46:51.866+0000] {logging_mixin.py:188} INFO - [2024-04-29T05:46:51.866+0000] {dag.py:3047} INFO - Sync 1 DAGs
[2024-04-29T05:46:51.892+0000] {logging_mixin.py:188} INFO - [2024-04-29T05:46:51.891+0000] {dag.py:3834} INFO - Setting next_dagrun for example_task_group_decorator to 2024-04-28 00:00:00+00:00, run_after=2024-04-29 00:00:00+00:00
[2024-04-29T05:46:51.921+0000] {processor.py:183} INFO - Processing /home/airflow/.local/lib/python3.8/site-packages/airflow/example_dags/example_task_group_decorator.py took 0.109 seconds
[2024-04-29T05:47:22.373+0000] {processor.py:161} INFO - Started process (PID=6759) to work on /home/airflow/.local/lib/python3.8/site-packages/airflow/example_dags/example_task_group_decorator.py
[2024-04-29T05:47:22.374+0000] {processor.py:830} INFO - Processing file /home/airflow/.local/lib/python3.8/site-packages/airflow/example_dags/example_task_group_decorator.py for tasks to queue
[2024-04-29T05:47:22.376+0000] {logging_mixin.py:188} INFO - [2024-04-29T05:47:22.375+0000] {dagbag.py:540} INFO - Filling up the DagBag from /home/airflow/.local/lib/python3.8/site-packages/airflow/example_dags/example_task_group_decorator.py
[2024-04-29T05:47:22.396+0000] {processor.py:840} INFO - DAG(s) 'example_task_group_decorator' retrieved from /home/airflow/.local/lib/python3.8/site-packages/airflow/example_dags/example_task_group_decorator.py
[2024-04-29T05:47:22.427+0000] {logging_mixin.py:188} INFO - [2024-04-29T05:47:22.427+0000] {dag.py:3047} INFO - Sync 1 DAGs
[2024-04-29T05:47:22.454+0000] {logging_mixin.py:188} INFO - [2024-04-29T05:47:22.454+0000] {dag.py:3834} INFO - Setting next_dagrun for example_task_group_decorator to 2024-04-28 00:00:00+00:00, run_after=2024-04-29 00:00:00+00:00
[2024-04-29T05:47:22.479+0000] {processor.py:183} INFO - Processing /home/airflow/.local/lib/python3.8/site-packages/airflow/example_dags/example_task_group_decorator.py took 0.109 seconds
[2024-04-29T05:47:52.915+0000] {processor.py:161} INFO - Started process (PID=7012) to work on /home/airflow/.local/lib/python3.8/site-packages/airflow/example_dags/example_task_group_decorator.py
[2024-04-29T05:47:52.928+0000] {processor.py:830} INFO - Processing file /home/airflow/.local/lib/python3.8/site-packages/airflow/example_dags/example_task_group_decorator.py for tasks to queue
[2024-04-29T05:47:52.929+0000] {logging_mixin.py:188} INFO - [2024-04-29T05:47:52.928+0000] {dagbag.py:540} INFO - Filling up the DagBag from /home/airflow/.local/lib/python3.8/site-packages/airflow/example_dags/example_task_group_decorator.py
[2024-04-29T05:47:52.971+0000] {processor.py:840} INFO - DAG(s) 'example_task_group_decorator' retrieved from /home/airflow/.local/lib/python3.8/site-packages/airflow/example_dags/example_task_group_decorator.py
[2024-04-29T05:47:53.021+0000] {logging_mixin.py:188} INFO - [2024-04-29T05:47:53.020+0000] {dag.py:3047} INFO - Sync 1 DAGs
[2024-04-29T05:47:53.047+0000] {logging_mixin.py:188} INFO - [2024-04-29T05:47:53.047+0000] {dag.py:3834} INFO - Setting next_dagrun for example_task_group_decorator to 2024-04-28 00:00:00+00:00, run_after=2024-04-29 00:00:00+00:00
[2024-04-29T05:47:53.078+0000] {processor.py:183} INFO - Processing /home/airflow/.local/lib/python3.8/site-packages/airflow/example_dags/example_task_group_decorator.py took 0.175 seconds
[2024-04-29T05:48:24.125+0000] {processor.py:161} INFO - Started process (PID=7264) to work on /home/airflow/.local/lib/python3.8/site-packages/airflow/example_dags/example_task_group_decorator.py
[2024-04-29T05:48:24.131+0000] {processor.py:830} INFO - Processing file /home/airflow/.local/lib/python3.8/site-packages/airflow/example_dags/example_task_group_decorator.py for tasks to queue
[2024-04-29T05:48:24.134+0000] {logging_mixin.py:188} INFO - [2024-04-29T05:48:24.134+0000] {dagbag.py:540} INFO - Filling up the DagBag from /home/airflow/.local/lib/python3.8/site-packages/airflow/example_dags/example_task_group_decorator.py
[2024-04-29T05:48:24.156+0000] {processor.py:840} INFO - DAG(s) 'example_task_group_decorator' retrieved from /home/airflow/.local/lib/python3.8/site-packages/airflow/example_dags/example_task_group_decorator.py
[2024-04-29T05:48:24.185+0000] {logging_mixin.py:188} INFO - [2024-04-29T05:48:24.185+0000] {dag.py:3047} INFO - Sync 1 DAGs
[2024-04-29T05:48:24.214+0000] {logging_mixin.py:188} INFO - [2024-04-29T05:48:24.214+0000] {dag.py:3834} INFO - Setting next_dagrun for example_task_group_decorator to 2024-04-28 00:00:00+00:00, run_after=2024-04-29 00:00:00+00:00
[2024-04-29T05:48:24.239+0000] {processor.py:183} INFO - Processing /home/airflow/.local/lib/python3.8/site-packages/airflow/example_dags/example_task_group_decorator.py took 0.130 seconds
[2024-04-29T05:48:54.665+0000] {processor.py:161} INFO - Started process (PID=7516) to work on /home/airflow/.local/lib/python3.8/site-packages/airflow/example_dags/example_task_group_decorator.py
[2024-04-29T05:48:54.666+0000] {processor.py:830} INFO - Processing file /home/airflow/.local/lib/python3.8/site-packages/airflow/example_dags/example_task_group_decorator.py for tasks to queue
[2024-04-29T05:48:54.667+0000] {logging_mixin.py:188} INFO - [2024-04-29T05:48:54.667+0000] {dagbag.py:540} INFO - Filling up the DagBag from /home/airflow/.local/lib/python3.8/site-packages/airflow/example_dags/example_task_group_decorator.py
[2024-04-29T05:48:54.686+0000] {processor.py:840} INFO - DAG(s) 'example_task_group_decorator' retrieved from /home/airflow/.local/lib/python3.8/site-packages/airflow/example_dags/example_task_group_decorator.py
[2024-04-29T05:48:54.719+0000] {logging_mixin.py:188} INFO - [2024-04-29T05:48:54.719+0000] {dag.py:3047} INFO - Sync 1 DAGs
[2024-04-29T05:48:54.745+0000] {logging_mixin.py:188} INFO - [2024-04-29T05:48:54.744+0000] {dag.py:3834} INFO - Setting next_dagrun for example_task_group_decorator to 2024-04-28 00:00:00+00:00, run_after=2024-04-29 00:00:00+00:00
[2024-04-29T05:48:54.769+0000] {processor.py:183} INFO - Processing /home/airflow/.local/lib/python3.8/site-packages/airflow/example_dags/example_task_group_decorator.py took 0.107 seconds
[2024-04-29T05:49:24.854+0000] {processor.py:161} INFO - Started process (PID=7768) to work on /home/airflow/.local/lib/python3.8/site-packages/airflow/example_dags/example_task_group_decorator.py
[2024-04-29T05:49:24.855+0000] {processor.py:830} INFO - Processing file /home/airflow/.local/lib/python3.8/site-packages/airflow/example_dags/example_task_group_decorator.py for tasks to queue
[2024-04-29T05:49:24.856+0000] {logging_mixin.py:188} INFO - [2024-04-29T05:49:24.856+0000] {dagbag.py:540} INFO - Filling up the DagBag from /home/airflow/.local/lib/python3.8/site-packages/airflow/example_dags/example_task_group_decorator.py
[2024-04-29T05:49:24.877+0000] {processor.py:840} INFO - DAG(s) 'example_task_group_decorator' retrieved from /home/airflow/.local/lib/python3.8/site-packages/airflow/example_dags/example_task_group_decorator.py
[2024-04-29T05:49:24.914+0000] {logging_mixin.py:188} INFO - [2024-04-29T05:49:24.914+0000] {dag.py:3047} INFO - Sync 1 DAGs
[2024-04-29T05:49:24.951+0000] {logging_mixin.py:188} INFO - [2024-04-29T05:49:24.950+0000] {dag.py:3834} INFO - Setting next_dagrun for example_task_group_decorator to 2024-04-28 00:00:00+00:00, run_after=2024-04-29 00:00:00+00:00
[2024-04-29T05:49:24.990+0000] {processor.py:183} INFO - Processing /home/airflow/.local/lib/python3.8/site-packages/airflow/example_dags/example_task_group_decorator.py took 0.139 seconds
[2024-04-29T05:49:55.153+0000] {processor.py:161} INFO - Started process (PID=8021) to work on /home/airflow/.local/lib/python3.8/site-packages/airflow/example_dags/example_task_group_decorator.py
[2024-04-29T05:49:55.154+0000] {processor.py:830} INFO - Processing file /home/airflow/.local/lib/python3.8/site-packages/airflow/example_dags/example_task_group_decorator.py for tasks to queue
[2024-04-29T05:49:55.155+0000] {logging_mixin.py:188} INFO - [2024-04-29T05:49:55.155+0000] {dagbag.py:540} INFO - Filling up the DagBag from /home/airflow/.local/lib/python3.8/site-packages/airflow/example_dags/example_task_group_decorator.py
[2024-04-29T05:49:55.181+0000] {processor.py:840} INFO - DAG(s) 'example_task_group_decorator' retrieved from /home/airflow/.local/lib/python3.8/site-packages/airflow/example_dags/example_task_group_decorator.py
[2024-04-29T05:49:55.210+0000] {logging_mixin.py:188} INFO - [2024-04-29T05:49:55.209+0000] {dag.py:3047} INFO - Sync 1 DAGs
[2024-04-29T05:49:55.235+0000] {logging_mixin.py:188} INFO - [2024-04-29T05:49:55.235+0000] {dag.py:3834} INFO - Setting next_dagrun for example_task_group_decorator to 2024-04-28 00:00:00+00:00, run_after=2024-04-29 00:00:00+00:00
[2024-04-29T05:49:55.261+0000] {processor.py:183} INFO - Processing /home/airflow/.local/lib/python3.8/site-packages/airflow/example_dags/example_task_group_decorator.py took 0.111 seconds
