[2024-04-29T05:31:50.084+0000] {processor.py:161} INFO - Started process (PID=191) to work on /home/airflow/.local/lib/python3.8/site-packages/airflow/example_dags/example_python_operator.py
[2024-04-29T05:31:50.085+0000] {processor.py:830} INFO - Processing file /home/airflow/.local/lib/python3.8/site-packages/airflow/example_dags/example_python_operator.py for tasks to queue
[2024-04-29T05:31:50.087+0000] {logging_mixin.py:188} INFO - [2024-04-29T05:31:50.086+0000] {dagbag.py:540} INFO - Filling up the DagBag from /home/airflow/.local/lib/python3.8/site-packages/airflow/example_dags/example_python_operator.py
[2024-04-29T05:31:50.102+0000] {processor.py:840} INFO - DAG(s) 'example_python_operator' retrieved from /home/airflow/.local/lib/python3.8/site-packages/airflow/example_dags/example_python_operator.py
[2024-04-29T05:31:50.282+0000] {logging_mixin.py:188} INFO - [2024-04-29T05:31:50.281+0000] {override.py:1769} INFO - Created Permission View: can read on DAG:example_python_operator
[2024-04-29T05:31:50.302+0000] {logging_mixin.py:188} INFO - [2024-04-29T05:31:50.302+0000] {override.py:1769} INFO - Created Permission View: can edit on DAG:example_python_operator
[2024-04-29T05:31:50.314+0000] {logging_mixin.py:188} INFO - [2024-04-29T05:31:50.314+0000] {override.py:1769} INFO - Created Permission View: can delete on DAG:example_python_operator
[2024-04-29T05:31:50.315+0000] {logging_mixin.py:188} INFO - [2024-04-29T05:31:50.314+0000] {dag.py:3047} INFO - Sync 1 DAGs
[2024-04-29T05:31:50.333+0000] {logging_mixin.py:188} INFO - [2024-04-29T05:31:50.332+0000] {dag.py:3069} INFO - Creating ORM DAG for example_python_operator
[2024-04-29T05:31:50.338+0000] {logging_mixin.py:188} INFO - [2024-04-29T05:31:50.338+0000] {dag.py:3834} INFO - Setting next_dagrun for example_python_operator to None, run_after=None
[2024-04-29T05:31:50.366+0000] {processor.py:183} INFO - Processing /home/airflow/.local/lib/python3.8/site-packages/airflow/example_dags/example_python_operator.py took 0.285 seconds
[2024-04-29T05:32:20.767+0000] {processor.py:161} INFO - Started process (PID=443) to work on /home/airflow/.local/lib/python3.8/site-packages/airflow/example_dags/example_python_operator.py
[2024-04-29T05:32:20.768+0000] {processor.py:830} INFO - Processing file /home/airflow/.local/lib/python3.8/site-packages/airflow/example_dags/example_python_operator.py for tasks to queue
[2024-04-29T05:32:20.769+0000] {logging_mixin.py:188} INFO - [2024-04-29T05:32:20.768+0000] {dagbag.py:540} INFO - Filling up the DagBag from /home/airflow/.local/lib/python3.8/site-packages/airflow/example_dags/example_python_operator.py
[2024-04-29T05:32:20.780+0000] {processor.py:840} INFO - DAG(s) 'example_python_operator' retrieved from /home/airflow/.local/lib/python3.8/site-packages/airflow/example_dags/example_python_operator.py
[2024-04-29T05:32:20.810+0000] {logging_mixin.py:188} INFO - [2024-04-29T05:32:20.810+0000] {dag.py:3047} INFO - Sync 1 DAGs
[2024-04-29T05:32:20.826+0000] {logging_mixin.py:188} INFO - [2024-04-29T05:32:20.826+0000] {dag.py:3834} INFO - Setting next_dagrun for example_python_operator to None, run_after=None
[2024-04-29T05:32:20.850+0000] {processor.py:183} INFO - Processing /home/airflow/.local/lib/python3.8/site-packages/airflow/example_dags/example_python_operator.py took 0.086 seconds
[2024-04-29T05:32:51.077+0000] {processor.py:161} INFO - Started process (PID=694) to work on /home/airflow/.local/lib/python3.8/site-packages/airflow/example_dags/example_python_operator.py
[2024-04-29T05:32:51.078+0000] {processor.py:830} INFO - Processing file /home/airflow/.local/lib/python3.8/site-packages/airflow/example_dags/example_python_operator.py for tasks to queue
[2024-04-29T05:32:51.079+0000] {logging_mixin.py:188} INFO - [2024-04-29T05:32:51.079+0000] {dagbag.py:540} INFO - Filling up the DagBag from /home/airflow/.local/lib/python3.8/site-packages/airflow/example_dags/example_python_operator.py
[2024-04-29T05:32:51.092+0000] {processor.py:840} INFO - DAG(s) 'example_python_operator' retrieved from /home/airflow/.local/lib/python3.8/site-packages/airflow/example_dags/example_python_operator.py
[2024-04-29T05:32:51.116+0000] {logging_mixin.py:188} INFO - [2024-04-29T05:32:51.116+0000] {dag.py:3047} INFO - Sync 1 DAGs
[2024-04-29T05:32:51.134+0000] {logging_mixin.py:188} INFO - [2024-04-29T05:32:51.134+0000] {dag.py:3834} INFO - Setting next_dagrun for example_python_operator to None, run_after=None
[2024-04-29T05:32:51.158+0000] {processor.py:183} INFO - Processing /home/airflow/.local/lib/python3.8/site-packages/airflow/example_dags/example_python_operator.py took 0.084 seconds
[2024-04-29T05:34:24.625+0000] {processor.py:161} INFO - Started process (PID=190) to work on /home/airflow/.local/lib/python3.8/site-packages/airflow/example_dags/example_python_operator.py
[2024-04-29T05:34:24.626+0000] {processor.py:830} INFO - Processing file /home/airflow/.local/lib/python3.8/site-packages/airflow/example_dags/example_python_operator.py for tasks to queue
[2024-04-29T05:34:24.628+0000] {logging_mixin.py:188} INFO - [2024-04-29T05:34:24.627+0000] {dagbag.py:540} INFO - Filling up the DagBag from /home/airflow/.local/lib/python3.8/site-packages/airflow/example_dags/example_python_operator.py
[2024-04-29T05:34:24.645+0000] {processor.py:840} INFO - DAG(s) 'example_python_operator' retrieved from /home/airflow/.local/lib/python3.8/site-packages/airflow/example_dags/example_python_operator.py
[2024-04-29T05:34:24.715+0000] {logging_mixin.py:188} INFO - [2024-04-29T05:34:24.714+0000] {dag.py:3047} INFO - Sync 1 DAGs
[2024-04-29T05:34:24.790+0000] {logging_mixin.py:188} INFO - [2024-04-29T05:34:24.789+0000] {dag.py:3834} INFO - Setting next_dagrun for example_python_operator to None, run_after=None
[2024-04-29T05:34:24.844+0000] {processor.py:183} INFO - Processing /home/airflow/.local/lib/python3.8/site-packages/airflow/example_dags/example_python_operator.py took 0.231 seconds
[2024-04-29T05:34:56.155+0000] {processor.py:161} INFO - Started process (PID=442) to work on /home/airflow/.local/lib/python3.8/site-packages/airflow/example_dags/example_python_operator.py
[2024-04-29T05:34:56.156+0000] {processor.py:830} INFO - Processing file /home/airflow/.local/lib/python3.8/site-packages/airflow/example_dags/example_python_operator.py for tasks to queue
[2024-04-29T05:34:56.157+0000] {logging_mixin.py:188} INFO - [2024-04-29T05:34:56.157+0000] {dagbag.py:540} INFO - Filling up the DagBag from /home/airflow/.local/lib/python3.8/site-packages/airflow/example_dags/example_python_operator.py
[2024-04-29T05:34:56.178+0000] {processor.py:840} INFO - DAG(s) 'example_python_operator' retrieved from /home/airflow/.local/lib/python3.8/site-packages/airflow/example_dags/example_python_operator.py
[2024-04-29T05:34:56.314+0000] {logging_mixin.py:188} INFO - [2024-04-29T05:34:56.314+0000] {dag.py:3047} INFO - Sync 1 DAGs
[2024-04-29T05:34:56.328+0000] {logging_mixin.py:188} INFO - [2024-04-29T05:34:56.328+0000] {dag.py:3834} INFO - Setting next_dagrun for example_python_operator to None, run_after=None
[2024-04-29T05:34:56.355+0000] {processor.py:183} INFO - Processing /home/airflow/.local/lib/python3.8/site-packages/airflow/example_dags/example_python_operator.py took 0.204 seconds
[2024-04-29T05:35:26.484+0000] {processor.py:161} INFO - Started process (PID=694) to work on /home/airflow/.local/lib/python3.8/site-packages/airflow/example_dags/example_python_operator.py
[2024-04-29T05:35:26.485+0000] {processor.py:830} INFO - Processing file /home/airflow/.local/lib/python3.8/site-packages/airflow/example_dags/example_python_operator.py for tasks to queue
[2024-04-29T05:35:26.486+0000] {logging_mixin.py:188} INFO - [2024-04-29T05:35:26.486+0000] {dagbag.py:540} INFO - Filling up the DagBag from /home/airflow/.local/lib/python3.8/site-packages/airflow/example_dags/example_python_operator.py
[2024-04-29T05:35:26.503+0000] {processor.py:840} INFO - DAG(s) 'example_python_operator' retrieved from /home/airflow/.local/lib/python3.8/site-packages/airflow/example_dags/example_python_operator.py
[2024-04-29T05:35:26.549+0000] {logging_mixin.py:188} INFO - [2024-04-29T05:35:26.549+0000] {dag.py:3047} INFO - Sync 1 DAGs
[2024-04-29T05:35:26.566+0000] {logging_mixin.py:188} INFO - [2024-04-29T05:35:26.565+0000] {dag.py:3834} INFO - Setting next_dagrun for example_python_operator to None, run_after=None
[2024-04-29T05:35:26.592+0000] {processor.py:183} INFO - Processing /home/airflow/.local/lib/python3.8/site-packages/airflow/example_dags/example_python_operator.py took 0.111 seconds
[2024-04-29T05:35:56.677+0000] {processor.py:161} INFO - Started process (PID=945) to work on /home/airflow/.local/lib/python3.8/site-packages/airflow/example_dags/example_python_operator.py
[2024-04-29T05:35:56.678+0000] {processor.py:830} INFO - Processing file /home/airflow/.local/lib/python3.8/site-packages/airflow/example_dags/example_python_operator.py for tasks to queue
[2024-04-29T05:35:56.679+0000] {logging_mixin.py:188} INFO - [2024-04-29T05:35:56.679+0000] {dagbag.py:540} INFO - Filling up the DagBag from /home/airflow/.local/lib/python3.8/site-packages/airflow/example_dags/example_python_operator.py
[2024-04-29T05:35:56.692+0000] {processor.py:840} INFO - DAG(s) 'example_python_operator' retrieved from /home/airflow/.local/lib/python3.8/site-packages/airflow/example_dags/example_python_operator.py
[2024-04-29T05:35:56.717+0000] {logging_mixin.py:188} INFO - [2024-04-29T05:35:56.716+0000] {dag.py:3047} INFO - Sync 1 DAGs
[2024-04-29T05:35:56.731+0000] {logging_mixin.py:188} INFO - [2024-04-29T05:35:56.730+0000] {dag.py:3834} INFO - Setting next_dagrun for example_python_operator to None, run_after=None
[2024-04-29T05:35:56.754+0000] {processor.py:183} INFO - Processing /home/airflow/.local/lib/python3.8/site-packages/airflow/example_dags/example_python_operator.py took 0.080 seconds
[2024-04-29T05:36:27.334+0000] {processor.py:161} INFO - Started process (PID=1198) to work on /home/airflow/.local/lib/python3.8/site-packages/airflow/example_dags/example_python_operator.py
[2024-04-29T05:36:27.335+0000] {processor.py:830} INFO - Processing file /home/airflow/.local/lib/python3.8/site-packages/airflow/example_dags/example_python_operator.py for tasks to queue
[2024-04-29T05:36:27.336+0000] {logging_mixin.py:188} INFO - [2024-04-29T05:36:27.336+0000] {dagbag.py:540} INFO - Filling up the DagBag from /home/airflow/.local/lib/python3.8/site-packages/airflow/example_dags/example_python_operator.py
[2024-04-29T05:36:27.348+0000] {processor.py:840} INFO - DAG(s) 'example_python_operator' retrieved from /home/airflow/.local/lib/python3.8/site-packages/airflow/example_dags/example_python_operator.py
[2024-04-29T05:36:27.373+0000] {logging_mixin.py:188} INFO - [2024-04-29T05:36:27.373+0000] {dag.py:3047} INFO - Sync 1 DAGs
[2024-04-29T05:36:27.388+0000] {logging_mixin.py:188} INFO - [2024-04-29T05:36:27.388+0000] {dag.py:3834} INFO - Setting next_dagrun for example_python_operator to None, run_after=None
[2024-04-29T05:36:27.413+0000] {processor.py:183} INFO - Processing /home/airflow/.local/lib/python3.8/site-packages/airflow/example_dags/example_python_operator.py took 0.082 seconds
[2024-04-29T05:36:57.828+0000] {processor.py:161} INFO - Started process (PID=1451) to work on /home/airflow/.local/lib/python3.8/site-packages/airflow/example_dags/example_python_operator.py
[2024-04-29T05:36:57.830+0000] {processor.py:830} INFO - Processing file /home/airflow/.local/lib/python3.8/site-packages/airflow/example_dags/example_python_operator.py for tasks to queue
[2024-04-29T05:36:57.831+0000] {logging_mixin.py:188} INFO - [2024-04-29T05:36:57.831+0000] {dagbag.py:540} INFO - Filling up the DagBag from /home/airflow/.local/lib/python3.8/site-packages/airflow/example_dags/example_python_operator.py
[2024-04-29T05:36:57.844+0000] {processor.py:840} INFO - DAG(s) 'example_python_operator' retrieved from /home/airflow/.local/lib/python3.8/site-packages/airflow/example_dags/example_python_operator.py
[2024-04-29T05:36:57.870+0000] {logging_mixin.py:188} INFO - [2024-04-29T05:36:57.870+0000] {dag.py:3047} INFO - Sync 1 DAGs
[2024-04-29T05:36:57.883+0000] {logging_mixin.py:188} INFO - [2024-04-29T05:36:57.883+0000] {dag.py:3834} INFO - Setting next_dagrun for example_python_operator to None, run_after=None
[2024-04-29T05:36:57.906+0000] {processor.py:183} INFO - Processing /home/airflow/.local/lib/python3.8/site-packages/airflow/example_dags/example_python_operator.py took 0.081 seconds
[2024-04-29T05:37:28.333+0000] {processor.py:161} INFO - Started process (PID=1703) to work on /home/airflow/.local/lib/python3.8/site-packages/airflow/example_dags/example_python_operator.py
[2024-04-29T05:37:28.334+0000] {processor.py:830} INFO - Processing file /home/airflow/.local/lib/python3.8/site-packages/airflow/example_dags/example_python_operator.py for tasks to queue
[2024-04-29T05:37:28.335+0000] {logging_mixin.py:188} INFO - [2024-04-29T05:37:28.335+0000] {dagbag.py:540} INFO - Filling up the DagBag from /home/airflow/.local/lib/python3.8/site-packages/airflow/example_dags/example_python_operator.py
[2024-04-29T05:37:28.348+0000] {processor.py:840} INFO - DAG(s) 'example_python_operator' retrieved from /home/airflow/.local/lib/python3.8/site-packages/airflow/example_dags/example_python_operator.py
[2024-04-29T05:37:28.374+0000] {logging_mixin.py:188} INFO - [2024-04-29T05:37:28.374+0000] {dag.py:3047} INFO - Sync 1 DAGs
[2024-04-29T05:37:28.388+0000] {logging_mixin.py:188} INFO - [2024-04-29T05:37:28.388+0000] {dag.py:3834} INFO - Setting next_dagrun for example_python_operator to None, run_after=None
[2024-04-29T05:37:28.413+0000] {processor.py:183} INFO - Processing /home/airflow/.local/lib/python3.8/site-packages/airflow/example_dags/example_python_operator.py took 0.084 seconds
[2024-04-29T05:38:02.395+0000] {processor.py:161} INFO - Started process (PID=2029) to work on /home/airflow/.local/lib/python3.8/site-packages/airflow/example_dags/example_python_operator.py
[2024-04-29T05:38:02.402+0000] {processor.py:830} INFO - Processing file /home/airflow/.local/lib/python3.8/site-packages/airflow/example_dags/example_python_operator.py for tasks to queue
[2024-04-29T05:38:02.415+0000] {logging_mixin.py:188} INFO - [2024-04-29T05:38:02.415+0000] {dagbag.py:540} INFO - Filling up the DagBag from /home/airflow/.local/lib/python3.8/site-packages/airflow/example_dags/example_python_operator.py
[2024-04-29T05:38:02.542+0000] {processor.py:840} INFO - DAG(s) 'example_python_operator' retrieved from /home/airflow/.local/lib/python3.8/site-packages/airflow/example_dags/example_python_operator.py
[2024-04-29T05:38:02.876+0000] {logging_mixin.py:188} INFO - [2024-04-29T05:38:02.875+0000] {dag.py:3047} INFO - Sync 1 DAGs
[2024-04-29T05:38:03.048+0000] {logging_mixin.py:188} INFO - [2024-04-29T05:38:03.047+0000] {dag.py:3834} INFO - Setting next_dagrun for example_python_operator to None, run_after=None
[2024-04-29T05:38:03.322+0000] {processor.py:183} INFO - Processing /home/airflow/.local/lib/python3.8/site-packages/airflow/example_dags/example_python_operator.py took 0.973 seconds
[2024-04-29T05:38:33.553+0000] {processor.py:161} INFO - Started process (PID=2350) to work on /home/airflow/.local/lib/python3.8/site-packages/airflow/example_dags/example_python_operator.py
[2024-04-29T05:38:33.558+0000] {processor.py:830} INFO - Processing file /home/airflow/.local/lib/python3.8/site-packages/airflow/example_dags/example_python_operator.py for tasks to queue
[2024-04-29T05:38:33.559+0000] {logging_mixin.py:188} INFO - [2024-04-29T05:38:33.559+0000] {dagbag.py:540} INFO - Filling up the DagBag from /home/airflow/.local/lib/python3.8/site-packages/airflow/example_dags/example_python_operator.py
[2024-04-29T05:38:33.583+0000] {processor.py:840} INFO - DAG(s) 'example_python_operator' retrieved from /home/airflow/.local/lib/python3.8/site-packages/airflow/example_dags/example_python_operator.py
[2024-04-29T05:38:33.662+0000] {logging_mixin.py:188} INFO - [2024-04-29T05:38:33.662+0000] {dag.py:3047} INFO - Sync 1 DAGs
[2024-04-29T05:38:33.699+0000] {logging_mixin.py:188} INFO - [2024-04-29T05:38:33.698+0000] {dag.py:3834} INFO - Setting next_dagrun for example_python_operator to None, run_after=None
[2024-04-29T05:38:33.782+0000] {processor.py:183} INFO - Processing /home/airflow/.local/lib/python3.8/site-packages/airflow/example_dags/example_python_operator.py took 0.233 seconds
[2024-04-29T05:39:03.864+0000] {processor.py:161} INFO - Started process (PID=2616) to work on /home/airflow/.local/lib/python3.8/site-packages/airflow/example_dags/example_python_operator.py
[2024-04-29T05:39:03.865+0000] {processor.py:830} INFO - Processing file /home/airflow/.local/lib/python3.8/site-packages/airflow/example_dags/example_python_operator.py for tasks to queue
[2024-04-29T05:39:03.866+0000] {logging_mixin.py:188} INFO - [2024-04-29T05:39:03.866+0000] {dagbag.py:540} INFO - Filling up the DagBag from /home/airflow/.local/lib/python3.8/site-packages/airflow/example_dags/example_python_operator.py
[2024-04-29T05:39:03.878+0000] {processor.py:840} INFO - DAG(s) 'example_python_operator' retrieved from /home/airflow/.local/lib/python3.8/site-packages/airflow/example_dags/example_python_operator.py
[2024-04-29T05:39:03.906+0000] {logging_mixin.py:188} INFO - [2024-04-29T05:39:03.906+0000] {dag.py:3047} INFO - Sync 1 DAGs
[2024-04-29T05:39:03.920+0000] {logging_mixin.py:188} INFO - [2024-04-29T05:39:03.920+0000] {dag.py:3834} INFO - Setting next_dagrun for example_python_operator to None, run_after=None
[2024-04-29T05:39:03.942+0000] {processor.py:183} INFO - Processing /home/airflow/.local/lib/python3.8/site-packages/airflow/example_dags/example_python_operator.py took 0.083 seconds
[2024-04-29T05:39:34.132+0000] {processor.py:161} INFO - Started process (PID=2867) to work on /home/airflow/.local/lib/python3.8/site-packages/airflow/example_dags/example_python_operator.py
[2024-04-29T05:39:34.133+0000] {processor.py:830} INFO - Processing file /home/airflow/.local/lib/python3.8/site-packages/airflow/example_dags/example_python_operator.py for tasks to queue
[2024-04-29T05:39:34.133+0000] {logging_mixin.py:188} INFO - [2024-04-29T05:39:34.133+0000] {dagbag.py:540} INFO - Filling up the DagBag from /home/airflow/.local/lib/python3.8/site-packages/airflow/example_dags/example_python_operator.py
[2024-04-29T05:39:34.146+0000] {processor.py:840} INFO - DAG(s) 'example_python_operator' retrieved from /home/airflow/.local/lib/python3.8/site-packages/airflow/example_dags/example_python_operator.py
[2024-04-29T05:39:34.170+0000] {logging_mixin.py:188} INFO - [2024-04-29T05:39:34.169+0000] {dag.py:3047} INFO - Sync 1 DAGs
[2024-04-29T05:39:34.188+0000] {logging_mixin.py:188} INFO - [2024-04-29T05:39:34.188+0000] {dag.py:3834} INFO - Setting next_dagrun for example_python_operator to None, run_after=None
[2024-04-29T05:39:34.209+0000] {processor.py:183} INFO - Processing /home/airflow/.local/lib/python3.8/site-packages/airflow/example_dags/example_python_operator.py took 0.081 seconds
[2024-04-29T05:40:04.328+0000] {processor.py:161} INFO - Started process (PID=3121) to work on /home/airflow/.local/lib/python3.8/site-packages/airflow/example_dags/example_python_operator.py
[2024-04-29T05:40:04.329+0000] {processor.py:830} INFO - Processing file /home/airflow/.local/lib/python3.8/site-packages/airflow/example_dags/example_python_operator.py for tasks to queue
[2024-04-29T05:40:04.342+0000] {logging_mixin.py:188} INFO - [2024-04-29T05:40:04.342+0000] {dagbag.py:540} INFO - Filling up the DagBag from /home/airflow/.local/lib/python3.8/site-packages/airflow/example_dags/example_python_operator.py
[2024-04-29T05:40:04.356+0000] {processor.py:840} INFO - DAG(s) 'example_python_operator' retrieved from /home/airflow/.local/lib/python3.8/site-packages/airflow/example_dags/example_python_operator.py
[2024-04-29T05:40:04.384+0000] {logging_mixin.py:188} INFO - [2024-04-29T05:40:04.383+0000] {dag.py:3047} INFO - Sync 1 DAGs
[2024-04-29T05:40:04.395+0000] {logging_mixin.py:188} INFO - [2024-04-29T05:40:04.394+0000] {dag.py:3834} INFO - Setting next_dagrun for example_python_operator to None, run_after=None
[2024-04-29T05:40:04.414+0000] {processor.py:183} INFO - Processing /home/airflow/.local/lib/python3.8/site-packages/airflow/example_dags/example_python_operator.py took 0.100 seconds
[2024-04-29T05:40:34.608+0000] {processor.py:161} INFO - Started process (PID=3374) to work on /home/airflow/.local/lib/python3.8/site-packages/airflow/example_dags/example_python_operator.py
[2024-04-29T05:40:34.609+0000] {processor.py:830} INFO - Processing file /home/airflow/.local/lib/python3.8/site-packages/airflow/example_dags/example_python_operator.py for tasks to queue
[2024-04-29T05:40:34.610+0000] {logging_mixin.py:188} INFO - [2024-04-29T05:40:34.609+0000] {dagbag.py:540} INFO - Filling up the DagBag from /home/airflow/.local/lib/python3.8/site-packages/airflow/example_dags/example_python_operator.py
[2024-04-29T05:40:34.631+0000] {processor.py:840} INFO - DAG(s) 'example_python_operator' retrieved from /home/airflow/.local/lib/python3.8/site-packages/airflow/example_dags/example_python_operator.py
[2024-04-29T05:40:34.670+0000] {logging_mixin.py:188} INFO - [2024-04-29T05:40:34.670+0000] {dag.py:3047} INFO - Sync 1 DAGs
[2024-04-29T05:40:34.698+0000] {logging_mixin.py:188} INFO - [2024-04-29T05:40:34.698+0000] {dag.py:3834} INFO - Setting next_dagrun for example_python_operator to None, run_after=None
[2024-04-29T05:40:34.728+0000] {processor.py:183} INFO - Processing /home/airflow/.local/lib/python3.8/site-packages/airflow/example_dags/example_python_operator.py took 0.124 seconds
[2024-04-29T05:41:05.760+0000] {processor.py:161} INFO - Started process (PID=3631) to work on /home/airflow/.local/lib/python3.8/site-packages/airflow/example_dags/example_python_operator.py
[2024-04-29T05:41:05.766+0000] {processor.py:830} INFO - Processing file /home/airflow/.local/lib/python3.8/site-packages/airflow/example_dags/example_python_operator.py for tasks to queue
[2024-04-29T05:41:05.767+0000] {logging_mixin.py:188} INFO - [2024-04-29T05:41:05.766+0000] {dagbag.py:540} INFO - Filling up the DagBag from /home/airflow/.local/lib/python3.8/site-packages/airflow/example_dags/example_python_operator.py
[2024-04-29T05:41:05.800+0000] {processor.py:840} INFO - DAG(s) 'example_python_operator' retrieved from /home/airflow/.local/lib/python3.8/site-packages/airflow/example_dags/example_python_operator.py
[2024-04-29T05:41:05.900+0000] {logging_mixin.py:188} INFO - [2024-04-29T05:41:05.897+0000] {dag.py:3047} INFO - Sync 1 DAGs
[2024-04-29T05:41:05.940+0000] {logging_mixin.py:188} INFO - [2024-04-29T05:41:05.939+0000] {dag.py:3834} INFO - Setting next_dagrun for example_python_operator to None, run_after=None
[2024-04-29T05:41:05.988+0000] {processor.py:183} INFO - Processing /home/airflow/.local/lib/python3.8/site-packages/airflow/example_dags/example_python_operator.py took 0.232 seconds
[2024-04-29T05:41:36.916+0000] {processor.py:161} INFO - Started process (PID=3889) to work on /home/airflow/.local/lib/python3.8/site-packages/airflow/example_dags/example_python_operator.py
[2024-04-29T05:41:36.917+0000] {processor.py:830} INFO - Processing file /home/airflow/.local/lib/python3.8/site-packages/airflow/example_dags/example_python_operator.py for tasks to queue
[2024-04-29T05:41:36.919+0000] {logging_mixin.py:188} INFO - [2024-04-29T05:41:36.918+0000] {dagbag.py:540} INFO - Filling up the DagBag from /home/airflow/.local/lib/python3.8/site-packages/airflow/example_dags/example_python_operator.py
[2024-04-29T05:41:36.930+0000] {processor.py:840} INFO - DAG(s) 'example_python_operator' retrieved from /home/airflow/.local/lib/python3.8/site-packages/airflow/example_dags/example_python_operator.py
[2024-04-29T05:41:36.957+0000] {logging_mixin.py:188} INFO - [2024-04-29T05:41:36.957+0000] {dag.py:3047} INFO - Sync 1 DAGs
[2024-04-29T05:41:36.972+0000] {logging_mixin.py:188} INFO - [2024-04-29T05:41:36.972+0000] {dag.py:3834} INFO - Setting next_dagrun for example_python_operator to None, run_after=None
[2024-04-29T05:41:36.994+0000] {processor.py:183} INFO - Processing /home/airflow/.local/lib/python3.8/site-packages/airflow/example_dags/example_python_operator.py took 0.081 seconds
[2024-04-29T05:42:07.196+0000] {processor.py:161} INFO - Started process (PID=4141) to work on /home/airflow/.local/lib/python3.8/site-packages/airflow/example_dags/example_python_operator.py
[2024-04-29T05:42:07.197+0000] {processor.py:830} INFO - Processing file /home/airflow/.local/lib/python3.8/site-packages/airflow/example_dags/example_python_operator.py for tasks to queue
[2024-04-29T05:42:07.197+0000] {logging_mixin.py:188} INFO - [2024-04-29T05:42:07.197+0000] {dagbag.py:540} INFO - Filling up the DagBag from /home/airflow/.local/lib/python3.8/site-packages/airflow/example_dags/example_python_operator.py
[2024-04-29T05:42:07.209+0000] {processor.py:840} INFO - DAG(s) 'example_python_operator' retrieved from /home/airflow/.local/lib/python3.8/site-packages/airflow/example_dags/example_python_operator.py
[2024-04-29T05:42:07.233+0000] {logging_mixin.py:188} INFO - [2024-04-29T05:42:07.233+0000] {dag.py:3047} INFO - Sync 1 DAGs
[2024-04-29T05:42:07.249+0000] {logging_mixin.py:188} INFO - [2024-04-29T05:42:07.249+0000] {dag.py:3834} INFO - Setting next_dagrun for example_python_operator to None, run_after=None
[2024-04-29T05:42:07.280+0000] {processor.py:183} INFO - Processing /home/airflow/.local/lib/python3.8/site-packages/airflow/example_dags/example_python_operator.py took 0.088 seconds
[2024-04-29T05:42:37.689+0000] {processor.py:161} INFO - Started process (PID=4393) to work on /home/airflow/.local/lib/python3.8/site-packages/airflow/example_dags/example_python_operator.py
[2024-04-29T05:42:37.690+0000] {processor.py:830} INFO - Processing file /home/airflow/.local/lib/python3.8/site-packages/airflow/example_dags/example_python_operator.py for tasks to queue
[2024-04-29T05:42:37.691+0000] {logging_mixin.py:188} INFO - [2024-04-29T05:42:37.691+0000] {dagbag.py:540} INFO - Filling up the DagBag from /home/airflow/.local/lib/python3.8/site-packages/airflow/example_dags/example_python_operator.py
[2024-04-29T05:42:37.703+0000] {processor.py:840} INFO - DAG(s) 'example_python_operator' retrieved from /home/airflow/.local/lib/python3.8/site-packages/airflow/example_dags/example_python_operator.py
[2024-04-29T05:42:37.728+0000] {logging_mixin.py:188} INFO - [2024-04-29T05:42:37.728+0000] {dag.py:3047} INFO - Sync 1 DAGs
[2024-04-29T05:42:37.743+0000] {logging_mixin.py:188} INFO - [2024-04-29T05:42:37.743+0000] {dag.py:3834} INFO - Setting next_dagrun for example_python_operator to None, run_after=None
[2024-04-29T05:42:37.778+0000] {processor.py:183} INFO - Processing /home/airflow/.local/lib/python3.8/site-packages/airflow/example_dags/example_python_operator.py took 0.100 seconds
[2024-04-29T05:43:08.625+0000] {processor.py:161} INFO - Started process (PID=4646) to work on /home/airflow/.local/lib/python3.8/site-packages/airflow/example_dags/example_python_operator.py
[2024-04-29T05:43:08.626+0000] {processor.py:830} INFO - Processing file /home/airflow/.local/lib/python3.8/site-packages/airflow/example_dags/example_python_operator.py for tasks to queue
[2024-04-29T05:43:08.628+0000] {logging_mixin.py:188} INFO - [2024-04-29T05:43:08.628+0000] {dagbag.py:540} INFO - Filling up the DagBag from /home/airflow/.local/lib/python3.8/site-packages/airflow/example_dags/example_python_operator.py
[2024-04-29T05:43:08.641+0000] {processor.py:840} INFO - DAG(s) 'example_python_operator' retrieved from /home/airflow/.local/lib/python3.8/site-packages/airflow/example_dags/example_python_operator.py
[2024-04-29T05:43:08.703+0000] {logging_mixin.py:188} INFO - [2024-04-29T05:43:08.696+0000] {dag.py:3047} INFO - Sync 1 DAGs
[2024-04-29T05:43:08.734+0000] {logging_mixin.py:188} INFO - [2024-04-29T05:43:08.733+0000] {dag.py:3834} INFO - Setting next_dagrun for example_python_operator to None, run_after=None
[2024-04-29T05:43:08.760+0000] {processor.py:183} INFO - Processing /home/airflow/.local/lib/python3.8/site-packages/airflow/example_dags/example_python_operator.py took 0.140 seconds
[2024-04-29T05:43:38.869+0000] {processor.py:161} INFO - Started process (PID=4905) to work on /home/airflow/.local/lib/python3.8/site-packages/airflow/example_dags/example_python_operator.py
[2024-04-29T05:43:38.873+0000] {processor.py:830} INFO - Processing file /home/airflow/.local/lib/python3.8/site-packages/airflow/example_dags/example_python_operator.py for tasks to queue
[2024-04-29T05:43:38.874+0000] {logging_mixin.py:188} INFO - [2024-04-29T05:43:38.874+0000] {dagbag.py:540} INFO - Filling up the DagBag from /home/airflow/.local/lib/python3.8/site-packages/airflow/example_dags/example_python_operator.py
[2024-04-29T05:43:38.886+0000] {processor.py:840} INFO - DAG(s) 'example_python_operator' retrieved from /home/airflow/.local/lib/python3.8/site-packages/airflow/example_dags/example_python_operator.py
[2024-04-29T05:43:38.913+0000] {logging_mixin.py:188} INFO - [2024-04-29T05:43:38.912+0000] {dag.py:3047} INFO - Sync 1 DAGs
[2024-04-29T05:43:38.928+0000] {logging_mixin.py:188} INFO - [2024-04-29T05:43:38.928+0000] {dag.py:3834} INFO - Setting next_dagrun for example_python_operator to None, run_after=None
[2024-04-29T05:43:38.976+0000] {processor.py:183} INFO - Processing /home/airflow/.local/lib/python3.8/site-packages/airflow/example_dags/example_python_operator.py took 0.110 seconds
