[2024-04-29T05:31:59.154+0000] {processor.py:161} INFO - Started process (PID=349) to work on /home/airflow/.local/lib/python3.8/site-packages/airflow/example_dags/example_bash_operator.py
[2024-04-29T05:31:59.155+0000] {processor.py:830} INFO - Processing file /home/airflow/.local/lib/python3.8/site-packages/airflow/example_dags/example_bash_operator.py for tasks to queue
[2024-04-29T05:31:59.156+0000] {logging_mixin.py:188} INFO - [2024-04-29T05:31:59.155+0000] {dagbag.py:540} INFO - Filling up the DagBag from /home/airflow/.local/lib/python3.8/site-packages/airflow/example_dags/example_bash_operator.py
[2024-04-29T05:31:59.184+0000] {processor.py:840} INFO - DAG(s) 'example_bash_operator' retrieved from /home/airflow/.local/lib/python3.8/site-packages/airflow/example_dags/example_bash_operator.py
[2024-04-29T05:31:59.440+0000] {logging_mixin.py:188} INFO - [2024-04-29T05:31:59.439+0000] {override.py:1769} INFO - Created Permission View: can read on DAG:example_bash_operator
[2024-04-29T05:31:59.455+0000] {logging_mixin.py:188} INFO - [2024-04-29T05:31:59.455+0000] {override.py:1769} INFO - Created Permission View: can edit on DAG:example_bash_operator
[2024-04-29T05:31:59.470+0000] {logging_mixin.py:188} INFO - [2024-04-29T05:31:59.470+0000] {override.py:1769} INFO - Created Permission View: can delete on DAG:example_bash_operator
[2024-04-29T05:31:59.471+0000] {logging_mixin.py:188} INFO - [2024-04-29T05:31:59.470+0000] {dag.py:3047} INFO - Sync 1 DAGs
[2024-04-29T05:31:59.490+0000] {logging_mixin.py:188} INFO - [2024-04-29T05:31:59.489+0000] {dag.py:3069} INFO - Creating ORM DAG for example_bash_operator
[2024-04-29T05:31:59.505+0000] {logging_mixin.py:188} INFO - [2024-04-29T05:31:59.505+0000] {dag.py:3834} INFO - Setting next_dagrun for example_bash_operator to 2024-04-28 00:00:00+00:00, run_after=2024-04-29 00:00:00+00:00
[2024-04-29T05:31:59.598+0000] {processor.py:183} INFO - Processing /home/airflow/.local/lib/python3.8/site-packages/airflow/example_dags/example_bash_operator.py took 0.448 seconds
[2024-04-29T05:32:29.892+0000] {processor.py:161} INFO - Started process (PID=603) to work on /home/airflow/.local/lib/python3.8/site-packages/airflow/example_dags/example_bash_operator.py
[2024-04-29T05:32:29.893+0000] {processor.py:830} INFO - Processing file /home/airflow/.local/lib/python3.8/site-packages/airflow/example_dags/example_bash_operator.py for tasks to queue
[2024-04-29T05:32:29.894+0000] {logging_mixin.py:188} INFO - [2024-04-29T05:32:29.894+0000] {dagbag.py:540} INFO - Filling up the DagBag from /home/airflow/.local/lib/python3.8/site-packages/airflow/example_dags/example_bash_operator.py
[2024-04-29T05:32:29.909+0000] {processor.py:840} INFO - DAG(s) 'example_bash_operator' retrieved from /home/airflow/.local/lib/python3.8/site-packages/airflow/example_dags/example_bash_operator.py
[2024-04-29T05:32:29.950+0000] {logging_mixin.py:188} INFO - [2024-04-29T05:32:29.950+0000] {dag.py:3047} INFO - Sync 1 DAGs
[2024-04-29T05:32:29.980+0000] {logging_mixin.py:188} INFO - [2024-04-29T05:32:29.979+0000] {dag.py:3834} INFO - Setting next_dagrun for example_bash_operator to 2024-04-28 00:00:00+00:00, run_after=2024-04-29 00:00:00+00:00
[2024-04-29T05:32:30.012+0000] {processor.py:183} INFO - Processing /home/airflow/.local/lib/python3.8/site-packages/airflow/example_dags/example_bash_operator.py took 0.123 seconds
[2024-04-29T05:33:01.107+0000] {processor.py:161} INFO - Started process (PID=856) to work on /home/airflow/.local/lib/python3.8/site-packages/airflow/example_dags/example_bash_operator.py
[2024-04-29T05:33:01.109+0000] {processor.py:830} INFO - Processing file /home/airflow/.local/lib/python3.8/site-packages/airflow/example_dags/example_bash_operator.py for tasks to queue
[2024-04-29T05:33:01.110+0000] {logging_mixin.py:188} INFO - [2024-04-29T05:33:01.110+0000] {dagbag.py:540} INFO - Filling up the DagBag from /home/airflow/.local/lib/python3.8/site-packages/airflow/example_dags/example_bash_operator.py
[2024-04-29T05:33:01.127+0000] {processor.py:840} INFO - DAG(s) 'example_bash_operator' retrieved from /home/airflow/.local/lib/python3.8/site-packages/airflow/example_dags/example_bash_operator.py
[2024-04-29T05:33:01.224+0000] {logging_mixin.py:188} INFO - [2024-04-29T05:33:01.223+0000] {dag.py:3047} INFO - Sync 1 DAGs
[2024-04-29T05:33:01.277+0000] {logging_mixin.py:188} INFO - [2024-04-29T05:33:01.277+0000] {dag.py:3834} INFO - Setting next_dagrun for example_bash_operator to 2024-04-28 00:00:00+00:00, run_after=2024-04-29 00:00:00+00:00
[2024-04-29T05:33:01.329+0000] {processor.py:183} INFO - Processing /home/airflow/.local/lib/python3.8/site-packages/airflow/example_dags/example_bash_operator.py took 0.235 seconds
[2024-04-29T05:34:28.696+0000] {processor.py:161} INFO - Started process (PID=350) to work on /home/airflow/.local/lib/python3.8/site-packages/airflow/example_dags/example_bash_operator.py
[2024-04-29T05:34:28.697+0000] {processor.py:830} INFO - Processing file /home/airflow/.local/lib/python3.8/site-packages/airflow/example_dags/example_bash_operator.py for tasks to queue
[2024-04-29T05:34:28.698+0000] {logging_mixin.py:188} INFO - [2024-04-29T05:34:28.698+0000] {dagbag.py:540} INFO - Filling up the DagBag from /home/airflow/.local/lib/python3.8/site-packages/airflow/example_dags/example_bash_operator.py
[2024-04-29T05:34:28.731+0000] {processor.py:840} INFO - DAG(s) 'example_bash_operator' retrieved from /home/airflow/.local/lib/python3.8/site-packages/airflow/example_dags/example_bash_operator.py
[2024-04-29T05:34:28.774+0000] {logging_mixin.py:188} INFO - [2024-04-29T05:34:28.774+0000] {dag.py:3047} INFO - Sync 1 DAGs
[2024-04-29T05:34:28.837+0000] {logging_mixin.py:188} INFO - [2024-04-29T05:34:28.837+0000] {dag.py:3834} INFO - Setting next_dagrun for example_bash_operator to 2024-04-28 00:00:00+00:00, run_after=2024-04-29 00:00:00+00:00
[2024-04-29T05:34:28.906+0000] {processor.py:183} INFO - Processing /home/airflow/.local/lib/python3.8/site-packages/airflow/example_dags/example_bash_operator.py took 0.214 seconds
[2024-04-29T05:35:00.761+0000] {processor.py:161} INFO - Started process (PID=602) to work on /home/airflow/.local/lib/python3.8/site-packages/airflow/example_dags/example_bash_operator.py
[2024-04-29T05:35:00.762+0000] {processor.py:830} INFO - Processing file /home/airflow/.local/lib/python3.8/site-packages/airflow/example_dags/example_bash_operator.py for tasks to queue
[2024-04-29T05:35:00.763+0000] {logging_mixin.py:188} INFO - [2024-04-29T05:35:00.763+0000] {dagbag.py:540} INFO - Filling up the DagBag from /home/airflow/.local/lib/python3.8/site-packages/airflow/example_dags/example_bash_operator.py
[2024-04-29T05:35:00.778+0000] {processor.py:840} INFO - DAG(s) 'example_bash_operator' retrieved from /home/airflow/.local/lib/python3.8/site-packages/airflow/example_dags/example_bash_operator.py
[2024-04-29T05:35:00.922+0000] {logging_mixin.py:188} INFO - [2024-04-29T05:35:00.921+0000] {dag.py:3047} INFO - Sync 1 DAGs
[2024-04-29T05:35:00.953+0000] {logging_mixin.py:188} INFO - [2024-04-29T05:35:00.953+0000] {dag.py:3834} INFO - Setting next_dagrun for example_bash_operator to 2024-04-28 00:00:00+00:00, run_after=2024-04-29 00:00:00+00:00
[2024-04-29T05:35:00.976+0000] {processor.py:183} INFO - Processing /home/airflow/.local/lib/python3.8/site-packages/airflow/example_dags/example_bash_operator.py took 0.219 seconds
[2024-04-29T05:35:31.152+0000] {processor.py:161} INFO - Started process (PID=854) to work on /home/airflow/.local/lib/python3.8/site-packages/airflow/example_dags/example_bash_operator.py
[2024-04-29T05:35:31.153+0000] {processor.py:830} INFO - Processing file /home/airflow/.local/lib/python3.8/site-packages/airflow/example_dags/example_bash_operator.py for tasks to queue
[2024-04-29T05:35:31.154+0000] {logging_mixin.py:188} INFO - [2024-04-29T05:35:31.153+0000] {dagbag.py:540} INFO - Filling up the DagBag from /home/airflow/.local/lib/python3.8/site-packages/airflow/example_dags/example_bash_operator.py
[2024-04-29T05:35:31.168+0000] {processor.py:840} INFO - DAG(s) 'example_bash_operator' retrieved from /home/airflow/.local/lib/python3.8/site-packages/airflow/example_dags/example_bash_operator.py
[2024-04-29T05:35:31.219+0000] {logging_mixin.py:188} INFO - [2024-04-29T05:35:31.219+0000] {dag.py:3047} INFO - Sync 1 DAGs
[2024-04-29T05:35:31.252+0000] {logging_mixin.py:188} INFO - [2024-04-29T05:35:31.252+0000] {dag.py:3834} INFO - Setting next_dagrun for example_bash_operator to 2024-04-28 00:00:00+00:00, run_after=2024-04-29 00:00:00+00:00
[2024-04-29T05:35:31.282+0000] {processor.py:183} INFO - Processing /home/airflow/.local/lib/python3.8/site-packages/airflow/example_dags/example_bash_operator.py took 0.134 seconds
[2024-04-29T05:36:02.214+0000] {processor.py:161} INFO - Started process (PID=1105) to work on /home/airflow/.local/lib/python3.8/site-packages/airflow/example_dags/example_bash_operator.py
[2024-04-29T05:36:02.214+0000] {processor.py:830} INFO - Processing file /home/airflow/.local/lib/python3.8/site-packages/airflow/example_dags/example_bash_operator.py for tasks to queue
[2024-04-29T05:36:02.215+0000] {logging_mixin.py:188} INFO - [2024-04-29T05:36:02.215+0000] {dagbag.py:540} INFO - Filling up the DagBag from /home/airflow/.local/lib/python3.8/site-packages/airflow/example_dags/example_bash_operator.py
[2024-04-29T05:36:02.229+0000] {processor.py:840} INFO - DAG(s) 'example_bash_operator' retrieved from /home/airflow/.local/lib/python3.8/site-packages/airflow/example_dags/example_bash_operator.py
[2024-04-29T05:36:02.270+0000] {logging_mixin.py:188} INFO - [2024-04-29T05:36:02.270+0000] {dag.py:3047} INFO - Sync 1 DAGs
[2024-04-29T05:36:02.299+0000] {logging_mixin.py:188} INFO - [2024-04-29T05:36:02.298+0000] {dag.py:3834} INFO - Setting next_dagrun for example_bash_operator to 2024-04-28 00:00:00+00:00, run_after=2024-04-29 00:00:00+00:00
[2024-04-29T05:36:02.344+0000] {processor.py:183} INFO - Processing /home/airflow/.local/lib/python3.8/site-packages/airflow/example_dags/example_bash_operator.py took 0.133 seconds
[2024-04-29T05:36:32.655+0000] {processor.py:161} INFO - Started process (PID=1358) to work on /home/airflow/.local/lib/python3.8/site-packages/airflow/example_dags/example_bash_operator.py
[2024-04-29T05:36:32.656+0000] {processor.py:830} INFO - Processing file /home/airflow/.local/lib/python3.8/site-packages/airflow/example_dags/example_bash_operator.py for tasks to queue
[2024-04-29T05:36:32.657+0000] {logging_mixin.py:188} INFO - [2024-04-29T05:36:32.656+0000] {dagbag.py:540} INFO - Filling up the DagBag from /home/airflow/.local/lib/python3.8/site-packages/airflow/example_dags/example_bash_operator.py
[2024-04-29T05:36:32.671+0000] {processor.py:840} INFO - DAG(s) 'example_bash_operator' retrieved from /home/airflow/.local/lib/python3.8/site-packages/airflow/example_dags/example_bash_operator.py
[2024-04-29T05:36:32.711+0000] {logging_mixin.py:188} INFO - [2024-04-29T05:36:32.710+0000] {dag.py:3047} INFO - Sync 1 DAGs
[2024-04-29T05:36:32.744+0000] {logging_mixin.py:188} INFO - [2024-04-29T05:36:32.743+0000] {dag.py:3834} INFO - Setting next_dagrun for example_bash_operator to 2024-04-28 00:00:00+00:00, run_after=2024-04-29 00:00:00+00:00
[2024-04-29T05:36:32.767+0000] {processor.py:183} INFO - Processing /home/airflow/.local/lib/python3.8/site-packages/airflow/example_dags/example_bash_operator.py took 0.117 seconds
[2024-04-29T05:37:03.310+0000] {processor.py:161} INFO - Started process (PID=1611) to work on /home/airflow/.local/lib/python3.8/site-packages/airflow/example_dags/example_bash_operator.py
[2024-04-29T05:37:03.312+0000] {processor.py:830} INFO - Processing file /home/airflow/.local/lib/python3.8/site-packages/airflow/example_dags/example_bash_operator.py for tasks to queue
[2024-04-29T05:37:03.313+0000] {logging_mixin.py:188} INFO - [2024-04-29T05:37:03.312+0000] {dagbag.py:540} INFO - Filling up the DagBag from /home/airflow/.local/lib/python3.8/site-packages/airflow/example_dags/example_bash_operator.py
[2024-04-29T05:37:03.325+0000] {processor.py:840} INFO - DAG(s) 'example_bash_operator' retrieved from /home/airflow/.local/lib/python3.8/site-packages/airflow/example_dags/example_bash_operator.py
[2024-04-29T05:37:03.364+0000] {logging_mixin.py:188} INFO - [2024-04-29T05:37:03.363+0000] {dag.py:3047} INFO - Sync 1 DAGs
[2024-04-29T05:37:03.392+0000] {logging_mixin.py:188} INFO - [2024-04-29T05:37:03.392+0000] {dag.py:3834} INFO - Setting next_dagrun for example_bash_operator to 2024-04-28 00:00:00+00:00, run_after=2024-04-29 00:00:00+00:00
[2024-04-29T05:37:03.416+0000] {processor.py:183} INFO - Processing /home/airflow/.local/lib/python3.8/site-packages/airflow/example_dags/example_bash_operator.py took 0.109 seconds
[2024-04-29T05:37:33.979+0000] {processor.py:161} INFO - Started process (PID=1863) to work on /home/airflow/.local/lib/python3.8/site-packages/airflow/example_dags/example_bash_operator.py
[2024-04-29T05:37:33.980+0000] {processor.py:830} INFO - Processing file /home/airflow/.local/lib/python3.8/site-packages/airflow/example_dags/example_bash_operator.py for tasks to queue
[2024-04-29T05:37:33.982+0000] {logging_mixin.py:188} INFO - [2024-04-29T05:37:33.981+0000] {dagbag.py:540} INFO - Filling up the DagBag from /home/airflow/.local/lib/python3.8/site-packages/airflow/example_dags/example_bash_operator.py
[2024-04-29T05:37:33.997+0000] {processor.py:840} INFO - DAG(s) 'example_bash_operator' retrieved from /home/airflow/.local/lib/python3.8/site-packages/airflow/example_dags/example_bash_operator.py
[2024-04-29T05:37:34.047+0000] {logging_mixin.py:188} INFO - [2024-04-29T05:37:34.047+0000] {dag.py:3047} INFO - Sync 1 DAGs
[2024-04-29T05:37:34.076+0000] {logging_mixin.py:188} INFO - [2024-04-29T05:37:34.076+0000] {dag.py:3834} INFO - Setting next_dagrun for example_bash_operator to 2024-04-28 00:00:00+00:00, run_after=2024-04-29 00:00:00+00:00
[2024-04-29T05:37:34.112+0000] {processor.py:183} INFO - Processing /home/airflow/.local/lib/python3.8/site-packages/airflow/example_dags/example_bash_operator.py took 0.136 seconds
[2024-04-29T05:38:21.370+0000] {processor.py:161} INFO - Started process (PID=2238) to work on /home/airflow/.local/lib/python3.8/site-packages/airflow/example_dags/example_bash_operator.py
[2024-04-29T05:38:21.394+0000] {processor.py:830} INFO - Processing file /home/airflow/.local/lib/python3.8/site-packages/airflow/example_dags/example_bash_operator.py for tasks to queue
[2024-04-29T05:38:21.404+0000] {logging_mixin.py:188} INFO - [2024-04-29T05:38:21.404+0000] {dagbag.py:540} INFO - Filling up the DagBag from /home/airflow/.local/lib/python3.8/site-packages/airflow/example_dags/example_bash_operator.py
[2024-04-29T05:38:21.540+0000] {processor.py:840} INFO - DAG(s) 'example_bash_operator' retrieved from /home/airflow/.local/lib/python3.8/site-packages/airflow/example_dags/example_bash_operator.py
[2024-04-29T05:38:21.862+0000] {logging_mixin.py:188} INFO - [2024-04-29T05:38:21.862+0000] {dag.py:3047} INFO - Sync 1 DAGs
[2024-04-29T05:38:22.236+0000] {logging_mixin.py:188} INFO - [2024-04-29T05:38:22.236+0000] {dag.py:3834} INFO - Setting next_dagrun for example_bash_operator to 2024-04-28 00:00:00+00:00, run_after=2024-04-29 00:00:00+00:00
[2024-04-29T05:38:22.512+0000] {processor.py:183} INFO - Processing /home/airflow/.local/lib/python3.8/site-packages/airflow/example_dags/example_bash_operator.py took 1.184 seconds
[2024-04-29T05:38:52.750+0000] {processor.py:161} INFO - Started process (PID=2528) to work on /home/airflow/.local/lib/python3.8/site-packages/airflow/example_dags/example_bash_operator.py
[2024-04-29T05:38:52.751+0000] {processor.py:830} INFO - Processing file /home/airflow/.local/lib/python3.8/site-packages/airflow/example_dags/example_bash_operator.py for tasks to queue
[2024-04-29T05:38:52.752+0000] {logging_mixin.py:188} INFO - [2024-04-29T05:38:52.752+0000] {dagbag.py:540} INFO - Filling up the DagBag from /home/airflow/.local/lib/python3.8/site-packages/airflow/example_dags/example_bash_operator.py
[2024-04-29T05:38:52.774+0000] {processor.py:840} INFO - DAG(s) 'example_bash_operator' retrieved from /home/airflow/.local/lib/python3.8/site-packages/airflow/example_dags/example_bash_operator.py
[2024-04-29T05:38:52.821+0000] {logging_mixin.py:188} INFO - [2024-04-29T05:38:52.820+0000] {dag.py:3047} INFO - Sync 1 DAGs
[2024-04-29T05:38:52.848+0000] {logging_mixin.py:188} INFO - [2024-04-29T05:38:52.848+0000] {dag.py:3834} INFO - Setting next_dagrun for example_bash_operator to 2024-04-28 00:00:00+00:00, run_after=2024-04-29 00:00:00+00:00
[2024-04-29T05:38:52.873+0000] {processor.py:183} INFO - Processing /home/airflow/.local/lib/python3.8/site-packages/airflow/example_dags/example_bash_operator.py took 0.126 seconds
[2024-04-29T05:39:23.002+0000] {processor.py:161} INFO - Started process (PID=2783) to work on /home/airflow/.local/lib/python3.8/site-packages/airflow/example_dags/example_bash_operator.py
[2024-04-29T05:39:23.004+0000] {processor.py:830} INFO - Processing file /home/airflow/.local/lib/python3.8/site-packages/airflow/example_dags/example_bash_operator.py for tasks to queue
[2024-04-29T05:39:23.005+0000] {logging_mixin.py:188} INFO - [2024-04-29T05:39:23.005+0000] {dagbag.py:540} INFO - Filling up the DagBag from /home/airflow/.local/lib/python3.8/site-packages/airflow/example_dags/example_bash_operator.py
[2024-04-29T05:39:23.020+0000] {processor.py:840} INFO - DAG(s) 'example_bash_operator' retrieved from /home/airflow/.local/lib/python3.8/site-packages/airflow/example_dags/example_bash_operator.py
[2024-04-29T05:39:23.061+0000] {logging_mixin.py:188} INFO - [2024-04-29T05:39:23.061+0000] {dag.py:3047} INFO - Sync 1 DAGs
[2024-04-29T05:39:23.087+0000] {logging_mixin.py:188} INFO - [2024-04-29T05:39:23.086+0000] {dag.py:3834} INFO - Setting next_dagrun for example_bash_operator to 2024-04-28 00:00:00+00:00, run_after=2024-04-29 00:00:00+00:00
[2024-04-29T05:39:23.109+0000] {processor.py:183} INFO - Processing /home/airflow/.local/lib/python3.8/site-packages/airflow/example_dags/example_bash_operator.py took 0.111 seconds
[2024-04-29T05:39:53.259+0000] {processor.py:161} INFO - Started process (PID=3034) to work on /home/airflow/.local/lib/python3.8/site-packages/airflow/example_dags/example_bash_operator.py
[2024-04-29T05:39:53.260+0000] {processor.py:830} INFO - Processing file /home/airflow/.local/lib/python3.8/site-packages/airflow/example_dags/example_bash_operator.py for tasks to queue
[2024-04-29T05:39:53.261+0000] {logging_mixin.py:188} INFO - [2024-04-29T05:39:53.260+0000] {dagbag.py:540} INFO - Filling up the DagBag from /home/airflow/.local/lib/python3.8/site-packages/airflow/example_dags/example_bash_operator.py
[2024-04-29T05:39:53.291+0000] {processor.py:840} INFO - DAG(s) 'example_bash_operator' retrieved from /home/airflow/.local/lib/python3.8/site-packages/airflow/example_dags/example_bash_operator.py
[2024-04-29T05:39:53.356+0000] {logging_mixin.py:188} INFO - [2024-04-29T05:39:53.355+0000] {dag.py:3047} INFO - Sync 1 DAGs
[2024-04-29T05:39:53.403+0000] {logging_mixin.py:188} INFO - [2024-04-29T05:39:53.403+0000] {dag.py:3834} INFO - Setting next_dagrun for example_bash_operator to 2024-04-28 00:00:00+00:00, run_after=2024-04-29 00:00:00+00:00
[2024-04-29T05:39:53.433+0000] {processor.py:183} INFO - Processing /home/airflow/.local/lib/python3.8/site-packages/airflow/example_dags/example_bash_operator.py took 0.186 seconds
[2024-04-29T05:40:24.299+0000] {processor.py:161} INFO - Started process (PID=3288) to work on /home/airflow/.local/lib/python3.8/site-packages/airflow/example_dags/example_bash_operator.py
[2024-04-29T05:40:24.300+0000] {processor.py:830} INFO - Processing file /home/airflow/.local/lib/python3.8/site-packages/airflow/example_dags/example_bash_operator.py for tasks to queue
[2024-04-29T05:40:24.301+0000] {logging_mixin.py:188} INFO - [2024-04-29T05:40:24.301+0000] {dagbag.py:540} INFO - Filling up the DagBag from /home/airflow/.local/lib/python3.8/site-packages/airflow/example_dags/example_bash_operator.py
[2024-04-29T05:40:24.316+0000] {processor.py:840} INFO - DAG(s) 'example_bash_operator' retrieved from /home/airflow/.local/lib/python3.8/site-packages/airflow/example_dags/example_bash_operator.py
[2024-04-29T05:40:24.355+0000] {logging_mixin.py:188} INFO - [2024-04-29T05:40:24.355+0000] {dag.py:3047} INFO - Sync 1 DAGs
[2024-04-29T05:40:24.416+0000] {logging_mixin.py:188} INFO - [2024-04-29T05:40:24.416+0000] {dag.py:3834} INFO - Setting next_dagrun for example_bash_operator to 2024-04-28 00:00:00+00:00, run_after=2024-04-29 00:00:00+00:00
[2024-04-29T05:40:24.484+0000] {processor.py:183} INFO - Processing /home/airflow/.local/lib/python3.8/site-packages/airflow/example_dags/example_bash_operator.py took 0.188 seconds
[2024-04-29T05:40:54.807+0000] {processor.py:161} INFO - Started process (PID=3550) to work on /home/airflow/.local/lib/python3.8/site-packages/airflow/example_dags/example_bash_operator.py
[2024-04-29T05:40:54.809+0000] {processor.py:830} INFO - Processing file /home/airflow/.local/lib/python3.8/site-packages/airflow/example_dags/example_bash_operator.py for tasks to queue
[2024-04-29T05:40:54.810+0000] {logging_mixin.py:188} INFO - [2024-04-29T05:40:54.809+0000] {dagbag.py:540} INFO - Filling up the DagBag from /home/airflow/.local/lib/python3.8/site-packages/airflow/example_dags/example_bash_operator.py
[2024-04-29T05:40:54.824+0000] {processor.py:840} INFO - DAG(s) 'example_bash_operator' retrieved from /home/airflow/.local/lib/python3.8/site-packages/airflow/example_dags/example_bash_operator.py
[2024-04-29T05:40:54.863+0000] {logging_mixin.py:188} INFO - [2024-04-29T05:40:54.863+0000] {dag.py:3047} INFO - Sync 1 DAGs
[2024-04-29T05:40:54.894+0000] {logging_mixin.py:188} INFO - [2024-04-29T05:40:54.893+0000] {dag.py:3834} INFO - Setting next_dagrun for example_bash_operator to 2024-04-28 00:00:00+00:00, run_after=2024-04-29 00:00:00+00:00
[2024-04-29T05:40:54.916+0000] {processor.py:183} INFO - Processing /home/airflow/.local/lib/python3.8/site-packages/airflow/example_dags/example_bash_operator.py took 0.112 seconds
[2024-04-29T05:41:25.509+0000] {processor.py:161} INFO - Started process (PID=3808) to work on /home/airflow/.local/lib/python3.8/site-packages/airflow/example_dags/example_bash_operator.py
[2024-04-29T05:41:25.510+0000] {processor.py:830} INFO - Processing file /home/airflow/.local/lib/python3.8/site-packages/airflow/example_dags/example_bash_operator.py for tasks to queue
[2024-04-29T05:41:25.511+0000] {logging_mixin.py:188} INFO - [2024-04-29T05:41:25.511+0000] {dagbag.py:540} INFO - Filling up the DagBag from /home/airflow/.local/lib/python3.8/site-packages/airflow/example_dags/example_bash_operator.py
[2024-04-29T05:41:25.525+0000] {processor.py:840} INFO - DAG(s) 'example_bash_operator' retrieved from /home/airflow/.local/lib/python3.8/site-packages/airflow/example_dags/example_bash_operator.py
[2024-04-29T05:41:25.567+0000] {logging_mixin.py:188} INFO - [2024-04-29T05:41:25.567+0000] {dag.py:3047} INFO - Sync 1 DAGs
[2024-04-29T05:41:25.596+0000] {logging_mixin.py:188} INFO - [2024-04-29T05:41:25.595+0000] {dag.py:3834} INFO - Setting next_dagrun for example_bash_operator to 2024-04-28 00:00:00+00:00, run_after=2024-04-29 00:00:00+00:00
[2024-04-29T05:41:25.620+0000] {processor.py:183} INFO - Processing /home/airflow/.local/lib/python3.8/site-packages/airflow/example_dags/example_bash_operator.py took 0.115 seconds
[2024-04-29T05:41:56.019+0000] {processor.py:161} INFO - Started process (PID=4060) to work on /home/airflow/.local/lib/python3.8/site-packages/airflow/example_dags/example_bash_operator.py
[2024-04-29T05:41:56.020+0000] {processor.py:830} INFO - Processing file /home/airflow/.local/lib/python3.8/site-packages/airflow/example_dags/example_bash_operator.py for tasks to queue
[2024-04-29T05:41:56.021+0000] {logging_mixin.py:188} INFO - [2024-04-29T05:41:56.021+0000] {dagbag.py:540} INFO - Filling up the DagBag from /home/airflow/.local/lib/python3.8/site-packages/airflow/example_dags/example_bash_operator.py
[2024-04-29T05:41:56.036+0000] {processor.py:840} INFO - DAG(s) 'example_bash_operator' retrieved from /home/airflow/.local/lib/python3.8/site-packages/airflow/example_dags/example_bash_operator.py
[2024-04-29T05:41:56.072+0000] {logging_mixin.py:188} INFO - [2024-04-29T05:41:56.072+0000] {dag.py:3047} INFO - Sync 1 DAGs
[2024-04-29T05:41:56.103+0000] {logging_mixin.py:188} INFO - [2024-04-29T05:41:56.103+0000] {dag.py:3834} INFO - Setting next_dagrun for example_bash_operator to 2024-04-28 00:00:00+00:00, run_after=2024-04-29 00:00:00+00:00
[2024-04-29T05:41:56.126+0000] {processor.py:183} INFO - Processing /home/airflow/.local/lib/python3.8/site-packages/airflow/example_dags/example_bash_operator.py took 0.110 seconds
[2024-04-29T05:42:26.592+0000] {processor.py:161} INFO - Started process (PID=4311) to work on /home/airflow/.local/lib/python3.8/site-packages/airflow/example_dags/example_bash_operator.py
[2024-04-29T05:42:26.593+0000] {processor.py:830} INFO - Processing file /home/airflow/.local/lib/python3.8/site-packages/airflow/example_dags/example_bash_operator.py for tasks to queue
[2024-04-29T05:42:26.595+0000] {logging_mixin.py:188} INFO - [2024-04-29T05:42:26.594+0000] {dagbag.py:540} INFO - Filling up the DagBag from /home/airflow/.local/lib/python3.8/site-packages/airflow/example_dags/example_bash_operator.py
[2024-04-29T05:42:26.610+0000] {processor.py:840} INFO - DAG(s) 'example_bash_operator' retrieved from /home/airflow/.local/lib/python3.8/site-packages/airflow/example_dags/example_bash_operator.py
[2024-04-29T05:42:26.668+0000] {logging_mixin.py:188} INFO - [2024-04-29T05:42:26.668+0000] {dag.py:3047} INFO - Sync 1 DAGs
[2024-04-29T05:42:26.724+0000] {logging_mixin.py:188} INFO - [2024-04-29T05:42:26.724+0000] {dag.py:3834} INFO - Setting next_dagrun for example_bash_operator to 2024-04-28 00:00:00+00:00, run_after=2024-04-29 00:00:00+00:00
[2024-04-29T05:42:26.749+0000] {processor.py:183} INFO - Processing /home/airflow/.local/lib/python3.8/site-packages/airflow/example_dags/example_bash_operator.py took 0.165 seconds
[2024-04-29T05:42:57.508+0000] {processor.py:161} INFO - Started process (PID=4565) to work on /home/airflow/.local/lib/python3.8/site-packages/airflow/example_dags/example_bash_operator.py
[2024-04-29T05:42:57.509+0000] {processor.py:830} INFO - Processing file /home/airflow/.local/lib/python3.8/site-packages/airflow/example_dags/example_bash_operator.py for tasks to queue
[2024-04-29T05:42:57.510+0000] {logging_mixin.py:188} INFO - [2024-04-29T05:42:57.510+0000] {dagbag.py:540} INFO - Filling up the DagBag from /home/airflow/.local/lib/python3.8/site-packages/airflow/example_dags/example_bash_operator.py
[2024-04-29T05:42:57.524+0000] {processor.py:840} INFO - DAG(s) 'example_bash_operator' retrieved from /home/airflow/.local/lib/python3.8/site-packages/airflow/example_dags/example_bash_operator.py
[2024-04-29T05:42:57.562+0000] {logging_mixin.py:188} INFO - [2024-04-29T05:42:57.562+0000] {dag.py:3047} INFO - Sync 1 DAGs
[2024-04-29T05:42:57.596+0000] {logging_mixin.py:188} INFO - [2024-04-29T05:42:57.596+0000] {dag.py:3834} INFO - Setting next_dagrun for example_bash_operator to 2024-04-28 00:00:00+00:00, run_after=2024-04-29 00:00:00+00:00
[2024-04-29T05:42:57.627+0000] {processor.py:183} INFO - Processing /home/airflow/.local/lib/python3.8/site-packages/airflow/example_dags/example_bash_operator.py took 0.122 seconds
[2024-04-29T05:43:27.711+0000] {processor.py:161} INFO - Started process (PID=4818) to work on /home/airflow/.local/lib/python3.8/site-packages/airflow/example_dags/example_bash_operator.py
[2024-04-29T05:43:27.712+0000] {processor.py:830} INFO - Processing file /home/airflow/.local/lib/python3.8/site-packages/airflow/example_dags/example_bash_operator.py for tasks to queue
[2024-04-29T05:43:27.713+0000] {logging_mixin.py:188} INFO - [2024-04-29T05:43:27.713+0000] {dagbag.py:540} INFO - Filling up the DagBag from /home/airflow/.local/lib/python3.8/site-packages/airflow/example_dags/example_bash_operator.py
[2024-04-29T05:43:27.728+0000] {processor.py:840} INFO - DAG(s) 'example_bash_operator' retrieved from /home/airflow/.local/lib/python3.8/site-packages/airflow/example_dags/example_bash_operator.py
[2024-04-29T05:43:27.765+0000] {logging_mixin.py:188} INFO - [2024-04-29T05:43:27.764+0000] {dag.py:3047} INFO - Sync 1 DAGs
[2024-04-29T05:43:27.804+0000] {logging_mixin.py:188} INFO - [2024-04-29T05:43:27.804+0000] {dag.py:3834} INFO - Setting next_dagrun for example_bash_operator to 2024-04-28 00:00:00+00:00, run_after=2024-04-29 00:00:00+00:00
[2024-04-29T05:43:27.836+0000] {processor.py:183} INFO - Processing /home/airflow/.local/lib/python3.8/site-packages/airflow/example_dags/example_bash_operator.py took 0.129 seconds
