[2024-04-29T05:31:59.554+0000] {processor.py:161} INFO - Started process (PID=356) to work on /home/airflow/.local/lib/python3.8/site-packages/airflow/example_dags/example_latest_only_with_trigger.py
[2024-04-29T05:31:59.555+0000] {processor.py:830} INFO - Processing file /home/airflow/.local/lib/python3.8/site-packages/airflow/example_dags/example_latest_only_with_trigger.py for tasks to queue
[2024-04-29T05:31:59.556+0000] {logging_mixin.py:188} INFO - [2024-04-29T05:31:59.556+0000] {dagbag.py:540} INFO - Filling up the DagBag from /home/airflow/.local/lib/python3.8/site-packages/airflow/example_dags/example_latest_only_with_trigger.py
[2024-04-29T05:31:59.566+0000] {processor.py:840} INFO - DAG(s) 'latest_only_with_trigger' retrieved from /home/airflow/.local/lib/python3.8/site-packages/airflow/example_dags/example_latest_only_with_trigger.py
[2024-04-29T05:31:59.818+0000] {logging_mixin.py:188} INFO - [2024-04-29T05:31:59.818+0000] {override.py:1769} INFO - Created Permission View: can read on DAG:latest_only_with_trigger
[2024-04-29T05:31:59.858+0000] {logging_mixin.py:188} INFO - [2024-04-29T05:31:59.850+0000] {override.py:1769} INFO - Created Permission View: can edit on DAG:latest_only_with_trigger
[2024-04-29T05:31:59.892+0000] {logging_mixin.py:188} INFO - [2024-04-29T05:31:59.891+0000] {override.py:1769} INFO - Created Permission View: can delete on DAG:latest_only_with_trigger
[2024-04-29T05:31:59.902+0000] {logging_mixin.py:188} INFO - [2024-04-29T05:31:59.902+0000] {dag.py:3047} INFO - Sync 1 DAGs
[2024-04-29T05:31:59.944+0000] {logging_mixin.py:188} INFO - [2024-04-29T05:31:59.943+0000] {dag.py:3069} INFO - Creating ORM DAG for latest_only_with_trigger
[2024-04-29T05:31:59.981+0000] {logging_mixin.py:188} INFO - [2024-04-29T05:31:59.981+0000] {dag.py:3834} INFO - Setting next_dagrun for latest_only_with_trigger to 2024-04-29 00:00:00+00:00, run_after=2024-04-29 04:00:00+00:00
[2024-04-29T05:32:00.070+0000] {processor.py:183} INFO - Processing /home/airflow/.local/lib/python3.8/site-packages/airflow/example_dags/example_latest_only_with_trigger.py took 0.520 seconds
[2024-04-29T05:32:31.048+0000] {processor.py:161} INFO - Started process (PID=615) to work on /home/airflow/.local/lib/python3.8/site-packages/airflow/example_dags/example_latest_only_with_trigger.py
[2024-04-29T05:32:31.049+0000] {processor.py:830} INFO - Processing file /home/airflow/.local/lib/python3.8/site-packages/airflow/example_dags/example_latest_only_with_trigger.py for tasks to queue
[2024-04-29T05:32:31.051+0000] {logging_mixin.py:188} INFO - [2024-04-29T05:32:31.050+0000] {dagbag.py:540} INFO - Filling up the DagBag from /home/airflow/.local/lib/python3.8/site-packages/airflow/example_dags/example_latest_only_with_trigger.py
[2024-04-29T05:32:31.057+0000] {processor.py:840} INFO - DAG(s) 'latest_only_with_trigger' retrieved from /home/airflow/.local/lib/python3.8/site-packages/airflow/example_dags/example_latest_only_with_trigger.py
[2024-04-29T05:32:31.083+0000] {logging_mixin.py:188} INFO - [2024-04-29T05:32:31.082+0000] {dag.py:3047} INFO - Sync 1 DAGs
[2024-04-29T05:32:31.111+0000] {logging_mixin.py:188} INFO - [2024-04-29T05:32:31.111+0000] {dag.py:3834} INFO - Setting next_dagrun for latest_only_with_trigger to 2024-04-29 00:00:00+00:00, run_after=2024-04-29 04:00:00+00:00
[2024-04-29T05:32:31.138+0000] {processor.py:183} INFO - Processing /home/airflow/.local/lib/python3.8/site-packages/airflow/example_dags/example_latest_only_with_trigger.py took 0.093 seconds
[2024-04-29T05:33:01.339+0000] {processor.py:161} INFO - Started process (PID=857) to work on /home/airflow/.local/lib/python3.8/site-packages/airflow/example_dags/example_latest_only_with_trigger.py
[2024-04-29T05:33:01.340+0000] {processor.py:830} INFO - Processing file /home/airflow/.local/lib/python3.8/site-packages/airflow/example_dags/example_latest_only_with_trigger.py for tasks to queue
[2024-04-29T05:33:01.342+0000] {logging_mixin.py:188} INFO - [2024-04-29T05:33:01.341+0000] {dagbag.py:540} INFO - Filling up the DagBag from /home/airflow/.local/lib/python3.8/site-packages/airflow/example_dags/example_latest_only_with_trigger.py
[2024-04-29T05:33:01.363+0000] {processor.py:840} INFO - DAG(s) 'latest_only_with_trigger' retrieved from /home/airflow/.local/lib/python3.8/site-packages/airflow/example_dags/example_latest_only_with_trigger.py
[2024-04-29T05:33:01.410+0000] {logging_mixin.py:188} INFO - [2024-04-29T05:33:01.410+0000] {dag.py:3047} INFO - Sync 1 DAGs
[2024-04-29T05:33:01.454+0000] {logging_mixin.py:188} INFO - [2024-04-29T05:33:01.443+0000] {dag.py:3834} INFO - Setting next_dagrun for latest_only_with_trigger to 2024-04-29 00:00:00+00:00, run_after=2024-04-29 04:00:00+00:00
[2024-04-29T05:33:01.497+0000] {processor.py:183} INFO - Processing /home/airflow/.local/lib/python3.8/site-packages/airflow/example_dags/example_latest_only_with_trigger.py took 0.170 seconds
[2024-04-29T05:34:28.943+0000] {processor.py:161} INFO - Started process (PID=356) to work on /home/airflow/.local/lib/python3.8/site-packages/airflow/example_dags/example_latest_only_with_trigger.py
[2024-04-29T05:34:28.944+0000] {processor.py:830} INFO - Processing file /home/airflow/.local/lib/python3.8/site-packages/airflow/example_dags/example_latest_only_with_trigger.py for tasks to queue
[2024-04-29T05:34:28.945+0000] {logging_mixin.py:188} INFO - [2024-04-29T05:34:28.945+0000] {dagbag.py:540} INFO - Filling up the DagBag from /home/airflow/.local/lib/python3.8/site-packages/airflow/example_dags/example_latest_only_with_trigger.py
[2024-04-29T05:34:28.953+0000] {processor.py:840} INFO - DAG(s) 'latest_only_with_trigger' retrieved from /home/airflow/.local/lib/python3.8/site-packages/airflow/example_dags/example_latest_only_with_trigger.py
[2024-04-29T05:34:28.977+0000] {logging_mixin.py:188} INFO - [2024-04-29T05:34:28.976+0000] {dag.py:3047} INFO - Sync 1 DAGs
[2024-04-29T05:34:29.082+0000] {logging_mixin.py:188} INFO - [2024-04-29T05:34:29.082+0000] {dag.py:3834} INFO - Setting next_dagrun for latest_only_with_trigger to 2024-04-29 00:00:00+00:00, run_after=2024-04-29 04:00:00+00:00
[2024-04-29T05:34:29.172+0000] {processor.py:183} INFO - Processing /home/airflow/.local/lib/python3.8/site-packages/airflow/example_dags/example_latest_only_with_trigger.py took 0.232 seconds
[2024-04-29T05:35:00.791+0000] {processor.py:161} INFO - Started process (PID=607) to work on /home/airflow/.local/lib/python3.8/site-packages/airflow/example_dags/example_latest_only_with_trigger.py
[2024-04-29T05:35:00.792+0000] {processor.py:830} INFO - Processing file /home/airflow/.local/lib/python3.8/site-packages/airflow/example_dags/example_latest_only_with_trigger.py for tasks to queue
[2024-04-29T05:35:00.793+0000] {logging_mixin.py:188} INFO - [2024-04-29T05:35:00.793+0000] {dagbag.py:540} INFO - Filling up the DagBag from /home/airflow/.local/lib/python3.8/site-packages/airflow/example_dags/example_latest_only_with_trigger.py
[2024-04-29T05:35:00.801+0000] {processor.py:840} INFO - DAG(s) 'latest_only_with_trigger' retrieved from /home/airflow/.local/lib/python3.8/site-packages/airflow/example_dags/example_latest_only_with_trigger.py
[2024-04-29T05:35:00.931+0000] {logging_mixin.py:188} INFO - [2024-04-29T05:35:00.931+0000] {dag.py:3047} INFO - Sync 1 DAGs
[2024-04-29T05:35:00.957+0000] {logging_mixin.py:188} INFO - [2024-04-29T05:35:00.956+0000] {dag.py:3834} INFO - Setting next_dagrun for latest_only_with_trigger to 2024-04-29 00:00:00+00:00, run_after=2024-04-29 04:00:00+00:00
[2024-04-29T05:35:00.985+0000] {processor.py:183} INFO - Processing /home/airflow/.local/lib/python3.8/site-packages/airflow/example_dags/example_latest_only_with_trigger.py took 0.198 seconds
[2024-04-29T05:35:31.273+0000] {processor.py:161} INFO - Started process (PID=859) to work on /home/airflow/.local/lib/python3.8/site-packages/airflow/example_dags/example_latest_only_with_trigger.py
[2024-04-29T05:35:31.274+0000] {processor.py:830} INFO - Processing file /home/airflow/.local/lib/python3.8/site-packages/airflow/example_dags/example_latest_only_with_trigger.py for tasks to queue
[2024-04-29T05:35:31.275+0000] {logging_mixin.py:188} INFO - [2024-04-29T05:35:31.275+0000] {dagbag.py:540} INFO - Filling up the DagBag from /home/airflow/.local/lib/python3.8/site-packages/airflow/example_dags/example_latest_only_with_trigger.py
[2024-04-29T05:35:31.284+0000] {processor.py:840} INFO - DAG(s) 'latest_only_with_trigger' retrieved from /home/airflow/.local/lib/python3.8/site-packages/airflow/example_dags/example_latest_only_with_trigger.py
[2024-04-29T05:35:31.306+0000] {logging_mixin.py:188} INFO - [2024-04-29T05:35:31.306+0000] {dag.py:3047} INFO - Sync 1 DAGs
[2024-04-29T05:35:31.334+0000] {logging_mixin.py:188} INFO - [2024-04-29T05:35:31.333+0000] {dag.py:3834} INFO - Setting next_dagrun for latest_only_with_trigger to 2024-04-29 00:00:00+00:00, run_after=2024-04-29 04:00:00+00:00
[2024-04-29T05:35:31.359+0000] {processor.py:183} INFO - Processing /home/airflow/.local/lib/python3.8/site-packages/airflow/example_dags/example_latest_only_with_trigger.py took 0.093 seconds
[2024-04-29T05:36:02.266+0000] {processor.py:161} INFO - Started process (PID=1110) to work on /home/airflow/.local/lib/python3.8/site-packages/airflow/example_dags/example_latest_only_with_trigger.py
[2024-04-29T05:36:02.267+0000] {processor.py:830} INFO - Processing file /home/airflow/.local/lib/python3.8/site-packages/airflow/example_dags/example_latest_only_with_trigger.py for tasks to queue
[2024-04-29T05:36:02.268+0000] {logging_mixin.py:188} INFO - [2024-04-29T05:36:02.268+0000] {dagbag.py:540} INFO - Filling up the DagBag from /home/airflow/.local/lib/python3.8/site-packages/airflow/example_dags/example_latest_only_with_trigger.py
[2024-04-29T05:36:02.275+0000] {processor.py:840} INFO - DAG(s) 'latest_only_with_trigger' retrieved from /home/airflow/.local/lib/python3.8/site-packages/airflow/example_dags/example_latest_only_with_trigger.py
[2024-04-29T05:36:02.329+0000] {logging_mixin.py:188} INFO - [2024-04-29T05:36:02.328+0000] {dag.py:3047} INFO - Sync 1 DAGs
[2024-04-29T05:36:02.355+0000] {logging_mixin.py:188} INFO - [2024-04-29T05:36:02.355+0000] {dag.py:3834} INFO - Setting next_dagrun for latest_only_with_trigger to 2024-04-29 00:00:00+00:00, run_after=2024-04-29 04:00:00+00:00
[2024-04-29T05:36:02.379+0000] {processor.py:183} INFO - Processing /home/airflow/.local/lib/python3.8/site-packages/airflow/example_dags/example_latest_only_with_trigger.py took 0.117 seconds
[2024-04-29T05:36:32.694+0000] {processor.py:161} INFO - Started process (PID=1363) to work on /home/airflow/.local/lib/python3.8/site-packages/airflow/example_dags/example_latest_only_with_trigger.py
[2024-04-29T05:36:32.695+0000] {processor.py:830} INFO - Processing file /home/airflow/.local/lib/python3.8/site-packages/airflow/example_dags/example_latest_only_with_trigger.py for tasks to queue
[2024-04-29T05:36:32.696+0000] {logging_mixin.py:188} INFO - [2024-04-29T05:36:32.696+0000] {dagbag.py:540} INFO - Filling up the DagBag from /home/airflow/.local/lib/python3.8/site-packages/airflow/example_dags/example_latest_only_with_trigger.py
[2024-04-29T05:36:32.704+0000] {processor.py:840} INFO - DAG(s) 'latest_only_with_trigger' retrieved from /home/airflow/.local/lib/python3.8/site-packages/airflow/example_dags/example_latest_only_with_trigger.py
[2024-04-29T05:36:32.728+0000] {logging_mixin.py:188} INFO - [2024-04-29T05:36:32.728+0000] {dag.py:3047} INFO - Sync 1 DAGs
[2024-04-29T05:36:32.754+0000] {logging_mixin.py:188} INFO - [2024-04-29T05:36:32.753+0000] {dag.py:3834} INFO - Setting next_dagrun for latest_only_with_trigger to 2024-04-29 00:00:00+00:00, run_after=2024-04-29 04:00:00+00:00
[2024-04-29T05:36:32.777+0000] {processor.py:183} INFO - Processing /home/airflow/.local/lib/python3.8/site-packages/airflow/example_dags/example_latest_only_with_trigger.py took 0.086 seconds
[2024-04-29T05:37:03.348+0000] {processor.py:161} INFO - Started process (PID=1616) to work on /home/airflow/.local/lib/python3.8/site-packages/airflow/example_dags/example_latest_only_with_trigger.py
[2024-04-29T05:37:03.349+0000] {processor.py:830} INFO - Processing file /home/airflow/.local/lib/python3.8/site-packages/airflow/example_dags/example_latest_only_with_trigger.py for tasks to queue
[2024-04-29T05:37:03.350+0000] {logging_mixin.py:188} INFO - [2024-04-29T05:37:03.350+0000] {dagbag.py:540} INFO - Filling up the DagBag from /home/airflow/.local/lib/python3.8/site-packages/airflow/example_dags/example_latest_only_with_trigger.py
[2024-04-29T05:37:03.358+0000] {processor.py:840} INFO - DAG(s) 'latest_only_with_trigger' retrieved from /home/airflow/.local/lib/python3.8/site-packages/airflow/example_dags/example_latest_only_with_trigger.py
[2024-04-29T05:37:03.382+0000] {logging_mixin.py:188} INFO - [2024-04-29T05:37:03.381+0000] {dag.py:3047} INFO - Sync 1 DAGs
[2024-04-29T05:37:03.409+0000] {logging_mixin.py:188} INFO - [2024-04-29T05:37:03.408+0000] {dag.py:3834} INFO - Setting next_dagrun for latest_only_with_trigger to 2024-04-29 00:00:00+00:00, run_after=2024-04-29 04:00:00+00:00
[2024-04-29T05:37:03.432+0000] {processor.py:183} INFO - Processing /home/airflow/.local/lib/python3.8/site-packages/airflow/example_dags/example_latest_only_with_trigger.py took 0.088 seconds
[2024-04-29T05:37:34.024+0000] {processor.py:161} INFO - Started process (PID=1868) to work on /home/airflow/.local/lib/python3.8/site-packages/airflow/example_dags/example_latest_only_with_trigger.py
[2024-04-29T05:37:34.030+0000] {processor.py:830} INFO - Processing file /home/airflow/.local/lib/python3.8/site-packages/airflow/example_dags/example_latest_only_with_trigger.py for tasks to queue
[2024-04-29T05:37:34.031+0000] {logging_mixin.py:188} INFO - [2024-04-29T05:37:34.031+0000] {dagbag.py:540} INFO - Filling up the DagBag from /home/airflow/.local/lib/python3.8/site-packages/airflow/example_dags/example_latest_only_with_trigger.py
[2024-04-29T05:37:34.039+0000] {processor.py:840} INFO - DAG(s) 'latest_only_with_trigger' retrieved from /home/airflow/.local/lib/python3.8/site-packages/airflow/example_dags/example_latest_only_with_trigger.py
[2024-04-29T05:37:34.091+0000] {logging_mixin.py:188} INFO - [2024-04-29T05:37:34.091+0000] {dag.py:3047} INFO - Sync 1 DAGs
[2024-04-29T05:37:34.133+0000] {logging_mixin.py:188} INFO - [2024-04-29T05:37:34.133+0000] {dag.py:3834} INFO - Setting next_dagrun for latest_only_with_trigger to 2024-04-29 00:00:00+00:00, run_after=2024-04-29 04:00:00+00:00
[2024-04-29T05:37:34.157+0000] {processor.py:183} INFO - Processing /home/airflow/.local/lib/python3.8/site-packages/airflow/example_dags/example_latest_only_with_trigger.py took 0.137 seconds
[2024-04-29T05:38:21.872+0000] {processor.py:161} INFO - Started process (PID=2245) to work on /home/airflow/.local/lib/python3.8/site-packages/airflow/example_dags/example_latest_only_with_trigger.py
[2024-04-29T05:38:21.886+0000] {processor.py:830} INFO - Processing file /home/airflow/.local/lib/python3.8/site-packages/airflow/example_dags/example_latest_only_with_trigger.py for tasks to queue
[2024-04-29T05:38:21.894+0000] {logging_mixin.py:188} INFO - [2024-04-29T05:38:21.894+0000] {dagbag.py:540} INFO - Filling up the DagBag from /home/airflow/.local/lib/python3.8/site-packages/airflow/example_dags/example_latest_only_with_trigger.py
[2024-04-29T05:38:21.933+0000] {processor.py:840} INFO - DAG(s) 'latest_only_with_trigger' retrieved from /home/airflow/.local/lib/python3.8/site-packages/airflow/example_dags/example_latest_only_with_trigger.py
[2024-04-29T05:38:22.094+0000] {logging_mixin.py:188} INFO - [2024-04-29T05:38:22.094+0000] {dag.py:3047} INFO - Sync 1 DAGs
[2024-04-29T05:38:22.336+0000] {logging_mixin.py:188} INFO - [2024-04-29T05:38:22.335+0000] {dag.py:3834} INFO - Setting next_dagrun for latest_only_with_trigger to 2024-04-29 00:00:00+00:00, run_after=2024-04-29 04:00:00+00:00
[2024-04-29T05:38:22.628+0000] {processor.py:183} INFO - Processing /home/airflow/.local/lib/python3.8/site-packages/airflow/example_dags/example_latest_only_with_trigger.py took 0.769 seconds
[2024-04-29T05:38:52.881+0000] {processor.py:161} INFO - Started process (PID=2533) to work on /home/airflow/.local/lib/python3.8/site-packages/airflow/example_dags/example_latest_only_with_trigger.py
[2024-04-29T05:38:52.882+0000] {processor.py:830} INFO - Processing file /home/airflow/.local/lib/python3.8/site-packages/airflow/example_dags/example_latest_only_with_trigger.py for tasks to queue
[2024-04-29T05:38:52.884+0000] {logging_mixin.py:188} INFO - [2024-04-29T05:38:52.883+0000] {dagbag.py:540} INFO - Filling up the DagBag from /home/airflow/.local/lib/python3.8/site-packages/airflow/example_dags/example_latest_only_with_trigger.py
[2024-04-29T05:38:52.891+0000] {processor.py:840} INFO - DAG(s) 'latest_only_with_trigger' retrieved from /home/airflow/.local/lib/python3.8/site-packages/airflow/example_dags/example_latest_only_with_trigger.py
[2024-04-29T05:38:52.913+0000] {logging_mixin.py:188} INFO - [2024-04-29T05:38:52.912+0000] {dag.py:3047} INFO - Sync 1 DAGs
[2024-04-29T05:38:52.930+0000] {logging_mixin.py:188} INFO - [2024-04-29T05:38:52.930+0000] {dag.py:3834} INFO - Setting next_dagrun for latest_only_with_trigger to 2024-04-29 00:00:00+00:00, run_after=2024-04-29 04:00:00+00:00
[2024-04-29T05:38:52.949+0000] {processor.py:183} INFO - Processing /home/airflow/.local/lib/python3.8/site-packages/airflow/example_dags/example_latest_only_with_trigger.py took 0.073 seconds
[2024-04-29T05:39:23.012+0000] {processor.py:161} INFO - Started process (PID=2786) to work on /home/airflow/.local/lib/python3.8/site-packages/airflow/example_dags/example_latest_only_with_trigger.py
[2024-04-29T05:39:23.013+0000] {processor.py:830} INFO - Processing file /home/airflow/.local/lib/python3.8/site-packages/airflow/example_dags/example_latest_only_with_trigger.py for tasks to queue
[2024-04-29T05:39:23.014+0000] {logging_mixin.py:188} INFO - [2024-04-29T05:39:23.013+0000] {dagbag.py:540} INFO - Filling up the DagBag from /home/airflow/.local/lib/python3.8/site-packages/airflow/example_dags/example_latest_only_with_trigger.py
[2024-04-29T05:39:23.020+0000] {processor.py:840} INFO - DAG(s) 'latest_only_with_trigger' retrieved from /home/airflow/.local/lib/python3.8/site-packages/airflow/example_dags/example_latest_only_with_trigger.py
[2024-04-29T05:39:23.045+0000] {logging_mixin.py:188} INFO - [2024-04-29T05:39:23.045+0000] {dag.py:3047} INFO - Sync 1 DAGs
[2024-04-29T05:39:23.072+0000] {logging_mixin.py:188} INFO - [2024-04-29T05:39:23.071+0000] {dag.py:3834} INFO - Setting next_dagrun for latest_only_with_trigger to 2024-04-29 00:00:00+00:00, run_after=2024-04-29 04:00:00+00:00
[2024-04-29T05:39:23.095+0000] {processor.py:183} INFO - Processing /home/airflow/.local/lib/python3.8/site-packages/airflow/example_dags/example_latest_only_with_trigger.py took 0.087 seconds
[2024-04-29T05:39:53.446+0000] {processor.py:161} INFO - Started process (PID=3040) to work on /home/airflow/.local/lib/python3.8/site-packages/airflow/example_dags/example_latest_only_with_trigger.py
[2024-04-29T05:39:53.447+0000] {processor.py:830} INFO - Processing file /home/airflow/.local/lib/python3.8/site-packages/airflow/example_dags/example_latest_only_with_trigger.py for tasks to queue
[2024-04-29T05:39:53.448+0000] {logging_mixin.py:188} INFO - [2024-04-29T05:39:53.448+0000] {dagbag.py:540} INFO - Filling up the DagBag from /home/airflow/.local/lib/python3.8/site-packages/airflow/example_dags/example_latest_only_with_trigger.py
[2024-04-29T05:39:53.455+0000] {processor.py:840} INFO - DAG(s) 'latest_only_with_trigger' retrieved from /home/airflow/.local/lib/python3.8/site-packages/airflow/example_dags/example_latest_only_with_trigger.py
[2024-04-29T05:39:53.476+0000] {logging_mixin.py:188} INFO - [2024-04-29T05:39:53.476+0000] {dag.py:3047} INFO - Sync 1 DAGs
[2024-04-29T05:39:53.495+0000] {logging_mixin.py:188} INFO - [2024-04-29T05:39:53.495+0000] {dag.py:3834} INFO - Setting next_dagrun for latest_only_with_trigger to 2024-04-29 00:00:00+00:00, run_after=2024-04-29 04:00:00+00:00
[2024-04-29T05:39:53.518+0000] {processor.py:183} INFO - Processing /home/airflow/.local/lib/python3.8/site-packages/airflow/example_dags/example_latest_only_with_trigger.py took 0.075 seconds
[2024-04-29T05:40:24.462+0000] {processor.py:161} INFO - Started process (PID=3293) to work on /home/airflow/.local/lib/python3.8/site-packages/airflow/example_dags/example_latest_only_with_trigger.py
[2024-04-29T05:40:24.463+0000] {processor.py:830} INFO - Processing file /home/airflow/.local/lib/python3.8/site-packages/airflow/example_dags/example_latest_only_with_trigger.py for tasks to queue
[2024-04-29T05:40:24.464+0000] {logging_mixin.py:188} INFO - [2024-04-29T05:40:24.464+0000] {dagbag.py:540} INFO - Filling up the DagBag from /home/airflow/.local/lib/python3.8/site-packages/airflow/example_dags/example_latest_only_with_trigger.py
[2024-04-29T05:40:24.472+0000] {processor.py:840} INFO - DAG(s) 'latest_only_with_trigger' retrieved from /home/airflow/.local/lib/python3.8/site-packages/airflow/example_dags/example_latest_only_with_trigger.py
[2024-04-29T05:40:24.511+0000] {logging_mixin.py:188} INFO - [2024-04-29T05:40:24.510+0000] {dag.py:3047} INFO - Sync 1 DAGs
[2024-04-29T05:40:24.540+0000] {logging_mixin.py:188} INFO - [2024-04-29T05:40:24.540+0000] {dag.py:3834} INFO - Setting next_dagrun for latest_only_with_trigger to 2024-04-29 00:00:00+00:00, run_after=2024-04-29 04:00:00+00:00
[2024-04-29T05:40:24.561+0000] {processor.py:183} INFO - Processing /home/airflow/.local/lib/python3.8/site-packages/airflow/example_dags/example_latest_only_with_trigger.py took 0.103 seconds
[2024-04-29T05:40:54.940+0000] {processor.py:161} INFO - Started process (PID=3557) to work on /home/airflow/.local/lib/python3.8/site-packages/airflow/example_dags/example_latest_only_with_trigger.py
[2024-04-29T05:40:54.942+0000] {processor.py:830} INFO - Processing file /home/airflow/.local/lib/python3.8/site-packages/airflow/example_dags/example_latest_only_with_trigger.py for tasks to queue
[2024-04-29T05:40:54.943+0000] {logging_mixin.py:188} INFO - [2024-04-29T05:40:54.942+0000] {dagbag.py:540} INFO - Filling up the DagBag from /home/airflow/.local/lib/python3.8/site-packages/airflow/example_dags/example_latest_only_with_trigger.py
[2024-04-29T05:40:54.950+0000] {processor.py:840} INFO - DAG(s) 'latest_only_with_trigger' retrieved from /home/airflow/.local/lib/python3.8/site-packages/airflow/example_dags/example_latest_only_with_trigger.py
[2024-04-29T05:40:54.970+0000] {logging_mixin.py:188} INFO - [2024-04-29T05:40:54.970+0000] {dag.py:3047} INFO - Sync 1 DAGs
[2024-04-29T05:40:54.992+0000] {logging_mixin.py:188} INFO - [2024-04-29T05:40:54.992+0000] {dag.py:3834} INFO - Setting next_dagrun for latest_only_with_trigger to 2024-04-29 00:00:00+00:00, run_after=2024-04-29 04:00:00+00:00
[2024-04-29T05:40:55.013+0000] {processor.py:183} INFO - Processing /home/airflow/.local/lib/python3.8/site-packages/airflow/example_dags/example_latest_only_with_trigger.py took 0.077 seconds
[2024-04-29T05:41:25.662+0000] {processor.py:161} INFO - Started process (PID=3815) to work on /home/airflow/.local/lib/python3.8/site-packages/airflow/example_dags/example_latest_only_with_trigger.py
[2024-04-29T05:41:25.663+0000] {processor.py:830} INFO - Processing file /home/airflow/.local/lib/python3.8/site-packages/airflow/example_dags/example_latest_only_with_trigger.py for tasks to queue
[2024-04-29T05:41:25.664+0000] {logging_mixin.py:188} INFO - [2024-04-29T05:41:25.664+0000] {dagbag.py:540} INFO - Filling up the DagBag from /home/airflow/.local/lib/python3.8/site-packages/airflow/example_dags/example_latest_only_with_trigger.py
[2024-04-29T05:41:25.671+0000] {processor.py:840} INFO - DAG(s) 'latest_only_with_trigger' retrieved from /home/airflow/.local/lib/python3.8/site-packages/airflow/example_dags/example_latest_only_with_trigger.py
[2024-04-29T05:41:25.694+0000] {logging_mixin.py:188} INFO - [2024-04-29T05:41:25.694+0000] {dag.py:3047} INFO - Sync 1 DAGs
[2024-04-29T05:41:25.720+0000] {logging_mixin.py:188} INFO - [2024-04-29T05:41:25.720+0000] {dag.py:3834} INFO - Setting next_dagrun for latest_only_with_trigger to 2024-04-29 00:00:00+00:00, run_after=2024-04-29 04:00:00+00:00
[2024-04-29T05:41:25.744+0000] {processor.py:183} INFO - Processing /home/airflow/.local/lib/python3.8/site-packages/airflow/example_dags/example_latest_only_with_trigger.py took 0.085 seconds
[2024-04-29T05:41:56.158+0000] {processor.py:161} INFO - Started process (PID=4067) to work on /home/airflow/.local/lib/python3.8/site-packages/airflow/example_dags/example_latest_only_with_trigger.py
[2024-04-29T05:41:56.159+0000] {processor.py:830} INFO - Processing file /home/airflow/.local/lib/python3.8/site-packages/airflow/example_dags/example_latest_only_with_trigger.py for tasks to queue
[2024-04-29T05:41:56.161+0000] {logging_mixin.py:188} INFO - [2024-04-29T05:41:56.160+0000] {dagbag.py:540} INFO - Filling up the DagBag from /home/airflow/.local/lib/python3.8/site-packages/airflow/example_dags/example_latest_only_with_trigger.py
[2024-04-29T05:41:56.166+0000] {processor.py:840} INFO - DAG(s) 'latest_only_with_trigger' retrieved from /home/airflow/.local/lib/python3.8/site-packages/airflow/example_dags/example_latest_only_with_trigger.py
[2024-04-29T05:41:56.184+0000] {logging_mixin.py:188} INFO - [2024-04-29T05:41:56.184+0000] {dag.py:3047} INFO - Sync 1 DAGs
[2024-04-29T05:41:56.203+0000] {logging_mixin.py:188} INFO - [2024-04-29T05:41:56.203+0000] {dag.py:3834} INFO - Setting next_dagrun for latest_only_with_trigger to 2024-04-29 00:00:00+00:00, run_after=2024-04-29 04:00:00+00:00
[2024-04-29T05:41:56.223+0000] {processor.py:183} INFO - Processing /home/airflow/.local/lib/python3.8/site-packages/airflow/example_dags/example_latest_only_with_trigger.py took 0.068 seconds
[2024-04-29T05:42:26.777+0000] {processor.py:161} INFO - Started process (PID=4317) to work on /home/airflow/.local/lib/python3.8/site-packages/airflow/example_dags/example_latest_only_with_trigger.py
[2024-04-29T05:42:26.778+0000] {processor.py:830} INFO - Processing file /home/airflow/.local/lib/python3.8/site-packages/airflow/example_dags/example_latest_only_with_trigger.py for tasks to queue
[2024-04-29T05:42:26.779+0000] {logging_mixin.py:188} INFO - [2024-04-29T05:42:26.778+0000] {dagbag.py:540} INFO - Filling up the DagBag from /home/airflow/.local/lib/python3.8/site-packages/airflow/example_dags/example_latest_only_with_trigger.py
[2024-04-29T05:42:26.784+0000] {processor.py:840} INFO - DAG(s) 'latest_only_with_trigger' retrieved from /home/airflow/.local/lib/python3.8/site-packages/airflow/example_dags/example_latest_only_with_trigger.py
[2024-04-29T05:42:26.801+0000] {logging_mixin.py:188} INFO - [2024-04-29T05:42:26.801+0000] {dag.py:3047} INFO - Sync 1 DAGs
[2024-04-29T05:42:26.819+0000] {logging_mixin.py:188} INFO - [2024-04-29T05:42:26.819+0000] {dag.py:3834} INFO - Setting next_dagrun for latest_only_with_trigger to 2024-04-29 00:00:00+00:00, run_after=2024-04-29 04:00:00+00:00
[2024-04-29T05:42:26.838+0000] {processor.py:183} INFO - Processing /home/airflow/.local/lib/python3.8/site-packages/airflow/example_dags/example_latest_only_with_trigger.py took 0.063 seconds
[2024-04-29T05:42:57.648+0000] {processor.py:161} INFO - Started process (PID=4572) to work on /home/airflow/.local/lib/python3.8/site-packages/airflow/example_dags/example_latest_only_with_trigger.py
[2024-04-29T05:42:57.649+0000] {processor.py:830} INFO - Processing file /home/airflow/.local/lib/python3.8/site-packages/airflow/example_dags/example_latest_only_with_trigger.py for tasks to queue
[2024-04-29T05:42:57.650+0000] {logging_mixin.py:188} INFO - [2024-04-29T05:42:57.650+0000] {dagbag.py:540} INFO - Filling up the DagBag from /home/airflow/.local/lib/python3.8/site-packages/airflow/example_dags/example_latest_only_with_trigger.py
[2024-04-29T05:42:57.655+0000] {processor.py:840} INFO - DAG(s) 'latest_only_with_trigger' retrieved from /home/airflow/.local/lib/python3.8/site-packages/airflow/example_dags/example_latest_only_with_trigger.py
[2024-04-29T05:42:57.675+0000] {logging_mixin.py:188} INFO - [2024-04-29T05:42:57.675+0000] {dag.py:3047} INFO - Sync 1 DAGs
[2024-04-29T05:42:57.693+0000] {logging_mixin.py:188} INFO - [2024-04-29T05:42:57.693+0000] {dag.py:3834} INFO - Setting next_dagrun for latest_only_with_trigger to 2024-04-29 00:00:00+00:00, run_after=2024-04-29 04:00:00+00:00
[2024-04-29T05:42:57.712+0000] {processor.py:183} INFO - Processing /home/airflow/.local/lib/python3.8/site-packages/airflow/example_dags/example_latest_only_with_trigger.py took 0.067 seconds
[2024-04-29T05:43:27.872+0000] {processor.py:161} INFO - Started process (PID=4825) to work on /home/airflow/.local/lib/python3.8/site-packages/airflow/example_dags/example_latest_only_with_trigger.py
[2024-04-29T05:43:27.873+0000] {processor.py:830} INFO - Processing file /home/airflow/.local/lib/python3.8/site-packages/airflow/example_dags/example_latest_only_with_trigger.py for tasks to queue
[2024-04-29T05:43:27.874+0000] {logging_mixin.py:188} INFO - [2024-04-29T05:43:27.873+0000] {dagbag.py:540} INFO - Filling up the DagBag from /home/airflow/.local/lib/python3.8/site-packages/airflow/example_dags/example_latest_only_with_trigger.py
[2024-04-29T05:43:27.879+0000] {processor.py:840} INFO - DAG(s) 'latest_only_with_trigger' retrieved from /home/airflow/.local/lib/python3.8/site-packages/airflow/example_dags/example_latest_only_with_trigger.py
[2024-04-29T05:43:27.896+0000] {logging_mixin.py:188} INFO - [2024-04-29T05:43:27.895+0000] {dag.py:3047} INFO - Sync 1 DAGs
[2024-04-29T05:43:27.912+0000] {logging_mixin.py:188} INFO - [2024-04-29T05:43:27.912+0000] {dag.py:3834} INFO - Setting next_dagrun for latest_only_with_trigger to 2024-04-29 00:00:00+00:00, run_after=2024-04-29 04:00:00+00:00
[2024-04-29T05:43:27.932+0000] {processor.py:183} INFO - Processing /home/airflow/.local/lib/python3.8/site-packages/airflow/example_dags/example_latest_only_with_trigger.py took 0.063 seconds
[2024-04-29T05:43:58.121+0000] {processor.py:161} INFO - Started process (PID=5077) to work on /home/airflow/.local/lib/python3.8/site-packages/airflow/example_dags/example_latest_only_with_trigger.py
[2024-04-29T05:43:58.122+0000] {processor.py:830} INFO - Processing file /home/airflow/.local/lib/python3.8/site-packages/airflow/example_dags/example_latest_only_with_trigger.py for tasks to queue
[2024-04-29T05:43:58.123+0000] {logging_mixin.py:188} INFO - [2024-04-29T05:43:58.122+0000] {dagbag.py:540} INFO - Filling up the DagBag from /home/airflow/.local/lib/python3.8/site-packages/airflow/example_dags/example_latest_only_with_trigger.py
[2024-04-29T05:43:58.128+0000] {processor.py:840} INFO - DAG(s) 'latest_only_with_trigger' retrieved from /home/airflow/.local/lib/python3.8/site-packages/airflow/example_dags/example_latest_only_with_trigger.py
[2024-04-29T05:43:58.146+0000] {logging_mixin.py:188} INFO - [2024-04-29T05:43:58.145+0000] {dag.py:3047} INFO - Sync 1 DAGs
[2024-04-29T05:43:58.163+0000] {logging_mixin.py:188} INFO - [2024-04-29T05:43:58.163+0000] {dag.py:3834} INFO - Setting next_dagrun for latest_only_with_trigger to 2024-04-29 00:00:00+00:00, run_after=2024-04-29 04:00:00+00:00
[2024-04-29T05:43:58.181+0000] {processor.py:183} INFO - Processing /home/airflow/.local/lib/python3.8/site-packages/airflow/example_dags/example_latest_only_with_trigger.py took 0.063 seconds
[2024-04-29T05:44:28.723+0000] {processor.py:161} INFO - Started process (PID=5330) to work on /home/airflow/.local/lib/python3.8/site-packages/airflow/example_dags/example_latest_only_with_trigger.py
[2024-04-29T05:44:28.724+0000] {processor.py:830} INFO - Processing file /home/airflow/.local/lib/python3.8/site-packages/airflow/example_dags/example_latest_only_with_trigger.py for tasks to queue
[2024-04-29T05:44:28.725+0000] {logging_mixin.py:188} INFO - [2024-04-29T05:44:28.725+0000] {dagbag.py:540} INFO - Filling up the DagBag from /home/airflow/.local/lib/python3.8/site-packages/airflow/example_dags/example_latest_only_with_trigger.py
[2024-04-29T05:44:28.731+0000] {processor.py:840} INFO - DAG(s) 'latest_only_with_trigger' retrieved from /home/airflow/.local/lib/python3.8/site-packages/airflow/example_dags/example_latest_only_with_trigger.py
[2024-04-29T05:44:28.747+0000] {logging_mixin.py:188} INFO - [2024-04-29T05:44:28.747+0000] {dag.py:3047} INFO - Sync 1 DAGs
[2024-04-29T05:44:28.764+0000] {logging_mixin.py:188} INFO - [2024-04-29T05:44:28.764+0000] {dag.py:3834} INFO - Setting next_dagrun for latest_only_with_trigger to 2024-04-29 00:00:00+00:00, run_after=2024-04-29 04:00:00+00:00
[2024-04-29T05:44:28.787+0000] {processor.py:183} INFO - Processing /home/airflow/.local/lib/python3.8/site-packages/airflow/example_dags/example_latest_only_with_trigger.py took 0.067 seconds
[2024-04-29T05:44:58.847+0000] {processor.py:161} INFO - Started process (PID=5580) to work on /home/airflow/.local/lib/python3.8/site-packages/airflow/example_dags/example_latest_only_with_trigger.py
[2024-04-29T05:44:58.849+0000] {processor.py:830} INFO - Processing file /home/airflow/.local/lib/python3.8/site-packages/airflow/example_dags/example_latest_only_with_trigger.py for tasks to queue
[2024-04-29T05:44:58.850+0000] {logging_mixin.py:188} INFO - [2024-04-29T05:44:58.850+0000] {dagbag.py:540} INFO - Filling up the DagBag from /home/airflow/.local/lib/python3.8/site-packages/airflow/example_dags/example_latest_only_with_trigger.py
[2024-04-29T05:44:58.858+0000] {processor.py:840} INFO - DAG(s) 'latest_only_with_trigger' retrieved from /home/airflow/.local/lib/python3.8/site-packages/airflow/example_dags/example_latest_only_with_trigger.py
[2024-04-29T05:44:58.880+0000] {logging_mixin.py:188} INFO - [2024-04-29T05:44:58.880+0000] {dag.py:3047} INFO - Sync 1 DAGs
[2024-04-29T05:44:58.906+0000] {logging_mixin.py:188} INFO - [2024-04-29T05:44:58.906+0000] {dag.py:3834} INFO - Setting next_dagrun for latest_only_with_trigger to 2024-04-29 00:00:00+00:00, run_after=2024-04-29 04:00:00+00:00
[2024-04-29T05:44:58.930+0000] {processor.py:183} INFO - Processing /home/airflow/.local/lib/python3.8/site-packages/airflow/example_dags/example_latest_only_with_trigger.py took 0.086 seconds
[2024-04-29T05:45:29.101+0000] {processor.py:161} INFO - Started process (PID=5833) to work on /home/airflow/.local/lib/python3.8/site-packages/airflow/example_dags/example_latest_only_with_trigger.py
[2024-04-29T05:45:29.103+0000] {processor.py:830} INFO - Processing file /home/airflow/.local/lib/python3.8/site-packages/airflow/example_dags/example_latest_only_with_trigger.py for tasks to queue
[2024-04-29T05:45:29.104+0000] {logging_mixin.py:188} INFO - [2024-04-29T05:45:29.103+0000] {dagbag.py:540} INFO - Filling up the DagBag from /home/airflow/.local/lib/python3.8/site-packages/airflow/example_dags/example_latest_only_with_trigger.py
[2024-04-29T05:45:29.111+0000] {processor.py:840} INFO - DAG(s) 'latest_only_with_trigger' retrieved from /home/airflow/.local/lib/python3.8/site-packages/airflow/example_dags/example_latest_only_with_trigger.py
[2024-04-29T05:45:29.135+0000] {logging_mixin.py:188} INFO - [2024-04-29T05:45:29.135+0000] {dag.py:3047} INFO - Sync 1 DAGs
[2024-04-29T05:45:29.162+0000] {logging_mixin.py:188} INFO - [2024-04-29T05:45:29.162+0000] {dag.py:3834} INFO - Setting next_dagrun for latest_only_with_trigger to 2024-04-29 00:00:00+00:00, run_after=2024-04-29 04:00:00+00:00
[2024-04-29T05:45:29.185+0000] {processor.py:183} INFO - Processing /home/airflow/.local/lib/python3.8/site-packages/airflow/example_dags/example_latest_only_with_trigger.py took 0.087 seconds
[2024-04-29T05:45:59.572+0000] {processor.py:161} INFO - Started process (PID=6085) to work on /home/airflow/.local/lib/python3.8/site-packages/airflow/example_dags/example_latest_only_with_trigger.py
[2024-04-29T05:45:59.573+0000] {processor.py:830} INFO - Processing file /home/airflow/.local/lib/python3.8/site-packages/airflow/example_dags/example_latest_only_with_trigger.py for tasks to queue
[2024-04-29T05:45:59.574+0000] {logging_mixin.py:188} INFO - [2024-04-29T05:45:59.574+0000] {dagbag.py:540} INFO - Filling up the DagBag from /home/airflow/.local/lib/python3.8/site-packages/airflow/example_dags/example_latest_only_with_trigger.py
[2024-04-29T05:45:59.582+0000] {processor.py:840} INFO - DAG(s) 'latest_only_with_trigger' retrieved from /home/airflow/.local/lib/python3.8/site-packages/airflow/example_dags/example_latest_only_with_trigger.py
[2024-04-29T05:45:59.612+0000] {logging_mixin.py:188} INFO - [2024-04-29T05:45:59.611+0000] {dag.py:3047} INFO - Sync 1 DAGs
[2024-04-29T05:45:59.641+0000] {logging_mixin.py:188} INFO - [2024-04-29T05:45:59.641+0000] {dag.py:3834} INFO - Setting next_dagrun for latest_only_with_trigger to 2024-04-29 00:00:00+00:00, run_after=2024-04-29 04:00:00+00:00
[2024-04-29T05:45:59.669+0000] {processor.py:183} INFO - Processing /home/airflow/.local/lib/python3.8/site-packages/airflow/example_dags/example_latest_only_with_trigger.py took 0.101 seconds
[2024-04-29T05:46:30.151+0000] {processor.py:161} INFO - Started process (PID=6338) to work on /home/airflow/.local/lib/python3.8/site-packages/airflow/example_dags/example_latest_only_with_trigger.py
[2024-04-29T05:46:30.153+0000] {processor.py:830} INFO - Processing file /home/airflow/.local/lib/python3.8/site-packages/airflow/example_dags/example_latest_only_with_trigger.py for tasks to queue
[2024-04-29T05:46:30.154+0000] {logging_mixin.py:188} INFO - [2024-04-29T05:46:30.154+0000] {dagbag.py:540} INFO - Filling up the DagBag from /home/airflow/.local/lib/python3.8/site-packages/airflow/example_dags/example_latest_only_with_trigger.py
[2024-04-29T05:46:30.161+0000] {processor.py:840} INFO - DAG(s) 'latest_only_with_trigger' retrieved from /home/airflow/.local/lib/python3.8/site-packages/airflow/example_dags/example_latest_only_with_trigger.py
[2024-04-29T05:46:30.193+0000] {logging_mixin.py:188} INFO - [2024-04-29T05:46:30.193+0000] {dag.py:3047} INFO - Sync 1 DAGs
[2024-04-29T05:46:30.210+0000] {logging_mixin.py:188} INFO - [2024-04-29T05:46:30.210+0000] {dag.py:3834} INFO - Setting next_dagrun for latest_only_with_trigger to 2024-04-29 00:00:00+00:00, run_after=2024-04-29 04:00:00+00:00
[2024-04-29T05:46:30.230+0000] {processor.py:183} INFO - Processing /home/airflow/.local/lib/python3.8/site-packages/airflow/example_dags/example_latest_only_with_trigger.py took 0.082 seconds
[2024-04-29T05:47:01.133+0000] {processor.py:161} INFO - Started process (PID=6591) to work on /home/airflow/.local/lib/python3.8/site-packages/airflow/example_dags/example_latest_only_with_trigger.py
[2024-04-29T05:47:01.134+0000] {processor.py:830} INFO - Processing file /home/airflow/.local/lib/python3.8/site-packages/airflow/example_dags/example_latest_only_with_trigger.py for tasks to queue
[2024-04-29T05:47:01.135+0000] {logging_mixin.py:188} INFO - [2024-04-29T05:47:01.135+0000] {dagbag.py:540} INFO - Filling up the DagBag from /home/airflow/.local/lib/python3.8/site-packages/airflow/example_dags/example_latest_only_with_trigger.py
[2024-04-29T05:47:01.142+0000] {processor.py:840} INFO - DAG(s) 'latest_only_with_trigger' retrieved from /home/airflow/.local/lib/python3.8/site-packages/airflow/example_dags/example_latest_only_with_trigger.py
[2024-04-29T05:47:01.178+0000] {logging_mixin.py:188} INFO - [2024-04-29T05:47:01.177+0000] {dag.py:3047} INFO - Sync 1 DAGs
[2024-04-29T05:47:01.204+0000] {logging_mixin.py:188} INFO - [2024-04-29T05:47:01.203+0000] {dag.py:3834} INFO - Setting next_dagrun for latest_only_with_trigger to 2024-04-29 00:00:00+00:00, run_after=2024-04-29 04:00:00+00:00
[2024-04-29T05:47:01.227+0000] {processor.py:183} INFO - Processing /home/airflow/.local/lib/python3.8/site-packages/airflow/example_dags/example_latest_only_with_trigger.py took 0.098 seconds
[2024-04-29T05:47:31.684+0000] {processor.py:161} INFO - Started process (PID=6842) to work on /home/airflow/.local/lib/python3.8/site-packages/airflow/example_dags/example_latest_only_with_trigger.py
[2024-04-29T05:47:31.684+0000] {processor.py:830} INFO - Processing file /home/airflow/.local/lib/python3.8/site-packages/airflow/example_dags/example_latest_only_with_trigger.py for tasks to queue
[2024-04-29T05:47:31.685+0000] {logging_mixin.py:188} INFO - [2024-04-29T05:47:31.685+0000] {dagbag.py:540} INFO - Filling up the DagBag from /home/airflow/.local/lib/python3.8/site-packages/airflow/example_dags/example_latest_only_with_trigger.py
[2024-04-29T05:47:31.692+0000] {processor.py:840} INFO - DAG(s) 'latest_only_with_trigger' retrieved from /home/airflow/.local/lib/python3.8/site-packages/airflow/example_dags/example_latest_only_with_trigger.py
[2024-04-29T05:47:31.723+0000] {logging_mixin.py:188} INFO - [2024-04-29T05:47:31.723+0000] {dag.py:3047} INFO - Sync 1 DAGs
[2024-04-29T05:47:31.751+0000] {logging_mixin.py:188} INFO - [2024-04-29T05:47:31.751+0000] {dag.py:3834} INFO - Setting next_dagrun for latest_only_with_trigger to 2024-04-29 00:00:00+00:00, run_after=2024-04-29 04:00:00+00:00
[2024-04-29T05:47:31.777+0000] {processor.py:183} INFO - Processing /home/airflow/.local/lib/python3.8/site-packages/airflow/example_dags/example_latest_only_with_trigger.py took 0.105 seconds
[2024-04-29T05:48:02.077+0000] {processor.py:161} INFO - Started process (PID=7095) to work on /home/airflow/.local/lib/python3.8/site-packages/airflow/example_dags/example_latest_only_with_trigger.py
[2024-04-29T05:48:02.078+0000] {processor.py:830} INFO - Processing file /home/airflow/.local/lib/python3.8/site-packages/airflow/example_dags/example_latest_only_with_trigger.py for tasks to queue
[2024-04-29T05:48:02.079+0000] {logging_mixin.py:188} INFO - [2024-04-29T05:48:02.079+0000] {dagbag.py:540} INFO - Filling up the DagBag from /home/airflow/.local/lib/python3.8/site-packages/airflow/example_dags/example_latest_only_with_trigger.py
[2024-04-29T05:48:02.089+0000] {processor.py:840} INFO - DAG(s) 'latest_only_with_trigger' retrieved from /home/airflow/.local/lib/python3.8/site-packages/airflow/example_dags/example_latest_only_with_trigger.py
[2024-04-29T05:48:02.129+0000] {logging_mixin.py:188} INFO - [2024-04-29T05:48:02.129+0000] {dag.py:3047} INFO - Sync 1 DAGs
[2024-04-29T05:48:02.156+0000] {logging_mixin.py:188} INFO - [2024-04-29T05:48:02.156+0000] {dag.py:3834} INFO - Setting next_dagrun for latest_only_with_trigger to 2024-04-29 00:00:00+00:00, run_after=2024-04-29 04:00:00+00:00
[2024-04-29T05:48:02.181+0000] {processor.py:183} INFO - Processing /home/airflow/.local/lib/python3.8/site-packages/airflow/example_dags/example_latest_only_with_trigger.py took 0.107 seconds
[2024-04-29T05:48:32.247+0000] {processor.py:161} INFO - Started process (PID=7347) to work on /home/airflow/.local/lib/python3.8/site-packages/airflow/example_dags/example_latest_only_with_trigger.py
[2024-04-29T05:48:32.247+0000] {processor.py:830} INFO - Processing file /home/airflow/.local/lib/python3.8/site-packages/airflow/example_dags/example_latest_only_with_trigger.py for tasks to queue
[2024-04-29T05:48:32.248+0000] {logging_mixin.py:188} INFO - [2024-04-29T05:48:32.248+0000] {dagbag.py:540} INFO - Filling up the DagBag from /home/airflow/.local/lib/python3.8/site-packages/airflow/example_dags/example_latest_only_with_trigger.py
[2024-04-29T05:48:32.255+0000] {processor.py:840} INFO - DAG(s) 'latest_only_with_trigger' retrieved from /home/airflow/.local/lib/python3.8/site-packages/airflow/example_dags/example_latest_only_with_trigger.py
[2024-04-29T05:48:32.279+0000] {logging_mixin.py:188} INFO - [2024-04-29T05:48:32.278+0000] {dag.py:3047} INFO - Sync 1 DAGs
[2024-04-29T05:48:32.304+0000] {logging_mixin.py:188} INFO - [2024-04-29T05:48:32.304+0000] {dag.py:3834} INFO - Setting next_dagrun for latest_only_with_trigger to 2024-04-29 00:00:00+00:00, run_after=2024-04-29 04:00:00+00:00
[2024-04-29T05:48:32.328+0000] {processor.py:183} INFO - Processing /home/airflow/.local/lib/python3.8/site-packages/airflow/example_dags/example_latest_only_with_trigger.py took 0.085 seconds
[2024-04-29T05:49:02.875+0000] {processor.py:161} INFO - Started process (PID=7599) to work on /home/airflow/.local/lib/python3.8/site-packages/airflow/example_dags/example_latest_only_with_trigger.py
[2024-04-29T05:49:02.877+0000] {processor.py:830} INFO - Processing file /home/airflow/.local/lib/python3.8/site-packages/airflow/example_dags/example_latest_only_with_trigger.py for tasks to queue
[2024-04-29T05:49:02.878+0000] {logging_mixin.py:188} INFO - [2024-04-29T05:49:02.878+0000] {dagbag.py:540} INFO - Filling up the DagBag from /home/airflow/.local/lib/python3.8/site-packages/airflow/example_dags/example_latest_only_with_trigger.py
[2024-04-29T05:49:02.888+0000] {processor.py:840} INFO - DAG(s) 'latest_only_with_trigger' retrieved from /home/airflow/.local/lib/python3.8/site-packages/airflow/example_dags/example_latest_only_with_trigger.py
[2024-04-29T05:49:02.921+0000] {logging_mixin.py:188} INFO - [2024-04-29T05:49:02.921+0000] {dag.py:3047} INFO - Sync 1 DAGs
[2024-04-29T05:49:02.948+0000] {logging_mixin.py:188} INFO - [2024-04-29T05:49:02.948+0000] {dag.py:3834} INFO - Setting next_dagrun for latest_only_with_trigger to 2024-04-29 00:00:00+00:00, run_after=2024-04-29 04:00:00+00:00
[2024-04-29T05:49:02.969+0000] {processor.py:183} INFO - Processing /home/airflow/.local/lib/python3.8/site-packages/airflow/example_dags/example_latest_only_with_trigger.py took 0.098 seconds
[2024-04-29T05:49:34.134+0000] {processor.py:161} INFO - Started process (PID=7851) to work on /home/airflow/.local/lib/python3.8/site-packages/airflow/example_dags/example_latest_only_with_trigger.py
[2024-04-29T05:49:34.135+0000] {processor.py:830} INFO - Processing file /home/airflow/.local/lib/python3.8/site-packages/airflow/example_dags/example_latest_only_with_trigger.py for tasks to queue
[2024-04-29T05:49:34.136+0000] {logging_mixin.py:188} INFO - [2024-04-29T05:49:34.136+0000] {dagbag.py:540} INFO - Filling up the DagBag from /home/airflow/.local/lib/python3.8/site-packages/airflow/example_dags/example_latest_only_with_trigger.py
[2024-04-29T05:49:34.144+0000] {processor.py:840} INFO - DAG(s) 'latest_only_with_trigger' retrieved from /home/airflow/.local/lib/python3.8/site-packages/airflow/example_dags/example_latest_only_with_trigger.py
[2024-04-29T05:49:34.163+0000] {logging_mixin.py:188} INFO - [2024-04-29T05:49:34.163+0000] {dag.py:3047} INFO - Sync 1 DAGs
[2024-04-29T05:49:34.181+0000] {logging_mixin.py:188} INFO - [2024-04-29T05:49:34.180+0000] {dag.py:3834} INFO - Setting next_dagrun for latest_only_with_trigger to 2024-04-29 00:00:00+00:00, run_after=2024-04-29 04:00:00+00:00
[2024-04-29T05:49:34.201+0000] {processor.py:183} INFO - Processing /home/airflow/.local/lib/python3.8/site-packages/airflow/example_dags/example_latest_only_with_trigger.py took 0.071 seconds
[2024-04-29T05:50:05.227+0000] {processor.py:161} INFO - Started process (PID=8106) to work on /home/airflow/.local/lib/python3.8/site-packages/airflow/example_dags/example_latest_only_with_trigger.py
[2024-04-29T05:50:05.228+0000] {processor.py:830} INFO - Processing file /home/airflow/.local/lib/python3.8/site-packages/airflow/example_dags/example_latest_only_with_trigger.py for tasks to queue
[2024-04-29T05:50:05.228+0000] {logging_mixin.py:188} INFO - [2024-04-29T05:50:05.228+0000] {dagbag.py:540} INFO - Filling up the DagBag from /home/airflow/.local/lib/python3.8/site-packages/airflow/example_dags/example_latest_only_with_trigger.py
[2024-04-29T05:50:05.236+0000] {processor.py:840} INFO - DAG(s) 'latest_only_with_trigger' retrieved from /home/airflow/.local/lib/python3.8/site-packages/airflow/example_dags/example_latest_only_with_trigger.py
[2024-04-29T05:50:05.256+0000] {logging_mixin.py:188} INFO - [2024-04-29T05:50:05.256+0000] {dag.py:3047} INFO - Sync 1 DAGs
[2024-04-29T05:50:05.273+0000] {logging_mixin.py:188} INFO - [2024-04-29T05:50:05.273+0000] {dag.py:3834} INFO - Setting next_dagrun for latest_only_with_trigger to 2024-04-29 00:00:00+00:00, run_after=2024-04-29 04:00:00+00:00
[2024-04-29T05:50:05.293+0000] {processor.py:183} INFO - Processing /home/airflow/.local/lib/python3.8/site-packages/airflow/example_dags/example_latest_only_with_trigger.py took 0.069 seconds
