[2024-04-29T05:31:51.543+0000] {processor.py:161} INFO - Started process (PID=221) to work on /home/airflow/.local/lib/python3.8/site-packages/airflow/example_dags/example_setup_teardown.py
[2024-04-29T05:31:51.545+0000] {processor.py:830} INFO - Processing file /home/airflow/.local/lib/python3.8/site-packages/airflow/example_dags/example_setup_teardown.py for tasks to queue
[2024-04-29T05:31:51.546+0000] {logging_mixin.py:188} INFO - [2024-04-29T05:31:51.545+0000] {dagbag.py:540} INFO - Filling up the DagBag from /home/airflow/.local/lib/python3.8/site-packages/airflow/example_dags/example_setup_teardown.py
[2024-04-29T05:31:51.558+0000] {processor.py:840} INFO - DAG(s) 'example_setup_teardown' retrieved from /home/airflow/.local/lib/python3.8/site-packages/airflow/example_dags/example_setup_teardown.py
[2024-04-29T05:31:51.920+0000] {logging_mixin.py:188} INFO - [2024-04-29T05:31:51.919+0000] {override.py:1769} INFO - Created Permission View: can read on DAG:example_setup_teardown
[2024-04-29T05:31:51.960+0000] {logging_mixin.py:188} INFO - [2024-04-29T05:31:51.960+0000] {override.py:1769} INFO - Created Permission View: can edit on DAG:example_setup_teardown
[2024-04-29T05:31:51.988+0000] {logging_mixin.py:188} INFO - [2024-04-29T05:31:51.987+0000] {override.py:1769} INFO - Created Permission View: can delete on DAG:example_setup_teardown
[2024-04-29T05:31:51.993+0000] {logging_mixin.py:188} INFO - [2024-04-29T05:31:51.993+0000] {dag.py:3047} INFO - Sync 1 DAGs
[2024-04-29T05:31:52.041+0000] {logging_mixin.py:188} INFO - [2024-04-29T05:31:52.040+0000] {dag.py:3069} INFO - Creating ORM DAG for example_setup_teardown
[2024-04-29T05:31:52.092+0000] {logging_mixin.py:188} INFO - [2024-04-29T05:31:52.083+0000] {dag.py:3834} INFO - Setting next_dagrun for example_setup_teardown to 2024-04-28 00:00:00+00:00, run_after=2024-04-29 00:00:00+00:00
[2024-04-29T05:31:52.132+0000] {processor.py:183} INFO - Processing /home/airflow/.local/lib/python3.8/site-packages/airflow/example_dags/example_setup_teardown.py took 0.592 seconds
[2024-04-29T05:32:23.077+0000] {processor.py:161} INFO - Started process (PID=473) to work on /home/airflow/.local/lib/python3.8/site-packages/airflow/example_dags/example_setup_teardown.py
[2024-04-29T05:32:23.079+0000] {processor.py:830} INFO - Processing file /home/airflow/.local/lib/python3.8/site-packages/airflow/example_dags/example_setup_teardown.py for tasks to queue
[2024-04-29T05:32:23.080+0000] {logging_mixin.py:188} INFO - [2024-04-29T05:32:23.079+0000] {dagbag.py:540} INFO - Filling up the DagBag from /home/airflow/.local/lib/python3.8/site-packages/airflow/example_dags/example_setup_teardown.py
[2024-04-29T05:32:23.098+0000] {processor.py:840} INFO - DAG(s) 'example_setup_teardown' retrieved from /home/airflow/.local/lib/python3.8/site-packages/airflow/example_dags/example_setup_teardown.py
[2024-04-29T05:32:23.122+0000] {logging_mixin.py:188} INFO - [2024-04-29T05:32:23.121+0000] {dag.py:3047} INFO - Sync 1 DAGs
[2024-04-29T05:32:23.146+0000] {logging_mixin.py:188} INFO - [2024-04-29T05:32:23.146+0000] {dag.py:3834} INFO - Setting next_dagrun for example_setup_teardown to 2024-04-28 00:00:00+00:00, run_after=2024-04-29 00:00:00+00:00
[2024-04-29T05:32:23.171+0000] {processor.py:183} INFO - Processing /home/airflow/.local/lib/python3.8/site-packages/airflow/example_dags/example_setup_teardown.py took 0.097 seconds
[2024-04-29T05:32:53.433+0000] {processor.py:161} INFO - Started process (PID=724) to work on /home/airflow/.local/lib/python3.8/site-packages/airflow/example_dags/example_setup_teardown.py
[2024-04-29T05:32:53.434+0000] {processor.py:830} INFO - Processing file /home/airflow/.local/lib/python3.8/site-packages/airflow/example_dags/example_setup_teardown.py for tasks to queue
[2024-04-29T05:32:53.435+0000] {logging_mixin.py:188} INFO - [2024-04-29T05:32:53.434+0000] {dagbag.py:540} INFO - Filling up the DagBag from /home/airflow/.local/lib/python3.8/site-packages/airflow/example_dags/example_setup_teardown.py
[2024-04-29T05:32:53.450+0000] {processor.py:840} INFO - DAG(s) 'example_setup_teardown' retrieved from /home/airflow/.local/lib/python3.8/site-packages/airflow/example_dags/example_setup_teardown.py
[2024-04-29T05:32:53.474+0000] {logging_mixin.py:188} INFO - [2024-04-29T05:32:53.473+0000] {dag.py:3047} INFO - Sync 1 DAGs
[2024-04-29T05:32:53.497+0000] {logging_mixin.py:188} INFO - [2024-04-29T05:32:53.497+0000] {dag.py:3834} INFO - Setting next_dagrun for example_setup_teardown to 2024-04-28 00:00:00+00:00, run_after=2024-04-29 00:00:00+00:00
[2024-04-29T05:32:53.520+0000] {processor.py:183} INFO - Processing /home/airflow/.local/lib/python3.8/site-packages/airflow/example_dags/example_setup_teardown.py took 0.091 seconds
[2024-04-29T05:34:25.574+0000] {processor.py:161} INFO - Started process (PID=220) to work on /home/airflow/.local/lib/python3.8/site-packages/airflow/example_dags/example_setup_teardown.py
[2024-04-29T05:34:25.582+0000] {processor.py:830} INFO - Processing file /home/airflow/.local/lib/python3.8/site-packages/airflow/example_dags/example_setup_teardown.py for tasks to queue
[2024-04-29T05:34:25.583+0000] {logging_mixin.py:188} INFO - [2024-04-29T05:34:25.583+0000] {dagbag.py:540} INFO - Filling up the DagBag from /home/airflow/.local/lib/python3.8/site-packages/airflow/example_dags/example_setup_teardown.py
[2024-04-29T05:34:25.615+0000] {processor.py:840} INFO - DAG(s) 'example_setup_teardown' retrieved from /home/airflow/.local/lib/python3.8/site-packages/airflow/example_dags/example_setup_teardown.py
[2024-04-29T05:34:25.647+0000] {logging_mixin.py:188} INFO - [2024-04-29T05:34:25.646+0000] {dag.py:3047} INFO - Sync 1 DAGs
[2024-04-29T05:34:25.694+0000] {logging_mixin.py:188} INFO - [2024-04-29T05:34:25.694+0000] {dag.py:3834} INFO - Setting next_dagrun for example_setup_teardown to 2024-04-28 00:00:00+00:00, run_after=2024-04-29 00:00:00+00:00
[2024-04-29T05:34:25.729+0000] {processor.py:183} INFO - Processing /home/airflow/.local/lib/python3.8/site-packages/airflow/example_dags/example_setup_teardown.py took 0.160 seconds
[2024-04-29T05:34:56.881+0000] {processor.py:161} INFO - Started process (PID=472) to work on /home/airflow/.local/lib/python3.8/site-packages/airflow/example_dags/example_setup_teardown.py
[2024-04-29T05:34:56.882+0000] {processor.py:830} INFO - Processing file /home/airflow/.local/lib/python3.8/site-packages/airflow/example_dags/example_setup_teardown.py for tasks to queue
[2024-04-29T05:34:56.883+0000] {logging_mixin.py:188} INFO - [2024-04-29T05:34:56.883+0000] {dagbag.py:540} INFO - Filling up the DagBag from /home/airflow/.local/lib/python3.8/site-packages/airflow/example_dags/example_setup_teardown.py
[2024-04-29T05:34:56.891+0000] {processor.py:840} INFO - DAG(s) 'example_setup_teardown' retrieved from /home/airflow/.local/lib/python3.8/site-packages/airflow/example_dags/example_setup_teardown.py
[2024-04-29T05:34:57.080+0000] {logging_mixin.py:188} INFO - [2024-04-29T05:34:57.080+0000] {dag.py:3047} INFO - Sync 1 DAGs
[2024-04-29T05:34:57.156+0000] {logging_mixin.py:188} INFO - [2024-04-29T05:34:57.156+0000] {dag.py:3834} INFO - Setting next_dagrun for example_setup_teardown to 2024-04-28 00:00:00+00:00, run_after=2024-04-29 00:00:00+00:00
[2024-04-29T05:34:57.203+0000] {processor.py:183} INFO - Processing /home/airflow/.local/lib/python3.8/site-packages/airflow/example_dags/example_setup_teardown.py took 0.325 seconds
[2024-04-29T05:35:27.908+0000] {processor.py:161} INFO - Started process (PID=724) to work on /home/airflow/.local/lib/python3.8/site-packages/airflow/example_dags/example_setup_teardown.py
[2024-04-29T05:35:27.909+0000] {processor.py:830} INFO - Processing file /home/airflow/.local/lib/python3.8/site-packages/airflow/example_dags/example_setup_teardown.py for tasks to queue
[2024-04-29T05:35:27.909+0000] {logging_mixin.py:188} INFO - [2024-04-29T05:35:27.909+0000] {dagbag.py:540} INFO - Filling up the DagBag from /home/airflow/.local/lib/python3.8/site-packages/airflow/example_dags/example_setup_teardown.py
[2024-04-29T05:35:27.916+0000] {processor.py:840} INFO - DAG(s) 'example_setup_teardown' retrieved from /home/airflow/.local/lib/python3.8/site-packages/airflow/example_dags/example_setup_teardown.py
[2024-04-29T05:35:27.938+0000] {logging_mixin.py:188} INFO - [2024-04-29T05:35:27.938+0000] {dag.py:3047} INFO - Sync 1 DAGs
[2024-04-29T05:35:27.962+0000] {logging_mixin.py:188} INFO - [2024-04-29T05:35:27.962+0000] {dag.py:3834} INFO - Setting next_dagrun for example_setup_teardown to 2024-04-28 00:00:00+00:00, run_after=2024-04-29 00:00:00+00:00
[2024-04-29T05:35:27.991+0000] {processor.py:183} INFO - Processing /home/airflow/.local/lib/python3.8/site-packages/airflow/example_dags/example_setup_teardown.py took 0.087 seconds
[2024-04-29T05:35:58.095+0000] {processor.py:161} INFO - Started process (PID=976) to work on /home/airflow/.local/lib/python3.8/site-packages/airflow/example_dags/example_setup_teardown.py
[2024-04-29T05:35:58.096+0000] {processor.py:830} INFO - Processing file /home/airflow/.local/lib/python3.8/site-packages/airflow/example_dags/example_setup_teardown.py for tasks to queue
[2024-04-29T05:35:58.097+0000] {logging_mixin.py:188} INFO - [2024-04-29T05:35:58.097+0000] {dagbag.py:540} INFO - Filling up the DagBag from /home/airflow/.local/lib/python3.8/site-packages/airflow/example_dags/example_setup_teardown.py
[2024-04-29T05:35:58.105+0000] {processor.py:840} INFO - DAG(s) 'example_setup_teardown' retrieved from /home/airflow/.local/lib/python3.8/site-packages/airflow/example_dags/example_setup_teardown.py
[2024-04-29T05:35:58.128+0000] {logging_mixin.py:188} INFO - [2024-04-29T05:35:58.128+0000] {dag.py:3047} INFO - Sync 1 DAGs
[2024-04-29T05:35:58.159+0000] {logging_mixin.py:188} INFO - [2024-04-29T05:35:58.159+0000] {dag.py:3834} INFO - Setting next_dagrun for example_setup_teardown to 2024-04-28 00:00:00+00:00, run_after=2024-04-29 00:00:00+00:00
[2024-04-29T05:35:58.197+0000] {processor.py:183} INFO - Processing /home/airflow/.local/lib/python3.8/site-packages/airflow/example_dags/example_setup_teardown.py took 0.105 seconds
[2024-04-29T05:36:28.682+0000] {processor.py:161} INFO - Started process (PID=1228) to work on /home/airflow/.local/lib/python3.8/site-packages/airflow/example_dags/example_setup_teardown.py
[2024-04-29T05:36:28.683+0000] {processor.py:830} INFO - Processing file /home/airflow/.local/lib/python3.8/site-packages/airflow/example_dags/example_setup_teardown.py for tasks to queue
[2024-04-29T05:36:28.684+0000] {logging_mixin.py:188} INFO - [2024-04-29T05:36:28.684+0000] {dagbag.py:540} INFO - Filling up the DagBag from /home/airflow/.local/lib/python3.8/site-packages/airflow/example_dags/example_setup_teardown.py
[2024-04-29T05:36:28.692+0000] {processor.py:840} INFO - DAG(s) 'example_setup_teardown' retrieved from /home/airflow/.local/lib/python3.8/site-packages/airflow/example_dags/example_setup_teardown.py
[2024-04-29T05:36:28.724+0000] {logging_mixin.py:188} INFO - [2024-04-29T05:36:28.724+0000] {dag.py:3047} INFO - Sync 1 DAGs
[2024-04-29T05:36:28.751+0000] {logging_mixin.py:188} INFO - [2024-04-29T05:36:28.750+0000] {dag.py:3834} INFO - Setting next_dagrun for example_setup_teardown to 2024-04-28 00:00:00+00:00, run_after=2024-04-29 00:00:00+00:00
[2024-04-29T05:36:28.775+0000] {processor.py:183} INFO - Processing /home/airflow/.local/lib/python3.8/site-packages/airflow/example_dags/example_setup_teardown.py took 0.096 seconds
[2024-04-29T05:36:59.272+0000] {processor.py:161} INFO - Started process (PID=1483) to work on /home/airflow/.local/lib/python3.8/site-packages/airflow/example_dags/example_setup_teardown.py
[2024-04-29T05:36:59.273+0000] {processor.py:830} INFO - Processing file /home/airflow/.local/lib/python3.8/site-packages/airflow/example_dags/example_setup_teardown.py for tasks to queue
[2024-04-29T05:36:59.274+0000] {logging_mixin.py:188} INFO - [2024-04-29T05:36:59.274+0000] {dagbag.py:540} INFO - Filling up the DagBag from /home/airflow/.local/lib/python3.8/site-packages/airflow/example_dags/example_setup_teardown.py
[2024-04-29T05:36:59.280+0000] {processor.py:840} INFO - DAG(s) 'example_setup_teardown' retrieved from /home/airflow/.local/lib/python3.8/site-packages/airflow/example_dags/example_setup_teardown.py
[2024-04-29T05:36:59.298+0000] {logging_mixin.py:188} INFO - [2024-04-29T05:36:59.298+0000] {dag.py:3047} INFO - Sync 1 DAGs
[2024-04-29T05:36:59.317+0000] {logging_mixin.py:188} INFO - [2024-04-29T05:36:59.317+0000] {dag.py:3834} INFO - Setting next_dagrun for example_setup_teardown to 2024-04-28 00:00:00+00:00, run_after=2024-04-29 00:00:00+00:00
[2024-04-29T05:36:59.338+0000] {processor.py:183} INFO - Processing /home/airflow/.local/lib/python3.8/site-packages/airflow/example_dags/example_setup_teardown.py took 0.069 seconds
[2024-04-29T05:37:29.680+0000] {processor.py:161} INFO - Started process (PID=1733) to work on /home/airflow/.local/lib/python3.8/site-packages/airflow/example_dags/example_setup_teardown.py
[2024-04-29T05:37:29.681+0000] {processor.py:830} INFO - Processing file /home/airflow/.local/lib/python3.8/site-packages/airflow/example_dags/example_setup_teardown.py for tasks to queue
[2024-04-29T05:37:29.682+0000] {logging_mixin.py:188} INFO - [2024-04-29T05:37:29.681+0000] {dagbag.py:540} INFO - Filling up the DagBag from /home/airflow/.local/lib/python3.8/site-packages/airflow/example_dags/example_setup_teardown.py
[2024-04-29T05:37:29.689+0000] {processor.py:840} INFO - DAG(s) 'example_setup_teardown' retrieved from /home/airflow/.local/lib/python3.8/site-packages/airflow/example_dags/example_setup_teardown.py
[2024-04-29T05:37:29.712+0000] {logging_mixin.py:188} INFO - [2024-04-29T05:37:29.712+0000] {dag.py:3047} INFO - Sync 1 DAGs
[2024-04-29T05:37:29.739+0000] {logging_mixin.py:188} INFO - [2024-04-29T05:37:29.739+0000] {dag.py:3834} INFO - Setting next_dagrun for example_setup_teardown to 2024-04-28 00:00:00+00:00, run_after=2024-04-29 00:00:00+00:00
[2024-04-29T05:37:29.763+0000] {processor.py:183} INFO - Processing /home/airflow/.local/lib/python3.8/site-packages/airflow/example_dags/example_setup_teardown.py took 0.086 seconds
[2024-04-29T05:38:06.296+0000] {processor.py:161} INFO - Started process (PID=2067) to work on /home/airflow/.local/lib/python3.8/site-packages/airflow/example_dags/example_setup_teardown.py
[2024-04-29T05:38:06.302+0000] {processor.py:830} INFO - Processing file /home/airflow/.local/lib/python3.8/site-packages/airflow/example_dags/example_setup_teardown.py for tasks to queue
[2024-04-29T05:38:06.303+0000] {logging_mixin.py:188} INFO - [2024-04-29T05:38:06.303+0000] {dagbag.py:540} INFO - Filling up the DagBag from /home/airflow/.local/lib/python3.8/site-packages/airflow/example_dags/example_setup_teardown.py
[2024-04-29T05:38:06.404+0000] {processor.py:840} INFO - DAG(s) 'example_setup_teardown' retrieved from /home/airflow/.local/lib/python3.8/site-packages/airflow/example_dags/example_setup_teardown.py
[2024-04-29T05:38:06.851+0000] {logging_mixin.py:188} INFO - [2024-04-29T05:38:06.851+0000] {dag.py:3047} INFO - Sync 1 DAGs
[2024-04-29T05:38:07.337+0000] {logging_mixin.py:188} INFO - [2024-04-29T05:38:07.337+0000] {dag.py:3834} INFO - Setting next_dagrun for example_setup_teardown to 2024-04-28 00:00:00+00:00, run_after=2024-04-29 00:00:00+00:00
[2024-04-29T05:38:07.495+0000] {processor.py:183} INFO - Processing /home/airflow/.local/lib/python3.8/site-packages/airflow/example_dags/example_setup_teardown.py took 1.203 seconds
[2024-04-29T05:38:37.922+0000] {processor.py:161} INFO - Started process (PID=2392) to work on /home/airflow/.local/lib/python3.8/site-packages/airflow/example_dags/example_setup_teardown.py
[2024-04-29T05:38:37.923+0000] {processor.py:830} INFO - Processing file /home/airflow/.local/lib/python3.8/site-packages/airflow/example_dags/example_setup_teardown.py for tasks to queue
[2024-04-29T05:38:37.934+0000] {logging_mixin.py:188} INFO - [2024-04-29T05:38:37.933+0000] {dagbag.py:540} INFO - Filling up the DagBag from /home/airflow/.local/lib/python3.8/site-packages/airflow/example_dags/example_setup_teardown.py
[2024-04-29T05:38:38.009+0000] {processor.py:840} INFO - DAG(s) 'example_setup_teardown' retrieved from /home/airflow/.local/lib/python3.8/site-packages/airflow/example_dags/example_setup_teardown.py
[2024-04-29T05:38:38.258+0000] {logging_mixin.py:188} INFO - [2024-04-29T05:38:38.258+0000] {dag.py:3047} INFO - Sync 1 DAGs
[2024-04-29T05:38:38.480+0000] {logging_mixin.py:188} INFO - [2024-04-29T05:38:38.480+0000] {dag.py:3834} INFO - Setting next_dagrun for example_setup_teardown to 2024-04-28 00:00:00+00:00, run_after=2024-04-29 00:00:00+00:00
[2024-04-29T05:38:38.652+0000] {processor.py:183} INFO - Processing /home/airflow/.local/lib/python3.8/site-packages/airflow/example_dags/example_setup_teardown.py took 0.733 seconds
[2024-04-29T05:39:09.186+0000] {processor.py:161} INFO - Started process (PID=2651) to work on /home/airflow/.local/lib/python3.8/site-packages/airflow/example_dags/example_setup_teardown.py
[2024-04-29T05:39:09.187+0000] {processor.py:830} INFO - Processing file /home/airflow/.local/lib/python3.8/site-packages/airflow/example_dags/example_setup_teardown.py for tasks to queue
[2024-04-29T05:39:09.189+0000] {logging_mixin.py:188} INFO - [2024-04-29T05:39:09.188+0000] {dagbag.py:540} INFO - Filling up the DagBag from /home/airflow/.local/lib/python3.8/site-packages/airflow/example_dags/example_setup_teardown.py
[2024-04-29T05:39:09.207+0000] {processor.py:840} INFO - DAG(s) 'example_setup_teardown' retrieved from /home/airflow/.local/lib/python3.8/site-packages/airflow/example_dags/example_setup_teardown.py
[2024-04-29T05:39:09.252+0000] {logging_mixin.py:188} INFO - [2024-04-29T05:39:09.252+0000] {dag.py:3047} INFO - Sync 1 DAGs
[2024-04-29T05:39:09.274+0000] {logging_mixin.py:188} INFO - [2024-04-29T05:39:09.274+0000] {dag.py:3834} INFO - Setting next_dagrun for example_setup_teardown to 2024-04-28 00:00:00+00:00, run_after=2024-04-29 00:00:00+00:00
[2024-04-29T05:39:09.294+0000] {processor.py:183} INFO - Processing /home/airflow/.local/lib/python3.8/site-packages/airflow/example_dags/example_setup_teardown.py took 0.111 seconds
[2024-04-29T05:39:39.497+0000] {processor.py:161} INFO - Started process (PID=2905) to work on /home/airflow/.local/lib/python3.8/site-packages/airflow/example_dags/example_setup_teardown.py
[2024-04-29T05:39:39.499+0000] {processor.py:830} INFO - Processing file /home/airflow/.local/lib/python3.8/site-packages/airflow/example_dags/example_setup_teardown.py for tasks to queue
[2024-04-29T05:39:39.501+0000] {logging_mixin.py:188} INFO - [2024-04-29T05:39:39.500+0000] {dagbag.py:540} INFO - Filling up the DagBag from /home/airflow/.local/lib/python3.8/site-packages/airflow/example_dags/example_setup_teardown.py
[2024-04-29T05:39:39.509+0000] {processor.py:840} INFO - DAG(s) 'example_setup_teardown' retrieved from /home/airflow/.local/lib/python3.8/site-packages/airflow/example_dags/example_setup_teardown.py
[2024-04-29T05:39:39.535+0000] {logging_mixin.py:188} INFO - [2024-04-29T05:39:39.535+0000] {dag.py:3047} INFO - Sync 1 DAGs
[2024-04-29T05:39:39.560+0000] {logging_mixin.py:188} INFO - [2024-04-29T05:39:39.559+0000] {dag.py:3834} INFO - Setting next_dagrun for example_setup_teardown to 2024-04-28 00:00:00+00:00, run_after=2024-04-29 00:00:00+00:00
[2024-04-29T05:39:39.596+0000] {processor.py:183} INFO - Processing /home/airflow/.local/lib/python3.8/site-packages/airflow/example_dags/example_setup_teardown.py took 0.103 seconds
[2024-04-29T05:40:09.661+0000] {processor.py:161} INFO - Started process (PID=3158) to work on /home/airflow/.local/lib/python3.8/site-packages/airflow/example_dags/example_setup_teardown.py
[2024-04-29T05:40:09.662+0000] {processor.py:830} INFO - Processing file /home/airflow/.local/lib/python3.8/site-packages/airflow/example_dags/example_setup_teardown.py for tasks to queue
[2024-04-29T05:40:09.663+0000] {logging_mixin.py:188} INFO - [2024-04-29T05:40:09.662+0000] {dagbag.py:540} INFO - Filling up the DagBag from /home/airflow/.local/lib/python3.8/site-packages/airflow/example_dags/example_setup_teardown.py
[2024-04-29T05:40:09.672+0000] {processor.py:840} INFO - DAG(s) 'example_setup_teardown' retrieved from /home/airflow/.local/lib/python3.8/site-packages/airflow/example_dags/example_setup_teardown.py
[2024-04-29T05:40:09.702+0000] {logging_mixin.py:188} INFO - [2024-04-29T05:40:09.702+0000] {dag.py:3047} INFO - Sync 1 DAGs
[2024-04-29T05:40:09.727+0000] {logging_mixin.py:188} INFO - [2024-04-29T05:40:09.727+0000] {dag.py:3834} INFO - Setting next_dagrun for example_setup_teardown to 2024-04-28 00:00:00+00:00, run_after=2024-04-29 00:00:00+00:00
[2024-04-29T05:40:09.752+0000] {processor.py:183} INFO - Processing /home/airflow/.local/lib/python3.8/site-packages/airflow/example_dags/example_setup_teardown.py took 0.095 seconds
[2024-04-29T05:40:39.915+0000] {processor.py:161} INFO - Started process (PID=3410) to work on /home/airflow/.local/lib/python3.8/site-packages/airflow/example_dags/example_setup_teardown.py
[2024-04-29T05:40:39.916+0000] {processor.py:830} INFO - Processing file /home/airflow/.local/lib/python3.8/site-packages/airflow/example_dags/example_setup_teardown.py for tasks to queue
[2024-04-29T05:40:39.917+0000] {logging_mixin.py:188} INFO - [2024-04-29T05:40:39.916+0000] {dagbag.py:540} INFO - Filling up the DagBag from /home/airflow/.local/lib/python3.8/site-packages/airflow/example_dags/example_setup_teardown.py
[2024-04-29T05:40:39.947+0000] {processor.py:840} INFO - DAG(s) 'example_setup_teardown' retrieved from /home/airflow/.local/lib/python3.8/site-packages/airflow/example_dags/example_setup_teardown.py
[2024-04-29T05:40:39.968+0000] {logging_mixin.py:188} INFO - [2024-04-29T05:40:39.968+0000] {dag.py:3047} INFO - Sync 1 DAGs
[2024-04-29T05:40:39.998+0000] {logging_mixin.py:188} INFO - [2024-04-29T05:40:39.998+0000] {dag.py:3834} INFO - Setting next_dagrun for example_setup_teardown to 2024-04-28 00:00:00+00:00, run_after=2024-04-29 00:00:00+00:00
[2024-04-29T05:40:40.046+0000] {processor.py:183} INFO - Processing /home/airflow/.local/lib/python3.8/site-packages/airflow/example_dags/example_setup_teardown.py took 0.136 seconds
[2024-04-29T05:41:10.251+0000] {processor.py:161} INFO - Started process (PID=3667) to work on /home/airflow/.local/lib/python3.8/site-packages/airflow/example_dags/example_setup_teardown.py
[2024-04-29T05:41:10.252+0000] {processor.py:830} INFO - Processing file /home/airflow/.local/lib/python3.8/site-packages/airflow/example_dags/example_setup_teardown.py for tasks to queue
[2024-04-29T05:41:10.254+0000] {logging_mixin.py:188} INFO - [2024-04-29T05:41:10.253+0000] {dagbag.py:540} INFO - Filling up the DagBag from /home/airflow/.local/lib/python3.8/site-packages/airflow/example_dags/example_setup_teardown.py
[2024-04-29T05:41:10.264+0000] {processor.py:840} INFO - DAG(s) 'example_setup_teardown' retrieved from /home/airflow/.local/lib/python3.8/site-packages/airflow/example_dags/example_setup_teardown.py
[2024-04-29T05:41:10.285+0000] {logging_mixin.py:188} INFO - [2024-04-29T05:41:10.285+0000] {dag.py:3047} INFO - Sync 1 DAGs
[2024-04-29T05:41:10.308+0000] {logging_mixin.py:188} INFO - [2024-04-29T05:41:10.308+0000] {dag.py:3834} INFO - Setting next_dagrun for example_setup_teardown to 2024-04-28 00:00:00+00:00, run_after=2024-04-29 00:00:00+00:00
[2024-04-29T05:41:10.331+0000] {processor.py:183} INFO - Processing /home/airflow/.local/lib/python3.8/site-packages/airflow/example_dags/example_setup_teardown.py took 0.084 seconds
[2024-04-29T05:41:41.131+0000] {processor.py:161} INFO - Started process (PID=3925) to work on /home/airflow/.local/lib/python3.8/site-packages/airflow/example_dags/example_setup_teardown.py
[2024-04-29T05:41:41.132+0000] {processor.py:830} INFO - Processing file /home/airflow/.local/lib/python3.8/site-packages/airflow/example_dags/example_setup_teardown.py for tasks to queue
[2024-04-29T05:41:41.134+0000] {logging_mixin.py:188} INFO - [2024-04-29T05:41:41.133+0000] {dagbag.py:540} INFO - Filling up the DagBag from /home/airflow/.local/lib/python3.8/site-packages/airflow/example_dags/example_setup_teardown.py
[2024-04-29T05:41:41.142+0000] {processor.py:840} INFO - DAG(s) 'example_setup_teardown' retrieved from /home/airflow/.local/lib/python3.8/site-packages/airflow/example_dags/example_setup_teardown.py
[2024-04-29T05:41:41.168+0000] {logging_mixin.py:188} INFO - [2024-04-29T05:41:41.167+0000] {dag.py:3047} INFO - Sync 1 DAGs
[2024-04-29T05:41:41.192+0000] {logging_mixin.py:188} INFO - [2024-04-29T05:41:41.192+0000] {dag.py:3834} INFO - Setting next_dagrun for example_setup_teardown to 2024-04-28 00:00:00+00:00, run_after=2024-04-29 00:00:00+00:00
[2024-04-29T05:41:41.218+0000] {processor.py:183} INFO - Processing /home/airflow/.local/lib/python3.8/site-packages/airflow/example_dags/example_setup_teardown.py took 0.090 seconds
[2024-04-29T05:42:11.554+0000] {processor.py:161} INFO - Started process (PID=4177) to work on /home/airflow/.local/lib/python3.8/site-packages/airflow/example_dags/example_setup_teardown.py
[2024-04-29T05:42:11.555+0000] {processor.py:830} INFO - Processing file /home/airflow/.local/lib/python3.8/site-packages/airflow/example_dags/example_setup_teardown.py for tasks to queue
[2024-04-29T05:42:11.557+0000] {logging_mixin.py:188} INFO - [2024-04-29T05:42:11.556+0000] {dagbag.py:540} INFO - Filling up the DagBag from /home/airflow/.local/lib/python3.8/site-packages/airflow/example_dags/example_setup_teardown.py
[2024-04-29T05:42:11.566+0000] {processor.py:840} INFO - DAG(s) 'example_setup_teardown' retrieved from /home/airflow/.local/lib/python3.8/site-packages/airflow/example_dags/example_setup_teardown.py
[2024-04-29T05:42:11.593+0000] {logging_mixin.py:188} INFO - [2024-04-29T05:42:11.593+0000] {dag.py:3047} INFO - Sync 1 DAGs
[2024-04-29T05:42:11.618+0000] {logging_mixin.py:188} INFO - [2024-04-29T05:42:11.618+0000] {dag.py:3834} INFO - Setting next_dagrun for example_setup_teardown to 2024-04-28 00:00:00+00:00, run_after=2024-04-29 00:00:00+00:00
[2024-04-29T05:42:11.642+0000] {processor.py:183} INFO - Processing /home/airflow/.local/lib/python3.8/site-packages/airflow/example_dags/example_setup_teardown.py took 0.092 seconds
[2024-04-29T05:42:41.960+0000] {processor.py:161} INFO - Started process (PID=4430) to work on /home/airflow/.local/lib/python3.8/site-packages/airflow/example_dags/example_setup_teardown.py
[2024-04-29T05:42:41.962+0000] {processor.py:830} INFO - Processing file /home/airflow/.local/lib/python3.8/site-packages/airflow/example_dags/example_setup_teardown.py for tasks to queue
[2024-04-29T05:42:41.963+0000] {logging_mixin.py:188} INFO - [2024-04-29T05:42:41.963+0000] {dagbag.py:540} INFO - Filling up the DagBag from /home/airflow/.local/lib/python3.8/site-packages/airflow/example_dags/example_setup_teardown.py
[2024-04-29T05:42:41.976+0000] {processor.py:840} INFO - DAG(s) 'example_setup_teardown' retrieved from /home/airflow/.local/lib/python3.8/site-packages/airflow/example_dags/example_setup_teardown.py
[2024-04-29T05:42:41.998+0000] {logging_mixin.py:188} INFO - [2024-04-29T05:42:41.998+0000] {dag.py:3047} INFO - Sync 1 DAGs
[2024-04-29T05:42:42.024+0000] {logging_mixin.py:188} INFO - [2024-04-29T05:42:42.023+0000] {dag.py:3834} INFO - Setting next_dagrun for example_setup_teardown to 2024-04-28 00:00:00+00:00, run_after=2024-04-29 00:00:00+00:00
[2024-04-29T05:42:42.047+0000] {processor.py:183} INFO - Processing /home/airflow/.local/lib/python3.8/site-packages/airflow/example_dags/example_setup_teardown.py took 0.090 seconds
[2024-04-29T05:43:12.091+0000] {processor.py:161} INFO - Started process (PID=4683) to work on /home/airflow/.local/lib/python3.8/site-packages/airflow/example_dags/example_setup_teardown.py
[2024-04-29T05:43:12.092+0000] {processor.py:830} INFO - Processing file /home/airflow/.local/lib/python3.8/site-packages/airflow/example_dags/example_setup_teardown.py for tasks to queue
[2024-04-29T05:43:12.094+0000] {logging_mixin.py:188} INFO - [2024-04-29T05:43:12.093+0000] {dagbag.py:540} INFO - Filling up the DagBag from /home/airflow/.local/lib/python3.8/site-packages/airflow/example_dags/example_setup_teardown.py
[2024-04-29T05:43:12.102+0000] {processor.py:840} INFO - DAG(s) 'example_setup_teardown' retrieved from /home/airflow/.local/lib/python3.8/site-packages/airflow/example_dags/example_setup_teardown.py
[2024-04-29T05:43:12.128+0000] {logging_mixin.py:188} INFO - [2024-04-29T05:43:12.128+0000] {dag.py:3047} INFO - Sync 1 DAGs
[2024-04-29T05:43:12.162+0000] {logging_mixin.py:188} INFO - [2024-04-29T05:43:12.162+0000] {dag.py:3834} INFO - Setting next_dagrun for example_setup_teardown to 2024-04-28 00:00:00+00:00, run_after=2024-04-29 00:00:00+00:00
[2024-04-29T05:43:12.186+0000] {processor.py:183} INFO - Processing /home/airflow/.local/lib/python3.8/site-packages/airflow/example_dags/example_setup_teardown.py took 0.099 seconds
[2024-04-29T05:43:42.322+0000] {processor.py:161} INFO - Started process (PID=4935) to work on /home/airflow/.local/lib/python3.8/site-packages/airflow/example_dags/example_setup_teardown.py
[2024-04-29T05:43:42.323+0000] {processor.py:830} INFO - Processing file /home/airflow/.local/lib/python3.8/site-packages/airflow/example_dags/example_setup_teardown.py for tasks to queue
[2024-04-29T05:43:42.324+0000] {logging_mixin.py:188} INFO - [2024-04-29T05:43:42.324+0000] {dagbag.py:540} INFO - Filling up the DagBag from /home/airflow/.local/lib/python3.8/site-packages/airflow/example_dags/example_setup_teardown.py
[2024-04-29T05:43:42.333+0000] {processor.py:840} INFO - DAG(s) 'example_setup_teardown' retrieved from /home/airflow/.local/lib/python3.8/site-packages/airflow/example_dags/example_setup_teardown.py
[2024-04-29T05:43:42.359+0000] {logging_mixin.py:188} INFO - [2024-04-29T05:43:42.359+0000] {dag.py:3047} INFO - Sync 1 DAGs
[2024-04-29T05:43:42.383+0000] {logging_mixin.py:188} INFO - [2024-04-29T05:43:42.383+0000] {dag.py:3834} INFO - Setting next_dagrun for example_setup_teardown to 2024-04-28 00:00:00+00:00, run_after=2024-04-29 00:00:00+00:00
[2024-04-29T05:43:42.407+0000] {processor.py:183} INFO - Processing /home/airflow/.local/lib/python3.8/site-packages/airflow/example_dags/example_setup_teardown.py took 0.089 seconds
