[2024-04-29T05:31:57.552+0000] {processor.py:161} INFO - Started process (PID=321) to work on /home/airflow/.local/lib/python3.8/site-packages/airflow/example_dags/example_branch_labels.py
[2024-04-29T05:31:57.558+0000] {processor.py:830} INFO - Processing file /home/airflow/.local/lib/python3.8/site-packages/airflow/example_dags/example_branch_labels.py for tasks to queue
[2024-04-29T05:31:57.559+0000] {logging_mixin.py:188} INFO - [2024-04-29T05:31:57.559+0000] {dagbag.py:540} INFO - Filling up the DagBag from /home/airflow/.local/lib/python3.8/site-packages/airflow/example_dags/example_branch_labels.py
[2024-04-29T05:31:57.572+0000] {processor.py:840} INFO - DAG(s) 'example_branch_labels' retrieved from /home/airflow/.local/lib/python3.8/site-packages/airflow/example_dags/example_branch_labels.py
[2024-04-29T05:31:57.722+0000] {logging_mixin.py:188} INFO - [2024-04-29T05:31:57.722+0000] {override.py:1769} INFO - Created Permission View: can read on DAG:example_branch_labels
[2024-04-29T05:31:57.747+0000] {logging_mixin.py:188} INFO - [2024-04-29T05:31:57.747+0000] {override.py:1769} INFO - Created Permission View: can edit on DAG:example_branch_labels
[2024-04-29T05:31:57.758+0000] {logging_mixin.py:188} INFO - [2024-04-29T05:31:57.757+0000] {override.py:1769} INFO - Created Permission View: can delete on DAG:example_branch_labels
[2024-04-29T05:31:57.758+0000] {logging_mixin.py:188} INFO - [2024-04-29T05:31:57.758+0000] {dag.py:3047} INFO - Sync 1 DAGs
[2024-04-29T05:31:57.781+0000] {logging_mixin.py:188} INFO - [2024-04-29T05:31:57.780+0000] {dag.py:3069} INFO - Creating ORM DAG for example_branch_labels
[2024-04-29T05:31:57.812+0000] {logging_mixin.py:188} INFO - [2024-04-29T05:31:57.812+0000] {dag.py:3834} INFO - Setting next_dagrun for example_branch_labels to 2024-04-28 00:00:00+00:00, run_after=2024-04-29 00:00:00+00:00
[2024-04-29T05:31:57.876+0000] {processor.py:183} INFO - Processing /home/airflow/.local/lib/python3.8/site-packages/airflow/example_dags/example_branch_labels.py took 0.328 seconds
[2024-04-29T05:32:28.296+0000] {processor.py:161} INFO - Started process (PID=573) to work on /home/airflow/.local/lib/python3.8/site-packages/airflow/example_dags/example_branch_labels.py
[2024-04-29T05:32:28.297+0000] {processor.py:830} INFO - Processing file /home/airflow/.local/lib/python3.8/site-packages/airflow/example_dags/example_branch_labels.py for tasks to queue
[2024-04-29T05:32:28.298+0000] {logging_mixin.py:188} INFO - [2024-04-29T05:32:28.298+0000] {dagbag.py:540} INFO - Filling up the DagBag from /home/airflow/.local/lib/python3.8/site-packages/airflow/example_dags/example_branch_labels.py
[2024-04-29T05:32:28.308+0000] {processor.py:840} INFO - DAG(s) 'example_branch_labels' retrieved from /home/airflow/.local/lib/python3.8/site-packages/airflow/example_dags/example_branch_labels.py
[2024-04-29T05:32:28.333+0000] {logging_mixin.py:188} INFO - [2024-04-29T05:32:28.333+0000] {dag.py:3047} INFO - Sync 1 DAGs
[2024-04-29T05:32:28.361+0000] {logging_mixin.py:188} INFO - [2024-04-29T05:32:28.360+0000] {dag.py:3834} INFO - Setting next_dagrun for example_branch_labels to 2024-04-28 00:00:00+00:00, run_after=2024-04-29 00:00:00+00:00
[2024-04-29T05:32:28.383+0000] {processor.py:183} INFO - Processing /home/airflow/.local/lib/python3.8/site-packages/airflow/example_dags/example_branch_labels.py took 0.090 seconds
[2024-04-29T05:32:58.946+0000] {processor.py:161} INFO - Started process (PID=824) to work on /home/airflow/.local/lib/python3.8/site-packages/airflow/example_dags/example_branch_labels.py
[2024-04-29T05:32:58.948+0000] {processor.py:830} INFO - Processing file /home/airflow/.local/lib/python3.8/site-packages/airflow/example_dags/example_branch_labels.py for tasks to queue
[2024-04-29T05:32:58.949+0000] {logging_mixin.py:188} INFO - [2024-04-29T05:32:58.948+0000] {dagbag.py:540} INFO - Filling up the DagBag from /home/airflow/.local/lib/python3.8/site-packages/airflow/example_dags/example_branch_labels.py
[2024-04-29T05:32:58.984+0000] {processor.py:840} INFO - DAG(s) 'example_branch_labels' retrieved from /home/airflow/.local/lib/python3.8/site-packages/airflow/example_dags/example_branch_labels.py
[2024-04-29T05:32:59.034+0000] {logging_mixin.py:188} INFO - [2024-04-29T05:32:59.034+0000] {dag.py:3047} INFO - Sync 1 DAGs
[2024-04-29T05:32:59.106+0000] {logging_mixin.py:188} INFO - [2024-04-29T05:32:59.106+0000] {dag.py:3834} INFO - Setting next_dagrun for example_branch_labels to 2024-04-28 00:00:00+00:00, run_after=2024-04-29 00:00:00+00:00
[2024-04-29T05:32:59.151+0000] {processor.py:183} INFO - Processing /home/airflow/.local/lib/python3.8/site-packages/airflow/example_dags/example_branch_labels.py took 0.209 seconds
[2024-04-29T05:34:27.969+0000] {processor.py:161} INFO - Started process (PID=320) to work on /home/airflow/.local/lib/python3.8/site-packages/airflow/example_dags/example_branch_labels.py
[2024-04-29T05:34:27.970+0000] {processor.py:830} INFO - Processing file /home/airflow/.local/lib/python3.8/site-packages/airflow/example_dags/example_branch_labels.py for tasks to queue
[2024-04-29T05:34:27.971+0000] {logging_mixin.py:188} INFO - [2024-04-29T05:34:27.970+0000] {dagbag.py:540} INFO - Filling up the DagBag from /home/airflow/.local/lib/python3.8/site-packages/airflow/example_dags/example_branch_labels.py
[2024-04-29T05:34:27.982+0000] {processor.py:840} INFO - DAG(s) 'example_branch_labels' retrieved from /home/airflow/.local/lib/python3.8/site-packages/airflow/example_dags/example_branch_labels.py
[2024-04-29T05:34:28.035+0000] {logging_mixin.py:188} INFO - [2024-04-29T05:34:28.034+0000] {dag.py:3047} INFO - Sync 1 DAGs
[2024-04-29T05:34:28.091+0000] {logging_mixin.py:188} INFO - [2024-04-29T05:34:28.091+0000] {dag.py:3834} INFO - Setting next_dagrun for example_branch_labels to 2024-04-28 00:00:00+00:00, run_after=2024-04-29 00:00:00+00:00
[2024-04-29T05:34:28.154+0000] {processor.py:183} INFO - Processing /home/airflow/.local/lib/python3.8/site-packages/airflow/example_dags/example_branch_labels.py took 0.189 seconds
[2024-04-29T05:34:59.988+0000] {processor.py:161} INFO - Started process (PID=574) to work on /home/airflow/.local/lib/python3.8/site-packages/airflow/example_dags/example_branch_labels.py
[2024-04-29T05:34:59.989+0000] {processor.py:830} INFO - Processing file /home/airflow/.local/lib/python3.8/site-packages/airflow/example_dags/example_branch_labels.py for tasks to queue
[2024-04-29T05:34:59.990+0000] {logging_mixin.py:188} INFO - [2024-04-29T05:34:59.990+0000] {dagbag.py:540} INFO - Filling up the DagBag from /home/airflow/.local/lib/python3.8/site-packages/airflow/example_dags/example_branch_labels.py
[2024-04-29T05:35:00.000+0000] {processor.py:840} INFO - DAG(s) 'example_branch_labels' retrieved from /home/airflow/.local/lib/python3.8/site-packages/airflow/example_dags/example_branch_labels.py
[2024-04-29T05:35:00.162+0000] {logging_mixin.py:188} INFO - [2024-04-29T05:35:00.162+0000] {dag.py:3047} INFO - Sync 1 DAGs
[2024-04-29T05:35:00.189+0000] {logging_mixin.py:188} INFO - [2024-04-29T05:35:00.188+0000] {dag.py:3834} INFO - Setting next_dagrun for example_branch_labels to 2024-04-28 00:00:00+00:00, run_after=2024-04-29 00:00:00+00:00
[2024-04-29T05:35:00.213+0000] {processor.py:183} INFO - Processing /home/airflow/.local/lib/python3.8/site-packages/airflow/example_dags/example_branch_labels.py took 0.229 seconds
[2024-04-29T05:35:30.484+0000] {processor.py:161} INFO - Started process (PID=824) to work on /home/airflow/.local/lib/python3.8/site-packages/airflow/example_dags/example_branch_labels.py
[2024-04-29T05:35:30.485+0000] {processor.py:830} INFO - Processing file /home/airflow/.local/lib/python3.8/site-packages/airflow/example_dags/example_branch_labels.py for tasks to queue
[2024-04-29T05:35:30.487+0000] {logging_mixin.py:188} INFO - [2024-04-29T05:35:30.486+0000] {dagbag.py:540} INFO - Filling up the DagBag from /home/airflow/.local/lib/python3.8/site-packages/airflow/example_dags/example_branch_labels.py
[2024-04-29T05:35:30.497+0000] {processor.py:840} INFO - DAG(s) 'example_branch_labels' retrieved from /home/airflow/.local/lib/python3.8/site-packages/airflow/example_dags/example_branch_labels.py
[2024-04-29T05:35:30.542+0000] {logging_mixin.py:188} INFO - [2024-04-29T05:35:30.542+0000] {dag.py:3047} INFO - Sync 1 DAGs
[2024-04-29T05:35:30.589+0000] {logging_mixin.py:188} INFO - [2024-04-29T05:35:30.589+0000] {dag.py:3834} INFO - Setting next_dagrun for example_branch_labels to 2024-04-28 00:00:00+00:00, run_after=2024-04-29 00:00:00+00:00
[2024-04-29T05:35:30.639+0000] {processor.py:183} INFO - Processing /home/airflow/.local/lib/python3.8/site-packages/airflow/example_dags/example_branch_labels.py took 0.170 seconds
[2024-04-29T05:36:01.616+0000] {processor.py:161} INFO - Started process (PID=1075) to work on /home/airflow/.local/lib/python3.8/site-packages/airflow/example_dags/example_branch_labels.py
[2024-04-29T05:36:01.617+0000] {processor.py:830} INFO - Processing file /home/airflow/.local/lib/python3.8/site-packages/airflow/example_dags/example_branch_labels.py for tasks to queue
[2024-04-29T05:36:01.618+0000] {logging_mixin.py:188} INFO - [2024-04-29T05:36:01.618+0000] {dagbag.py:540} INFO - Filling up the DagBag from /home/airflow/.local/lib/python3.8/site-packages/airflow/example_dags/example_branch_labels.py
[2024-04-29T05:36:01.627+0000] {processor.py:840} INFO - DAG(s) 'example_branch_labels' retrieved from /home/airflow/.local/lib/python3.8/site-packages/airflow/example_dags/example_branch_labels.py
[2024-04-29T05:36:01.656+0000] {logging_mixin.py:188} INFO - [2024-04-29T05:36:01.656+0000] {dag.py:3047} INFO - Sync 1 DAGs
[2024-04-29T05:36:01.684+0000] {logging_mixin.py:188} INFO - [2024-04-29T05:36:01.684+0000] {dag.py:3834} INFO - Setting next_dagrun for example_branch_labels to 2024-04-28 00:00:00+00:00, run_after=2024-04-29 00:00:00+00:00
[2024-04-29T05:36:01.707+0000] {processor.py:183} INFO - Processing /home/airflow/.local/lib/python3.8/site-packages/airflow/example_dags/example_branch_labels.py took 0.094 seconds
[2024-04-29T05:36:32.075+0000] {processor.py:161} INFO - Started process (PID=1328) to work on /home/airflow/.local/lib/python3.8/site-packages/airflow/example_dags/example_branch_labels.py
[2024-04-29T05:36:32.076+0000] {processor.py:830} INFO - Processing file /home/airflow/.local/lib/python3.8/site-packages/airflow/example_dags/example_branch_labels.py for tasks to queue
[2024-04-29T05:36:32.077+0000] {logging_mixin.py:188} INFO - [2024-04-29T05:36:32.077+0000] {dagbag.py:540} INFO - Filling up the DagBag from /home/airflow/.local/lib/python3.8/site-packages/airflow/example_dags/example_branch_labels.py
[2024-04-29T05:36:32.086+0000] {processor.py:840} INFO - DAG(s) 'example_branch_labels' retrieved from /home/airflow/.local/lib/python3.8/site-packages/airflow/example_dags/example_branch_labels.py
[2024-04-29T05:36:32.112+0000] {logging_mixin.py:188} INFO - [2024-04-29T05:36:32.112+0000] {dag.py:3047} INFO - Sync 1 DAGs
[2024-04-29T05:36:32.143+0000] {logging_mixin.py:188} INFO - [2024-04-29T05:36:32.143+0000] {dag.py:3834} INFO - Setting next_dagrun for example_branch_labels to 2024-04-28 00:00:00+00:00, run_after=2024-04-29 00:00:00+00:00
[2024-04-29T05:36:32.168+0000] {processor.py:183} INFO - Processing /home/airflow/.local/lib/python3.8/site-packages/airflow/example_dags/example_branch_labels.py took 0.097 seconds
[2024-04-29T05:37:02.634+0000] {processor.py:161} INFO - Started process (PID=1581) to work on /home/airflow/.local/lib/python3.8/site-packages/airflow/example_dags/example_branch_labels.py
[2024-04-29T05:37:02.635+0000] {processor.py:830} INFO - Processing file /home/airflow/.local/lib/python3.8/site-packages/airflow/example_dags/example_branch_labels.py for tasks to queue
[2024-04-29T05:37:02.635+0000] {logging_mixin.py:188} INFO - [2024-04-29T05:37:02.635+0000] {dagbag.py:540} INFO - Filling up the DagBag from /home/airflow/.local/lib/python3.8/site-packages/airflow/example_dags/example_branch_labels.py
[2024-04-29T05:37:02.644+0000] {processor.py:840} INFO - DAG(s) 'example_branch_labels' retrieved from /home/airflow/.local/lib/python3.8/site-packages/airflow/example_dags/example_branch_labels.py
[2024-04-29T05:37:02.675+0000] {logging_mixin.py:188} INFO - [2024-04-29T05:37:02.675+0000] {dag.py:3047} INFO - Sync 1 DAGs
[2024-04-29T05:37:02.701+0000] {logging_mixin.py:188} INFO - [2024-04-29T05:37:02.701+0000] {dag.py:3834} INFO - Setting next_dagrun for example_branch_labels to 2024-04-28 00:00:00+00:00, run_after=2024-04-29 00:00:00+00:00
[2024-04-29T05:37:02.725+0000] {processor.py:183} INFO - Processing /home/airflow/.local/lib/python3.8/site-packages/airflow/example_dags/example_branch_labels.py took 0.095 seconds
[2024-04-29T05:37:33.090+0000] {processor.py:161} INFO - Started process (PID=1833) to work on /home/airflow/.local/lib/python3.8/site-packages/airflow/example_dags/example_branch_labels.py
[2024-04-29T05:37:33.093+0000] {processor.py:830} INFO - Processing file /home/airflow/.local/lib/python3.8/site-packages/airflow/example_dags/example_branch_labels.py for tasks to queue
[2024-04-29T05:37:33.094+0000] {logging_mixin.py:188} INFO - [2024-04-29T05:37:33.094+0000] {dagbag.py:540} INFO - Filling up the DagBag from /home/airflow/.local/lib/python3.8/site-packages/airflow/example_dags/example_branch_labels.py
[2024-04-29T05:37:33.104+0000] {processor.py:840} INFO - DAG(s) 'example_branch_labels' retrieved from /home/airflow/.local/lib/python3.8/site-packages/airflow/example_dags/example_branch_labels.py
[2024-04-29T05:37:33.129+0000] {logging_mixin.py:188} INFO - [2024-04-29T05:37:33.129+0000] {dag.py:3047} INFO - Sync 1 DAGs
[2024-04-29T05:37:33.155+0000] {logging_mixin.py:188} INFO - [2024-04-29T05:37:33.154+0000] {dag.py:3834} INFO - Setting next_dagrun for example_branch_labels to 2024-04-28 00:00:00+00:00, run_after=2024-04-29 00:00:00+00:00
[2024-04-29T05:37:33.269+0000] {processor.py:183} INFO - Processing /home/airflow/.local/lib/python3.8/site-packages/airflow/example_dags/example_branch_labels.py took 0.187 seconds
[2024-04-29T05:38:18.144+0000] {processor.py:161} INFO - Started process (PID=2202) to work on /home/airflow/.local/lib/python3.8/site-packages/airflow/example_dags/example_branch_labels.py
[2024-04-29T05:38:18.158+0000] {processor.py:830} INFO - Processing file /home/airflow/.local/lib/python3.8/site-packages/airflow/example_dags/example_branch_labels.py for tasks to queue
[2024-04-29T05:38:18.159+0000] {logging_mixin.py:188} INFO - [2024-04-29T05:38:18.159+0000] {dagbag.py:540} INFO - Filling up the DagBag from /home/airflow/.local/lib/python3.8/site-packages/airflow/example_dags/example_branch_labels.py
[2024-04-29T05:38:18.195+0000] {processor.py:840} INFO - DAG(s) 'example_branch_labels' retrieved from /home/airflow/.local/lib/python3.8/site-packages/airflow/example_dags/example_branch_labels.py
[2024-04-29T05:38:18.422+0000] {logging_mixin.py:188} INFO - [2024-04-29T05:38:18.422+0000] {dag.py:3047} INFO - Sync 1 DAGs
[2024-04-29T05:38:18.535+0000] {logging_mixin.py:188} INFO - [2024-04-29T05:38:18.527+0000] {dag.py:3834} INFO - Setting next_dagrun for example_branch_labels to 2024-04-28 00:00:00+00:00, run_after=2024-04-29 00:00:00+00:00
[2024-04-29T05:38:18.642+0000] {processor.py:183} INFO - Processing /home/airflow/.local/lib/python3.8/site-packages/airflow/example_dags/example_branch_labels.py took 0.502 seconds
[2024-04-29T05:38:49.302+0000] {processor.py:161} INFO - Started process (PID=2495) to work on /home/airflow/.local/lib/python3.8/site-packages/airflow/example_dags/example_branch_labels.py
[2024-04-29T05:38:49.306+0000] {processor.py:830} INFO - Processing file /home/airflow/.local/lib/python3.8/site-packages/airflow/example_dags/example_branch_labels.py for tasks to queue
[2024-04-29T05:38:49.307+0000] {logging_mixin.py:188} INFO - [2024-04-29T05:38:49.307+0000] {dagbag.py:540} INFO - Filling up the DagBag from /home/airflow/.local/lib/python3.8/site-packages/airflow/example_dags/example_branch_labels.py
[2024-04-29T05:38:49.317+0000] {processor.py:840} INFO - DAG(s) 'example_branch_labels' retrieved from /home/airflow/.local/lib/python3.8/site-packages/airflow/example_dags/example_branch_labels.py
[2024-04-29T05:38:49.342+0000] {logging_mixin.py:188} INFO - [2024-04-29T05:38:49.342+0000] {dag.py:3047} INFO - Sync 1 DAGs
[2024-04-29T05:38:49.369+0000] {logging_mixin.py:188} INFO - [2024-04-29T05:38:49.369+0000] {dag.py:3834} INFO - Setting next_dagrun for example_branch_labels to 2024-04-28 00:00:00+00:00, run_after=2024-04-29 00:00:00+00:00
[2024-04-29T05:38:49.393+0000] {processor.py:183} INFO - Processing /home/airflow/.local/lib/python3.8/site-packages/airflow/example_dags/example_branch_labels.py took 0.094 seconds
[2024-04-29T05:39:19.501+0000] {processor.py:161} INFO - Started process (PID=2748) to work on /home/airflow/.local/lib/python3.8/site-packages/airflow/example_dags/example_branch_labels.py
[2024-04-29T05:39:19.502+0000] {processor.py:830} INFO - Processing file /home/airflow/.local/lib/python3.8/site-packages/airflow/example_dags/example_branch_labels.py for tasks to queue
[2024-04-29T05:39:19.503+0000] {logging_mixin.py:188} INFO - [2024-04-29T05:39:19.503+0000] {dagbag.py:540} INFO - Filling up the DagBag from /home/airflow/.local/lib/python3.8/site-packages/airflow/example_dags/example_branch_labels.py
[2024-04-29T05:39:19.513+0000] {processor.py:840} INFO - DAG(s) 'example_branch_labels' retrieved from /home/airflow/.local/lib/python3.8/site-packages/airflow/example_dags/example_branch_labels.py
[2024-04-29T05:39:19.549+0000] {logging_mixin.py:188} INFO - [2024-04-29T05:39:19.549+0000] {dag.py:3047} INFO - Sync 1 DAGs
[2024-04-29T05:39:19.579+0000] {logging_mixin.py:188} INFO - [2024-04-29T05:39:19.578+0000] {dag.py:3834} INFO - Setting next_dagrun for example_branch_labels to 2024-04-28 00:00:00+00:00, run_after=2024-04-29 00:00:00+00:00
[2024-04-29T05:39:19.603+0000] {processor.py:183} INFO - Processing /home/airflow/.local/lib/python3.8/site-packages/airflow/example_dags/example_branch_labels.py took 0.105 seconds
[2024-04-29T05:39:49.779+0000] {processor.py:161} INFO - Started process (PID=3002) to work on /home/airflow/.local/lib/python3.8/site-packages/airflow/example_dags/example_branch_labels.py
[2024-04-29T05:39:49.780+0000] {processor.py:830} INFO - Processing file /home/airflow/.local/lib/python3.8/site-packages/airflow/example_dags/example_branch_labels.py for tasks to queue
[2024-04-29T05:39:49.781+0000] {logging_mixin.py:188} INFO - [2024-04-29T05:39:49.781+0000] {dagbag.py:540} INFO - Filling up the DagBag from /home/airflow/.local/lib/python3.8/site-packages/airflow/example_dags/example_branch_labels.py
[2024-04-29T05:39:49.791+0000] {processor.py:840} INFO - DAG(s) 'example_branch_labels' retrieved from /home/airflow/.local/lib/python3.8/site-packages/airflow/example_dags/example_branch_labels.py
[2024-04-29T05:39:49.834+0000] {logging_mixin.py:188} INFO - [2024-04-29T05:39:49.833+0000] {dag.py:3047} INFO - Sync 1 DAGs
[2024-04-29T05:39:49.873+0000] {logging_mixin.py:188} INFO - [2024-04-29T05:39:49.873+0000] {dag.py:3834} INFO - Setting next_dagrun for example_branch_labels to 2024-04-28 00:00:00+00:00, run_after=2024-04-29 00:00:00+00:00
[2024-04-29T05:39:49.914+0000] {processor.py:183} INFO - Processing /home/airflow/.local/lib/python3.8/site-packages/airflow/example_dags/example_branch_labels.py took 0.138 seconds
[2024-04-29T05:40:19.975+0000] {processor.py:161} INFO - Started process (PID=3255) to work on /home/airflow/.local/lib/python3.8/site-packages/airflow/example_dags/example_branch_labels.py
[2024-04-29T05:40:19.976+0000] {processor.py:830} INFO - Processing file /home/airflow/.local/lib/python3.8/site-packages/airflow/example_dags/example_branch_labels.py for tasks to queue
[2024-04-29T05:40:19.977+0000] {logging_mixin.py:188} INFO - [2024-04-29T05:40:19.977+0000] {dagbag.py:540} INFO - Filling up the DagBag from /home/airflow/.local/lib/python3.8/site-packages/airflow/example_dags/example_branch_labels.py
[2024-04-29T05:40:19.987+0000] {processor.py:840} INFO - DAG(s) 'example_branch_labels' retrieved from /home/airflow/.local/lib/python3.8/site-packages/airflow/example_dags/example_branch_labels.py
[2024-04-29T05:40:20.015+0000] {logging_mixin.py:188} INFO - [2024-04-29T05:40:20.015+0000] {dag.py:3047} INFO - Sync 1 DAGs
[2024-04-29T05:40:20.057+0000] {logging_mixin.py:188} INFO - [2024-04-29T05:40:20.056+0000] {dag.py:3834} INFO - Setting next_dagrun for example_branch_labels to 2024-04-28 00:00:00+00:00, run_after=2024-04-29 00:00:00+00:00
[2024-04-29T05:40:20.091+0000] {processor.py:183} INFO - Processing /home/airflow/.local/lib/python3.8/site-packages/airflow/example_dags/example_branch_labels.py took 0.120 seconds
[2024-04-29T05:40:50.403+0000] {processor.py:161} INFO - Started process (PID=3517) to work on /home/airflow/.local/lib/python3.8/site-packages/airflow/example_dags/example_branch_labels.py
[2024-04-29T05:40:50.404+0000] {processor.py:830} INFO - Processing file /home/airflow/.local/lib/python3.8/site-packages/airflow/example_dags/example_branch_labels.py for tasks to queue
[2024-04-29T05:40:50.404+0000] {logging_mixin.py:188} INFO - [2024-04-29T05:40:50.404+0000] {dagbag.py:540} INFO - Filling up the DagBag from /home/airflow/.local/lib/python3.8/site-packages/airflow/example_dags/example_branch_labels.py
[2024-04-29T05:40:50.413+0000] {processor.py:840} INFO - DAG(s) 'example_branch_labels' retrieved from /home/airflow/.local/lib/python3.8/site-packages/airflow/example_dags/example_branch_labels.py
[2024-04-29T05:40:50.440+0000] {logging_mixin.py:188} INFO - [2024-04-29T05:40:50.440+0000] {dag.py:3047} INFO - Sync 1 DAGs
[2024-04-29T05:40:50.468+0000] {logging_mixin.py:188} INFO - [2024-04-29T05:40:50.468+0000] {dag.py:3834} INFO - Setting next_dagrun for example_branch_labels to 2024-04-28 00:00:00+00:00, run_after=2024-04-29 00:00:00+00:00
[2024-04-29T05:40:50.491+0000] {processor.py:183} INFO - Processing /home/airflow/.local/lib/python3.8/site-packages/airflow/example_dags/example_branch_labels.py took 0.091 seconds
[2024-04-29T05:41:21.097+0000] {processor.py:161} INFO - Started process (PID=3775) to work on /home/airflow/.local/lib/python3.8/site-packages/airflow/example_dags/example_branch_labels.py
[2024-04-29T05:41:21.098+0000] {processor.py:830} INFO - Processing file /home/airflow/.local/lib/python3.8/site-packages/airflow/example_dags/example_branch_labels.py for tasks to queue
[2024-04-29T05:41:21.099+0000] {logging_mixin.py:188} INFO - [2024-04-29T05:41:21.099+0000] {dagbag.py:540} INFO - Filling up the DagBag from /home/airflow/.local/lib/python3.8/site-packages/airflow/example_dags/example_branch_labels.py
[2024-04-29T05:41:21.107+0000] {processor.py:840} INFO - DAG(s) 'example_branch_labels' retrieved from /home/airflow/.local/lib/python3.8/site-packages/airflow/example_dags/example_branch_labels.py
[2024-04-29T05:41:21.139+0000] {logging_mixin.py:188} INFO - [2024-04-29T05:41:21.139+0000] {dag.py:3047} INFO - Sync 1 DAGs
[2024-04-29T05:41:21.175+0000] {logging_mixin.py:188} INFO - [2024-04-29T05:41:21.175+0000] {dag.py:3834} INFO - Setting next_dagrun for example_branch_labels to 2024-04-28 00:00:00+00:00, run_after=2024-04-29 00:00:00+00:00
[2024-04-29T05:41:21.203+0000] {processor.py:183} INFO - Processing /home/airflow/.local/lib/python3.8/site-packages/airflow/example_dags/example_branch_labels.py took 0.110 seconds
[2024-04-29T05:41:51.586+0000] {processor.py:161} INFO - Started process (PID=4027) to work on /home/airflow/.local/lib/python3.8/site-packages/airflow/example_dags/example_branch_labels.py
[2024-04-29T05:41:51.587+0000] {processor.py:830} INFO - Processing file /home/airflow/.local/lib/python3.8/site-packages/airflow/example_dags/example_branch_labels.py for tasks to queue
[2024-04-29T05:41:51.589+0000] {logging_mixin.py:188} INFO - [2024-04-29T05:41:51.588+0000] {dagbag.py:540} INFO - Filling up the DagBag from /home/airflow/.local/lib/python3.8/site-packages/airflow/example_dags/example_branch_labels.py
[2024-04-29T05:41:51.597+0000] {processor.py:840} INFO - DAG(s) 'example_branch_labels' retrieved from /home/airflow/.local/lib/python3.8/site-packages/airflow/example_dags/example_branch_labels.py
[2024-04-29T05:41:51.623+0000] {logging_mixin.py:188} INFO - [2024-04-29T05:41:51.623+0000] {dag.py:3047} INFO - Sync 1 DAGs
[2024-04-29T05:41:51.651+0000] {logging_mixin.py:188} INFO - [2024-04-29T05:41:51.651+0000] {dag.py:3834} INFO - Setting next_dagrun for example_branch_labels to 2024-04-28 00:00:00+00:00, run_after=2024-04-29 00:00:00+00:00
[2024-04-29T05:41:51.681+0000] {processor.py:183} INFO - Processing /home/airflow/.local/lib/python3.8/site-packages/airflow/example_dags/example_branch_labels.py took 0.098 seconds
[2024-04-29T05:42:21.890+0000] {processor.py:161} INFO - Started process (PID=4279) to work on /home/airflow/.local/lib/python3.8/site-packages/airflow/example_dags/example_branch_labels.py
[2024-04-29T05:42:21.891+0000] {processor.py:830} INFO - Processing file /home/airflow/.local/lib/python3.8/site-packages/airflow/example_dags/example_branch_labels.py for tasks to queue
[2024-04-29T05:42:21.892+0000] {logging_mixin.py:188} INFO - [2024-04-29T05:42:21.892+0000] {dagbag.py:540} INFO - Filling up the DagBag from /home/airflow/.local/lib/python3.8/site-packages/airflow/example_dags/example_branch_labels.py
[2024-04-29T05:42:21.901+0000] {processor.py:840} INFO - DAG(s) 'example_branch_labels' retrieved from /home/airflow/.local/lib/python3.8/site-packages/airflow/example_dags/example_branch_labels.py
[2024-04-29T05:42:21.927+0000] {logging_mixin.py:188} INFO - [2024-04-29T05:42:21.927+0000] {dag.py:3047} INFO - Sync 1 DAGs
[2024-04-29T05:42:21.955+0000] {logging_mixin.py:188} INFO - [2024-04-29T05:42:21.955+0000] {dag.py:3834} INFO - Setting next_dagrun for example_branch_labels to 2024-04-28 00:00:00+00:00, run_after=2024-04-29 00:00:00+00:00
[2024-04-29T05:42:21.987+0000] {processor.py:183} INFO - Processing /home/airflow/.local/lib/python3.8/site-packages/airflow/example_dags/example_branch_labels.py took 0.100 seconds
[2024-04-29T05:42:52.072+0000] {processor.py:161} INFO - Started process (PID=4532) to work on /home/airflow/.local/lib/python3.8/site-packages/airflow/example_dags/example_branch_labels.py
[2024-04-29T05:42:52.072+0000] {processor.py:830} INFO - Processing file /home/airflow/.local/lib/python3.8/site-packages/airflow/example_dags/example_branch_labels.py for tasks to queue
[2024-04-29T05:42:52.073+0000] {logging_mixin.py:188} INFO - [2024-04-29T05:42:52.073+0000] {dagbag.py:540} INFO - Filling up the DagBag from /home/airflow/.local/lib/python3.8/site-packages/airflow/example_dags/example_branch_labels.py
[2024-04-29T05:42:52.083+0000] {processor.py:840} INFO - DAG(s) 'example_branch_labels' retrieved from /home/airflow/.local/lib/python3.8/site-packages/airflow/example_dags/example_branch_labels.py
[2024-04-29T05:42:52.110+0000] {logging_mixin.py:188} INFO - [2024-04-29T05:42:52.109+0000] {dag.py:3047} INFO - Sync 1 DAGs
[2024-04-29T05:42:52.138+0000] {logging_mixin.py:188} INFO - [2024-04-29T05:42:52.138+0000] {dag.py:3834} INFO - Setting next_dagrun for example_branch_labels to 2024-04-28 00:00:00+00:00, run_after=2024-04-29 00:00:00+00:00
[2024-04-29T05:42:52.165+0000] {processor.py:183} INFO - Processing /home/airflow/.local/lib/python3.8/site-packages/airflow/example_dags/example_branch_labels.py took 0.097 seconds
[2024-04-29T05:43:22.285+0000] {processor.py:161} INFO - Started process (PID=4785) to work on /home/airflow/.local/lib/python3.8/site-packages/airflow/example_dags/example_branch_labels.py
[2024-04-29T05:43:22.286+0000] {processor.py:830} INFO - Processing file /home/airflow/.local/lib/python3.8/site-packages/airflow/example_dags/example_branch_labels.py for tasks to queue
[2024-04-29T05:43:22.287+0000] {logging_mixin.py:188} INFO - [2024-04-29T05:43:22.287+0000] {dagbag.py:540} INFO - Filling up the DagBag from /home/airflow/.local/lib/python3.8/site-packages/airflow/example_dags/example_branch_labels.py
[2024-04-29T05:43:22.297+0000] {processor.py:840} INFO - DAG(s) 'example_branch_labels' retrieved from /home/airflow/.local/lib/python3.8/site-packages/airflow/example_dags/example_branch_labels.py
[2024-04-29T05:43:22.323+0000] {logging_mixin.py:188} INFO - [2024-04-29T05:43:22.323+0000] {dag.py:3047} INFO - Sync 1 DAGs
[2024-04-29T05:43:22.372+0000] {logging_mixin.py:188} INFO - [2024-04-29T05:43:22.372+0000] {dag.py:3834} INFO - Setting next_dagrun for example_branch_labels to 2024-04-28 00:00:00+00:00, run_after=2024-04-29 00:00:00+00:00
[2024-04-29T05:43:22.395+0000] {processor.py:183} INFO - Processing /home/airflow/.local/lib/python3.8/site-packages/airflow/example_dags/example_branch_labels.py took 0.113 seconds
