[2024-04-29T05:31:50.196+0000] {processor.py:161} INFO - Started process (PID=196) to work on /home/airflow/.local/lib/python3.8/site-packages/airflow/example_dags/example_nested_branch_dag.py
[2024-04-29T05:31:50.206+0000] {processor.py:830} INFO - Processing file /home/airflow/.local/lib/python3.8/site-packages/airflow/example_dags/example_nested_branch_dag.py for tasks to queue
[2024-04-29T05:31:50.207+0000] {logging_mixin.py:188} INFO - [2024-04-29T05:31:50.206+0000] {dagbag.py:540} INFO - Filling up the DagBag from /home/airflow/.local/lib/python3.8/site-packages/airflow/example_dags/example_nested_branch_dag.py
[2024-04-29T05:31:50.254+0000] {processor.py:840} INFO - DAG(s) 'example_nested_branch_dag' retrieved from /home/airflow/.local/lib/python3.8/site-packages/airflow/example_dags/example_nested_branch_dag.py
[2024-04-29T05:31:50.465+0000] {logging_mixin.py:188} INFO - [2024-04-29T05:31:50.464+0000] {override.py:1769} INFO - Created Permission View: can read on DAG:example_nested_branch_dag
[2024-04-29T05:31:50.491+0000] {logging_mixin.py:188} INFO - [2024-04-29T05:31:50.490+0000] {override.py:1769} INFO - Created Permission View: can edit on DAG:example_nested_branch_dag
[2024-04-29T05:31:50.503+0000] {logging_mixin.py:188} INFO - [2024-04-29T05:31:50.502+0000] {override.py:1769} INFO - Created Permission View: can delete on DAG:example_nested_branch_dag
[2024-04-29T05:31:50.504+0000] {logging_mixin.py:188} INFO - [2024-04-29T05:31:50.503+0000] {dag.py:3047} INFO - Sync 1 DAGs
[2024-04-29T05:31:50.531+0000] {logging_mixin.py:188} INFO - [2024-04-29T05:31:50.531+0000] {dag.py:3069} INFO - Creating ORM DAG for example_nested_branch_dag
[2024-04-29T05:31:50.569+0000] {logging_mixin.py:188} INFO - [2024-04-29T05:31:50.568+0000] {dag.py:3834} INFO - Setting next_dagrun for example_nested_branch_dag to 2024-04-28 00:00:00+00:00, run_after=2024-04-29 00:00:00+00:00
[2024-04-29T05:31:50.623+0000] {processor.py:183} INFO - Processing /home/airflow/.local/lib/python3.8/site-packages/airflow/example_dags/example_nested_branch_dag.py took 0.430 seconds
[2024-04-29T05:32:20.799+0000] {processor.py:161} INFO - Started process (PID=448) to work on /home/airflow/.local/lib/python3.8/site-packages/airflow/example_dags/example_nested_branch_dag.py
[2024-04-29T05:32:20.800+0000] {processor.py:830} INFO - Processing file /home/airflow/.local/lib/python3.8/site-packages/airflow/example_dags/example_nested_branch_dag.py for tasks to queue
[2024-04-29T05:32:20.801+0000] {logging_mixin.py:188} INFO - [2024-04-29T05:32:20.801+0000] {dagbag.py:540} INFO - Filling up the DagBag from /home/airflow/.local/lib/python3.8/site-packages/airflow/example_dags/example_nested_branch_dag.py
[2024-04-29T05:32:20.815+0000] {processor.py:840} INFO - DAG(s) 'example_nested_branch_dag' retrieved from /home/airflow/.local/lib/python3.8/site-packages/airflow/example_dags/example_nested_branch_dag.py
[2024-04-29T05:32:20.839+0000] {logging_mixin.py:188} INFO - [2024-04-29T05:32:20.839+0000] {dag.py:3047} INFO - Sync 1 DAGs
[2024-04-29T05:32:20.866+0000] {logging_mixin.py:188} INFO - [2024-04-29T05:32:20.866+0000] {dag.py:3834} INFO - Setting next_dagrun for example_nested_branch_dag to 2024-04-28 00:00:00+00:00, run_after=2024-04-29 00:00:00+00:00
[2024-04-29T05:32:20.892+0000] {processor.py:183} INFO - Processing /home/airflow/.local/lib/python3.8/site-packages/airflow/example_dags/example_nested_branch_dag.py took 0.096 seconds
[2024-04-29T05:32:51.122+0000] {processor.py:161} INFO - Started process (PID=699) to work on /home/airflow/.local/lib/python3.8/site-packages/airflow/example_dags/example_nested_branch_dag.py
[2024-04-29T05:32:51.124+0000] {processor.py:830} INFO - Processing file /home/airflow/.local/lib/python3.8/site-packages/airflow/example_dags/example_nested_branch_dag.py for tasks to queue
[2024-04-29T05:32:51.131+0000] {logging_mixin.py:188} INFO - [2024-04-29T05:32:51.126+0000] {dagbag.py:540} INFO - Filling up the DagBag from /home/airflow/.local/lib/python3.8/site-packages/airflow/example_dags/example_nested_branch_dag.py
[2024-04-29T05:32:51.144+0000] {processor.py:840} INFO - DAG(s) 'example_nested_branch_dag' retrieved from /home/airflow/.local/lib/python3.8/site-packages/airflow/example_dags/example_nested_branch_dag.py
[2024-04-29T05:32:51.169+0000] {logging_mixin.py:188} INFO - [2024-04-29T05:32:51.168+0000] {dag.py:3047} INFO - Sync 1 DAGs
[2024-04-29T05:32:51.197+0000] {logging_mixin.py:188} INFO - [2024-04-29T05:32:51.197+0000] {dag.py:3834} INFO - Setting next_dagrun for example_nested_branch_dag to 2024-04-28 00:00:00+00:00, run_after=2024-04-29 00:00:00+00:00
[2024-04-29T05:32:51.222+0000] {processor.py:183} INFO - Processing /home/airflow/.local/lib/python3.8/site-packages/airflow/example_dags/example_nested_branch_dag.py took 0.104 seconds
[2024-04-29T05:34:24.684+0000] {processor.py:161} INFO - Started process (PID=195) to work on /home/airflow/.local/lib/python3.8/site-packages/airflow/example_dags/example_nested_branch_dag.py
[2024-04-29T05:34:24.685+0000] {processor.py:830} INFO - Processing file /home/airflow/.local/lib/python3.8/site-packages/airflow/example_dags/example_nested_branch_dag.py for tasks to queue
[2024-04-29T05:34:24.698+0000] {logging_mixin.py:188} INFO - [2024-04-29T05:34:24.686+0000] {dagbag.py:540} INFO - Filling up the DagBag from /home/airflow/.local/lib/python3.8/site-packages/airflow/example_dags/example_nested_branch_dag.py
[2024-04-29T05:34:24.737+0000] {processor.py:840} INFO - DAG(s) 'example_nested_branch_dag' retrieved from /home/airflow/.local/lib/python3.8/site-packages/airflow/example_dags/example_nested_branch_dag.py
[2024-04-29T05:34:24.757+0000] {logging_mixin.py:188} INFO - [2024-04-29T05:34:24.756+0000] {dag.py:3047} INFO - Sync 1 DAGs
[2024-04-29T05:34:24.806+0000] {logging_mixin.py:188} INFO - [2024-04-29T05:34:24.806+0000] {dag.py:3834} INFO - Setting next_dagrun for example_nested_branch_dag to 2024-04-28 00:00:00+00:00, run_after=2024-04-29 00:00:00+00:00
[2024-04-29T05:34:24.839+0000] {processor.py:183} INFO - Processing /home/airflow/.local/lib/python3.8/site-packages/airflow/example_dags/example_nested_branch_dag.py took 0.162 seconds
[2024-04-29T05:34:56.238+0000] {processor.py:161} INFO - Started process (PID=447) to work on /home/airflow/.local/lib/python3.8/site-packages/airflow/example_dags/example_nested_branch_dag.py
[2024-04-29T05:34:56.239+0000] {processor.py:830} INFO - Processing file /home/airflow/.local/lib/python3.8/site-packages/airflow/example_dags/example_nested_branch_dag.py for tasks to queue
[2024-04-29T05:34:56.240+0000] {logging_mixin.py:188} INFO - [2024-04-29T05:34:56.240+0000] {dagbag.py:540} INFO - Filling up the DagBag from /home/airflow/.local/lib/python3.8/site-packages/airflow/example_dags/example_nested_branch_dag.py
[2024-04-29T05:34:56.253+0000] {processor.py:840} INFO - DAG(s) 'example_nested_branch_dag' retrieved from /home/airflow/.local/lib/python3.8/site-packages/airflow/example_dags/example_nested_branch_dag.py
[2024-04-29T05:34:56.382+0000] {logging_mixin.py:188} INFO - [2024-04-29T05:34:56.382+0000] {dag.py:3047} INFO - Sync 1 DAGs
[2024-04-29T05:34:56.409+0000] {logging_mixin.py:188} INFO - [2024-04-29T05:34:56.408+0000] {dag.py:3834} INFO - Setting next_dagrun for example_nested_branch_dag to 2024-04-28 00:00:00+00:00, run_after=2024-04-29 00:00:00+00:00
[2024-04-29T05:34:56.435+0000] {processor.py:183} INFO - Processing /home/airflow/.local/lib/python3.8/site-packages/airflow/example_dags/example_nested_branch_dag.py took 0.201 seconds
[2024-04-29T05:35:26.577+0000] {processor.py:161} INFO - Started process (PID=699) to work on /home/airflow/.local/lib/python3.8/site-packages/airflow/example_dags/example_nested_branch_dag.py
[2024-04-29T05:35:26.578+0000] {processor.py:830} INFO - Processing file /home/airflow/.local/lib/python3.8/site-packages/airflow/example_dags/example_nested_branch_dag.py for tasks to queue
[2024-04-29T05:35:26.579+0000] {logging_mixin.py:188} INFO - [2024-04-29T05:35:26.579+0000] {dagbag.py:540} INFO - Filling up the DagBag from /home/airflow/.local/lib/python3.8/site-packages/airflow/example_dags/example_nested_branch_dag.py
[2024-04-29T05:35:26.591+0000] {processor.py:840} INFO - DAG(s) 'example_nested_branch_dag' retrieved from /home/airflow/.local/lib/python3.8/site-packages/airflow/example_dags/example_nested_branch_dag.py
[2024-04-29T05:35:26.618+0000] {logging_mixin.py:188} INFO - [2024-04-29T05:35:26.618+0000] {dag.py:3047} INFO - Sync 1 DAGs
[2024-04-29T05:35:26.646+0000] {logging_mixin.py:188} INFO - [2024-04-29T05:35:26.646+0000] {dag.py:3834} INFO - Setting next_dagrun for example_nested_branch_dag to 2024-04-28 00:00:00+00:00, run_after=2024-04-29 00:00:00+00:00
[2024-04-29T05:35:26.672+0000] {processor.py:183} INFO - Processing /home/airflow/.local/lib/python3.8/site-packages/airflow/example_dags/example_nested_branch_dag.py took 0.098 seconds
[2024-04-29T05:35:56.783+0000] {processor.py:161} INFO - Started process (PID=952) to work on /home/airflow/.local/lib/python3.8/site-packages/airflow/example_dags/example_nested_branch_dag.py
[2024-04-29T05:35:56.784+0000] {processor.py:830} INFO - Processing file /home/airflow/.local/lib/python3.8/site-packages/airflow/example_dags/example_nested_branch_dag.py for tasks to queue
[2024-04-29T05:35:56.785+0000] {logging_mixin.py:188} INFO - [2024-04-29T05:35:56.784+0000] {dagbag.py:540} INFO - Filling up the DagBag from /home/airflow/.local/lib/python3.8/site-packages/airflow/example_dags/example_nested_branch_dag.py
[2024-04-29T05:35:56.794+0000] {processor.py:840} INFO - DAG(s) 'example_nested_branch_dag' retrieved from /home/airflow/.local/lib/python3.8/site-packages/airflow/example_dags/example_nested_branch_dag.py
[2024-04-29T05:35:56.813+0000] {logging_mixin.py:188} INFO - [2024-04-29T05:35:56.812+0000] {dag.py:3047} INFO - Sync 1 DAGs
[2024-04-29T05:35:56.831+0000] {logging_mixin.py:188} INFO - [2024-04-29T05:35:56.831+0000] {dag.py:3834} INFO - Setting next_dagrun for example_nested_branch_dag to 2024-04-28 00:00:00+00:00, run_after=2024-04-29 00:00:00+00:00
[2024-04-29T05:35:56.857+0000] {processor.py:183} INFO - Processing /home/airflow/.local/lib/python3.8/site-packages/airflow/example_dags/example_nested_branch_dag.py took 0.076 seconds
[2024-04-29T05:36:27.376+0000] {processor.py:161} INFO - Started process (PID=1203) to work on /home/airflow/.local/lib/python3.8/site-packages/airflow/example_dags/example_nested_branch_dag.py
[2024-04-29T05:36:27.378+0000] {processor.py:830} INFO - Processing file /home/airflow/.local/lib/python3.8/site-packages/airflow/example_dags/example_nested_branch_dag.py for tasks to queue
[2024-04-29T05:36:27.379+0000] {logging_mixin.py:188} INFO - [2024-04-29T05:36:27.378+0000] {dagbag.py:540} INFO - Filling up the DagBag from /home/airflow/.local/lib/python3.8/site-packages/airflow/example_dags/example_nested_branch_dag.py
[2024-04-29T05:36:27.391+0000] {processor.py:840} INFO - DAG(s) 'example_nested_branch_dag' retrieved from /home/airflow/.local/lib/python3.8/site-packages/airflow/example_dags/example_nested_branch_dag.py
[2024-04-29T05:36:27.416+0000] {logging_mixin.py:188} INFO - [2024-04-29T05:36:27.415+0000] {dag.py:3047} INFO - Sync 1 DAGs
[2024-04-29T05:36:27.440+0000] {logging_mixin.py:188} INFO - [2024-04-29T05:36:27.440+0000] {dag.py:3834} INFO - Setting next_dagrun for example_nested_branch_dag to 2024-04-28 00:00:00+00:00, run_after=2024-04-29 00:00:00+00:00
[2024-04-29T05:36:27.464+0000] {processor.py:183} INFO - Processing /home/airflow/.local/lib/python3.8/site-packages/airflow/example_dags/example_nested_branch_dag.py took 0.091 seconds
[2024-04-29T05:36:57.903+0000] {processor.py:161} INFO - Started process (PID=1456) to work on /home/airflow/.local/lib/python3.8/site-packages/airflow/example_dags/example_nested_branch_dag.py
[2024-04-29T05:36:57.905+0000] {processor.py:830} INFO - Processing file /home/airflow/.local/lib/python3.8/site-packages/airflow/example_dags/example_nested_branch_dag.py for tasks to queue
[2024-04-29T05:36:57.906+0000] {logging_mixin.py:188} INFO - [2024-04-29T05:36:57.905+0000] {dagbag.py:540} INFO - Filling up the DagBag from /home/airflow/.local/lib/python3.8/site-packages/airflow/example_dags/example_nested_branch_dag.py
[2024-04-29T05:36:57.917+0000] {processor.py:840} INFO - DAG(s) 'example_nested_branch_dag' retrieved from /home/airflow/.local/lib/python3.8/site-packages/airflow/example_dags/example_nested_branch_dag.py
[2024-04-29T05:36:57.942+0000] {logging_mixin.py:188} INFO - [2024-04-29T05:36:57.942+0000] {dag.py:3047} INFO - Sync 1 DAGs
[2024-04-29T05:36:57.972+0000] {logging_mixin.py:188} INFO - [2024-04-29T05:36:57.972+0000] {dag.py:3834} INFO - Setting next_dagrun for example_nested_branch_dag to 2024-04-28 00:00:00+00:00, run_after=2024-04-29 00:00:00+00:00
[2024-04-29T05:36:57.998+0000] {processor.py:183} INFO - Processing /home/airflow/.local/lib/python3.8/site-packages/airflow/example_dags/example_nested_branch_dag.py took 0.098 seconds
[2024-04-29T05:37:28.415+0000] {processor.py:161} INFO - Started process (PID=1708) to work on /home/airflow/.local/lib/python3.8/site-packages/airflow/example_dags/example_nested_branch_dag.py
[2024-04-29T05:37:28.416+0000] {processor.py:830} INFO - Processing file /home/airflow/.local/lib/python3.8/site-packages/airflow/example_dags/example_nested_branch_dag.py for tasks to queue
[2024-04-29T05:37:28.417+0000] {logging_mixin.py:188} INFO - [2024-04-29T05:37:28.417+0000] {dagbag.py:540} INFO - Filling up the DagBag from /home/airflow/.local/lib/python3.8/site-packages/airflow/example_dags/example_nested_branch_dag.py
[2024-04-29T05:37:28.428+0000] {processor.py:840} INFO - DAG(s) 'example_nested_branch_dag' retrieved from /home/airflow/.local/lib/python3.8/site-packages/airflow/example_dags/example_nested_branch_dag.py
[2024-04-29T05:37:28.454+0000] {logging_mixin.py:188} INFO - [2024-04-29T05:37:28.454+0000] {dag.py:3047} INFO - Sync 1 DAGs
[2024-04-29T05:37:28.481+0000] {logging_mixin.py:188} INFO - [2024-04-29T05:37:28.481+0000] {dag.py:3834} INFO - Setting next_dagrun for example_nested_branch_dag to 2024-04-28 00:00:00+00:00, run_after=2024-04-29 00:00:00+00:00
[2024-04-29T05:37:28.504+0000] {processor.py:183} INFO - Processing /home/airflow/.local/lib/python3.8/site-packages/airflow/example_dags/example_nested_branch_dag.py took 0.092 seconds
[2024-04-29T05:38:02.877+0000] {processor.py:161} INFO - Started process (PID=2034) to work on /home/airflow/.local/lib/python3.8/site-packages/airflow/example_dags/example_nested_branch_dag.py
[2024-04-29T05:38:02.908+0000] {processor.py:830} INFO - Processing file /home/airflow/.local/lib/python3.8/site-packages/airflow/example_dags/example_nested_branch_dag.py for tasks to queue
[2024-04-29T05:38:02.944+0000] {logging_mixin.py:188} INFO - [2024-04-29T05:38:02.943+0000] {dagbag.py:540} INFO - Filling up the DagBag from /home/airflow/.local/lib/python3.8/site-packages/airflow/example_dags/example_nested_branch_dag.py
[2024-04-29T05:38:03.050+0000] {processor.py:840} INFO - DAG(s) 'example_nested_branch_dag' retrieved from /home/airflow/.local/lib/python3.8/site-packages/airflow/example_dags/example_nested_branch_dag.py
[2024-04-29T05:38:03.318+0000] {logging_mixin.py:188} INFO - [2024-04-29T05:38:03.318+0000] {dag.py:3047} INFO - Sync 1 DAGs
[2024-04-29T05:38:03.584+0000] {logging_mixin.py:188} INFO - [2024-04-29T05:38:03.584+0000] {dag.py:3834} INFO - Setting next_dagrun for example_nested_branch_dag to 2024-04-28 00:00:00+00:00, run_after=2024-04-29 00:00:00+00:00
[2024-04-29T05:38:03.827+0000] {processor.py:183} INFO - Processing /home/airflow/.local/lib/python3.8/site-packages/airflow/example_dags/example_nested_branch_dag.py took 0.959 seconds
[2024-04-29T05:38:34.591+0000] {processor.py:161} INFO - Started process (PID=2359) to work on /home/airflow/.local/lib/python3.8/site-packages/airflow/example_dags/example_nested_branch_dag.py
[2024-04-29T05:38:34.598+0000] {processor.py:830} INFO - Processing file /home/airflow/.local/lib/python3.8/site-packages/airflow/example_dags/example_nested_branch_dag.py for tasks to queue
[2024-04-29T05:38:34.602+0000] {logging_mixin.py:188} INFO - [2024-04-29T05:38:34.602+0000] {dagbag.py:540} INFO - Filling up the DagBag from /home/airflow/.local/lib/python3.8/site-packages/airflow/example_dags/example_nested_branch_dag.py
[2024-04-29T05:38:34.660+0000] {processor.py:840} INFO - DAG(s) 'example_nested_branch_dag' retrieved from /home/airflow/.local/lib/python3.8/site-packages/airflow/example_dags/example_nested_branch_dag.py
[2024-04-29T05:38:34.821+0000] {logging_mixin.py:188} INFO - [2024-04-29T05:38:34.820+0000] {dag.py:3047} INFO - Sync 1 DAGs
[2024-04-29T05:38:35.212+0000] {logging_mixin.py:188} INFO - [2024-04-29T05:38:35.212+0000] {dag.py:3834} INFO - Setting next_dagrun for example_nested_branch_dag to 2024-04-28 00:00:00+00:00, run_after=2024-04-29 00:00:00+00:00
[2024-04-29T05:38:35.534+0000] {processor.py:183} INFO - Processing /home/airflow/.local/lib/python3.8/site-packages/airflow/example_dags/example_nested_branch_dag.py took 0.959 seconds
[2024-04-29T05:39:05.875+0000] {processor.py:161} INFO - Started process (PID=2621) to work on /home/airflow/.local/lib/python3.8/site-packages/airflow/example_dags/example_nested_branch_dag.py
[2024-04-29T05:39:05.876+0000] {processor.py:830} INFO - Processing file /home/airflow/.local/lib/python3.8/site-packages/airflow/example_dags/example_nested_branch_dag.py for tasks to queue
[2024-04-29T05:39:05.877+0000] {logging_mixin.py:188} INFO - [2024-04-29T05:39:05.877+0000] {dagbag.py:540} INFO - Filling up the DagBag from /home/airflow/.local/lib/python3.8/site-packages/airflow/example_dags/example_nested_branch_dag.py
[2024-04-29T05:39:05.891+0000] {processor.py:840} INFO - DAG(s) 'example_nested_branch_dag' retrieved from /home/airflow/.local/lib/python3.8/site-packages/airflow/example_dags/example_nested_branch_dag.py
[2024-04-29T05:39:05.918+0000] {logging_mixin.py:188} INFO - [2024-04-29T05:39:05.917+0000] {dag.py:3047} INFO - Sync 1 DAGs
[2024-04-29T05:39:05.943+0000] {logging_mixin.py:188} INFO - [2024-04-29T05:39:05.943+0000] {dag.py:3834} INFO - Setting next_dagrun for example_nested_branch_dag to 2024-04-28 00:00:00+00:00, run_after=2024-04-29 00:00:00+00:00
[2024-04-29T05:39:05.974+0000] {processor.py:183} INFO - Processing /home/airflow/.local/lib/python3.8/site-packages/airflow/example_dags/example_nested_branch_dag.py took 0.102 seconds
[2024-04-29T05:39:36.220+0000] {processor.py:161} INFO - Started process (PID=2874) to work on /home/airflow/.local/lib/python3.8/site-packages/airflow/example_dags/example_nested_branch_dag.py
[2024-04-29T05:39:36.221+0000] {processor.py:830} INFO - Processing file /home/airflow/.local/lib/python3.8/site-packages/airflow/example_dags/example_nested_branch_dag.py for tasks to queue
[2024-04-29T05:39:36.222+0000] {logging_mixin.py:188} INFO - [2024-04-29T05:39:36.222+0000] {dagbag.py:540} INFO - Filling up the DagBag from /home/airflow/.local/lib/python3.8/site-packages/airflow/example_dags/example_nested_branch_dag.py
[2024-04-29T05:39:36.239+0000] {processor.py:840} INFO - DAG(s) 'example_nested_branch_dag' retrieved from /home/airflow/.local/lib/python3.8/site-packages/airflow/example_dags/example_nested_branch_dag.py
[2024-04-29T05:39:36.264+0000] {logging_mixin.py:188} INFO - [2024-04-29T05:39:36.264+0000] {dag.py:3047} INFO - Sync 1 DAGs
[2024-04-29T05:39:36.289+0000] {logging_mixin.py:188} INFO - [2024-04-29T05:39:36.289+0000] {dag.py:3834} INFO - Setting next_dagrun for example_nested_branch_dag to 2024-04-28 00:00:00+00:00, run_after=2024-04-29 00:00:00+00:00
[2024-04-29T05:39:36.318+0000] {processor.py:183} INFO - Processing /home/airflow/.local/lib/python3.8/site-packages/airflow/example_dags/example_nested_branch_dag.py took 0.101 seconds
[2024-04-29T05:40:06.410+0000] {processor.py:161} INFO - Started process (PID=3128) to work on /home/airflow/.local/lib/python3.8/site-packages/airflow/example_dags/example_nested_branch_dag.py
[2024-04-29T05:40:06.411+0000] {processor.py:830} INFO - Processing file /home/airflow/.local/lib/python3.8/site-packages/airflow/example_dags/example_nested_branch_dag.py for tasks to queue
[2024-04-29T05:40:06.412+0000] {logging_mixin.py:188} INFO - [2024-04-29T05:40:06.412+0000] {dagbag.py:540} INFO - Filling up the DagBag from /home/airflow/.local/lib/python3.8/site-packages/airflow/example_dags/example_nested_branch_dag.py
[2024-04-29T05:40:06.424+0000] {processor.py:840} INFO - DAG(s) 'example_nested_branch_dag' retrieved from /home/airflow/.local/lib/python3.8/site-packages/airflow/example_dags/example_nested_branch_dag.py
[2024-04-29T05:40:06.452+0000] {logging_mixin.py:188} INFO - [2024-04-29T05:40:06.452+0000] {dag.py:3047} INFO - Sync 1 DAGs
[2024-04-29T05:40:06.484+0000] {logging_mixin.py:188} INFO - [2024-04-29T05:40:06.484+0000] {dag.py:3834} INFO - Setting next_dagrun for example_nested_branch_dag to 2024-04-28 00:00:00+00:00, run_after=2024-04-29 00:00:00+00:00
[2024-04-29T05:40:06.506+0000] {processor.py:183} INFO - Processing /home/airflow/.local/lib/python3.8/site-packages/airflow/example_dags/example_nested_branch_dag.py took 0.100 seconds
[2024-04-29T05:40:36.728+0000] {processor.py:161} INFO - Started process (PID=3381) to work on /home/airflow/.local/lib/python3.8/site-packages/airflow/example_dags/example_nested_branch_dag.py
[2024-04-29T05:40:36.729+0000] {processor.py:830} INFO - Processing file /home/airflow/.local/lib/python3.8/site-packages/airflow/example_dags/example_nested_branch_dag.py for tasks to queue
[2024-04-29T05:40:36.730+0000] {logging_mixin.py:188} INFO - [2024-04-29T05:40:36.730+0000] {dagbag.py:540} INFO - Filling up the DagBag from /home/airflow/.local/lib/python3.8/site-packages/airflow/example_dags/example_nested_branch_dag.py
[2024-04-29T05:40:36.742+0000] {processor.py:840} INFO - DAG(s) 'example_nested_branch_dag' retrieved from /home/airflow/.local/lib/python3.8/site-packages/airflow/example_dags/example_nested_branch_dag.py
[2024-04-29T05:40:36.771+0000] {logging_mixin.py:188} INFO - [2024-04-29T05:40:36.771+0000] {dag.py:3047} INFO - Sync 1 DAGs
[2024-04-29T05:40:36.799+0000] {logging_mixin.py:188} INFO - [2024-04-29T05:40:36.799+0000] {dag.py:3834} INFO - Setting next_dagrun for example_nested_branch_dag to 2024-04-28 00:00:00+00:00, run_after=2024-04-29 00:00:00+00:00
[2024-04-29T05:40:36.830+0000] {processor.py:183} INFO - Processing /home/airflow/.local/lib/python3.8/site-packages/airflow/example_dags/example_nested_branch_dag.py took 0.105 seconds
[2024-04-29T05:41:06.984+0000] {processor.py:161} INFO - Started process (PID=3638) to work on /home/airflow/.local/lib/python3.8/site-packages/airflow/example_dags/example_nested_branch_dag.py
[2024-04-29T05:41:06.985+0000] {processor.py:830} INFO - Processing file /home/airflow/.local/lib/python3.8/site-packages/airflow/example_dags/example_nested_branch_dag.py for tasks to queue
[2024-04-29T05:41:06.986+0000] {logging_mixin.py:188} INFO - [2024-04-29T05:41:06.986+0000] {dagbag.py:540} INFO - Filling up the DagBag from /home/airflow/.local/lib/python3.8/site-packages/airflow/example_dags/example_nested_branch_dag.py
[2024-04-29T05:41:06.998+0000] {processor.py:840} INFO - DAG(s) 'example_nested_branch_dag' retrieved from /home/airflow/.local/lib/python3.8/site-packages/airflow/example_dags/example_nested_branch_dag.py
[2024-04-29T05:41:07.026+0000] {logging_mixin.py:188} INFO - [2024-04-29T05:41:07.026+0000] {dag.py:3047} INFO - Sync 1 DAGs
[2024-04-29T05:41:07.055+0000] {logging_mixin.py:188} INFO - [2024-04-29T05:41:07.054+0000] {dag.py:3834} INFO - Setting next_dagrun for example_nested_branch_dag to 2024-04-28 00:00:00+00:00, run_after=2024-04-29 00:00:00+00:00
[2024-04-29T05:41:07.078+0000] {processor.py:183} INFO - Processing /home/airflow/.local/lib/python3.8/site-packages/airflow/example_dags/example_nested_branch_dag.py took 0.097 seconds
[2024-04-29T05:41:37.927+0000] {processor.py:161} INFO - Started process (PID=3896) to work on /home/airflow/.local/lib/python3.8/site-packages/airflow/example_dags/example_nested_branch_dag.py
[2024-04-29T05:41:37.928+0000] {processor.py:830} INFO - Processing file /home/airflow/.local/lib/python3.8/site-packages/airflow/example_dags/example_nested_branch_dag.py for tasks to queue
[2024-04-29T05:41:37.929+0000] {logging_mixin.py:188} INFO - [2024-04-29T05:41:37.929+0000] {dagbag.py:540} INFO - Filling up the DagBag from /home/airflow/.local/lib/python3.8/site-packages/airflow/example_dags/example_nested_branch_dag.py
[2024-04-29T05:41:37.941+0000] {processor.py:840} INFO - DAG(s) 'example_nested_branch_dag' retrieved from /home/airflow/.local/lib/python3.8/site-packages/airflow/example_dags/example_nested_branch_dag.py
[2024-04-29T05:41:37.970+0000] {logging_mixin.py:188} INFO - [2024-04-29T05:41:37.969+0000] {dag.py:3047} INFO - Sync 1 DAGs
[2024-04-29T05:41:38.019+0000] {logging_mixin.py:188} INFO - [2024-04-29T05:41:38.019+0000] {dag.py:3834} INFO - Setting next_dagrun for example_nested_branch_dag to 2024-04-28 00:00:00+00:00, run_after=2024-04-29 00:00:00+00:00
[2024-04-29T05:41:38.059+0000] {processor.py:183} INFO - Processing /home/airflow/.local/lib/python3.8/site-packages/airflow/example_dags/example_nested_branch_dag.py took 0.136 seconds
[2024-04-29T05:42:08.213+0000] {processor.py:161} INFO - Started process (PID=4148) to work on /home/airflow/.local/lib/python3.8/site-packages/airflow/example_dags/example_nested_branch_dag.py
[2024-04-29T05:42:08.219+0000] {processor.py:830} INFO - Processing file /home/airflow/.local/lib/python3.8/site-packages/airflow/example_dags/example_nested_branch_dag.py for tasks to queue
[2024-04-29T05:42:08.220+0000] {logging_mixin.py:188} INFO - [2024-04-29T05:42:08.220+0000] {dagbag.py:540} INFO - Filling up the DagBag from /home/airflow/.local/lib/python3.8/site-packages/airflow/example_dags/example_nested_branch_dag.py
[2024-04-29T05:42:08.254+0000] {processor.py:840} INFO - DAG(s) 'example_nested_branch_dag' retrieved from /home/airflow/.local/lib/python3.8/site-packages/airflow/example_dags/example_nested_branch_dag.py
[2024-04-29T05:42:08.342+0000] {logging_mixin.py:188} INFO - [2024-04-29T05:42:08.340+0000] {dag.py:3047} INFO - Sync 1 DAGs
[2024-04-29T05:42:08.401+0000] {logging_mixin.py:188} INFO - [2024-04-29T05:42:08.401+0000] {dag.py:3834} INFO - Setting next_dagrun for example_nested_branch_dag to 2024-04-28 00:00:00+00:00, run_after=2024-04-29 00:00:00+00:00
[2024-04-29T05:42:08.429+0000] {processor.py:183} INFO - Processing /home/airflow/.local/lib/python3.8/site-packages/airflow/example_dags/example_nested_branch_dag.py took 0.220 seconds
[2024-04-29T05:42:38.708+0000] {processor.py:161} INFO - Started process (PID=4407) to work on /home/airflow/.local/lib/python3.8/site-packages/airflow/example_dags/example_nested_branch_dag.py
[2024-04-29T05:42:38.709+0000] {processor.py:830} INFO - Processing file /home/airflow/.local/lib/python3.8/site-packages/airflow/example_dags/example_nested_branch_dag.py for tasks to queue
[2024-04-29T05:42:38.711+0000] {logging_mixin.py:188} INFO - [2024-04-29T05:42:38.710+0000] {dagbag.py:540} INFO - Filling up the DagBag from /home/airflow/.local/lib/python3.8/site-packages/airflow/example_dags/example_nested_branch_dag.py
[2024-04-29T05:42:38.723+0000] {processor.py:840} INFO - DAG(s) 'example_nested_branch_dag' retrieved from /home/airflow/.local/lib/python3.8/site-packages/airflow/example_dags/example_nested_branch_dag.py
[2024-04-29T05:42:38.750+0000] {logging_mixin.py:188} INFO - [2024-04-29T05:42:38.750+0000] {dag.py:3047} INFO - Sync 1 DAGs
[2024-04-29T05:42:38.802+0000] {logging_mixin.py:188} INFO - [2024-04-29T05:42:38.802+0000] {dag.py:3834} INFO - Setting next_dagrun for example_nested_branch_dag to 2024-04-28 00:00:00+00:00, run_after=2024-04-29 00:00:00+00:00
[2024-04-29T05:42:38.841+0000] {processor.py:183} INFO - Processing /home/airflow/.local/lib/python3.8/site-packages/airflow/example_dags/example_nested_branch_dag.py took 0.136 seconds
[2024-04-29T05:43:09.775+0000] {processor.py:161} INFO - Started process (PID=4660) to work on /home/airflow/.local/lib/python3.8/site-packages/airflow/example_dags/example_nested_branch_dag.py
[2024-04-29T05:43:09.776+0000] {processor.py:830} INFO - Processing file /home/airflow/.local/lib/python3.8/site-packages/airflow/example_dags/example_nested_branch_dag.py for tasks to queue
[2024-04-29T05:43:09.777+0000] {logging_mixin.py:188} INFO - [2024-04-29T05:43:09.776+0000] {dagbag.py:540} INFO - Filling up the DagBag from /home/airflow/.local/lib/python3.8/site-packages/airflow/example_dags/example_nested_branch_dag.py
[2024-04-29T05:43:09.806+0000] {processor.py:840} INFO - DAG(s) 'example_nested_branch_dag' retrieved from /home/airflow/.local/lib/python3.8/site-packages/airflow/example_dags/example_nested_branch_dag.py
[2024-04-29T05:43:09.859+0000] {logging_mixin.py:188} INFO - [2024-04-29T05:43:09.858+0000] {dag.py:3047} INFO - Sync 1 DAGs
[2024-04-29T05:43:09.888+0000] {logging_mixin.py:188} INFO - [2024-04-29T05:43:09.888+0000] {dag.py:3834} INFO - Setting next_dagrun for example_nested_branch_dag to 2024-04-28 00:00:00+00:00, run_after=2024-04-29 00:00:00+00:00
[2024-04-29T05:43:09.914+0000] {processor.py:183} INFO - Processing /home/airflow/.local/lib/python3.8/site-packages/airflow/example_dags/example_nested_branch_dag.py took 0.143 seconds
[2024-04-29T05:43:40.035+0000] {processor.py:161} INFO - Started process (PID=4912) to work on /home/airflow/.local/lib/python3.8/site-packages/airflow/example_dags/example_nested_branch_dag.py
[2024-04-29T05:43:40.036+0000] {processor.py:830} INFO - Processing file /home/airflow/.local/lib/python3.8/site-packages/airflow/example_dags/example_nested_branch_dag.py for tasks to queue
[2024-04-29T05:43:40.037+0000] {logging_mixin.py:188} INFO - [2024-04-29T05:43:40.036+0000] {dagbag.py:540} INFO - Filling up the DagBag from /home/airflow/.local/lib/python3.8/site-packages/airflow/example_dags/example_nested_branch_dag.py
[2024-04-29T05:43:40.050+0000] {processor.py:840} INFO - DAG(s) 'example_nested_branch_dag' retrieved from /home/airflow/.local/lib/python3.8/site-packages/airflow/example_dags/example_nested_branch_dag.py
[2024-04-29T05:43:40.074+0000] {logging_mixin.py:188} INFO - [2024-04-29T05:43:40.074+0000] {dag.py:3047} INFO - Sync 1 DAGs
[2024-04-29T05:43:40.100+0000] {logging_mixin.py:188} INFO - [2024-04-29T05:43:40.099+0000] {dag.py:3834} INFO - Setting next_dagrun for example_nested_branch_dag to 2024-04-28 00:00:00+00:00, run_after=2024-04-29 00:00:00+00:00
[2024-04-29T05:43:40.122+0000] {processor.py:183} INFO - Processing /home/airflow/.local/lib/python3.8/site-packages/airflow/example_dags/example_nested_branch_dag.py took 0.091 seconds
[2024-04-29T05:44:10.492+0000] {processor.py:161} INFO - Started process (PID=5165) to work on /home/airflow/.local/lib/python3.8/site-packages/airflow/example_dags/example_nested_branch_dag.py
[2024-04-29T05:44:10.493+0000] {processor.py:830} INFO - Processing file /home/airflow/.local/lib/python3.8/site-packages/airflow/example_dags/example_nested_branch_dag.py for tasks to queue
[2024-04-29T05:44:10.494+0000] {logging_mixin.py:188} INFO - [2024-04-29T05:44:10.494+0000] {dagbag.py:540} INFO - Filling up the DagBag from /home/airflow/.local/lib/python3.8/site-packages/airflow/example_dags/example_nested_branch_dag.py
[2024-04-29T05:44:10.506+0000] {processor.py:840} INFO - DAG(s) 'example_nested_branch_dag' retrieved from /home/airflow/.local/lib/python3.8/site-packages/airflow/example_dags/example_nested_branch_dag.py
[2024-04-29T05:44:10.533+0000] {logging_mixin.py:188} INFO - [2024-04-29T05:44:10.532+0000] {dag.py:3047} INFO - Sync 1 DAGs
[2024-04-29T05:44:10.593+0000] {logging_mixin.py:188} INFO - [2024-04-29T05:44:10.592+0000] {dag.py:3834} INFO - Setting next_dagrun for example_nested_branch_dag to 2024-04-28 00:00:00+00:00, run_after=2024-04-29 00:00:00+00:00
[2024-04-29T05:44:10.678+0000] {processor.py:183} INFO - Processing /home/airflow/.local/lib/python3.8/site-packages/airflow/example_dags/example_nested_branch_dag.py took 0.190 seconds
[2024-04-29T05:44:40.782+0000] {processor.py:161} INFO - Started process (PID=5417) to work on /home/airflow/.local/lib/python3.8/site-packages/airflow/example_dags/example_nested_branch_dag.py
[2024-04-29T05:44:40.783+0000] {processor.py:830} INFO - Processing file /home/airflow/.local/lib/python3.8/site-packages/airflow/example_dags/example_nested_branch_dag.py for tasks to queue
[2024-04-29T05:44:40.784+0000] {logging_mixin.py:188} INFO - [2024-04-29T05:44:40.784+0000] {dagbag.py:540} INFO - Filling up the DagBag from /home/airflow/.local/lib/python3.8/site-packages/airflow/example_dags/example_nested_branch_dag.py
[2024-04-29T05:44:40.796+0000] {processor.py:840} INFO - DAG(s) 'example_nested_branch_dag' retrieved from /home/airflow/.local/lib/python3.8/site-packages/airflow/example_dags/example_nested_branch_dag.py
[2024-04-29T05:44:40.824+0000] {logging_mixin.py:188} INFO - [2024-04-29T05:44:40.823+0000] {dag.py:3047} INFO - Sync 1 DAGs
[2024-04-29T05:44:40.849+0000] {logging_mixin.py:188} INFO - [2024-04-29T05:44:40.849+0000] {dag.py:3834} INFO - Setting next_dagrun for example_nested_branch_dag to 2024-04-28 00:00:00+00:00, run_after=2024-04-29 00:00:00+00:00
[2024-04-29T05:44:40.881+0000] {processor.py:183} INFO - Processing /home/airflow/.local/lib/python3.8/site-packages/airflow/example_dags/example_nested_branch_dag.py took 0.102 seconds
[2024-04-29T05:45:11.054+0000] {processor.py:161} INFO - Started process (PID=5670) to work on /home/airflow/.local/lib/python3.8/site-packages/airflow/example_dags/example_nested_branch_dag.py
[2024-04-29T05:45:11.055+0000] {processor.py:830} INFO - Processing file /home/airflow/.local/lib/python3.8/site-packages/airflow/example_dags/example_nested_branch_dag.py for tasks to queue
[2024-04-29T05:45:11.056+0000] {logging_mixin.py:188} INFO - [2024-04-29T05:45:11.056+0000] {dagbag.py:540} INFO - Filling up the DagBag from /home/airflow/.local/lib/python3.8/site-packages/airflow/example_dags/example_nested_branch_dag.py
[2024-04-29T05:45:11.068+0000] {processor.py:840} INFO - DAG(s) 'example_nested_branch_dag' retrieved from /home/airflow/.local/lib/python3.8/site-packages/airflow/example_dags/example_nested_branch_dag.py
[2024-04-29T05:45:11.095+0000] {logging_mixin.py:188} INFO - [2024-04-29T05:45:11.095+0000] {dag.py:3047} INFO - Sync 1 DAGs
[2024-04-29T05:45:11.125+0000] {logging_mixin.py:188} INFO - [2024-04-29T05:45:11.124+0000] {dag.py:3834} INFO - Setting next_dagrun for example_nested_branch_dag to 2024-04-28 00:00:00+00:00, run_after=2024-04-29 00:00:00+00:00
[2024-04-29T05:45:11.148+0000] {processor.py:183} INFO - Processing /home/airflow/.local/lib/python3.8/site-packages/airflow/example_dags/example_nested_branch_dag.py took 0.098 seconds
[2024-04-29T05:45:41.513+0000] {processor.py:161} INFO - Started process (PID=5922) to work on /home/airflow/.local/lib/python3.8/site-packages/airflow/example_dags/example_nested_branch_dag.py
[2024-04-29T05:45:41.514+0000] {processor.py:830} INFO - Processing file /home/airflow/.local/lib/python3.8/site-packages/airflow/example_dags/example_nested_branch_dag.py for tasks to queue
[2024-04-29T05:45:41.514+0000] {logging_mixin.py:188} INFO - [2024-04-29T05:45:41.514+0000] {dagbag.py:540} INFO - Filling up the DagBag from /home/airflow/.local/lib/python3.8/site-packages/airflow/example_dags/example_nested_branch_dag.py
[2024-04-29T05:45:41.526+0000] {processor.py:840} INFO - DAG(s) 'example_nested_branch_dag' retrieved from /home/airflow/.local/lib/python3.8/site-packages/airflow/example_dags/example_nested_branch_dag.py
[2024-04-29T05:45:41.553+0000] {logging_mixin.py:188} INFO - [2024-04-29T05:45:41.552+0000] {dag.py:3047} INFO - Sync 1 DAGs
[2024-04-29T05:45:41.580+0000] {logging_mixin.py:188} INFO - [2024-04-29T05:45:41.580+0000] {dag.py:3834} INFO - Setting next_dagrun for example_nested_branch_dag to 2024-04-28 00:00:00+00:00, run_after=2024-04-29 00:00:00+00:00
[2024-04-29T05:45:41.604+0000] {processor.py:183} INFO - Processing /home/airflow/.local/lib/python3.8/site-packages/airflow/example_dags/example_nested_branch_dag.py took 0.095 seconds
[2024-04-29T05:46:12.038+0000] {processor.py:161} INFO - Started process (PID=6175) to work on /home/airflow/.local/lib/python3.8/site-packages/airflow/example_dags/example_nested_branch_dag.py
[2024-04-29T05:46:12.039+0000] {processor.py:830} INFO - Processing file /home/airflow/.local/lib/python3.8/site-packages/airflow/example_dags/example_nested_branch_dag.py for tasks to queue
[2024-04-29T05:46:12.041+0000] {logging_mixin.py:188} INFO - [2024-04-29T05:46:12.040+0000] {dagbag.py:540} INFO - Filling up the DagBag from /home/airflow/.local/lib/python3.8/site-packages/airflow/example_dags/example_nested_branch_dag.py
[2024-04-29T05:46:12.057+0000] {processor.py:840} INFO - DAG(s) 'example_nested_branch_dag' retrieved from /home/airflow/.local/lib/python3.8/site-packages/airflow/example_dags/example_nested_branch_dag.py
[2024-04-29T05:46:12.082+0000] {logging_mixin.py:188} INFO - [2024-04-29T05:46:12.082+0000] {dag.py:3047} INFO - Sync 1 DAGs
[2024-04-29T05:46:12.106+0000] {logging_mixin.py:188} INFO - [2024-04-29T05:46:12.106+0000] {dag.py:3834} INFO - Setting next_dagrun for example_nested_branch_dag to 2024-04-28 00:00:00+00:00, run_after=2024-04-29 00:00:00+00:00
[2024-04-29T05:46:12.132+0000] {processor.py:183} INFO - Processing /home/airflow/.local/lib/python3.8/site-packages/airflow/example_dags/example_nested_branch_dag.py took 0.098 seconds
[2024-04-29T05:46:42.802+0000] {processor.py:161} INFO - Started process (PID=6427) to work on /home/airflow/.local/lib/python3.8/site-packages/airflow/example_dags/example_nested_branch_dag.py
[2024-04-29T05:46:42.803+0000] {processor.py:830} INFO - Processing file /home/airflow/.local/lib/python3.8/site-packages/airflow/example_dags/example_nested_branch_dag.py for tasks to queue
[2024-04-29T05:46:42.804+0000] {logging_mixin.py:188} INFO - [2024-04-29T05:46:42.804+0000] {dagbag.py:540} INFO - Filling up the DagBag from /home/airflow/.local/lib/python3.8/site-packages/airflow/example_dags/example_nested_branch_dag.py
[2024-04-29T05:46:42.816+0000] {processor.py:840} INFO - DAG(s) 'example_nested_branch_dag' retrieved from /home/airflow/.local/lib/python3.8/site-packages/airflow/example_dags/example_nested_branch_dag.py
[2024-04-29T05:46:42.842+0000] {logging_mixin.py:188} INFO - [2024-04-29T05:46:42.842+0000] {dag.py:3047} INFO - Sync 1 DAGs
[2024-04-29T05:46:42.871+0000] {logging_mixin.py:188} INFO - [2024-04-29T05:46:42.870+0000] {dag.py:3834} INFO - Setting next_dagrun for example_nested_branch_dag to 2024-04-28 00:00:00+00:00, run_after=2024-04-29 00:00:00+00:00
[2024-04-29T05:46:42.904+0000] {processor.py:183} INFO - Processing /home/airflow/.local/lib/python3.8/site-packages/airflow/example_dags/example_nested_branch_dag.py took 0.105 seconds
[2024-04-29T05:47:13.346+0000] {processor.py:161} INFO - Started process (PID=6679) to work on /home/airflow/.local/lib/python3.8/site-packages/airflow/example_dags/example_nested_branch_dag.py
[2024-04-29T05:47:13.347+0000] {processor.py:830} INFO - Processing file /home/airflow/.local/lib/python3.8/site-packages/airflow/example_dags/example_nested_branch_dag.py for tasks to queue
[2024-04-29T05:47:13.348+0000] {logging_mixin.py:188} INFO - [2024-04-29T05:47:13.348+0000] {dagbag.py:540} INFO - Filling up the DagBag from /home/airflow/.local/lib/python3.8/site-packages/airflow/example_dags/example_nested_branch_dag.py
[2024-04-29T05:47:13.361+0000] {processor.py:840} INFO - DAG(s) 'example_nested_branch_dag' retrieved from /home/airflow/.local/lib/python3.8/site-packages/airflow/example_dags/example_nested_branch_dag.py
[2024-04-29T05:47:13.388+0000] {logging_mixin.py:188} INFO - [2024-04-29T05:47:13.387+0000] {dag.py:3047} INFO - Sync 1 DAGs
[2024-04-29T05:47:13.415+0000] {logging_mixin.py:188} INFO - [2024-04-29T05:47:13.415+0000] {dag.py:3834} INFO - Setting next_dagrun for example_nested_branch_dag to 2024-04-28 00:00:00+00:00, run_after=2024-04-29 00:00:00+00:00
[2024-04-29T05:47:13.439+0000] {processor.py:183} INFO - Processing /home/airflow/.local/lib/python3.8/site-packages/airflow/example_dags/example_nested_branch_dag.py took 0.096 seconds
[2024-04-29T05:47:43.684+0000] {processor.py:161} INFO - Started process (PID=6932) to work on /home/airflow/.local/lib/python3.8/site-packages/airflow/example_dags/example_nested_branch_dag.py
[2024-04-29T05:47:43.686+0000] {processor.py:830} INFO - Processing file /home/airflow/.local/lib/python3.8/site-packages/airflow/example_dags/example_nested_branch_dag.py for tasks to queue
[2024-04-29T05:47:43.687+0000] {logging_mixin.py:188} INFO - [2024-04-29T05:47:43.686+0000] {dagbag.py:540} INFO - Filling up the DagBag from /home/airflow/.local/lib/python3.8/site-packages/airflow/example_dags/example_nested_branch_dag.py
[2024-04-29T05:47:43.699+0000] {processor.py:840} INFO - DAG(s) 'example_nested_branch_dag' retrieved from /home/airflow/.local/lib/python3.8/site-packages/airflow/example_dags/example_nested_branch_dag.py
[2024-04-29T05:47:43.744+0000] {logging_mixin.py:188} INFO - [2024-04-29T05:47:43.743+0000] {dag.py:3047} INFO - Sync 1 DAGs
[2024-04-29T05:47:43.772+0000] {logging_mixin.py:188} INFO - [2024-04-29T05:47:43.772+0000] {dag.py:3834} INFO - Setting next_dagrun for example_nested_branch_dag to 2024-04-28 00:00:00+00:00, run_after=2024-04-29 00:00:00+00:00
[2024-04-29T05:47:43.800+0000] {processor.py:183} INFO - Processing /home/airflow/.local/lib/python3.8/site-packages/airflow/example_dags/example_nested_branch_dag.py took 0.119 seconds
[2024-04-29T05:48:14.058+0000] {processor.py:161} INFO - Started process (PID=7178) to work on /home/airflow/.local/lib/python3.8/site-packages/airflow/example_dags/example_nested_branch_dag.py
[2024-04-29T05:48:14.059+0000] {processor.py:830} INFO - Processing file /home/airflow/.local/lib/python3.8/site-packages/airflow/example_dags/example_nested_branch_dag.py for tasks to queue
[2024-04-29T05:48:14.060+0000] {logging_mixin.py:188} INFO - [2024-04-29T05:48:14.059+0000] {dagbag.py:540} INFO - Filling up the DagBag from /home/airflow/.local/lib/python3.8/site-packages/airflow/example_dags/example_nested_branch_dag.py
[2024-04-29T05:48:14.071+0000] {processor.py:840} INFO - DAG(s) 'example_nested_branch_dag' retrieved from /home/airflow/.local/lib/python3.8/site-packages/airflow/example_dags/example_nested_branch_dag.py
[2024-04-29T05:48:14.099+0000] {logging_mixin.py:188} INFO - [2024-04-29T05:48:14.098+0000] {dag.py:3047} INFO - Sync 1 DAGs
[2024-04-29T05:48:14.159+0000] {logging_mixin.py:188} INFO - [2024-04-29T05:48:14.159+0000] {dag.py:3834} INFO - Setting next_dagrun for example_nested_branch_dag to 2024-04-28 00:00:00+00:00, run_after=2024-04-29 00:00:00+00:00
[2024-04-29T05:48:14.194+0000] {processor.py:183} INFO - Processing /home/airflow/.local/lib/python3.8/site-packages/airflow/example_dags/example_nested_branch_dag.py took 0.140 seconds
[2024-04-29T05:48:44.322+0000] {processor.py:161} INFO - Started process (PID=7430) to work on /home/airflow/.local/lib/python3.8/site-packages/airflow/example_dags/example_nested_branch_dag.py
[2024-04-29T05:48:44.323+0000] {processor.py:830} INFO - Processing file /home/airflow/.local/lib/python3.8/site-packages/airflow/example_dags/example_nested_branch_dag.py for tasks to queue
[2024-04-29T05:48:44.324+0000] {logging_mixin.py:188} INFO - [2024-04-29T05:48:44.324+0000] {dagbag.py:540} INFO - Filling up the DagBag from /home/airflow/.local/lib/python3.8/site-packages/airflow/example_dags/example_nested_branch_dag.py
[2024-04-29T05:48:44.336+0000] {processor.py:840} INFO - DAG(s) 'example_nested_branch_dag' retrieved from /home/airflow/.local/lib/python3.8/site-packages/airflow/example_dags/example_nested_branch_dag.py
[2024-04-29T05:48:44.364+0000] {logging_mixin.py:188} INFO - [2024-04-29T05:48:44.363+0000] {dag.py:3047} INFO - Sync 1 DAGs
[2024-04-29T05:48:44.391+0000] {logging_mixin.py:188} INFO - [2024-04-29T05:48:44.391+0000] {dag.py:3834} INFO - Setting next_dagrun for example_nested_branch_dag to 2024-04-28 00:00:00+00:00, run_after=2024-04-29 00:00:00+00:00
[2024-04-29T05:48:44.413+0000] {processor.py:183} INFO - Processing /home/airflow/.local/lib/python3.8/site-packages/airflow/example_dags/example_nested_branch_dag.py took 0.094 seconds
[2024-04-29T05:49:14.772+0000] {processor.py:161} INFO - Started process (PID=7682) to work on /home/airflow/.local/lib/python3.8/site-packages/airflow/example_dags/example_nested_branch_dag.py
[2024-04-29T05:49:14.773+0000] {processor.py:830} INFO - Processing file /home/airflow/.local/lib/python3.8/site-packages/airflow/example_dags/example_nested_branch_dag.py for tasks to queue
[2024-04-29T05:49:14.775+0000] {logging_mixin.py:188} INFO - [2024-04-29T05:49:14.774+0000] {dagbag.py:540} INFO - Filling up the DagBag from /home/airflow/.local/lib/python3.8/site-packages/airflow/example_dags/example_nested_branch_dag.py
[2024-04-29T05:49:14.787+0000] {processor.py:840} INFO - DAG(s) 'example_nested_branch_dag' retrieved from /home/airflow/.local/lib/python3.8/site-packages/airflow/example_dags/example_nested_branch_dag.py
[2024-04-29T05:49:14.813+0000] {logging_mixin.py:188} INFO - [2024-04-29T05:49:14.813+0000] {dag.py:3047} INFO - Sync 1 DAGs
[2024-04-29T05:49:14.842+0000] {logging_mixin.py:188} INFO - [2024-04-29T05:49:14.842+0000] {dag.py:3834} INFO - Setting next_dagrun for example_nested_branch_dag to 2024-04-28 00:00:00+00:00, run_after=2024-04-29 00:00:00+00:00
[2024-04-29T05:49:14.885+0000] {processor.py:183} INFO - Processing /home/airflow/.local/lib/python3.8/site-packages/airflow/example_dags/example_nested_branch_dag.py took 0.116 seconds
[2024-04-29T05:49:45.163+0000] {processor.py:161} INFO - Started process (PID=7935) to work on /home/airflow/.local/lib/python3.8/site-packages/airflow/example_dags/example_nested_branch_dag.py
[2024-04-29T05:49:45.164+0000] {processor.py:830} INFO - Processing file /home/airflow/.local/lib/python3.8/site-packages/airflow/example_dags/example_nested_branch_dag.py for tasks to queue
[2024-04-29T05:49:45.166+0000] {logging_mixin.py:188} INFO - [2024-04-29T05:49:45.165+0000] {dagbag.py:540} INFO - Filling up the DagBag from /home/airflow/.local/lib/python3.8/site-packages/airflow/example_dags/example_nested_branch_dag.py
[2024-04-29T05:49:45.177+0000] {processor.py:840} INFO - DAG(s) 'example_nested_branch_dag' retrieved from /home/airflow/.local/lib/python3.8/site-packages/airflow/example_dags/example_nested_branch_dag.py
[2024-04-29T05:49:45.205+0000] {logging_mixin.py:188} INFO - [2024-04-29T05:49:45.204+0000] {dag.py:3047} INFO - Sync 1 DAGs
[2024-04-29T05:49:45.232+0000] {logging_mixin.py:188} INFO - [2024-04-29T05:49:45.232+0000] {dag.py:3834} INFO - Setting next_dagrun for example_nested_branch_dag to 2024-04-28 00:00:00+00:00, run_after=2024-04-29 00:00:00+00:00
[2024-04-29T05:49:45.261+0000] {processor.py:183} INFO - Processing /home/airflow/.local/lib/python3.8/site-packages/airflow/example_dags/example_nested_branch_dag.py took 0.101 seconds
