[2024-04-29T05:31:56.989+0000] {processor.py:161} INFO - Started process (PID=316) to work on /home/airflow/.local/lib/python3.8/site-packages/airflow/example_dags/example_short_circuit_operator.py
[2024-04-29T05:31:57.003+0000] {processor.py:830} INFO - Processing file /home/airflow/.local/lib/python3.8/site-packages/airflow/example_dags/example_short_circuit_operator.py for tasks to queue
[2024-04-29T05:31:57.004+0000] {logging_mixin.py:188} INFO - [2024-04-29T05:31:57.004+0000] {dagbag.py:540} INFO - Filling up the DagBag from /home/airflow/.local/lib/python3.8/site-packages/airflow/example_dags/example_short_circuit_operator.py
[2024-04-29T05:31:57.070+0000] {processor.py:840} INFO - DAG(s) 'example_short_circuit_operator' retrieved from /home/airflow/.local/lib/python3.8/site-packages/airflow/example_dags/example_short_circuit_operator.py
[2024-04-29T05:31:57.363+0000] {logging_mixin.py:188} INFO - [2024-04-29T05:31:57.362+0000] {override.py:1769} INFO - Created Permission View: can read on DAG:example_short_circuit_operator
[2024-04-29T05:31:57.386+0000] {logging_mixin.py:188} INFO - [2024-04-29T05:31:57.385+0000] {override.py:1769} INFO - Created Permission View: can edit on DAG:example_short_circuit_operator
[2024-04-29T05:31:57.397+0000] {logging_mixin.py:188} INFO - [2024-04-29T05:31:57.397+0000] {override.py:1769} INFO - Created Permission View: can delete on DAG:example_short_circuit_operator
[2024-04-29T05:31:57.398+0000] {logging_mixin.py:188} INFO - [2024-04-29T05:31:57.398+0000] {dag.py:3047} INFO - Sync 1 DAGs
[2024-04-29T05:31:57.421+0000] {logging_mixin.py:188} INFO - [2024-04-29T05:31:57.420+0000] {dag.py:3069} INFO - Creating ORM DAG for example_short_circuit_operator
[2024-04-29T05:31:57.435+0000] {logging_mixin.py:188} INFO - [2024-04-29T05:31:57.435+0000] {dag.py:3834} INFO - Setting next_dagrun for example_short_circuit_operator to 2024-04-28 00:00:00+00:00, run_after=2024-04-29 00:00:00+00:00
[2024-04-29T05:31:57.473+0000] {processor.py:183} INFO - Processing /home/airflow/.local/lib/python3.8/site-packages/airflow/example_dags/example_short_circuit_operator.py took 0.498 seconds
[2024-04-29T05:32:28.166+0000] {processor.py:161} INFO - Started process (PID=568) to work on /home/airflow/.local/lib/python3.8/site-packages/airflow/example_dags/example_short_circuit_operator.py
[2024-04-29T05:32:28.168+0000] {processor.py:830} INFO - Processing file /home/airflow/.local/lib/python3.8/site-packages/airflow/example_dags/example_short_circuit_operator.py for tasks to queue
[2024-04-29T05:32:28.169+0000] {logging_mixin.py:188} INFO - [2024-04-29T05:32:28.169+0000] {dagbag.py:540} INFO - Filling up the DagBag from /home/airflow/.local/lib/python3.8/site-packages/airflow/example_dags/example_short_circuit_operator.py
[2024-04-29T05:32:28.179+0000] {processor.py:840} INFO - DAG(s) 'example_short_circuit_operator' retrieved from /home/airflow/.local/lib/python3.8/site-packages/airflow/example_dags/example_short_circuit_operator.py
[2024-04-29T05:32:28.207+0000] {logging_mixin.py:188} INFO - [2024-04-29T05:32:28.207+0000] {dag.py:3047} INFO - Sync 1 DAGs
[2024-04-29T05:32:28.237+0000] {logging_mixin.py:188} INFO - [2024-04-29T05:32:28.236+0000] {dag.py:3834} INFO - Setting next_dagrun for example_short_circuit_operator to 2024-04-28 00:00:00+00:00, run_after=2024-04-29 00:00:00+00:00
[2024-04-29T05:32:28.260+0000] {processor.py:183} INFO - Processing /home/airflow/.local/lib/python3.8/site-packages/airflow/example_dags/example_short_circuit_operator.py took 0.098 seconds
[2024-04-29T05:32:58.765+0000] {processor.py:161} INFO - Started process (PID=817) to work on /home/airflow/.local/lib/python3.8/site-packages/airflow/example_dags/example_short_circuit_operator.py
[2024-04-29T05:32:58.767+0000] {processor.py:830} INFO - Processing file /home/airflow/.local/lib/python3.8/site-packages/airflow/example_dags/example_short_circuit_operator.py for tasks to queue
[2024-04-29T05:32:58.768+0000] {logging_mixin.py:188} INFO - [2024-04-29T05:32:58.768+0000] {dagbag.py:540} INFO - Filling up the DagBag from /home/airflow/.local/lib/python3.8/site-packages/airflow/example_dags/example_short_circuit_operator.py
[2024-04-29T05:32:58.782+0000] {processor.py:840} INFO - DAG(s) 'example_short_circuit_operator' retrieved from /home/airflow/.local/lib/python3.8/site-packages/airflow/example_dags/example_short_circuit_operator.py
[2024-04-29T05:32:58.838+0000] {logging_mixin.py:188} INFO - [2024-04-29T05:32:58.838+0000] {dag.py:3047} INFO - Sync 1 DAGs
[2024-04-29T05:32:58.875+0000] {logging_mixin.py:188} INFO - [2024-04-29T05:32:58.875+0000] {dag.py:3834} INFO - Setting next_dagrun for example_short_circuit_operator to 2024-04-28 00:00:00+00:00, run_after=2024-04-29 00:00:00+00:00
[2024-04-29T05:32:58.905+0000] {processor.py:183} INFO - Processing /home/airflow/.local/lib/python3.8/site-packages/airflow/example_dags/example_short_circuit_operator.py took 0.143 seconds
[2024-04-29T05:34:27.764+0000] {processor.py:161} INFO - Started process (PID=315) to work on /home/airflow/.local/lib/python3.8/site-packages/airflow/example_dags/example_short_circuit_operator.py
[2024-04-29T05:34:27.766+0000] {processor.py:830} INFO - Processing file /home/airflow/.local/lib/python3.8/site-packages/airflow/example_dags/example_short_circuit_operator.py for tasks to queue
[2024-04-29T05:34:27.774+0000] {logging_mixin.py:188} INFO - [2024-04-29T05:34:27.774+0000] {dagbag.py:540} INFO - Filling up the DagBag from /home/airflow/.local/lib/python3.8/site-packages/airflow/example_dags/example_short_circuit_operator.py
[2024-04-29T05:34:27.795+0000] {processor.py:840} INFO - DAG(s) 'example_short_circuit_operator' retrieved from /home/airflow/.local/lib/python3.8/site-packages/airflow/example_dags/example_short_circuit_operator.py
[2024-04-29T05:34:27.819+0000] {logging_mixin.py:188} INFO - [2024-04-29T05:34:27.818+0000] {dag.py:3047} INFO - Sync 1 DAGs
[2024-04-29T05:34:27.868+0000] {logging_mixin.py:188} INFO - [2024-04-29T05:34:27.867+0000] {dag.py:3834} INFO - Setting next_dagrun for example_short_circuit_operator to 2024-04-28 00:00:00+00:00, run_after=2024-04-29 00:00:00+00:00
[2024-04-29T05:34:27.917+0000] {processor.py:183} INFO - Processing /home/airflow/.local/lib/python3.8/site-packages/airflow/example_dags/example_short_circuit_operator.py took 0.157 seconds
[2024-04-29T05:34:59.637+0000] {processor.py:161} INFO - Started process (PID=567) to work on /home/airflow/.local/lib/python3.8/site-packages/airflow/example_dags/example_short_circuit_operator.py
[2024-04-29T05:34:59.638+0000] {processor.py:830} INFO - Processing file /home/airflow/.local/lib/python3.8/site-packages/airflow/example_dags/example_short_circuit_operator.py for tasks to queue
[2024-04-29T05:34:59.639+0000] {logging_mixin.py:188} INFO - [2024-04-29T05:34:59.639+0000] {dagbag.py:540} INFO - Filling up the DagBag from /home/airflow/.local/lib/python3.8/site-packages/airflow/example_dags/example_short_circuit_operator.py
[2024-04-29T05:34:59.648+0000] {processor.py:840} INFO - DAG(s) 'example_short_circuit_operator' retrieved from /home/airflow/.local/lib/python3.8/site-packages/airflow/example_dags/example_short_circuit_operator.py
[2024-04-29T05:34:59.841+0000] {logging_mixin.py:188} INFO - [2024-04-29T05:34:59.840+0000] {dag.py:3047} INFO - Sync 1 DAGs
[2024-04-29T05:34:59.882+0000] {logging_mixin.py:188} INFO - [2024-04-29T05:34:59.881+0000] {dag.py:3834} INFO - Setting next_dagrun for example_short_circuit_operator to 2024-04-28 00:00:00+00:00, run_after=2024-04-29 00:00:00+00:00
[2024-04-29T05:34:59.935+0000] {processor.py:183} INFO - Processing /home/airflow/.local/lib/python3.8/site-packages/airflow/example_dags/example_short_circuit_operator.py took 0.300 seconds
[2024-04-29T05:35:30.332+0000] {processor.py:161} INFO - Started process (PID=819) to work on /home/airflow/.local/lib/python3.8/site-packages/airflow/example_dags/example_short_circuit_operator.py
[2024-04-29T05:35:30.333+0000] {processor.py:830} INFO - Processing file /home/airflow/.local/lib/python3.8/site-packages/airflow/example_dags/example_short_circuit_operator.py for tasks to queue
[2024-04-29T05:35:30.333+0000] {logging_mixin.py:188} INFO - [2024-04-29T05:35:30.333+0000] {dagbag.py:540} INFO - Filling up the DagBag from /home/airflow/.local/lib/python3.8/site-packages/airflow/example_dags/example_short_circuit_operator.py
[2024-04-29T05:35:30.343+0000] {processor.py:840} INFO - DAG(s) 'example_short_circuit_operator' retrieved from /home/airflow/.local/lib/python3.8/site-packages/airflow/example_dags/example_short_circuit_operator.py
[2024-04-29T05:35:30.371+0000] {logging_mixin.py:188} INFO - [2024-04-29T05:35:30.371+0000] {dag.py:3047} INFO - Sync 1 DAGs
[2024-04-29T05:35:30.395+0000] {logging_mixin.py:188} INFO - [2024-04-29T05:35:30.394+0000] {dag.py:3834} INFO - Setting next_dagrun for example_short_circuit_operator to 2024-04-28 00:00:00+00:00, run_after=2024-04-29 00:00:00+00:00
[2024-04-29T05:35:30.419+0000] {processor.py:183} INFO - Processing /home/airflow/.local/lib/python3.8/site-packages/airflow/example_dags/example_short_circuit_operator.py took 0.091 seconds
[2024-04-29T05:36:00.494+0000] {processor.py:161} INFO - Started process (PID=1065) to work on /home/airflow/.local/lib/python3.8/site-packages/airflow/example_dags/example_short_circuit_operator.py
[2024-04-29T05:36:00.495+0000] {processor.py:830} INFO - Processing file /home/airflow/.local/lib/python3.8/site-packages/airflow/example_dags/example_short_circuit_operator.py for tasks to queue
[2024-04-29T05:36:00.496+0000] {logging_mixin.py:188} INFO - [2024-04-29T05:36:00.495+0000] {dagbag.py:540} INFO - Filling up the DagBag from /home/airflow/.local/lib/python3.8/site-packages/airflow/example_dags/example_short_circuit_operator.py
[2024-04-29T05:36:00.505+0000] {processor.py:840} INFO - DAG(s) 'example_short_circuit_operator' retrieved from /home/airflow/.local/lib/python3.8/site-packages/airflow/example_dags/example_short_circuit_operator.py
[2024-04-29T05:36:00.530+0000] {logging_mixin.py:188} INFO - [2024-04-29T05:36:00.530+0000] {dag.py:3047} INFO - Sync 1 DAGs
[2024-04-29T05:36:00.555+0000] {logging_mixin.py:188} INFO - [2024-04-29T05:36:00.555+0000] {dag.py:3834} INFO - Setting next_dagrun for example_short_circuit_operator to 2024-04-28 00:00:00+00:00, run_after=2024-04-29 00:00:00+00:00
[2024-04-29T05:36:00.576+0000] {processor.py:183} INFO - Processing /home/airflow/.local/lib/python3.8/site-packages/airflow/example_dags/example_short_circuit_operator.py took 0.085 seconds
[2024-04-29T05:36:31.030+0000] {processor.py:161} INFO - Started process (PID=1318) to work on /home/airflow/.local/lib/python3.8/site-packages/airflow/example_dags/example_short_circuit_operator.py
[2024-04-29T05:36:31.031+0000] {processor.py:830} INFO - Processing file /home/airflow/.local/lib/python3.8/site-packages/airflow/example_dags/example_short_circuit_operator.py for tasks to queue
[2024-04-29T05:36:31.031+0000] {logging_mixin.py:188} INFO - [2024-04-29T05:36:31.031+0000] {dagbag.py:540} INFO - Filling up the DagBag from /home/airflow/.local/lib/python3.8/site-packages/airflow/example_dags/example_short_circuit_operator.py
[2024-04-29T05:36:31.041+0000] {processor.py:840} INFO - DAG(s) 'example_short_circuit_operator' retrieved from /home/airflow/.local/lib/python3.8/site-packages/airflow/example_dags/example_short_circuit_operator.py
[2024-04-29T05:36:31.067+0000] {logging_mixin.py:188} INFO - [2024-04-29T05:36:31.067+0000] {dag.py:3047} INFO - Sync 1 DAGs
[2024-04-29T05:36:31.092+0000] {logging_mixin.py:188} INFO - [2024-04-29T05:36:31.092+0000] {dag.py:3834} INFO - Setting next_dagrun for example_short_circuit_operator to 2024-04-28 00:00:00+00:00, run_after=2024-04-29 00:00:00+00:00
[2024-04-29T05:36:31.114+0000] {processor.py:183} INFO - Processing /home/airflow/.local/lib/python3.8/site-packages/airflow/example_dags/example_short_circuit_operator.py took 0.088 seconds
[2024-04-29T05:37:01.511+0000] {processor.py:161} INFO - Started process (PID=1571) to work on /home/airflow/.local/lib/python3.8/site-packages/airflow/example_dags/example_short_circuit_operator.py
[2024-04-29T05:37:01.512+0000] {processor.py:830} INFO - Processing file /home/airflow/.local/lib/python3.8/site-packages/airflow/example_dags/example_short_circuit_operator.py for tasks to queue
[2024-04-29T05:37:01.513+0000] {logging_mixin.py:188} INFO - [2024-04-29T05:37:01.512+0000] {dagbag.py:540} INFO - Filling up the DagBag from /home/airflow/.local/lib/python3.8/site-packages/airflow/example_dags/example_short_circuit_operator.py
[2024-04-29T05:37:01.522+0000] {processor.py:840} INFO - DAG(s) 'example_short_circuit_operator' retrieved from /home/airflow/.local/lib/python3.8/site-packages/airflow/example_dags/example_short_circuit_operator.py
[2024-04-29T05:37:01.548+0000] {logging_mixin.py:188} INFO - [2024-04-29T05:37:01.548+0000] {dag.py:3047} INFO - Sync 1 DAGs
[2024-04-29T05:37:01.572+0000] {logging_mixin.py:188} INFO - [2024-04-29T05:37:01.572+0000] {dag.py:3834} INFO - Setting next_dagrun for example_short_circuit_operator to 2024-04-28 00:00:00+00:00, run_after=2024-04-29 00:00:00+00:00
[2024-04-29T05:37:01.594+0000] {processor.py:183} INFO - Processing /home/airflow/.local/lib/python3.8/site-packages/airflow/example_dags/example_short_circuit_operator.py took 0.087 seconds
[2024-04-29T05:37:31.910+0000] {processor.py:161} INFO - Started process (PID=1823) to work on /home/airflow/.local/lib/python3.8/site-packages/airflow/example_dags/example_short_circuit_operator.py
[2024-04-29T05:37:31.919+0000] {processor.py:830} INFO - Processing file /home/airflow/.local/lib/python3.8/site-packages/airflow/example_dags/example_short_circuit_operator.py for tasks to queue
[2024-04-29T05:37:31.920+0000] {logging_mixin.py:188} INFO - [2024-04-29T05:37:31.919+0000] {dagbag.py:540} INFO - Filling up the DagBag from /home/airflow/.local/lib/python3.8/site-packages/airflow/example_dags/example_short_circuit_operator.py
[2024-04-29T05:37:31.970+0000] {processor.py:840} INFO - DAG(s) 'example_short_circuit_operator' retrieved from /home/airflow/.local/lib/python3.8/site-packages/airflow/example_dags/example_short_circuit_operator.py
[2024-04-29T05:37:32.030+0000] {logging_mixin.py:188} INFO - [2024-04-29T05:37:32.029+0000] {dag.py:3047} INFO - Sync 1 DAGs
[2024-04-29T05:37:32.055+0000] {logging_mixin.py:188} INFO - [2024-04-29T05:37:32.054+0000] {dag.py:3834} INFO - Setting next_dagrun for example_short_circuit_operator to 2024-04-28 00:00:00+00:00, run_after=2024-04-29 00:00:00+00:00
[2024-04-29T05:37:32.073+0000] {processor.py:183} INFO - Processing /home/airflow/.local/lib/python3.8/site-packages/airflow/example_dags/example_short_circuit_operator.py took 0.167 seconds
[2024-04-29T05:38:17.104+0000] {processor.py:161} INFO - Started process (PID=2189) to work on /home/airflow/.local/lib/python3.8/site-packages/airflow/example_dags/example_short_circuit_operator.py
[2024-04-29T05:38:17.130+0000] {processor.py:830} INFO - Processing file /home/airflow/.local/lib/python3.8/site-packages/airflow/example_dags/example_short_circuit_operator.py for tasks to queue
[2024-04-29T05:38:17.139+0000] {logging_mixin.py:188} INFO - [2024-04-29T05:38:17.138+0000] {dagbag.py:540} INFO - Filling up the DagBag from /home/airflow/.local/lib/python3.8/site-packages/airflow/example_dags/example_short_circuit_operator.py
[2024-04-29T05:38:17.258+0000] {processor.py:840} INFO - DAG(s) 'example_short_circuit_operator' retrieved from /home/airflow/.local/lib/python3.8/site-packages/airflow/example_dags/example_short_circuit_operator.py
[2024-04-29T05:38:17.490+0000] {logging_mixin.py:188} INFO - [2024-04-29T05:38:17.490+0000] {dag.py:3047} INFO - Sync 1 DAGs
[2024-04-29T05:38:17.663+0000] {logging_mixin.py:188} INFO - [2024-04-29T05:38:17.663+0000] {dag.py:3834} INFO - Setting next_dagrun for example_short_circuit_operator to 2024-04-28 00:00:00+00:00, run_after=2024-04-29 00:00:00+00:00
[2024-04-29T05:38:17.816+0000] {processor.py:183} INFO - Processing /home/airflow/.local/lib/python3.8/site-packages/airflow/example_dags/example_short_circuit_operator.py took 0.744 seconds
[2024-04-29T05:38:48.156+0000] {processor.py:161} INFO - Started process (PID=2488) to work on /home/airflow/.local/lib/python3.8/site-packages/airflow/example_dags/example_short_circuit_operator.py
[2024-04-29T05:38:48.157+0000] {processor.py:830} INFO - Processing file /home/airflow/.local/lib/python3.8/site-packages/airflow/example_dags/example_short_circuit_operator.py for tasks to queue
[2024-04-29T05:38:48.158+0000] {logging_mixin.py:188} INFO - [2024-04-29T05:38:48.158+0000] {dagbag.py:540} INFO - Filling up the DagBag from /home/airflow/.local/lib/python3.8/site-packages/airflow/example_dags/example_short_circuit_operator.py
[2024-04-29T05:38:48.168+0000] {processor.py:840} INFO - DAG(s) 'example_short_circuit_operator' retrieved from /home/airflow/.local/lib/python3.8/site-packages/airflow/example_dags/example_short_circuit_operator.py
[2024-04-29T05:38:48.195+0000] {logging_mixin.py:188} INFO - [2024-04-29T05:38:48.194+0000] {dag.py:3047} INFO - Sync 1 DAGs
[2024-04-29T05:38:48.233+0000] {logging_mixin.py:188} INFO - [2024-04-29T05:38:48.233+0000] {dag.py:3834} INFO - Setting next_dagrun for example_short_circuit_operator to 2024-04-28 00:00:00+00:00, run_after=2024-04-29 00:00:00+00:00
[2024-04-29T05:38:48.278+0000] {processor.py:183} INFO - Processing /home/airflow/.local/lib/python3.8/site-packages/airflow/example_dags/example_short_circuit_operator.py took 0.125 seconds
[2024-04-29T05:39:18.381+0000] {processor.py:161} INFO - Started process (PID=2741) to work on /home/airflow/.local/lib/python3.8/site-packages/airflow/example_dags/example_short_circuit_operator.py
[2024-04-29T05:39:18.382+0000] {processor.py:830} INFO - Processing file /home/airflow/.local/lib/python3.8/site-packages/airflow/example_dags/example_short_circuit_operator.py for tasks to queue
[2024-04-29T05:39:18.383+0000] {logging_mixin.py:188} INFO - [2024-04-29T05:39:18.383+0000] {dagbag.py:540} INFO - Filling up the DagBag from /home/airflow/.local/lib/python3.8/site-packages/airflow/example_dags/example_short_circuit_operator.py
[2024-04-29T05:39:18.394+0000] {processor.py:840} INFO - DAG(s) 'example_short_circuit_operator' retrieved from /home/airflow/.local/lib/python3.8/site-packages/airflow/example_dags/example_short_circuit_operator.py
[2024-04-29T05:39:18.420+0000] {logging_mixin.py:188} INFO - [2024-04-29T05:39:18.419+0000] {dag.py:3047} INFO - Sync 1 DAGs
[2024-04-29T05:39:18.446+0000] {logging_mixin.py:188} INFO - [2024-04-29T05:39:18.446+0000] {dag.py:3834} INFO - Setting next_dagrun for example_short_circuit_operator to 2024-04-28 00:00:00+00:00, run_after=2024-04-29 00:00:00+00:00
[2024-04-29T05:39:18.473+0000] {processor.py:183} INFO - Processing /home/airflow/.local/lib/python3.8/site-packages/airflow/example_dags/example_short_circuit_operator.py took 0.094 seconds
[2024-04-29T05:39:48.673+0000] {processor.py:161} INFO - Started process (PID=2995) to work on /home/airflow/.local/lib/python3.8/site-packages/airflow/example_dags/example_short_circuit_operator.py
[2024-04-29T05:39:48.676+0000] {processor.py:830} INFO - Processing file /home/airflow/.local/lib/python3.8/site-packages/airflow/example_dags/example_short_circuit_operator.py for tasks to queue
[2024-04-29T05:39:48.677+0000] {logging_mixin.py:188} INFO - [2024-04-29T05:39:48.677+0000] {dagbag.py:540} INFO - Filling up the DagBag from /home/airflow/.local/lib/python3.8/site-packages/airflow/example_dags/example_short_circuit_operator.py
[2024-04-29T05:39:48.687+0000] {processor.py:840} INFO - DAG(s) 'example_short_circuit_operator' retrieved from /home/airflow/.local/lib/python3.8/site-packages/airflow/example_dags/example_short_circuit_operator.py
[2024-04-29T05:39:48.715+0000] {logging_mixin.py:188} INFO - [2024-04-29T05:39:48.715+0000] {dag.py:3047} INFO - Sync 1 DAGs
[2024-04-29T05:39:48.740+0000] {logging_mixin.py:188} INFO - [2024-04-29T05:39:48.740+0000] {dag.py:3834} INFO - Setting next_dagrun for example_short_circuit_operator to 2024-04-28 00:00:00+00:00, run_after=2024-04-29 00:00:00+00:00
[2024-04-29T05:39:48.763+0000] {processor.py:183} INFO - Processing /home/airflow/.local/lib/python3.8/site-packages/airflow/example_dags/example_short_circuit_operator.py took 0.093 seconds
[2024-04-29T05:40:18.873+0000] {processor.py:161} INFO - Started process (PID=3248) to work on /home/airflow/.local/lib/python3.8/site-packages/airflow/example_dags/example_short_circuit_operator.py
[2024-04-29T05:40:18.873+0000] {processor.py:830} INFO - Processing file /home/airflow/.local/lib/python3.8/site-packages/airflow/example_dags/example_short_circuit_operator.py for tasks to queue
[2024-04-29T05:40:18.874+0000] {logging_mixin.py:188} INFO - [2024-04-29T05:40:18.874+0000] {dagbag.py:540} INFO - Filling up the DagBag from /home/airflow/.local/lib/python3.8/site-packages/airflow/example_dags/example_short_circuit_operator.py
[2024-04-29T05:40:18.884+0000] {processor.py:840} INFO - DAG(s) 'example_short_circuit_operator' retrieved from /home/airflow/.local/lib/python3.8/site-packages/airflow/example_dags/example_short_circuit_operator.py
[2024-04-29T05:40:18.912+0000] {logging_mixin.py:188} INFO - [2024-04-29T05:40:18.911+0000] {dag.py:3047} INFO - Sync 1 DAGs
[2024-04-29T05:40:18.939+0000] {logging_mixin.py:188} INFO - [2024-04-29T05:40:18.939+0000] {dag.py:3834} INFO - Setting next_dagrun for example_short_circuit_operator to 2024-04-28 00:00:00+00:00, run_after=2024-04-29 00:00:00+00:00
[2024-04-29T05:40:18.962+0000] {processor.py:183} INFO - Processing /home/airflow/.local/lib/python3.8/site-packages/airflow/example_dags/example_short_circuit_operator.py took 0.092 seconds
[2024-04-29T05:40:49.391+0000] {processor.py:161} INFO - Started process (PID=3512) to work on /home/airflow/.local/lib/python3.8/site-packages/airflow/example_dags/example_short_circuit_operator.py
[2024-04-29T05:40:49.391+0000] {processor.py:830} INFO - Processing file /home/airflow/.local/lib/python3.8/site-packages/airflow/example_dags/example_short_circuit_operator.py for tasks to queue
[2024-04-29T05:40:49.392+0000] {logging_mixin.py:188} INFO - [2024-04-29T05:40:49.392+0000] {dagbag.py:540} INFO - Filling up the DagBag from /home/airflow/.local/lib/python3.8/site-packages/airflow/example_dags/example_short_circuit_operator.py
[2024-04-29T05:40:49.398+0000] {processor.py:840} INFO - DAG(s) 'example_short_circuit_operator' retrieved from /home/airflow/.local/lib/python3.8/site-packages/airflow/example_dags/example_short_circuit_operator.py
[2024-04-29T05:40:49.418+0000] {logging_mixin.py:188} INFO - [2024-04-29T05:40:49.417+0000] {dag.py:3047} INFO - Sync 1 DAGs
[2024-04-29T05:40:49.435+0000] {logging_mixin.py:188} INFO - [2024-04-29T05:40:49.435+0000] {dag.py:3834} INFO - Setting next_dagrun for example_short_circuit_operator to 2024-04-28 00:00:00+00:00, run_after=2024-04-29 00:00:00+00:00
[2024-04-29T05:40:49.458+0000] {processor.py:183} INFO - Processing /home/airflow/.local/lib/python3.8/site-packages/airflow/example_dags/example_short_circuit_operator.py took 0.070 seconds
[2024-04-29T05:41:20.069+0000] {processor.py:161} INFO - Started process (PID=3770) to work on /home/airflow/.local/lib/python3.8/site-packages/airflow/example_dags/example_short_circuit_operator.py
[2024-04-29T05:41:20.070+0000] {processor.py:830} INFO - Processing file /home/airflow/.local/lib/python3.8/site-packages/airflow/example_dags/example_short_circuit_operator.py for tasks to queue
[2024-04-29T05:41:20.072+0000] {logging_mixin.py:188} INFO - [2024-04-29T05:41:20.071+0000] {dagbag.py:540} INFO - Filling up the DagBag from /home/airflow/.local/lib/python3.8/site-packages/airflow/example_dags/example_short_circuit_operator.py
[2024-04-29T05:41:20.084+0000] {processor.py:840} INFO - DAG(s) 'example_short_circuit_operator' retrieved from /home/airflow/.local/lib/python3.8/site-packages/airflow/example_dags/example_short_circuit_operator.py
[2024-04-29T05:41:20.105+0000] {logging_mixin.py:188} INFO - [2024-04-29T05:41:20.105+0000] {dag.py:3047} INFO - Sync 1 DAGs
[2024-04-29T05:41:20.124+0000] {logging_mixin.py:188} INFO - [2024-04-29T05:41:20.124+0000] {dag.py:3834} INFO - Setting next_dagrun for example_short_circuit_operator to 2024-04-28 00:00:00+00:00, run_after=2024-04-29 00:00:00+00:00
[2024-04-29T05:41:20.143+0000] {processor.py:183} INFO - Processing /home/airflow/.local/lib/python3.8/site-packages/airflow/example_dags/example_short_circuit_operator.py took 0.087 seconds
[2024-04-29T05:41:50.584+0000] {processor.py:161} INFO - Started process (PID=4022) to work on /home/airflow/.local/lib/python3.8/site-packages/airflow/example_dags/example_short_circuit_operator.py
[2024-04-29T05:41:50.589+0000] {processor.py:830} INFO - Processing file /home/airflow/.local/lib/python3.8/site-packages/airflow/example_dags/example_short_circuit_operator.py for tasks to queue
[2024-04-29T05:41:50.602+0000] {logging_mixin.py:188} INFO - [2024-04-29T05:41:50.599+0000] {dagbag.py:540} INFO - Filling up the DagBag from /home/airflow/.local/lib/python3.8/site-packages/airflow/example_dags/example_short_circuit_operator.py
[2024-04-29T05:41:50.621+0000] {processor.py:840} INFO - DAG(s) 'example_short_circuit_operator' retrieved from /home/airflow/.local/lib/python3.8/site-packages/airflow/example_dags/example_short_circuit_operator.py
[2024-04-29T05:41:50.689+0000] {logging_mixin.py:188} INFO - [2024-04-29T05:41:50.688+0000] {dag.py:3047} INFO - Sync 1 DAGs
[2024-04-29T05:41:50.724+0000] {logging_mixin.py:188} INFO - [2024-04-29T05:41:50.724+0000] {dag.py:3834} INFO - Setting next_dagrun for example_short_circuit_operator to 2024-04-28 00:00:00+00:00, run_after=2024-04-29 00:00:00+00:00
[2024-04-29T05:41:50.767+0000] {processor.py:183} INFO - Processing /home/airflow/.local/lib/python3.8/site-packages/airflow/example_dags/example_short_circuit_operator.py took 0.192 seconds
[2024-04-29T05:42:20.879+0000] {processor.py:161} INFO - Started process (PID=4274) to work on /home/airflow/.local/lib/python3.8/site-packages/airflow/example_dags/example_short_circuit_operator.py
[2024-04-29T05:42:20.880+0000] {processor.py:830} INFO - Processing file /home/airflow/.local/lib/python3.8/site-packages/airflow/example_dags/example_short_circuit_operator.py for tasks to queue
[2024-04-29T05:42:20.881+0000] {logging_mixin.py:188} INFO - [2024-04-29T05:42:20.880+0000] {dagbag.py:540} INFO - Filling up the DagBag from /home/airflow/.local/lib/python3.8/site-packages/airflow/example_dags/example_short_circuit_operator.py
[2024-04-29T05:42:20.887+0000] {processor.py:840} INFO - DAG(s) 'example_short_circuit_operator' retrieved from /home/airflow/.local/lib/python3.8/site-packages/airflow/example_dags/example_short_circuit_operator.py
[2024-04-29T05:42:20.907+0000] {logging_mixin.py:188} INFO - [2024-04-29T05:42:20.906+0000] {dag.py:3047} INFO - Sync 1 DAGs
[2024-04-29T05:42:20.925+0000] {logging_mixin.py:188} INFO - [2024-04-29T05:42:20.925+0000] {dag.py:3834} INFO - Setting next_dagrun for example_short_circuit_operator to 2024-04-28 00:00:00+00:00, run_after=2024-04-29 00:00:00+00:00
[2024-04-29T05:42:20.944+0000] {processor.py:183} INFO - Processing /home/airflow/.local/lib/python3.8/site-packages/airflow/example_dags/example_short_circuit_operator.py took 0.068 seconds
[2024-04-29T05:42:51.060+0000] {processor.py:161} INFO - Started process (PID=4527) to work on /home/airflow/.local/lib/python3.8/site-packages/airflow/example_dags/example_short_circuit_operator.py
[2024-04-29T05:42:51.061+0000] {processor.py:830} INFO - Processing file /home/airflow/.local/lib/python3.8/site-packages/airflow/example_dags/example_short_circuit_operator.py for tasks to queue
[2024-04-29T05:42:51.062+0000] {logging_mixin.py:188} INFO - [2024-04-29T05:42:51.061+0000] {dagbag.py:540} INFO - Filling up the DagBag from /home/airflow/.local/lib/python3.8/site-packages/airflow/example_dags/example_short_circuit_operator.py
[2024-04-29T05:42:51.068+0000] {processor.py:840} INFO - DAG(s) 'example_short_circuit_operator' retrieved from /home/airflow/.local/lib/python3.8/site-packages/airflow/example_dags/example_short_circuit_operator.py
[2024-04-29T05:42:51.087+0000] {logging_mixin.py:188} INFO - [2024-04-29T05:42:51.087+0000] {dag.py:3047} INFO - Sync 1 DAGs
[2024-04-29T05:42:51.105+0000] {logging_mixin.py:188} INFO - [2024-04-29T05:42:51.105+0000] {dag.py:3834} INFO - Setting next_dagrun for example_short_circuit_operator to 2024-04-28 00:00:00+00:00, run_after=2024-04-29 00:00:00+00:00
[2024-04-29T05:42:51.124+0000] {processor.py:183} INFO - Processing /home/airflow/.local/lib/python3.8/site-packages/airflow/example_dags/example_short_circuit_operator.py took 0.066 seconds
[2024-04-29T05:43:21.259+0000] {processor.py:161} INFO - Started process (PID=4778) to work on /home/airflow/.local/lib/python3.8/site-packages/airflow/example_dags/example_short_circuit_operator.py
[2024-04-29T05:43:21.260+0000] {processor.py:830} INFO - Processing file /home/airflow/.local/lib/python3.8/site-packages/airflow/example_dags/example_short_circuit_operator.py for tasks to queue
[2024-04-29T05:43:21.262+0000] {logging_mixin.py:188} INFO - [2024-04-29T05:43:21.261+0000] {dagbag.py:540} INFO - Filling up the DagBag from /home/airflow/.local/lib/python3.8/site-packages/airflow/example_dags/example_short_circuit_operator.py
[2024-04-29T05:43:21.270+0000] {processor.py:840} INFO - DAG(s) 'example_short_circuit_operator' retrieved from /home/airflow/.local/lib/python3.8/site-packages/airflow/example_dags/example_short_circuit_operator.py
[2024-04-29T05:43:21.289+0000] {logging_mixin.py:188} INFO - [2024-04-29T05:43:21.288+0000] {dag.py:3047} INFO - Sync 1 DAGs
[2024-04-29T05:43:21.315+0000] {logging_mixin.py:188} INFO - [2024-04-29T05:43:21.314+0000] {dag.py:3834} INFO - Setting next_dagrun for example_short_circuit_operator to 2024-04-28 00:00:00+00:00, run_after=2024-04-29 00:00:00+00:00
[2024-04-29T05:43:21.334+0000] {processor.py:183} INFO - Processing /home/airflow/.local/lib/python3.8/site-packages/airflow/example_dags/example_short_circuit_operator.py took 0.079 seconds
[2024-04-29T05:43:51.657+0000] {processor.py:161} INFO - Started process (PID=5032) to work on /home/airflow/.local/lib/python3.8/site-packages/airflow/example_dags/example_short_circuit_operator.py
[2024-04-29T05:43:51.658+0000] {processor.py:830} INFO - Processing file /home/airflow/.local/lib/python3.8/site-packages/airflow/example_dags/example_short_circuit_operator.py for tasks to queue
[2024-04-29T05:43:51.659+0000] {logging_mixin.py:188} INFO - [2024-04-29T05:43:51.659+0000] {dagbag.py:540} INFO - Filling up the DagBag from /home/airflow/.local/lib/python3.8/site-packages/airflow/example_dags/example_short_circuit_operator.py
[2024-04-29T05:43:51.666+0000] {processor.py:840} INFO - DAG(s) 'example_short_circuit_operator' retrieved from /home/airflow/.local/lib/python3.8/site-packages/airflow/example_dags/example_short_circuit_operator.py
[2024-04-29T05:43:51.685+0000] {logging_mixin.py:188} INFO - [2024-04-29T05:43:51.684+0000] {dag.py:3047} INFO - Sync 1 DAGs
[2024-04-29T05:43:51.702+0000] {logging_mixin.py:188} INFO - [2024-04-29T05:43:51.702+0000] {dag.py:3834} INFO - Setting next_dagrun for example_short_circuit_operator to 2024-04-28 00:00:00+00:00, run_after=2024-04-29 00:00:00+00:00
[2024-04-29T05:43:51.720+0000] {processor.py:183} INFO - Processing /home/airflow/.local/lib/python3.8/site-packages/airflow/example_dags/example_short_circuit_operator.py took 0.067 seconds
[2024-04-29T05:44:22.125+0000] {processor.py:161} INFO - Started process (PID=5285) to work on /home/airflow/.local/lib/python3.8/site-packages/airflow/example_dags/example_short_circuit_operator.py
[2024-04-29T05:44:22.126+0000] {processor.py:830} INFO - Processing file /home/airflow/.local/lib/python3.8/site-packages/airflow/example_dags/example_short_circuit_operator.py for tasks to queue
[2024-04-29T05:44:22.126+0000] {logging_mixin.py:188} INFO - [2024-04-29T05:44:22.126+0000] {dagbag.py:540} INFO - Filling up the DagBag from /home/airflow/.local/lib/python3.8/site-packages/airflow/example_dags/example_short_circuit_operator.py
[2024-04-29T05:44:22.133+0000] {processor.py:840} INFO - DAG(s) 'example_short_circuit_operator' retrieved from /home/airflow/.local/lib/python3.8/site-packages/airflow/example_dags/example_short_circuit_operator.py
[2024-04-29T05:44:22.165+0000] {logging_mixin.py:188} INFO - [2024-04-29T05:44:22.164+0000] {dag.py:3047} INFO - Sync 1 DAGs
[2024-04-29T05:44:22.195+0000] {logging_mixin.py:188} INFO - [2024-04-29T05:44:22.195+0000] {dag.py:3834} INFO - Setting next_dagrun for example_short_circuit_operator to 2024-04-28 00:00:00+00:00, run_after=2024-04-29 00:00:00+00:00
[2024-04-29T05:44:22.220+0000] {processor.py:183} INFO - Processing /home/airflow/.local/lib/python3.8/site-packages/airflow/example_dags/example_short_circuit_operator.py took 0.098 seconds
[2024-04-29T05:44:52.334+0000] {processor.py:161} INFO - Started process (PID=5537) to work on /home/airflow/.local/lib/python3.8/site-packages/airflow/example_dags/example_short_circuit_operator.py
[2024-04-29T05:44:52.334+0000] {processor.py:830} INFO - Processing file /home/airflow/.local/lib/python3.8/site-packages/airflow/example_dags/example_short_circuit_operator.py for tasks to queue
[2024-04-29T05:44:52.335+0000] {logging_mixin.py:188} INFO - [2024-04-29T05:44:52.335+0000] {dagbag.py:540} INFO - Filling up the DagBag from /home/airflow/.local/lib/python3.8/site-packages/airflow/example_dags/example_short_circuit_operator.py
[2024-04-29T05:44:52.342+0000] {processor.py:840} INFO - DAG(s) 'example_short_circuit_operator' retrieved from /home/airflow/.local/lib/python3.8/site-packages/airflow/example_dags/example_short_circuit_operator.py
[2024-04-29T05:44:52.373+0000] {logging_mixin.py:188} INFO - [2024-04-29T05:44:52.373+0000] {dag.py:3047} INFO - Sync 1 DAGs
[2024-04-29T05:44:52.390+0000] {logging_mixin.py:188} INFO - [2024-04-29T05:44:52.390+0000] {dag.py:3834} INFO - Setting next_dagrun for example_short_circuit_operator to 2024-04-28 00:00:00+00:00, run_after=2024-04-29 00:00:00+00:00
[2024-04-29T05:44:52.409+0000] {processor.py:183} INFO - Processing /home/airflow/.local/lib/python3.8/site-packages/airflow/example_dags/example_short_circuit_operator.py took 0.078 seconds
[2024-04-29T05:45:22.525+0000] {processor.py:161} INFO - Started process (PID=5790) to work on /home/airflow/.local/lib/python3.8/site-packages/airflow/example_dags/example_short_circuit_operator.py
[2024-04-29T05:45:22.526+0000] {processor.py:830} INFO - Processing file /home/airflow/.local/lib/python3.8/site-packages/airflow/example_dags/example_short_circuit_operator.py for tasks to queue
[2024-04-29T05:45:22.526+0000] {logging_mixin.py:188} INFO - [2024-04-29T05:45:22.526+0000] {dagbag.py:540} INFO - Filling up the DagBag from /home/airflow/.local/lib/python3.8/site-packages/airflow/example_dags/example_short_circuit_operator.py
[2024-04-29T05:45:22.533+0000] {processor.py:840} INFO - DAG(s) 'example_short_circuit_operator' retrieved from /home/airflow/.local/lib/python3.8/site-packages/airflow/example_dags/example_short_circuit_operator.py
[2024-04-29T05:45:22.552+0000] {logging_mixin.py:188} INFO - [2024-04-29T05:45:22.552+0000] {dag.py:3047} INFO - Sync 1 DAGs
[2024-04-29T05:45:22.570+0000] {logging_mixin.py:188} INFO - [2024-04-29T05:45:22.570+0000] {dag.py:3834} INFO - Setting next_dagrun for example_short_circuit_operator to 2024-04-28 00:00:00+00:00, run_after=2024-04-29 00:00:00+00:00
[2024-04-29T05:45:22.590+0000] {processor.py:183} INFO - Processing /home/airflow/.local/lib/python3.8/site-packages/airflow/example_dags/example_short_circuit_operator.py took 0.068 seconds
[2024-04-29T05:45:53.081+0000] {processor.py:161} INFO - Started process (PID=6042) to work on /home/airflow/.local/lib/python3.8/site-packages/airflow/example_dags/example_short_circuit_operator.py
[2024-04-29T05:45:53.082+0000] {processor.py:830} INFO - Processing file /home/airflow/.local/lib/python3.8/site-packages/airflow/example_dags/example_short_circuit_operator.py for tasks to queue
[2024-04-29T05:45:53.083+0000] {logging_mixin.py:188} INFO - [2024-04-29T05:45:53.083+0000] {dagbag.py:540} INFO - Filling up the DagBag from /home/airflow/.local/lib/python3.8/site-packages/airflow/example_dags/example_short_circuit_operator.py
[2024-04-29T05:45:53.090+0000] {processor.py:840} INFO - DAG(s) 'example_short_circuit_operator' retrieved from /home/airflow/.local/lib/python3.8/site-packages/airflow/example_dags/example_short_circuit_operator.py
[2024-04-29T05:45:53.108+0000] {logging_mixin.py:188} INFO - [2024-04-29T05:45:53.108+0000] {dag.py:3047} INFO - Sync 1 DAGs
[2024-04-29T05:45:53.125+0000] {logging_mixin.py:188} INFO - [2024-04-29T05:45:53.125+0000] {dag.py:3834} INFO - Setting next_dagrun for example_short_circuit_operator to 2024-04-28 00:00:00+00:00, run_after=2024-04-29 00:00:00+00:00
[2024-04-29T05:45:53.144+0000] {processor.py:183} INFO - Processing /home/airflow/.local/lib/python3.8/site-packages/airflow/example_dags/example_short_circuit_operator.py took 0.066 seconds
[2024-04-29T05:46:23.607+0000] {processor.py:161} INFO - Started process (PID=6295) to work on /home/airflow/.local/lib/python3.8/site-packages/airflow/example_dags/example_short_circuit_operator.py
[2024-04-29T05:46:23.608+0000] {processor.py:830} INFO - Processing file /home/airflow/.local/lib/python3.8/site-packages/airflow/example_dags/example_short_circuit_operator.py for tasks to queue
[2024-04-29T05:46:23.609+0000] {logging_mixin.py:188} INFO - [2024-04-29T05:46:23.609+0000] {dagbag.py:540} INFO - Filling up the DagBag from /home/airflow/.local/lib/python3.8/site-packages/airflow/example_dags/example_short_circuit_operator.py
[2024-04-29T05:46:23.616+0000] {processor.py:840} INFO - DAG(s) 'example_short_circuit_operator' retrieved from /home/airflow/.local/lib/python3.8/site-packages/airflow/example_dags/example_short_circuit_operator.py
[2024-04-29T05:46:23.635+0000] {logging_mixin.py:188} INFO - [2024-04-29T05:46:23.635+0000] {dag.py:3047} INFO - Sync 1 DAGs
[2024-04-29T05:46:23.652+0000] {logging_mixin.py:188} INFO - [2024-04-29T05:46:23.652+0000] {dag.py:3834} INFO - Setting next_dagrun for example_short_circuit_operator to 2024-04-28 00:00:00+00:00, run_after=2024-04-29 00:00:00+00:00
[2024-04-29T05:46:23.672+0000] {processor.py:183} INFO - Processing /home/airflow/.local/lib/python3.8/site-packages/airflow/example_dags/example_short_circuit_operator.py took 0.070 seconds
[2024-04-29T05:46:54.280+0000] {processor.py:161} INFO - Started process (PID=6547) to work on /home/airflow/.local/lib/python3.8/site-packages/airflow/example_dags/example_short_circuit_operator.py
[2024-04-29T05:46:54.281+0000] {processor.py:830} INFO - Processing file /home/airflow/.local/lib/python3.8/site-packages/airflow/example_dags/example_short_circuit_operator.py for tasks to queue
[2024-04-29T05:46:54.282+0000] {logging_mixin.py:188} INFO - [2024-04-29T05:46:54.281+0000] {dagbag.py:540} INFO - Filling up the DagBag from /home/airflow/.local/lib/python3.8/site-packages/airflow/example_dags/example_short_circuit_operator.py
[2024-04-29T05:46:54.288+0000] {processor.py:840} INFO - DAG(s) 'example_short_circuit_operator' retrieved from /home/airflow/.local/lib/python3.8/site-packages/airflow/example_dags/example_short_circuit_operator.py
[2024-04-29T05:46:54.318+0000] {logging_mixin.py:188} INFO - [2024-04-29T05:46:54.317+0000] {dag.py:3047} INFO - Sync 1 DAGs
[2024-04-29T05:46:54.343+0000] {logging_mixin.py:188} INFO - [2024-04-29T05:46:54.343+0000] {dag.py:3834} INFO - Setting next_dagrun for example_short_circuit_operator to 2024-04-28 00:00:00+00:00, run_after=2024-04-29 00:00:00+00:00
[2024-04-29T05:46:54.367+0000] {processor.py:183} INFO - Processing /home/airflow/.local/lib/python3.8/site-packages/airflow/example_dags/example_short_circuit_operator.py took 0.090 seconds
[2024-04-29T05:47:24.928+0000] {processor.py:161} INFO - Started process (PID=6797) to work on /home/airflow/.local/lib/python3.8/site-packages/airflow/example_dags/example_short_circuit_operator.py
[2024-04-29T05:47:24.928+0000] {processor.py:830} INFO - Processing file /home/airflow/.local/lib/python3.8/site-packages/airflow/example_dags/example_short_circuit_operator.py for tasks to queue
[2024-04-29T05:47:24.929+0000] {logging_mixin.py:188} INFO - [2024-04-29T05:47:24.929+0000] {dagbag.py:540} INFO - Filling up the DagBag from /home/airflow/.local/lib/python3.8/site-packages/airflow/example_dags/example_short_circuit_operator.py
[2024-04-29T05:47:24.939+0000] {processor.py:840} INFO - DAG(s) 'example_short_circuit_operator' retrieved from /home/airflow/.local/lib/python3.8/site-packages/airflow/example_dags/example_short_circuit_operator.py
[2024-04-29T05:47:24.987+0000] {logging_mixin.py:188} INFO - [2024-04-29T05:47:24.987+0000] {dag.py:3047} INFO - Sync 1 DAGs
[2024-04-29T05:47:25.014+0000] {logging_mixin.py:188} INFO - [2024-04-29T05:47:25.013+0000] {dag.py:3834} INFO - Setting next_dagrun for example_short_circuit_operator to 2024-04-28 00:00:00+00:00, run_after=2024-04-29 00:00:00+00:00
[2024-04-29T05:47:25.040+0000] {processor.py:183} INFO - Processing /home/airflow/.local/lib/python3.8/site-packages/airflow/example_dags/example_short_circuit_operator.py took 0.115 seconds
[2024-04-29T05:47:55.453+0000] {processor.py:161} INFO - Started process (PID=7052) to work on /home/airflow/.local/lib/python3.8/site-packages/airflow/example_dags/example_short_circuit_operator.py
[2024-04-29T05:47:55.453+0000] {processor.py:830} INFO - Processing file /home/airflow/.local/lib/python3.8/site-packages/airflow/example_dags/example_short_circuit_operator.py for tasks to queue
[2024-04-29T05:47:55.454+0000] {logging_mixin.py:188} INFO - [2024-04-29T05:47:55.454+0000] {dagbag.py:540} INFO - Filling up the DagBag from /home/airflow/.local/lib/python3.8/site-packages/airflow/example_dags/example_short_circuit_operator.py
[2024-04-29T05:47:55.460+0000] {processor.py:840} INFO - DAG(s) 'example_short_circuit_operator' retrieved from /home/airflow/.local/lib/python3.8/site-packages/airflow/example_dags/example_short_circuit_operator.py
[2024-04-29T05:47:55.478+0000] {logging_mixin.py:188} INFO - [2024-04-29T05:47:55.478+0000] {dag.py:3047} INFO - Sync 1 DAGs
[2024-04-29T05:47:55.497+0000] {logging_mixin.py:188} INFO - [2024-04-29T05:47:55.496+0000] {dag.py:3834} INFO - Setting next_dagrun for example_short_circuit_operator to 2024-04-28 00:00:00+00:00, run_after=2024-04-29 00:00:00+00:00
[2024-04-29T05:47:55.515+0000] {processor.py:183} INFO - Processing /home/airflow/.local/lib/python3.8/site-packages/airflow/example_dags/example_short_circuit_operator.py took 0.066 seconds
[2024-04-29T05:48:25.682+0000] {processor.py:161} INFO - Started process (PID=7302) to work on /home/airflow/.local/lib/python3.8/site-packages/airflow/example_dags/example_short_circuit_operator.py
[2024-04-29T05:48:25.683+0000] {processor.py:830} INFO - Processing file /home/airflow/.local/lib/python3.8/site-packages/airflow/example_dags/example_short_circuit_operator.py for tasks to queue
[2024-04-29T05:48:25.684+0000] {logging_mixin.py:188} INFO - [2024-04-29T05:48:25.684+0000] {dagbag.py:540} INFO - Filling up the DagBag from /home/airflow/.local/lib/python3.8/site-packages/airflow/example_dags/example_short_circuit_operator.py
[2024-04-29T05:48:25.692+0000] {processor.py:840} INFO - DAG(s) 'example_short_circuit_operator' retrieved from /home/airflow/.local/lib/python3.8/site-packages/airflow/example_dags/example_short_circuit_operator.py
[2024-04-29T05:48:25.709+0000] {logging_mixin.py:188} INFO - [2024-04-29T05:48:25.709+0000] {dag.py:3047} INFO - Sync 1 DAGs
[2024-04-29T05:48:25.727+0000] {logging_mixin.py:188} INFO - [2024-04-29T05:48:25.727+0000] {dag.py:3834} INFO - Setting next_dagrun for example_short_circuit_operator to 2024-04-28 00:00:00+00:00, run_after=2024-04-29 00:00:00+00:00
[2024-04-29T05:48:25.746+0000] {processor.py:183} INFO - Processing /home/airflow/.local/lib/python3.8/site-packages/airflow/example_dags/example_short_circuit_operator.py took 0.067 seconds
[2024-04-29T05:48:56.157+0000] {processor.py:161} INFO - Started process (PID=7556) to work on /home/airflow/.local/lib/python3.8/site-packages/airflow/example_dags/example_short_circuit_operator.py
[2024-04-29T05:48:56.158+0000] {processor.py:830} INFO - Processing file /home/airflow/.local/lib/python3.8/site-packages/airflow/example_dags/example_short_circuit_operator.py for tasks to queue
[2024-04-29T05:48:56.159+0000] {logging_mixin.py:188} INFO - [2024-04-29T05:48:56.159+0000] {dagbag.py:540} INFO - Filling up the DagBag from /home/airflow/.local/lib/python3.8/site-packages/airflow/example_dags/example_short_circuit_operator.py
[2024-04-29T05:48:56.165+0000] {processor.py:840} INFO - DAG(s) 'example_short_circuit_operator' retrieved from /home/airflow/.local/lib/python3.8/site-packages/airflow/example_dags/example_short_circuit_operator.py
[2024-04-29T05:48:56.195+0000] {logging_mixin.py:188} INFO - [2024-04-29T05:48:56.195+0000] {dag.py:3047} INFO - Sync 1 DAGs
[2024-04-29T05:48:56.214+0000] {logging_mixin.py:188} INFO - [2024-04-29T05:48:56.214+0000] {dag.py:3834} INFO - Setting next_dagrun for example_short_circuit_operator to 2024-04-28 00:00:00+00:00, run_after=2024-04-29 00:00:00+00:00
[2024-04-29T05:48:56.233+0000] {processor.py:183} INFO - Processing /home/airflow/.local/lib/python3.8/site-packages/airflow/example_dags/example_short_circuit_operator.py took 0.078 seconds
[2024-04-29T05:49:26.406+0000] {processor.py:161} INFO - Started process (PID=7808) to work on /home/airflow/.local/lib/python3.8/site-packages/airflow/example_dags/example_short_circuit_operator.py
[2024-04-29T05:49:26.407+0000] {processor.py:830} INFO - Processing file /home/airflow/.local/lib/python3.8/site-packages/airflow/example_dags/example_short_circuit_operator.py for tasks to queue
[2024-04-29T05:49:26.408+0000] {logging_mixin.py:188} INFO - [2024-04-29T05:49:26.407+0000] {dagbag.py:540} INFO - Filling up the DagBag from /home/airflow/.local/lib/python3.8/site-packages/airflow/example_dags/example_short_circuit_operator.py
[2024-04-29T05:49:26.414+0000] {processor.py:840} INFO - DAG(s) 'example_short_circuit_operator' retrieved from /home/airflow/.local/lib/python3.8/site-packages/airflow/example_dags/example_short_circuit_operator.py
[2024-04-29T05:49:26.433+0000] {logging_mixin.py:188} INFO - [2024-04-29T05:49:26.433+0000] {dag.py:3047} INFO - Sync 1 DAGs
[2024-04-29T05:49:26.450+0000] {logging_mixin.py:188} INFO - [2024-04-29T05:49:26.450+0000] {dag.py:3834} INFO - Setting next_dagrun for example_short_circuit_operator to 2024-04-28 00:00:00+00:00, run_after=2024-04-29 00:00:00+00:00
[2024-04-29T05:49:26.470+0000] {processor.py:183} INFO - Processing /home/airflow/.local/lib/python3.8/site-packages/airflow/example_dags/example_short_circuit_operator.py took 0.066 seconds
[2024-04-29T05:49:56.622+0000] {processor.py:161} INFO - Started process (PID=8061) to work on /home/airflow/.local/lib/python3.8/site-packages/airflow/example_dags/example_short_circuit_operator.py
[2024-04-29T05:49:56.623+0000] {processor.py:830} INFO - Processing file /home/airflow/.local/lib/python3.8/site-packages/airflow/example_dags/example_short_circuit_operator.py for tasks to queue
[2024-04-29T05:49:56.624+0000] {logging_mixin.py:188} INFO - [2024-04-29T05:49:56.623+0000] {dagbag.py:540} INFO - Filling up the DagBag from /home/airflow/.local/lib/python3.8/site-packages/airflow/example_dags/example_short_circuit_operator.py
[2024-04-29T05:49:56.630+0000] {processor.py:840} INFO - DAG(s) 'example_short_circuit_operator' retrieved from /home/airflow/.local/lib/python3.8/site-packages/airflow/example_dags/example_short_circuit_operator.py
[2024-04-29T05:49:56.649+0000] {logging_mixin.py:188} INFO - [2024-04-29T05:49:56.649+0000] {dag.py:3047} INFO - Sync 1 DAGs
[2024-04-29T05:49:56.667+0000] {logging_mixin.py:188} INFO - [2024-04-29T05:49:56.666+0000] {dag.py:3834} INFO - Setting next_dagrun for example_short_circuit_operator to 2024-04-28 00:00:00+00:00, run_after=2024-04-29 00:00:00+00:00
[2024-04-29T05:49:56.686+0000] {processor.py:183} INFO - Processing /home/airflow/.local/lib/python3.8/site-packages/airflow/example_dags/example_short_circuit_operator.py took 0.067 seconds
