[2024-04-29T05:31:48.717+0000] {processor.py:161} INFO - Started process (PID=171) to work on /home/airflow/.local/lib/python3.8/site-packages/airflow/example_dags/example_sla_dag.py
[2024-04-29T05:31:48.718+0000] {processor.py:830} INFO - Processing file /home/airflow/.local/lib/python3.8/site-packages/airflow/example_dags/example_sla_dag.py for tasks to queue
[2024-04-29T05:31:48.720+0000] {logging_mixin.py:188} INFO - [2024-04-29T05:31:48.720+0000] {dagbag.py:540} INFO - Filling up the DagBag from /home/airflow/.local/lib/python3.8/site-packages/airflow/example_dags/example_sla_dag.py
[2024-04-29T05:31:48.737+0000] {processor.py:840} INFO - DAG(s) 'example_sla_dag' retrieved from /home/airflow/.local/lib/python3.8/site-packages/airflow/example_dags/example_sla_dag.py
[2024-04-29T05:31:48.940+0000] {logging_mixin.py:188} INFO - [2024-04-29T05:31:48.940+0000] {override.py:1769} INFO - Created Permission View: can read on DAG:example_sla_dag
[2024-04-29T05:31:48.970+0000] {logging_mixin.py:188} INFO - [2024-04-29T05:31:48.969+0000] {override.py:1769} INFO - Created Permission View: can edit on DAG:example_sla_dag
[2024-04-29T05:31:48.986+0000] {logging_mixin.py:188} INFO - [2024-04-29T05:31:48.986+0000] {override.py:1769} INFO - Created Permission View: can delete on DAG:example_sla_dag
[2024-04-29T05:31:48.987+0000] {logging_mixin.py:188} INFO - [2024-04-29T05:31:48.987+0000] {dag.py:3047} INFO - Sync 1 DAGs
[2024-04-29T05:31:49.002+0000] {logging_mixin.py:188} INFO - [2024-04-29T05:31:49.001+0000] {dag.py:3069} INFO - Creating ORM DAG for example_sla_dag
[2024-04-29T05:31:49.023+0000] {logging_mixin.py:188} INFO - [2024-04-29T05:31:49.023+0000] {dag.py:3834} INFO - Setting next_dagrun for example_sla_dag to 2024-04-29 05:28:00+00:00, run_after=2024-04-29 05:30:00+00:00
[2024-04-29T05:31:49.054+0000] {processor.py:183} INFO - Processing /home/airflow/.local/lib/python3.8/site-packages/airflow/example_dags/example_sla_dag.py took 0.340 seconds
[2024-04-29T05:32:19.465+0000] {processor.py:161} INFO - Started process (PID=424) to work on /home/airflow/.local/lib/python3.8/site-packages/airflow/example_dags/example_sla_dag.py
[2024-04-29T05:32:19.467+0000] {processor.py:830} INFO - Processing file /home/airflow/.local/lib/python3.8/site-packages/airflow/example_dags/example_sla_dag.py for tasks to queue
[2024-04-29T05:32:19.468+0000] {logging_mixin.py:188} INFO - [2024-04-29T05:32:19.468+0000] {dagbag.py:540} INFO - Filling up the DagBag from /home/airflow/.local/lib/python3.8/site-packages/airflow/example_dags/example_sla_dag.py
[2024-04-29T05:32:19.496+0000] {processor.py:840} INFO - DAG(s) 'example_sla_dag' retrieved from /home/airflow/.local/lib/python3.8/site-packages/airflow/example_dags/example_sla_dag.py
[2024-04-29T05:32:19.527+0000] {logging_mixin.py:188} INFO - [2024-04-29T05:32:19.527+0000] {dag.py:3047} INFO - Sync 1 DAGs
[2024-04-29T05:32:19.559+0000] {logging_mixin.py:188} INFO - [2024-04-29T05:32:19.559+0000] {dag.py:3834} INFO - Setting next_dagrun for example_sla_dag to 2024-04-29 05:30:00+00:00, run_after=2024-04-29 05:32:00+00:00
[2024-04-29T05:32:19.586+0000] {processor.py:183} INFO - Processing /home/airflow/.local/lib/python3.8/site-packages/airflow/example_dags/example_sla_dag.py took 0.126 seconds
[2024-04-29T05:32:49.773+0000] {processor.py:161} INFO - Started process (PID=674) to work on /home/airflow/.local/lib/python3.8/site-packages/airflow/example_dags/example_sla_dag.py
[2024-04-29T05:32:49.773+0000] {processor.py:830} INFO - Processing file /home/airflow/.local/lib/python3.8/site-packages/airflow/example_dags/example_sla_dag.py for tasks to queue
[2024-04-29T05:32:49.774+0000] {logging_mixin.py:188} INFO - [2024-04-29T05:32:49.774+0000] {dagbag.py:540} INFO - Filling up the DagBag from /home/airflow/.local/lib/python3.8/site-packages/airflow/example_dags/example_sla_dag.py
[2024-04-29T05:32:49.790+0000] {processor.py:840} INFO - DAG(s) 'example_sla_dag' retrieved from /home/airflow/.local/lib/python3.8/site-packages/airflow/example_dags/example_sla_dag.py
[2024-04-29T05:32:49.815+0000] {logging_mixin.py:188} INFO - [2024-04-29T05:32:49.815+0000] {dag.py:3047} INFO - Sync 1 DAGs
[2024-04-29T05:32:49.845+0000] {logging_mixin.py:188} INFO - [2024-04-29T05:32:49.845+0000] {dag.py:3834} INFO - Setting next_dagrun for example_sla_dag to 2024-04-29 05:30:00+00:00, run_after=2024-04-29 05:32:00+00:00
[2024-04-29T05:32:49.883+0000] {processor.py:183} INFO - Processing /home/airflow/.local/lib/python3.8/site-packages/airflow/example_dags/example_sla_dag.py took 0.114 seconds
[2024-04-29T05:34:23.965+0000] {processor.py:161} INFO - Started process (PID=170) to work on /home/airflow/.local/lib/python3.8/site-packages/airflow/example_dags/example_sla_dag.py
[2024-04-29T05:34:23.970+0000] {processor.py:830} INFO - Processing file /home/airflow/.local/lib/python3.8/site-packages/airflow/example_dags/example_sla_dag.py for tasks to queue
[2024-04-29T05:34:23.971+0000] {logging_mixin.py:188} INFO - [2024-04-29T05:34:23.970+0000] {dagbag.py:540} INFO - Filling up the DagBag from /home/airflow/.local/lib/python3.8/site-packages/airflow/example_dags/example_sla_dag.py
[2024-04-29T05:34:24.001+0000] {processor.py:840} INFO - DAG(s) 'example_sla_dag' retrieved from /home/airflow/.local/lib/python3.8/site-packages/airflow/example_dags/example_sla_dag.py
[2024-04-29T05:34:24.024+0000] {logging_mixin.py:188} INFO - [2024-04-29T05:34:24.024+0000] {dag.py:3047} INFO - Sync 1 DAGs
[2024-04-29T05:34:24.092+0000] {logging_mixin.py:188} INFO - [2024-04-29T05:34:24.091+0000] {dag.py:3834} INFO - Setting next_dagrun for example_sla_dag to 2024-04-29 05:32:00+00:00, run_after=2024-04-29 05:34:00+00:00
[2024-04-29T05:34:24.133+0000] {processor.py:183} INFO - Processing /home/airflow/.local/lib/python3.8/site-packages/airflow/example_dags/example_sla_dag.py took 0.173 seconds
[2024-04-29T05:34:55.065+0000] {processor.py:161} INFO - Started process (PID=422) to work on /home/airflow/.local/lib/python3.8/site-packages/airflow/example_dags/example_sla_dag.py
[2024-04-29T05:34:55.070+0000] {processor.py:830} INFO - Processing file /home/airflow/.local/lib/python3.8/site-packages/airflow/example_dags/example_sla_dag.py for tasks to queue
[2024-04-29T05:34:55.071+0000] {logging_mixin.py:188} INFO - [2024-04-29T05:34:55.071+0000] {dagbag.py:540} INFO - Filling up the DagBag from /home/airflow/.local/lib/python3.8/site-packages/airflow/example_dags/example_sla_dag.py
[2024-04-29T05:34:55.091+0000] {processor.py:840} INFO - DAG(s) 'example_sla_dag' retrieved from /home/airflow/.local/lib/python3.8/site-packages/airflow/example_dags/example_sla_dag.py
[2024-04-29T05:34:55.375+0000] {logging_mixin.py:188} INFO - [2024-04-29T05:34:55.374+0000] {dag.py:3047} INFO - Sync 1 DAGs
[2024-04-29T05:34:55.452+0000] {logging_mixin.py:188} INFO - [2024-04-29T05:34:55.452+0000] {dag.py:3834} INFO - Setting next_dagrun for example_sla_dag to 2024-04-29 05:32:00+00:00, run_after=2024-04-29 05:34:00+00:00
[2024-04-29T05:34:55.544+0000] {processor.py:183} INFO - Processing /home/airflow/.local/lib/python3.8/site-packages/airflow/example_dags/example_sla_dag.py took 0.483 seconds
[2024-04-29T05:35:26.047+0000] {processor.py:161} INFO - Started process (PID=674) to work on /home/airflow/.local/lib/python3.8/site-packages/airflow/example_dags/example_sla_dag.py
[2024-04-29T05:35:26.049+0000] {processor.py:830} INFO - Processing file /home/airflow/.local/lib/python3.8/site-packages/airflow/example_dags/example_sla_dag.py for tasks to queue
[2024-04-29T05:35:26.050+0000] {logging_mixin.py:188} INFO - [2024-04-29T05:35:26.049+0000] {dagbag.py:540} INFO - Filling up the DagBag from /home/airflow/.local/lib/python3.8/site-packages/airflow/example_dags/example_sla_dag.py
[2024-04-29T05:35:26.063+0000] {processor.py:840} INFO - DAG(s) 'example_sla_dag' retrieved from /home/airflow/.local/lib/python3.8/site-packages/airflow/example_dags/example_sla_dag.py
[2024-04-29T05:35:26.116+0000] {logging_mixin.py:188} INFO - [2024-04-29T05:35:26.116+0000] {dag.py:3047} INFO - Sync 1 DAGs
[2024-04-29T05:35:26.179+0000] {logging_mixin.py:188} INFO - [2024-04-29T05:35:26.179+0000] {dag.py:3834} INFO - Setting next_dagrun for example_sla_dag to 2024-04-29 05:32:00+00:00, run_after=2024-04-29 05:34:00+00:00
[2024-04-29T05:35:26.211+0000] {processor.py:183} INFO - Processing /home/airflow/.local/lib/python3.8/site-packages/airflow/example_dags/example_sla_dag.py took 0.168 seconds
[2024-04-29T05:35:56.239+0000] {processor.py:161} INFO - Started process (PID=922) to work on /home/airflow/.local/lib/python3.8/site-packages/airflow/example_dags/example_sla_dag.py
[2024-04-29T05:35:56.240+0000] {processor.py:830} INFO - Processing file /home/airflow/.local/lib/python3.8/site-packages/airflow/example_dags/example_sla_dag.py for tasks to queue
[2024-04-29T05:35:56.240+0000] {logging_mixin.py:188} INFO - [2024-04-29T05:35:56.240+0000] {dagbag.py:540} INFO - Filling up the DagBag from /home/airflow/.local/lib/python3.8/site-packages/airflow/example_dags/example_sla_dag.py
[2024-04-29T05:35:56.248+0000] {processor.py:840} INFO - DAG(s) 'example_sla_dag' retrieved from /home/airflow/.local/lib/python3.8/site-packages/airflow/example_dags/example_sla_dag.py
[2024-04-29T05:35:56.264+0000] {logging_mixin.py:188} INFO - [2024-04-29T05:35:56.264+0000] {dag.py:3047} INFO - Sync 1 DAGs
[2024-04-29T05:35:56.284+0000] {logging_mixin.py:188} INFO - [2024-04-29T05:35:56.284+0000] {dag.py:3834} INFO - Setting next_dagrun for example_sla_dag to 2024-04-29 05:32:00+00:00, run_after=2024-04-29 05:34:00+00:00
[2024-04-29T05:35:56.304+0000] {processor.py:183} INFO - Processing /home/airflow/.local/lib/python3.8/site-packages/airflow/example_dags/example_sla_dag.py took 0.068 seconds
[2024-04-29T05:36:26.953+0000] {processor.py:161} INFO - Started process (PID=1177) to work on /home/airflow/.local/lib/python3.8/site-packages/airflow/example_dags/example_sla_dag.py
[2024-04-29T05:36:26.955+0000] {processor.py:830} INFO - Processing file /home/airflow/.local/lib/python3.8/site-packages/airflow/example_dags/example_sla_dag.py for tasks to queue
[2024-04-29T05:36:26.957+0000] {logging_mixin.py:188} INFO - [2024-04-29T05:36:26.957+0000] {dagbag.py:540} INFO - Filling up the DagBag from /home/airflow/.local/lib/python3.8/site-packages/airflow/example_dags/example_sla_dag.py
[2024-04-29T05:36:26.979+0000] {processor.py:840} INFO - DAG(s) 'example_sla_dag' retrieved from /home/airflow/.local/lib/python3.8/site-packages/airflow/example_dags/example_sla_dag.py
[2024-04-29T05:36:27.018+0000] {logging_mixin.py:188} INFO - [2024-04-29T05:36:27.018+0000] {dag.py:3047} INFO - Sync 1 DAGs
[2024-04-29T05:36:27.051+0000] {logging_mixin.py:188} INFO - [2024-04-29T05:36:27.051+0000] {dag.py:3834} INFO - Setting next_dagrun for example_sla_dag to 2024-04-29 05:34:00+00:00, run_after=2024-04-29 05:36:00+00:00
[2024-04-29T05:36:27.075+0000] {processor.py:183} INFO - Processing /home/airflow/.local/lib/python3.8/site-packages/airflow/example_dags/example_sla_dag.py took 0.126 seconds
[2024-04-29T05:36:57.494+0000] {processor.py:161} INFO - Started process (PID=1431) to work on /home/airflow/.local/lib/python3.8/site-packages/airflow/example_dags/example_sla_dag.py
[2024-04-29T05:36:57.495+0000] {processor.py:830} INFO - Processing file /home/airflow/.local/lib/python3.8/site-packages/airflow/example_dags/example_sla_dag.py for tasks to queue
[2024-04-29T05:36:57.496+0000] {logging_mixin.py:188} INFO - [2024-04-29T05:36:57.495+0000] {dagbag.py:540} INFO - Filling up the DagBag from /home/airflow/.local/lib/python3.8/site-packages/airflow/example_dags/example_sla_dag.py
[2024-04-29T05:36:57.505+0000] {processor.py:840} INFO - DAG(s) 'example_sla_dag' retrieved from /home/airflow/.local/lib/python3.8/site-packages/airflow/example_dags/example_sla_dag.py
[2024-04-29T05:36:57.528+0000] {logging_mixin.py:188} INFO - [2024-04-29T05:36:57.528+0000] {dag.py:3047} INFO - Sync 1 DAGs
[2024-04-29T05:36:57.563+0000] {logging_mixin.py:188} INFO - [2024-04-29T05:36:57.563+0000] {dag.py:3834} INFO - Setting next_dagrun for example_sla_dag to 2024-04-29 05:34:00+00:00, run_after=2024-04-29 05:36:00+00:00
[2024-04-29T05:36:57.587+0000] {processor.py:183} INFO - Processing /home/airflow/.local/lib/python3.8/site-packages/airflow/example_dags/example_sla_dag.py took 0.097 seconds
[2024-04-29T05:37:28.000+0000] {processor.py:161} INFO - Started process (PID=1683) to work on /home/airflow/.local/lib/python3.8/site-packages/airflow/example_dags/example_sla_dag.py
[2024-04-29T05:37:28.001+0000] {processor.py:830} INFO - Processing file /home/airflow/.local/lib/python3.8/site-packages/airflow/example_dags/example_sla_dag.py for tasks to queue
[2024-04-29T05:37:28.002+0000] {logging_mixin.py:188} INFO - [2024-04-29T05:37:28.002+0000] {dagbag.py:540} INFO - Filling up the DagBag from /home/airflow/.local/lib/python3.8/site-packages/airflow/example_dags/example_sla_dag.py
[2024-04-29T05:37:28.014+0000] {processor.py:840} INFO - DAG(s) 'example_sla_dag' retrieved from /home/airflow/.local/lib/python3.8/site-packages/airflow/example_dags/example_sla_dag.py
[2024-04-29T05:37:28.039+0000] {logging_mixin.py:188} INFO - [2024-04-29T05:37:28.039+0000] {dag.py:3047} INFO - Sync 1 DAGs
[2024-04-29T05:37:28.076+0000] {logging_mixin.py:188} INFO - [2024-04-29T05:37:28.076+0000] {dag.py:3834} INFO - Setting next_dagrun for example_sla_dag to 2024-04-29 05:34:00+00:00, run_after=2024-04-29 05:36:00+00:00
[2024-04-29T05:37:28.111+0000] {processor.py:183} INFO - Processing /home/airflow/.local/lib/python3.8/site-packages/airflow/example_dags/example_sla_dag.py took 0.115 seconds
[2024-04-29T05:37:59.062+0000] {processor.py:161} INFO - Started process (PID=2002) to work on /home/airflow/.local/lib/python3.8/site-packages/airflow/example_dags/example_sla_dag.py
[2024-04-29T05:37:59.068+0000] {processor.py:830} INFO - Processing file /home/airflow/.local/lib/python3.8/site-packages/airflow/example_dags/example_sla_dag.py for tasks to queue
[2024-04-29T05:37:59.070+0000] {logging_mixin.py:188} INFO - [2024-04-29T05:37:59.070+0000] {dagbag.py:540} INFO - Filling up the DagBag from /home/airflow/.local/lib/python3.8/site-packages/airflow/example_dags/example_sla_dag.py
[2024-04-29T05:37:59.190+0000] {processor.py:840} INFO - DAG(s) 'example_sla_dag' retrieved from /home/airflow/.local/lib/python3.8/site-packages/airflow/example_dags/example_sla_dag.py
[2024-04-29T05:37:59.391+0000] {logging_mixin.py:188} INFO - [2024-04-29T05:37:59.390+0000] {dag.py:3047} INFO - Sync 1 DAGs
[2024-04-29T05:37:59.727+0000] {logging_mixin.py:188} INFO - [2024-04-29T05:37:59.727+0000] {dag.py:3834} INFO - Setting next_dagrun for example_sla_dag to 2024-04-29 05:34:00+00:00, run_after=2024-04-29 05:36:00+00:00
[2024-04-29T05:37:59.910+0000] {processor.py:183} INFO - Processing /home/airflow/.local/lib/python3.8/site-packages/airflow/example_dags/example_sla_dag.py took 0.882 seconds
[2024-04-29T05:38:30.588+0000] {processor.py:161} INFO - Started process (PID=2322) to work on /home/airflow/.local/lib/python3.8/site-packages/airflow/example_dags/example_sla_dag.py
[2024-04-29T05:38:30.606+0000] {processor.py:830} INFO - Processing file /home/airflow/.local/lib/python3.8/site-packages/airflow/example_dags/example_sla_dag.py for tasks to queue
[2024-04-29T05:38:30.611+0000] {logging_mixin.py:188} INFO - [2024-04-29T05:38:30.610+0000] {dagbag.py:540} INFO - Filling up the DagBag from /home/airflow/.local/lib/python3.8/site-packages/airflow/example_dags/example_sla_dag.py
[2024-04-29T05:38:30.682+0000] {processor.py:840} INFO - DAG(s) 'example_sla_dag' retrieved from /home/airflow/.local/lib/python3.8/site-packages/airflow/example_dags/example_sla_dag.py
[2024-04-29T05:38:30.818+0000] {logging_mixin.py:188} INFO - [2024-04-29T05:38:30.818+0000] {dag.py:3047} INFO - Sync 1 DAGs
[2024-04-29T05:38:31.015+0000] {logging_mixin.py:188} INFO - [2024-04-29T05:38:31.014+0000] {dag.py:3834} INFO - Setting next_dagrun for example_sla_dag to 2024-04-29 05:36:00+00:00, run_after=2024-04-29 05:38:00+00:00
[2024-04-29T05:38:31.245+0000] {processor.py:183} INFO - Processing /home/airflow/.local/lib/python3.8/site-packages/airflow/example_dags/example_sla_dag.py took 0.666 seconds
[2024-04-29T05:39:01.397+0000] {processor.py:161} INFO - Started process (PID=2594) to work on /home/airflow/.local/lib/python3.8/site-packages/airflow/example_dags/example_sla_dag.py
[2024-04-29T05:39:01.398+0000] {processor.py:830} INFO - Processing file /home/airflow/.local/lib/python3.8/site-packages/airflow/example_dags/example_sla_dag.py for tasks to queue
[2024-04-29T05:39:01.400+0000] {logging_mixin.py:188} INFO - [2024-04-29T05:39:01.399+0000] {dagbag.py:540} INFO - Filling up the DagBag from /home/airflow/.local/lib/python3.8/site-packages/airflow/example_dags/example_sla_dag.py
[2024-04-29T05:39:01.411+0000] {processor.py:840} INFO - DAG(s) 'example_sla_dag' retrieved from /home/airflow/.local/lib/python3.8/site-packages/airflow/example_dags/example_sla_dag.py
[2024-04-29T05:39:01.435+0000] {logging_mixin.py:188} INFO - [2024-04-29T05:39:01.434+0000] {dag.py:3047} INFO - Sync 1 DAGs
[2024-04-29T05:39:01.471+0000] {logging_mixin.py:188} INFO - [2024-04-29T05:39:01.471+0000] {dag.py:3834} INFO - Setting next_dagrun for example_sla_dag to 2024-04-29 05:36:00+00:00, run_after=2024-04-29 05:38:00+00:00
[2024-04-29T05:39:01.497+0000] {processor.py:183} INFO - Processing /home/airflow/.local/lib/python3.8/site-packages/airflow/example_dags/example_sla_dag.py took 0.104 seconds
[2024-04-29T05:39:31.799+0000] {processor.py:161} INFO - Started process (PID=2847) to work on /home/airflow/.local/lib/python3.8/site-packages/airflow/example_dags/example_sla_dag.py
[2024-04-29T05:39:31.804+0000] {processor.py:830} INFO - Processing file /home/airflow/.local/lib/python3.8/site-packages/airflow/example_dags/example_sla_dag.py for tasks to queue
[2024-04-29T05:39:31.805+0000] {logging_mixin.py:188} INFO - [2024-04-29T05:39:31.805+0000] {dagbag.py:540} INFO - Filling up the DagBag from /home/airflow/.local/lib/python3.8/site-packages/airflow/example_dags/example_sla_dag.py
[2024-04-29T05:39:31.815+0000] {processor.py:840} INFO - DAG(s) 'example_sla_dag' retrieved from /home/airflow/.local/lib/python3.8/site-packages/airflow/example_dags/example_sla_dag.py
[2024-04-29T05:39:31.840+0000] {logging_mixin.py:188} INFO - [2024-04-29T05:39:31.839+0000] {dag.py:3047} INFO - Sync 1 DAGs
[2024-04-29T05:39:31.876+0000] {logging_mixin.py:188} INFO - [2024-04-29T05:39:31.875+0000] {dag.py:3834} INFO - Setting next_dagrun for example_sla_dag to 2024-04-29 05:36:00+00:00, run_after=2024-04-29 05:38:00+00:00
[2024-04-29T05:39:31.899+0000] {processor.py:183} INFO - Processing /home/airflow/.local/lib/python3.8/site-packages/airflow/example_dags/example_sla_dag.py took 0.103 seconds
[2024-04-29T05:40:01.979+0000] {processor.py:161} INFO - Started process (PID=3101) to work on /home/airflow/.local/lib/python3.8/site-packages/airflow/example_dags/example_sla_dag.py
[2024-04-29T05:40:01.980+0000] {processor.py:830} INFO - Processing file /home/airflow/.local/lib/python3.8/site-packages/airflow/example_dags/example_sla_dag.py for tasks to queue
[2024-04-29T05:40:01.981+0000] {logging_mixin.py:188} INFO - [2024-04-29T05:40:01.981+0000] {dagbag.py:540} INFO - Filling up the DagBag from /home/airflow/.local/lib/python3.8/site-packages/airflow/example_dags/example_sla_dag.py
[2024-04-29T05:40:01.991+0000] {processor.py:840} INFO - DAG(s) 'example_sla_dag' retrieved from /home/airflow/.local/lib/python3.8/site-packages/airflow/example_dags/example_sla_dag.py
[2024-04-29T05:40:02.016+0000] {logging_mixin.py:188} INFO - [2024-04-29T05:40:02.016+0000] {dag.py:3047} INFO - Sync 1 DAGs
[2024-04-29T05:40:02.053+0000] {logging_mixin.py:188} INFO - [2024-04-29T05:40:02.053+0000] {dag.py:3834} INFO - Setting next_dagrun for example_sla_dag to 2024-04-29 05:38:00+00:00, run_after=2024-04-29 05:40:00+00:00
[2024-04-29T05:40:02.080+0000] {processor.py:183} INFO - Processing /home/airflow/.local/lib/python3.8/site-packages/airflow/example_dags/example_sla_dag.py took 0.104 seconds
[2024-04-29T05:40:32.115+0000] {processor.py:161} INFO - Started process (PID=3351) to work on /home/airflow/.local/lib/python3.8/site-packages/airflow/example_dags/example_sla_dag.py
[2024-04-29T05:40:32.116+0000] {processor.py:830} INFO - Processing file /home/airflow/.local/lib/python3.8/site-packages/airflow/example_dags/example_sla_dag.py for tasks to queue
[2024-04-29T05:40:32.116+0000] {logging_mixin.py:188} INFO - [2024-04-29T05:40:32.116+0000] {dagbag.py:540} INFO - Filling up the DagBag from /home/airflow/.local/lib/python3.8/site-packages/airflow/example_dags/example_sla_dag.py
[2024-04-29T05:40:32.123+0000] {processor.py:840} INFO - DAG(s) 'example_sla_dag' retrieved from /home/airflow/.local/lib/python3.8/site-packages/airflow/example_dags/example_sla_dag.py
[2024-04-29T05:40:32.140+0000] {logging_mixin.py:188} INFO - [2024-04-29T05:40:32.140+0000] {dag.py:3047} INFO - Sync 1 DAGs
[2024-04-29T05:40:32.161+0000] {logging_mixin.py:188} INFO - [2024-04-29T05:40:32.161+0000] {dag.py:3834} INFO - Setting next_dagrun for example_sla_dag to 2024-04-29 05:38:00+00:00, run_after=2024-04-29 05:40:00+00:00
[2024-04-29T05:40:32.181+0000] {processor.py:183} INFO - Processing /home/airflow/.local/lib/python3.8/site-packages/airflow/example_dags/example_sla_dag.py took 0.068 seconds
[2024-04-29T05:41:02.311+0000] {processor.py:161} INFO - Started process (PID=3608) to work on /home/airflow/.local/lib/python3.8/site-packages/airflow/example_dags/example_sla_dag.py
[2024-04-29T05:41:02.312+0000] {processor.py:830} INFO - Processing file /home/airflow/.local/lib/python3.8/site-packages/airflow/example_dags/example_sla_dag.py for tasks to queue
[2024-04-29T05:41:02.312+0000] {logging_mixin.py:188} INFO - [2024-04-29T05:41:02.312+0000] {dagbag.py:540} INFO - Filling up the DagBag from /home/airflow/.local/lib/python3.8/site-packages/airflow/example_dags/example_sla_dag.py
[2024-04-29T05:41:02.319+0000] {processor.py:840} INFO - DAG(s) 'example_sla_dag' retrieved from /home/airflow/.local/lib/python3.8/site-packages/airflow/example_dags/example_sla_dag.py
[2024-04-29T05:41:02.335+0000] {logging_mixin.py:188} INFO - [2024-04-29T05:41:02.335+0000] {dag.py:3047} INFO - Sync 1 DAGs
[2024-04-29T05:41:02.355+0000] {logging_mixin.py:188} INFO - [2024-04-29T05:41:02.355+0000] {dag.py:3834} INFO - Setting next_dagrun for example_sla_dag to 2024-04-29 05:38:00+00:00, run_after=2024-04-29 05:40:00+00:00
[2024-04-29T05:41:02.374+0000] {processor.py:183} INFO - Processing /home/airflow/.local/lib/python3.8/site-packages/airflow/example_dags/example_sla_dag.py took 0.065 seconds
[2024-04-29T05:41:32.601+0000] {processor.py:161} INFO - Started process (PID=3868) to work on /home/airflow/.local/lib/python3.8/site-packages/airflow/example_dags/example_sla_dag.py
[2024-04-29T05:41:32.602+0000] {processor.py:830} INFO - Processing file /home/airflow/.local/lib/python3.8/site-packages/airflow/example_dags/example_sla_dag.py for tasks to queue
[2024-04-29T05:41:32.603+0000] {logging_mixin.py:188} INFO - [2024-04-29T05:41:32.603+0000] {dagbag.py:540} INFO - Filling up the DagBag from /home/airflow/.local/lib/python3.8/site-packages/airflow/example_dags/example_sla_dag.py
[2024-04-29T05:41:32.614+0000] {processor.py:840} INFO - DAG(s) 'example_sla_dag' retrieved from /home/airflow/.local/lib/python3.8/site-packages/airflow/example_dags/example_sla_dag.py
[2024-04-29T05:41:32.643+0000] {logging_mixin.py:188} INFO - [2024-04-29T05:41:32.642+0000] {dag.py:3047} INFO - Sync 1 DAGs
[2024-04-29T05:41:32.674+0000] {logging_mixin.py:188} INFO - [2024-04-29T05:41:32.674+0000] {dag.py:3834} INFO - Setting next_dagrun for example_sla_dag to 2024-04-29 05:38:00+00:00, run_after=2024-04-29 05:40:00+00:00
[2024-04-29T05:41:32.700+0000] {processor.py:183} INFO - Processing /home/airflow/.local/lib/python3.8/site-packages/airflow/example_dags/example_sla_dag.py took 0.116 seconds
[2024-04-29T05:42:02.785+0000] {processor.py:161} INFO - Started process (PID=4121) to work on /home/airflow/.local/lib/python3.8/site-packages/airflow/example_dags/example_sla_dag.py
[2024-04-29T05:42:02.786+0000] {processor.py:830} INFO - Processing file /home/airflow/.local/lib/python3.8/site-packages/airflow/example_dags/example_sla_dag.py for tasks to queue
[2024-04-29T05:42:02.787+0000] {logging_mixin.py:188} INFO - [2024-04-29T05:42:02.787+0000] {dagbag.py:540} INFO - Filling up the DagBag from /home/airflow/.local/lib/python3.8/site-packages/airflow/example_dags/example_sla_dag.py
[2024-04-29T05:42:02.798+0000] {processor.py:840} INFO - DAG(s) 'example_sla_dag' retrieved from /home/airflow/.local/lib/python3.8/site-packages/airflow/example_dags/example_sla_dag.py
[2024-04-29T05:42:02.822+0000] {logging_mixin.py:188} INFO - [2024-04-29T05:42:02.821+0000] {dag.py:3047} INFO - Sync 1 DAGs
[2024-04-29T05:42:02.855+0000] {logging_mixin.py:188} INFO - [2024-04-29T05:42:02.852+0000] {dag.py:3834} INFO - Setting next_dagrun for example_sla_dag to 2024-04-29 05:40:00+00:00, run_after=2024-04-29 05:42:00+00:00
[2024-04-29T05:42:02.880+0000] {processor.py:183} INFO - Processing /home/airflow/.local/lib/python3.8/site-packages/airflow/example_dags/example_sla_dag.py took 0.098 seconds
[2024-04-29T05:42:33.358+0000] {processor.py:161} INFO - Started process (PID=4373) to work on /home/airflow/.local/lib/python3.8/site-packages/airflow/example_dags/example_sla_dag.py
[2024-04-29T05:42:33.363+0000] {processor.py:830} INFO - Processing file /home/airflow/.local/lib/python3.8/site-packages/airflow/example_dags/example_sla_dag.py for tasks to queue
[2024-04-29T05:42:33.366+0000] {logging_mixin.py:188} INFO - [2024-04-29T05:42:33.366+0000] {dagbag.py:540} INFO - Filling up the DagBag from /home/airflow/.local/lib/python3.8/site-packages/airflow/example_dags/example_sla_dag.py
[2024-04-29T05:42:33.405+0000] {processor.py:840} INFO - DAG(s) 'example_sla_dag' retrieved from /home/airflow/.local/lib/python3.8/site-packages/airflow/example_dags/example_sla_dag.py
[2024-04-29T05:42:33.437+0000] {logging_mixin.py:188} INFO - [2024-04-29T05:42:33.436+0000] {dag.py:3047} INFO - Sync 1 DAGs
[2024-04-29T05:42:33.471+0000] {logging_mixin.py:188} INFO - [2024-04-29T05:42:33.471+0000] {dag.py:3834} INFO - Setting next_dagrun for example_sla_dag to 2024-04-29 05:40:00+00:00, run_after=2024-04-29 05:42:00+00:00
[2024-04-29T05:42:33.503+0000] {processor.py:183} INFO - Processing /home/airflow/.local/lib/python3.8/site-packages/airflow/example_dags/example_sla_dag.py took 0.164 seconds
[2024-04-29T05:43:04.131+0000] {processor.py:161} INFO - Started process (PID=4624) to work on /home/airflow/.local/lib/python3.8/site-packages/airflow/example_dags/example_sla_dag.py
[2024-04-29T05:43:04.132+0000] {processor.py:830} INFO - Processing file /home/airflow/.local/lib/python3.8/site-packages/airflow/example_dags/example_sla_dag.py for tasks to queue
[2024-04-29T05:43:04.133+0000] {logging_mixin.py:188} INFO - [2024-04-29T05:43:04.133+0000] {dagbag.py:540} INFO - Filling up the DagBag from /home/airflow/.local/lib/python3.8/site-packages/airflow/example_dags/example_sla_dag.py
[2024-04-29T05:43:04.156+0000] {processor.py:840} INFO - DAG(s) 'example_sla_dag' retrieved from /home/airflow/.local/lib/python3.8/site-packages/airflow/example_dags/example_sla_dag.py
[2024-04-29T05:43:04.185+0000] {logging_mixin.py:188} INFO - [2024-04-29T05:43:04.185+0000] {dag.py:3047} INFO - Sync 1 DAGs
[2024-04-29T05:43:04.219+0000] {logging_mixin.py:188} INFO - [2024-04-29T05:43:04.218+0000] {dag.py:3834} INFO - Setting next_dagrun for example_sla_dag to 2024-04-29 05:40:00+00:00, run_after=2024-04-29 05:42:00+00:00
[2024-04-29T05:43:04.298+0000] {processor.py:183} INFO - Processing /home/airflow/.local/lib/python3.8/site-packages/airflow/example_dags/example_sla_dag.py took 0.170 seconds
[2024-04-29T05:43:34.466+0000] {processor.py:161} INFO - Started process (PID=4879) to work on /home/airflow/.local/lib/python3.8/site-packages/airflow/example_dags/example_sla_dag.py
[2024-04-29T05:43:34.467+0000] {processor.py:830} INFO - Processing file /home/airflow/.local/lib/python3.8/site-packages/airflow/example_dags/example_sla_dag.py for tasks to queue
[2024-04-29T05:43:34.468+0000] {logging_mixin.py:188} INFO - [2024-04-29T05:43:34.468+0000] {dagbag.py:540} INFO - Filling up the DagBag from /home/airflow/.local/lib/python3.8/site-packages/airflow/example_dags/example_sla_dag.py
[2024-04-29T05:43:34.485+0000] {processor.py:840} INFO - DAG(s) 'example_sla_dag' retrieved from /home/airflow/.local/lib/python3.8/site-packages/airflow/example_dags/example_sla_dag.py
[2024-04-29T05:43:34.534+0000] {logging_mixin.py:188} INFO - [2024-04-29T05:43:34.534+0000] {dag.py:3047} INFO - Sync 1 DAGs
[2024-04-29T05:43:34.577+0000] {logging_mixin.py:188} INFO - [2024-04-29T05:43:34.577+0000] {dag.py:3834} INFO - Setting next_dagrun for example_sla_dag to 2024-04-29 05:40:00+00:00, run_after=2024-04-29 05:42:00+00:00
[2024-04-29T05:43:34.607+0000] {processor.py:183} INFO - Processing /home/airflow/.local/lib/python3.8/site-packages/airflow/example_dags/example_sla_dag.py took 0.145 seconds
