[2024-04-29T05:31:56.396+0000] {processor.py:161} INFO - Started process (PID=306) to work on /home/airflow/.local/lib/python3.8/site-packages/airflow/example_dags/example_python_decorator.py
[2024-04-29T05:31:56.404+0000] {processor.py:830} INFO - Processing file /home/airflow/.local/lib/python3.8/site-packages/airflow/example_dags/example_python_decorator.py for tasks to queue
[2024-04-29T05:31:56.405+0000] {logging_mixin.py:188} INFO - [2024-04-29T05:31:56.405+0000] {dagbag.py:540} INFO - Filling up the DagBag from /home/airflow/.local/lib/python3.8/site-packages/airflow/example_dags/example_python_decorator.py
[2024-04-29T05:31:56.457+0000] {processor.py:840} INFO - DAG(s) 'example_python_decorator' retrieved from /home/airflow/.local/lib/python3.8/site-packages/airflow/example_dags/example_python_decorator.py
[2024-04-29T05:31:56.701+0000] {logging_mixin.py:188} INFO - [2024-04-29T05:31:56.700+0000] {override.py:1769} INFO - Created Permission View: can read on DAG:example_python_decorator
[2024-04-29T05:31:56.720+0000] {logging_mixin.py:188} INFO - [2024-04-29T05:31:56.720+0000] {override.py:1769} INFO - Created Permission View: can edit on DAG:example_python_decorator
[2024-04-29T05:31:56.731+0000] {logging_mixin.py:188} INFO - [2024-04-29T05:31:56.731+0000] {override.py:1769} INFO - Created Permission View: can delete on DAG:example_python_decorator
[2024-04-29T05:31:56.732+0000] {logging_mixin.py:188} INFO - [2024-04-29T05:31:56.732+0000] {dag.py:3047} INFO - Sync 1 DAGs
[2024-04-29T05:31:56.760+0000] {logging_mixin.py:188} INFO - [2024-04-29T05:31:56.760+0000] {dag.py:3069} INFO - Creating ORM DAG for example_python_decorator
[2024-04-29T05:31:56.761+0000] {logging_mixin.py:188} INFO - [2024-04-29T05:31:56.761+0000] {dag.py:3834} INFO - Setting next_dagrun for example_python_decorator to None, run_after=None
[2024-04-29T05:31:56.818+0000] {processor.py:183} INFO - Processing /home/airflow/.local/lib/python3.8/site-packages/airflow/example_dags/example_python_decorator.py took 0.434 seconds
[2024-04-29T05:32:27.143+0000] {processor.py:161} INFO - Started process (PID=560) to work on /home/airflow/.local/lib/python3.8/site-packages/airflow/example_dags/example_python_decorator.py
[2024-04-29T05:32:27.143+0000] {processor.py:830} INFO - Processing file /home/airflow/.local/lib/python3.8/site-packages/airflow/example_dags/example_python_decorator.py for tasks to queue
[2024-04-29T05:32:27.144+0000] {logging_mixin.py:188} INFO - [2024-04-29T05:32:27.144+0000] {dagbag.py:540} INFO - Filling up the DagBag from /home/airflow/.local/lib/python3.8/site-packages/airflow/example_dags/example_python_decorator.py
[2024-04-29T05:32:27.155+0000] {processor.py:840} INFO - DAG(s) 'example_python_decorator' retrieved from /home/airflow/.local/lib/python3.8/site-packages/airflow/example_dags/example_python_decorator.py
[2024-04-29T05:32:27.172+0000] {logging_mixin.py:188} INFO - [2024-04-29T05:32:27.172+0000] {dag.py:3047} INFO - Sync 1 DAGs
[2024-04-29T05:32:27.182+0000] {logging_mixin.py:188} INFO - [2024-04-29T05:32:27.182+0000] {dag.py:3834} INFO - Setting next_dagrun for example_python_decorator to None, run_after=None
[2024-04-29T05:32:27.201+0000] {processor.py:183} INFO - Processing /home/airflow/.local/lib/python3.8/site-packages/airflow/example_dags/example_python_decorator.py took 0.061 seconds
[2024-04-29T05:32:57.641+0000] {processor.py:161} INFO - Started process (PID=809) to work on /home/airflow/.local/lib/python3.8/site-packages/airflow/example_dags/example_python_decorator.py
[2024-04-29T05:32:57.642+0000] {processor.py:830} INFO - Processing file /home/airflow/.local/lib/python3.8/site-packages/airflow/example_dags/example_python_decorator.py for tasks to queue
[2024-04-29T05:32:57.643+0000] {logging_mixin.py:188} INFO - [2024-04-29T05:32:57.643+0000] {dagbag.py:540} INFO - Filling up the DagBag from /home/airflow/.local/lib/python3.8/site-packages/airflow/example_dags/example_python_decorator.py
[2024-04-29T05:32:57.666+0000] {processor.py:840} INFO - DAG(s) 'example_python_decorator' retrieved from /home/airflow/.local/lib/python3.8/site-packages/airflow/example_dags/example_python_decorator.py
[2024-04-29T05:32:57.696+0000] {logging_mixin.py:188} INFO - [2024-04-29T05:32:57.696+0000] {dag.py:3047} INFO - Sync 1 DAGs
[2024-04-29T05:32:57.712+0000] {logging_mixin.py:188} INFO - [2024-04-29T05:32:57.711+0000] {dag.py:3834} INFO - Setting next_dagrun for example_python_decorator to None, run_after=None
[2024-04-29T05:32:57.734+0000] {processor.py:183} INFO - Processing /home/airflow/.local/lib/python3.8/site-packages/airflow/example_dags/example_python_decorator.py took 0.097 seconds
[2024-04-29T05:34:27.548+0000] {processor.py:161} INFO - Started process (PID=305) to work on /home/airflow/.local/lib/python3.8/site-packages/airflow/example_dags/example_python_decorator.py
[2024-04-29T05:34:27.549+0000] {processor.py:830} INFO - Processing file /home/airflow/.local/lib/python3.8/site-packages/airflow/example_dags/example_python_decorator.py for tasks to queue
[2024-04-29T05:34:27.551+0000] {logging_mixin.py:188} INFO - [2024-04-29T05:34:27.550+0000] {dagbag.py:540} INFO - Filling up the DagBag from /home/airflow/.local/lib/python3.8/site-packages/airflow/example_dags/example_python_decorator.py
[2024-04-29T05:34:27.571+0000] {processor.py:840} INFO - DAG(s) 'example_python_decorator' retrieved from /home/airflow/.local/lib/python3.8/site-packages/airflow/example_dags/example_python_decorator.py
[2024-04-29T05:34:27.591+0000] {logging_mixin.py:188} INFO - [2024-04-29T05:34:27.590+0000] {dag.py:3047} INFO - Sync 1 DAGs
[2024-04-29T05:34:27.633+0000] {logging_mixin.py:188} INFO - [2024-04-29T05:34:27.633+0000] {dag.py:3834} INFO - Setting next_dagrun for example_python_decorator to None, run_after=None
[2024-04-29T05:34:27.683+0000] {processor.py:183} INFO - Processing /home/airflow/.local/lib/python3.8/site-packages/airflow/example_dags/example_python_decorator.py took 0.139 seconds
[2024-04-29T05:34:59.405+0000] {processor.py:161} INFO - Started process (PID=557) to work on /home/airflow/.local/lib/python3.8/site-packages/airflow/example_dags/example_python_decorator.py
[2024-04-29T05:34:59.406+0000] {processor.py:830} INFO - Processing file /home/airflow/.local/lib/python3.8/site-packages/airflow/example_dags/example_python_decorator.py for tasks to queue
[2024-04-29T05:34:59.406+0000] {logging_mixin.py:188} INFO - [2024-04-29T05:34:59.406+0000] {dagbag.py:540} INFO - Filling up the DagBag from /home/airflow/.local/lib/python3.8/site-packages/airflow/example_dags/example_python_decorator.py
[2024-04-29T05:34:59.422+0000] {processor.py:840} INFO - DAG(s) 'example_python_decorator' retrieved from /home/airflow/.local/lib/python3.8/site-packages/airflow/example_dags/example_python_decorator.py
[2024-04-29T05:34:59.557+0000] {logging_mixin.py:188} INFO - [2024-04-29T05:34:59.556+0000] {dag.py:3047} INFO - Sync 1 DAGs
[2024-04-29T05:34:59.574+0000] {logging_mixin.py:188} INFO - [2024-04-29T05:34:59.573+0000] {dag.py:3834} INFO - Setting next_dagrun for example_python_decorator to None, run_after=None
[2024-04-29T05:34:59.599+0000] {processor.py:183} INFO - Processing /home/airflow/.local/lib/python3.8/site-packages/airflow/example_dags/example_python_decorator.py took 0.198 seconds
[2024-04-29T05:35:30.236+0000] {processor.py:161} INFO - Started process (PID=811) to work on /home/airflow/.local/lib/python3.8/site-packages/airflow/example_dags/example_python_decorator.py
[2024-04-29T05:35:30.236+0000] {processor.py:830} INFO - Processing file /home/airflow/.local/lib/python3.8/site-packages/airflow/example_dags/example_python_decorator.py for tasks to queue
[2024-04-29T05:35:30.237+0000] {logging_mixin.py:188} INFO - [2024-04-29T05:35:30.237+0000] {dagbag.py:540} INFO - Filling up the DagBag from /home/airflow/.local/lib/python3.8/site-packages/airflow/example_dags/example_python_decorator.py
[2024-04-29T05:35:30.249+0000] {processor.py:840} INFO - DAG(s) 'example_python_decorator' retrieved from /home/airflow/.local/lib/python3.8/site-packages/airflow/example_dags/example_python_decorator.py
[2024-04-29T05:35:30.267+0000] {logging_mixin.py:188} INFO - [2024-04-29T05:35:30.267+0000] {dag.py:3047} INFO - Sync 1 DAGs
[2024-04-29T05:35:30.278+0000] {logging_mixin.py:188} INFO - [2024-04-29T05:35:30.277+0000] {dag.py:3834} INFO - Setting next_dagrun for example_python_decorator to None, run_after=None
[2024-04-29T05:35:30.297+0000] {processor.py:183} INFO - Processing /home/airflow/.local/lib/python3.8/site-packages/airflow/example_dags/example_python_decorator.py took 0.064 seconds
[2024-04-29T05:36:00.483+0000] {processor.py:161} INFO - Started process (PID=1062) to work on /home/airflow/.local/lib/python3.8/site-packages/airflow/example_dags/example_python_decorator.py
[2024-04-29T05:36:00.484+0000] {processor.py:830} INFO - Processing file /home/airflow/.local/lib/python3.8/site-packages/airflow/example_dags/example_python_decorator.py for tasks to queue
[2024-04-29T05:36:00.485+0000] {logging_mixin.py:188} INFO - [2024-04-29T05:36:00.484+0000] {dagbag.py:540} INFO - Filling up the DagBag from /home/airflow/.local/lib/python3.8/site-packages/airflow/example_dags/example_python_decorator.py
[2024-04-29T05:36:00.501+0000] {processor.py:840} INFO - DAG(s) 'example_python_decorator' retrieved from /home/airflow/.local/lib/python3.8/site-packages/airflow/example_dags/example_python_decorator.py
[2024-04-29T05:36:00.527+0000] {logging_mixin.py:188} INFO - [2024-04-29T05:36:00.527+0000] {dag.py:3047} INFO - Sync 1 DAGs
[2024-04-29T05:36:00.542+0000] {logging_mixin.py:188} INFO - [2024-04-29T05:36:00.541+0000] {dag.py:3834} INFO - Setting next_dagrun for example_python_decorator to None, run_after=None
[2024-04-29T05:36:00.565+0000] {processor.py:183} INFO - Processing /home/airflow/.local/lib/python3.8/site-packages/airflow/example_dags/example_python_decorator.py took 0.085 seconds
[2024-04-29T05:36:31.019+0000] {processor.py:161} INFO - Started process (PID=1315) to work on /home/airflow/.local/lib/python3.8/site-packages/airflow/example_dags/example_python_decorator.py
[2024-04-29T05:36:31.020+0000] {processor.py:830} INFO - Processing file /home/airflow/.local/lib/python3.8/site-packages/airflow/example_dags/example_python_decorator.py for tasks to queue
[2024-04-29T05:36:31.021+0000] {logging_mixin.py:188} INFO - [2024-04-29T05:36:31.021+0000] {dagbag.py:540} INFO - Filling up the DagBag from /home/airflow/.local/lib/python3.8/site-packages/airflow/example_dags/example_python_decorator.py
[2024-04-29T05:36:31.038+0000] {processor.py:840} INFO - DAG(s) 'example_python_decorator' retrieved from /home/airflow/.local/lib/python3.8/site-packages/airflow/example_dags/example_python_decorator.py
[2024-04-29T05:36:31.065+0000] {logging_mixin.py:188} INFO - [2024-04-29T05:36:31.064+0000] {dag.py:3047} INFO - Sync 1 DAGs
[2024-04-29T05:36:31.079+0000] {logging_mixin.py:188} INFO - [2024-04-29T05:36:31.079+0000] {dag.py:3834} INFO - Setting next_dagrun for example_python_decorator to None, run_after=None
[2024-04-29T05:36:31.107+0000] {processor.py:183} INFO - Processing /home/airflow/.local/lib/python3.8/site-packages/airflow/example_dags/example_python_decorator.py took 0.090 seconds
[2024-04-29T05:37:01.499+0000] {processor.py:161} INFO - Started process (PID=1568) to work on /home/airflow/.local/lib/python3.8/site-packages/airflow/example_dags/example_python_decorator.py
[2024-04-29T05:37:01.500+0000] {processor.py:830} INFO - Processing file /home/airflow/.local/lib/python3.8/site-packages/airflow/example_dags/example_python_decorator.py for tasks to queue
[2024-04-29T05:37:01.501+0000] {logging_mixin.py:188} INFO - [2024-04-29T05:37:01.501+0000] {dagbag.py:540} INFO - Filling up the DagBag from /home/airflow/.local/lib/python3.8/site-packages/airflow/example_dags/example_python_decorator.py
[2024-04-29T05:37:01.517+0000] {processor.py:840} INFO - DAG(s) 'example_python_decorator' retrieved from /home/airflow/.local/lib/python3.8/site-packages/airflow/example_dags/example_python_decorator.py
[2024-04-29T05:37:01.544+0000] {logging_mixin.py:188} INFO - [2024-04-29T05:37:01.544+0000] {dag.py:3047} INFO - Sync 1 DAGs
[2024-04-29T05:37:01.560+0000] {logging_mixin.py:188} INFO - [2024-04-29T05:37:01.559+0000] {dag.py:3834} INFO - Setting next_dagrun for example_python_decorator to None, run_after=None
[2024-04-29T05:37:01.583+0000] {processor.py:183} INFO - Processing /home/airflow/.local/lib/python3.8/site-packages/airflow/example_dags/example_python_decorator.py took 0.087 seconds
[2024-04-29T05:37:31.896+0000] {processor.py:161} INFO - Started process (PID=1820) to work on /home/airflow/.local/lib/python3.8/site-packages/airflow/example_dags/example_python_decorator.py
[2024-04-29T05:37:31.897+0000] {processor.py:830} INFO - Processing file /home/airflow/.local/lib/python3.8/site-packages/airflow/example_dags/example_python_decorator.py for tasks to queue
[2024-04-29T05:37:31.898+0000] {logging_mixin.py:188} INFO - [2024-04-29T05:37:31.898+0000] {dagbag.py:540} INFO - Filling up the DagBag from /home/airflow/.local/lib/python3.8/site-packages/airflow/example_dags/example_python_decorator.py
[2024-04-29T05:37:31.919+0000] {processor.py:840} INFO - DAG(s) 'example_python_decorator' retrieved from /home/airflow/.local/lib/python3.8/site-packages/airflow/example_dags/example_python_decorator.py
[2024-04-29T05:37:31.945+0000] {logging_mixin.py:188} INFO - [2024-04-29T05:37:31.945+0000] {dag.py:3047} INFO - Sync 1 DAGs
[2024-04-29T05:37:31.974+0000] {logging_mixin.py:188} INFO - [2024-04-29T05:37:31.974+0000] {dag.py:3834} INFO - Setting next_dagrun for example_python_decorator to None, run_after=None
[2024-04-29T05:37:32.021+0000] {processor.py:183} INFO - Processing /home/airflow/.local/lib/python3.8/site-packages/airflow/example_dags/example_python_decorator.py took 0.128 seconds
[2024-04-29T05:38:16.824+0000] {processor.py:161} INFO - Started process (PID=2183) to work on /home/airflow/.local/lib/python3.8/site-packages/airflow/example_dags/example_python_decorator.py
[2024-04-29T05:38:16.834+0000] {processor.py:830} INFO - Processing file /home/airflow/.local/lib/python3.8/site-packages/airflow/example_dags/example_python_decorator.py for tasks to queue
[2024-04-29T05:38:16.841+0000] {logging_mixin.py:188} INFO - [2024-04-29T05:38:16.837+0000] {dagbag.py:540} INFO - Filling up the DagBag from /home/airflow/.local/lib/python3.8/site-packages/airflow/example_dags/example_python_decorator.py
[2024-04-29T05:38:16.981+0000] {processor.py:840} INFO - DAG(s) 'example_python_decorator' retrieved from /home/airflow/.local/lib/python3.8/site-packages/airflow/example_dags/example_python_decorator.py
[2024-04-29T05:38:17.118+0000] {logging_mixin.py:188} INFO - [2024-04-29T05:38:17.117+0000] {dag.py:3047} INFO - Sync 1 DAGs
[2024-04-29T05:38:17.299+0000] {logging_mixin.py:188} INFO - [2024-04-29T05:38:17.299+0000] {dag.py:3834} INFO - Setting next_dagrun for example_python_decorator to None, run_after=None
[2024-04-29T05:38:17.485+0000] {processor.py:183} INFO - Processing /home/airflow/.local/lib/python3.8/site-packages/airflow/example_dags/example_python_decorator.py took 0.681 seconds
[2024-04-29T05:38:48.143+0000] {processor.py:161} INFO - Started process (PID=2485) to work on /home/airflow/.local/lib/python3.8/site-packages/airflow/example_dags/example_python_decorator.py
[2024-04-29T05:38:48.146+0000] {processor.py:830} INFO - Processing file /home/airflow/.local/lib/python3.8/site-packages/airflow/example_dags/example_python_decorator.py for tasks to queue
[2024-04-29T05:38:48.147+0000] {logging_mixin.py:188} INFO - [2024-04-29T05:38:48.147+0000] {dagbag.py:540} INFO - Filling up the DagBag from /home/airflow/.local/lib/python3.8/site-packages/airflow/example_dags/example_python_decorator.py
[2024-04-29T05:38:48.163+0000] {processor.py:840} INFO - DAG(s) 'example_python_decorator' retrieved from /home/airflow/.local/lib/python3.8/site-packages/airflow/example_dags/example_python_decorator.py
[2024-04-29T05:38:48.190+0000] {logging_mixin.py:188} INFO - [2024-04-29T05:38:48.190+0000] {dag.py:3047} INFO - Sync 1 DAGs
[2024-04-29T05:38:48.207+0000] {logging_mixin.py:188} INFO - [2024-04-29T05:38:48.207+0000] {dag.py:3834} INFO - Setting next_dagrun for example_python_decorator to None, run_after=None
[2024-04-29T05:38:48.249+0000] {processor.py:183} INFO - Processing /home/airflow/.local/lib/python3.8/site-packages/airflow/example_dags/example_python_decorator.py took 0.110 seconds
[2024-04-29T05:39:18.369+0000] {processor.py:161} INFO - Started process (PID=2738) to work on /home/airflow/.local/lib/python3.8/site-packages/airflow/example_dags/example_python_decorator.py
[2024-04-29T05:39:18.370+0000] {processor.py:830} INFO - Processing file /home/airflow/.local/lib/python3.8/site-packages/airflow/example_dags/example_python_decorator.py for tasks to queue
[2024-04-29T05:39:18.370+0000] {logging_mixin.py:188} INFO - [2024-04-29T05:39:18.370+0000] {dagbag.py:540} INFO - Filling up the DagBag from /home/airflow/.local/lib/python3.8/site-packages/airflow/example_dags/example_python_decorator.py
[2024-04-29T05:39:18.393+0000] {processor.py:840} INFO - DAG(s) 'example_python_decorator' retrieved from /home/airflow/.local/lib/python3.8/site-packages/airflow/example_dags/example_python_decorator.py
[2024-04-29T05:39:18.420+0000] {logging_mixin.py:188} INFO - [2024-04-29T05:39:18.419+0000] {dag.py:3047} INFO - Sync 1 DAGs
[2024-04-29T05:39:18.436+0000] {logging_mixin.py:188} INFO - [2024-04-29T05:39:18.436+0000] {dag.py:3834} INFO - Setting next_dagrun for example_python_decorator to None, run_after=None
[2024-04-29T05:39:18.466+0000] {processor.py:183} INFO - Processing /home/airflow/.local/lib/python3.8/site-packages/airflow/example_dags/example_python_decorator.py took 0.100 seconds
[2024-04-29T05:39:48.653+0000] {processor.py:161} INFO - Started process (PID=2992) to work on /home/airflow/.local/lib/python3.8/site-packages/airflow/example_dags/example_python_decorator.py
[2024-04-29T05:39:48.654+0000] {processor.py:830} INFO - Processing file /home/airflow/.local/lib/python3.8/site-packages/airflow/example_dags/example_python_decorator.py for tasks to queue
[2024-04-29T05:39:48.655+0000] {logging_mixin.py:188} INFO - [2024-04-29T05:39:48.655+0000] {dagbag.py:540} INFO - Filling up the DagBag from /home/airflow/.local/lib/python3.8/site-packages/airflow/example_dags/example_python_decorator.py
[2024-04-29T05:39:48.670+0000] {processor.py:840} INFO - DAG(s) 'example_python_decorator' retrieved from /home/airflow/.local/lib/python3.8/site-packages/airflow/example_dags/example_python_decorator.py
[2024-04-29T05:39:48.698+0000] {logging_mixin.py:188} INFO - [2024-04-29T05:39:48.698+0000] {dag.py:3047} INFO - Sync 1 DAGs
[2024-04-29T05:39:48.716+0000] {logging_mixin.py:188} INFO - [2024-04-29T05:39:48.716+0000] {dag.py:3834} INFO - Setting next_dagrun for example_python_decorator to None, run_after=None
[2024-04-29T05:39:48.744+0000] {processor.py:183} INFO - Processing /home/airflow/.local/lib/python3.8/site-packages/airflow/example_dags/example_python_decorator.py took 0.097 seconds
[2024-04-29T05:40:18.854+0000] {processor.py:161} INFO - Started process (PID=3245) to work on /home/airflow/.local/lib/python3.8/site-packages/airflow/example_dags/example_python_decorator.py
[2024-04-29T05:40:18.855+0000] {processor.py:830} INFO - Processing file /home/airflow/.local/lib/python3.8/site-packages/airflow/example_dags/example_python_decorator.py for tasks to queue
[2024-04-29T05:40:18.856+0000] {logging_mixin.py:188} INFO - [2024-04-29T05:40:18.855+0000] {dagbag.py:540} INFO - Filling up the DagBag from /home/airflow/.local/lib/python3.8/site-packages/airflow/example_dags/example_python_decorator.py
[2024-04-29T05:40:18.871+0000] {processor.py:840} INFO - DAG(s) 'example_python_decorator' retrieved from /home/airflow/.local/lib/python3.8/site-packages/airflow/example_dags/example_python_decorator.py
[2024-04-29T05:40:18.900+0000] {logging_mixin.py:188} INFO - [2024-04-29T05:40:18.900+0000] {dag.py:3047} INFO - Sync 1 DAGs
[2024-04-29T05:40:18.914+0000] {logging_mixin.py:188} INFO - [2024-04-29T05:40:18.914+0000] {dag.py:3834} INFO - Setting next_dagrun for example_python_decorator to None, run_after=None
[2024-04-29T05:40:18.941+0000] {processor.py:183} INFO - Processing /home/airflow/.local/lib/python3.8/site-packages/airflow/example_dags/example_python_decorator.py took 0.090 seconds
[2024-04-29T05:40:49.288+0000] {processor.py:161} INFO - Started process (PID=3505) to work on /home/airflow/.local/lib/python3.8/site-packages/airflow/example_dags/example_python_decorator.py
[2024-04-29T05:40:49.289+0000] {processor.py:830} INFO - Processing file /home/airflow/.local/lib/python3.8/site-packages/airflow/example_dags/example_python_decorator.py for tasks to queue
[2024-04-29T05:40:49.291+0000] {logging_mixin.py:188} INFO - [2024-04-29T05:40:49.290+0000] {dagbag.py:540} INFO - Filling up the DagBag from /home/airflow/.local/lib/python3.8/site-packages/airflow/example_dags/example_python_decorator.py
[2024-04-29T05:40:49.307+0000] {processor.py:840} INFO - DAG(s) 'example_python_decorator' retrieved from /home/airflow/.local/lib/python3.8/site-packages/airflow/example_dags/example_python_decorator.py
[2024-04-29T05:40:49.333+0000] {logging_mixin.py:188} INFO - [2024-04-29T05:40:49.332+0000] {dag.py:3047} INFO - Sync 1 DAGs
[2024-04-29T05:40:49.348+0000] {logging_mixin.py:188} INFO - [2024-04-29T05:40:49.348+0000] {dag.py:3834} INFO - Setting next_dagrun for example_python_decorator to None, run_after=None
[2024-04-29T05:40:49.370+0000] {processor.py:183} INFO - Processing /home/airflow/.local/lib/python3.8/site-packages/airflow/example_dags/example_python_decorator.py took 0.086 seconds
[2024-04-29T05:41:19.915+0000] {processor.py:161} INFO - Started process (PID=3763) to work on /home/airflow/.local/lib/python3.8/site-packages/airflow/example_dags/example_python_decorator.py
[2024-04-29T05:41:19.916+0000] {processor.py:830} INFO - Processing file /home/airflow/.local/lib/python3.8/site-packages/airflow/example_dags/example_python_decorator.py for tasks to queue
[2024-04-29T05:41:19.917+0000] {logging_mixin.py:188} INFO - [2024-04-29T05:41:19.916+0000] {dagbag.py:540} INFO - Filling up the DagBag from /home/airflow/.local/lib/python3.8/site-packages/airflow/example_dags/example_python_decorator.py
[2024-04-29T05:41:19.932+0000] {processor.py:840} INFO - DAG(s) 'example_python_decorator' retrieved from /home/airflow/.local/lib/python3.8/site-packages/airflow/example_dags/example_python_decorator.py
[2024-04-29T05:41:19.966+0000] {logging_mixin.py:188} INFO - [2024-04-29T05:41:19.966+0000] {dag.py:3047} INFO - Sync 1 DAGs
[2024-04-29T05:41:20.001+0000] {logging_mixin.py:188} INFO - [2024-04-29T05:41:20.001+0000] {dag.py:3834} INFO - Setting next_dagrun for example_python_decorator to None, run_after=None
[2024-04-29T05:41:20.037+0000] {processor.py:183} INFO - Processing /home/airflow/.local/lib/python3.8/site-packages/airflow/example_dags/example_python_decorator.py took 0.125 seconds
[2024-04-29T05:41:50.302+0000] {processor.py:161} INFO - Started process (PID=4015) to work on /home/airflow/.local/lib/python3.8/site-packages/airflow/example_dags/example_python_decorator.py
[2024-04-29T05:41:50.303+0000] {processor.py:830} INFO - Processing file /home/airflow/.local/lib/python3.8/site-packages/airflow/example_dags/example_python_decorator.py for tasks to queue
[2024-04-29T05:41:50.304+0000] {logging_mixin.py:188} INFO - [2024-04-29T05:41:50.304+0000] {dagbag.py:540} INFO - Filling up the DagBag from /home/airflow/.local/lib/python3.8/site-packages/airflow/example_dags/example_python_decorator.py
[2024-04-29T05:41:50.352+0000] {processor.py:840} INFO - DAG(s) 'example_python_decorator' retrieved from /home/airflow/.local/lib/python3.8/site-packages/airflow/example_dags/example_python_decorator.py
[2024-04-29T05:41:50.424+0000] {logging_mixin.py:188} INFO - [2024-04-29T05:41:50.420+0000] {dag.py:3047} INFO - Sync 1 DAGs
[2024-04-29T05:41:50.462+0000] {logging_mixin.py:188} INFO - [2024-04-29T05:41:50.462+0000] {dag.py:3834} INFO - Setting next_dagrun for example_python_decorator to None, run_after=None
[2024-04-29T05:41:50.521+0000] {processor.py:183} INFO - Processing /home/airflow/.local/lib/python3.8/site-packages/airflow/example_dags/example_python_decorator.py took 0.242 seconds
[2024-04-29T05:42:20.730+0000] {processor.py:161} INFO - Started process (PID=4267) to work on /home/airflow/.local/lib/python3.8/site-packages/airflow/example_dags/example_python_decorator.py
[2024-04-29T05:42:20.736+0000] {processor.py:830} INFO - Processing file /home/airflow/.local/lib/python3.8/site-packages/airflow/example_dags/example_python_decorator.py for tasks to queue
[2024-04-29T05:42:20.738+0000] {logging_mixin.py:188} INFO - [2024-04-29T05:42:20.737+0000] {dagbag.py:540} INFO - Filling up the DagBag from /home/airflow/.local/lib/python3.8/site-packages/airflow/example_dags/example_python_decorator.py
[2024-04-29T05:42:20.781+0000] {processor.py:840} INFO - DAG(s) 'example_python_decorator' retrieved from /home/airflow/.local/lib/python3.8/site-packages/airflow/example_dags/example_python_decorator.py
[2024-04-29T05:42:20.821+0000] {logging_mixin.py:188} INFO - [2024-04-29T05:42:20.821+0000] {dag.py:3047} INFO - Sync 1 DAGs
[2024-04-29T05:42:20.835+0000] {logging_mixin.py:188} INFO - [2024-04-29T05:42:20.834+0000] {dag.py:3834} INFO - Setting next_dagrun for example_python_decorator to None, run_after=None
[2024-04-29T05:42:20.855+0000] {processor.py:183} INFO - Processing /home/airflow/.local/lib/python3.8/site-packages/airflow/example_dags/example_python_decorator.py took 0.141 seconds
[2024-04-29T05:42:50.936+0000] {processor.py:161} INFO - Started process (PID=4520) to work on /home/airflow/.local/lib/python3.8/site-packages/airflow/example_dags/example_python_decorator.py
[2024-04-29T05:42:50.937+0000] {processor.py:830} INFO - Processing file /home/airflow/.local/lib/python3.8/site-packages/airflow/example_dags/example_python_decorator.py for tasks to queue
[2024-04-29T05:42:50.939+0000] {logging_mixin.py:188} INFO - [2024-04-29T05:42:50.939+0000] {dagbag.py:540} INFO - Filling up the DagBag from /home/airflow/.local/lib/python3.8/site-packages/airflow/example_dags/example_python_decorator.py
[2024-04-29T05:42:50.956+0000] {processor.py:840} INFO - DAG(s) 'example_python_decorator' retrieved from /home/airflow/.local/lib/python3.8/site-packages/airflow/example_dags/example_python_decorator.py
[2024-04-29T05:42:50.981+0000] {logging_mixin.py:188} INFO - [2024-04-29T05:42:50.980+0000] {dag.py:3047} INFO - Sync 1 DAGs
[2024-04-29T05:42:50.998+0000] {logging_mixin.py:188} INFO - [2024-04-29T05:42:50.998+0000] {dag.py:3834} INFO - Setting next_dagrun for example_python_decorator to None, run_after=None
[2024-04-29T05:42:51.033+0000] {processor.py:183} INFO - Processing /home/airflow/.local/lib/python3.8/site-packages/airflow/example_dags/example_python_decorator.py took 0.100 seconds
[2024-04-29T05:43:21.155+0000] {processor.py:161} INFO - Started process (PID=4773) to work on /home/airflow/.local/lib/python3.8/site-packages/airflow/example_dags/example_python_decorator.py
[2024-04-29T05:43:21.155+0000] {processor.py:830} INFO - Processing file /home/airflow/.local/lib/python3.8/site-packages/airflow/example_dags/example_python_decorator.py for tasks to queue
[2024-04-29T05:43:21.157+0000] {logging_mixin.py:188} INFO - [2024-04-29T05:43:21.156+0000] {dagbag.py:540} INFO - Filling up the DagBag from /home/airflow/.local/lib/python3.8/site-packages/airflow/example_dags/example_python_decorator.py
[2024-04-29T05:43:21.177+0000] {processor.py:840} INFO - DAG(s) 'example_python_decorator' retrieved from /home/airflow/.local/lib/python3.8/site-packages/airflow/example_dags/example_python_decorator.py
[2024-04-29T05:43:21.204+0000] {logging_mixin.py:188} INFO - [2024-04-29T05:43:21.204+0000] {dag.py:3047} INFO - Sync 1 DAGs
[2024-04-29T05:43:21.219+0000] {logging_mixin.py:188} INFO - [2024-04-29T05:43:21.218+0000] {dag.py:3834} INFO - Setting next_dagrun for example_python_decorator to None, run_after=None
[2024-04-29T05:43:21.246+0000] {processor.py:183} INFO - Processing /home/airflow/.local/lib/python3.8/site-packages/airflow/example_dags/example_python_decorator.py took 0.095 seconds
[2024-04-29T05:43:51.488+0000] {processor.py:161} INFO - Started process (PID=5024) to work on /home/airflow/.local/lib/python3.8/site-packages/airflow/example_dags/example_python_decorator.py
[2024-04-29T05:43:51.490+0000] {processor.py:830} INFO - Processing file /home/airflow/.local/lib/python3.8/site-packages/airflow/example_dags/example_python_decorator.py for tasks to queue
[2024-04-29T05:43:51.491+0000] {logging_mixin.py:188} INFO - [2024-04-29T05:43:51.490+0000] {dagbag.py:540} INFO - Filling up the DagBag from /home/airflow/.local/lib/python3.8/site-packages/airflow/example_dags/example_python_decorator.py
[2024-04-29T05:43:51.513+0000] {processor.py:840} INFO - DAG(s) 'example_python_decorator' retrieved from /home/airflow/.local/lib/python3.8/site-packages/airflow/example_dags/example_python_decorator.py
[2024-04-29T05:43:51.578+0000] {logging_mixin.py:188} INFO - [2024-04-29T05:43:51.578+0000] {dag.py:3047} INFO - Sync 1 DAGs
[2024-04-29T05:43:51.599+0000] {logging_mixin.py:188} INFO - [2024-04-29T05:43:51.599+0000] {dag.py:3834} INFO - Setting next_dagrun for example_python_decorator to None, run_after=None
[2024-04-29T05:43:51.628+0000] {processor.py:183} INFO - Processing /home/airflow/.local/lib/python3.8/site-packages/airflow/example_dags/example_python_decorator.py took 0.144 seconds
[2024-04-29T05:44:21.949+0000] {processor.py:161} INFO - Started process (PID=5278) to work on /home/airflow/.local/lib/python3.8/site-packages/airflow/example_dags/example_python_decorator.py
[2024-04-29T05:44:21.951+0000] {processor.py:830} INFO - Processing file /home/airflow/.local/lib/python3.8/site-packages/airflow/example_dags/example_python_decorator.py for tasks to queue
[2024-04-29T05:44:21.952+0000] {logging_mixin.py:188} INFO - [2024-04-29T05:44:21.952+0000] {dagbag.py:540} INFO - Filling up the DagBag from /home/airflow/.local/lib/python3.8/site-packages/airflow/example_dags/example_python_decorator.py
[2024-04-29T05:44:21.969+0000] {processor.py:840} INFO - DAG(s) 'example_python_decorator' retrieved from /home/airflow/.local/lib/python3.8/site-packages/airflow/example_dags/example_python_decorator.py
[2024-04-29T05:44:21.996+0000] {logging_mixin.py:188} INFO - [2024-04-29T05:44:21.995+0000] {dag.py:3047} INFO - Sync 1 DAGs
[2024-04-29T05:44:22.012+0000] {logging_mixin.py:188} INFO - [2024-04-29T05:44:22.011+0000] {dag.py:3834} INFO - Setting next_dagrun for example_python_decorator to None, run_after=None
[2024-04-29T05:44:22.056+0000] {processor.py:183} INFO - Processing /home/airflow/.local/lib/python3.8/site-packages/airflow/example_dags/example_python_decorator.py took 0.110 seconds
[2024-04-29T05:44:52.233+0000] {processor.py:161} INFO - Started process (PID=5530) to work on /home/airflow/.local/lib/python3.8/site-packages/airflow/example_dags/example_python_decorator.py
[2024-04-29T05:44:52.234+0000] {processor.py:830} INFO - Processing file /home/airflow/.local/lib/python3.8/site-packages/airflow/example_dags/example_python_decorator.py for tasks to queue
[2024-04-29T05:44:52.236+0000] {logging_mixin.py:188} INFO - [2024-04-29T05:44:52.235+0000] {dagbag.py:540} INFO - Filling up the DagBag from /home/airflow/.local/lib/python3.8/site-packages/airflow/example_dags/example_python_decorator.py
[2024-04-29T05:44:52.253+0000] {processor.py:840} INFO - DAG(s) 'example_python_decorator' retrieved from /home/airflow/.local/lib/python3.8/site-packages/airflow/example_dags/example_python_decorator.py
[2024-04-29T05:44:52.280+0000] {logging_mixin.py:188} INFO - [2024-04-29T05:44:52.279+0000] {dag.py:3047} INFO - Sync 1 DAGs
[2024-04-29T05:44:52.294+0000] {logging_mixin.py:188} INFO - [2024-04-29T05:44:52.294+0000] {dag.py:3834} INFO - Setting next_dagrun for example_python_decorator to None, run_after=None
[2024-04-29T05:44:52.315+0000] {processor.py:183} INFO - Processing /home/airflow/.local/lib/python3.8/site-packages/airflow/example_dags/example_python_decorator.py took 0.085 seconds
[2024-04-29T05:45:22.419+0000] {processor.py:161} INFO - Started process (PID=5782) to work on /home/airflow/.local/lib/python3.8/site-packages/airflow/example_dags/example_python_decorator.py
[2024-04-29T05:45:22.419+0000] {processor.py:830} INFO - Processing file /home/airflow/.local/lib/python3.8/site-packages/airflow/example_dags/example_python_decorator.py for tasks to queue
[2024-04-29T05:45:22.420+0000] {logging_mixin.py:188} INFO - [2024-04-29T05:45:22.420+0000] {dagbag.py:540} INFO - Filling up the DagBag from /home/airflow/.local/lib/python3.8/site-packages/airflow/example_dags/example_python_decorator.py
[2024-04-29T05:45:22.436+0000] {processor.py:840} INFO - DAG(s) 'example_python_decorator' retrieved from /home/airflow/.local/lib/python3.8/site-packages/airflow/example_dags/example_python_decorator.py
[2024-04-29T05:45:22.464+0000] {logging_mixin.py:188} INFO - [2024-04-29T05:45:22.464+0000] {dag.py:3047} INFO - Sync 1 DAGs
[2024-04-29T05:45:22.480+0000] {logging_mixin.py:188} INFO - [2024-04-29T05:45:22.480+0000] {dag.py:3834} INFO - Setting next_dagrun for example_python_decorator to None, run_after=None
[2024-04-29T05:45:22.503+0000] {processor.py:183} INFO - Processing /home/airflow/.local/lib/python3.8/site-packages/airflow/example_dags/example_python_decorator.py took 0.088 seconds
[2024-04-29T05:45:52.980+0000] {processor.py:161} INFO - Started process (PID=6035) to work on /home/airflow/.local/lib/python3.8/site-packages/airflow/example_dags/example_python_decorator.py
[2024-04-29T05:45:52.981+0000] {processor.py:830} INFO - Processing file /home/airflow/.local/lib/python3.8/site-packages/airflow/example_dags/example_python_decorator.py for tasks to queue
[2024-04-29T05:45:52.982+0000] {logging_mixin.py:188} INFO - [2024-04-29T05:45:52.982+0000] {dagbag.py:540} INFO - Filling up the DagBag from /home/airflow/.local/lib/python3.8/site-packages/airflow/example_dags/example_python_decorator.py
[2024-04-29T05:45:52.997+0000] {processor.py:840} INFO - DAG(s) 'example_python_decorator' retrieved from /home/airflow/.local/lib/python3.8/site-packages/airflow/example_dags/example_python_decorator.py
[2024-04-29T05:45:53.024+0000] {logging_mixin.py:188} INFO - [2024-04-29T05:45:53.023+0000] {dag.py:3047} INFO - Sync 1 DAGs
[2024-04-29T05:45:53.038+0000] {logging_mixin.py:188} INFO - [2024-04-29T05:45:53.038+0000] {dag.py:3834} INFO - Setting next_dagrun for example_python_decorator to None, run_after=None
[2024-04-29T05:45:53.063+0000] {processor.py:183} INFO - Processing /home/airflow/.local/lib/python3.8/site-packages/airflow/example_dags/example_python_decorator.py took 0.087 seconds
[2024-04-29T05:46:23.437+0000] {processor.py:161} INFO - Started process (PID=6288) to work on /home/airflow/.local/lib/python3.8/site-packages/airflow/example_dags/example_python_decorator.py
[2024-04-29T05:46:23.440+0000] {processor.py:830} INFO - Processing file /home/airflow/.local/lib/python3.8/site-packages/airflow/example_dags/example_python_decorator.py for tasks to queue
[2024-04-29T05:46:23.441+0000] {logging_mixin.py:188} INFO - [2024-04-29T05:46:23.441+0000] {dagbag.py:540} INFO - Filling up the DagBag from /home/airflow/.local/lib/python3.8/site-packages/airflow/example_dags/example_python_decorator.py
[2024-04-29T05:46:23.474+0000] {processor.py:840} INFO - DAG(s) 'example_python_decorator' retrieved from /home/airflow/.local/lib/python3.8/site-packages/airflow/example_dags/example_python_decorator.py
[2024-04-29T05:46:23.526+0000] {logging_mixin.py:188} INFO - [2024-04-29T05:46:23.526+0000] {dag.py:3047} INFO - Sync 1 DAGs
[2024-04-29T05:46:23.557+0000] {logging_mixin.py:188} INFO - [2024-04-29T05:46:23.557+0000] {dag.py:3834} INFO - Setting next_dagrun for example_python_decorator to None, run_after=None
[2024-04-29T05:46:23.590+0000] {processor.py:183} INFO - Processing /home/airflow/.local/lib/python3.8/site-packages/airflow/example_dags/example_python_decorator.py took 0.157 seconds
[2024-04-29T05:46:54.173+0000] {processor.py:161} INFO - Started process (PID=6540) to work on /home/airflow/.local/lib/python3.8/site-packages/airflow/example_dags/example_python_decorator.py
[2024-04-29T05:46:54.175+0000] {processor.py:830} INFO - Processing file /home/airflow/.local/lib/python3.8/site-packages/airflow/example_dags/example_python_decorator.py for tasks to queue
[2024-04-29T05:46:54.176+0000] {logging_mixin.py:188} INFO - [2024-04-29T05:46:54.175+0000] {dagbag.py:540} INFO - Filling up the DagBag from /home/airflow/.local/lib/python3.8/site-packages/airflow/example_dags/example_python_decorator.py
[2024-04-29T05:46:54.192+0000] {processor.py:840} INFO - DAG(s) 'example_python_decorator' retrieved from /home/airflow/.local/lib/python3.8/site-packages/airflow/example_dags/example_python_decorator.py
[2024-04-29T05:46:54.218+0000] {logging_mixin.py:188} INFO - [2024-04-29T05:46:54.218+0000] {dag.py:3047} INFO - Sync 1 DAGs
[2024-04-29T05:46:54.236+0000] {logging_mixin.py:188} INFO - [2024-04-29T05:46:54.236+0000] {dag.py:3834} INFO - Setting next_dagrun for example_python_decorator to None, run_after=None
[2024-04-29T05:46:54.258+0000] {processor.py:183} INFO - Processing /home/airflow/.local/lib/python3.8/site-packages/airflow/example_dags/example_python_decorator.py took 0.088 seconds
[2024-04-29T05:47:24.822+0000] {processor.py:161} INFO - Started process (PID=6792) to work on /home/airflow/.local/lib/python3.8/site-packages/airflow/example_dags/example_python_decorator.py
[2024-04-29T05:47:24.823+0000] {processor.py:830} INFO - Processing file /home/airflow/.local/lib/python3.8/site-packages/airflow/example_dags/example_python_decorator.py for tasks to queue
[2024-04-29T05:47:24.824+0000] {logging_mixin.py:188} INFO - [2024-04-29T05:47:24.823+0000] {dagbag.py:540} INFO - Filling up the DagBag from /home/airflow/.local/lib/python3.8/site-packages/airflow/example_dags/example_python_decorator.py
[2024-04-29T05:47:24.860+0000] {processor.py:840} INFO - DAG(s) 'example_python_decorator' retrieved from /home/airflow/.local/lib/python3.8/site-packages/airflow/example_dags/example_python_decorator.py
[2024-04-29T05:47:24.900+0000] {logging_mixin.py:188} INFO - [2024-04-29T05:47:24.897+0000] {dag.py:3047} INFO - Sync 1 DAGs
[2024-04-29T05:47:24.915+0000] {logging_mixin.py:188} INFO - [2024-04-29T05:47:24.915+0000] {dag.py:3834} INFO - Setting next_dagrun for example_python_decorator to None, run_after=None
[2024-04-29T05:47:24.939+0000] {processor.py:183} INFO - Processing /home/airflow/.local/lib/python3.8/site-packages/airflow/example_dags/example_python_decorator.py took 0.120 seconds
[2024-04-29T05:47:55.346+0000] {processor.py:161} INFO - Started process (PID=7045) to work on /home/airflow/.local/lib/python3.8/site-packages/airflow/example_dags/example_python_decorator.py
[2024-04-29T05:47:55.347+0000] {processor.py:830} INFO - Processing file /home/airflow/.local/lib/python3.8/site-packages/airflow/example_dags/example_python_decorator.py for tasks to queue
[2024-04-29T05:47:55.349+0000] {logging_mixin.py:188} INFO - [2024-04-29T05:47:55.348+0000] {dagbag.py:540} INFO - Filling up the DagBag from /home/airflow/.local/lib/python3.8/site-packages/airflow/example_dags/example_python_decorator.py
[2024-04-29T05:47:55.364+0000] {processor.py:840} INFO - DAG(s) 'example_python_decorator' retrieved from /home/airflow/.local/lib/python3.8/site-packages/airflow/example_dags/example_python_decorator.py
[2024-04-29T05:47:55.391+0000] {logging_mixin.py:188} INFO - [2024-04-29T05:47:55.390+0000] {dag.py:3047} INFO - Sync 1 DAGs
[2024-04-29T05:47:55.408+0000] {logging_mixin.py:188} INFO - [2024-04-29T05:47:55.408+0000] {dag.py:3834} INFO - Setting next_dagrun for example_python_decorator to None, run_after=None
[2024-04-29T05:47:55.433+0000] {processor.py:183} INFO - Processing /home/airflow/.local/lib/python3.8/site-packages/airflow/example_dags/example_python_decorator.py took 0.090 seconds
[2024-04-29T05:48:25.587+0000] {processor.py:161} INFO - Started process (PID=7297) to work on /home/airflow/.local/lib/python3.8/site-packages/airflow/example_dags/example_python_decorator.py
[2024-04-29T05:48:25.588+0000] {processor.py:830} INFO - Processing file /home/airflow/.local/lib/python3.8/site-packages/airflow/example_dags/example_python_decorator.py for tasks to queue
[2024-04-29T05:48:25.589+0000] {logging_mixin.py:188} INFO - [2024-04-29T05:48:25.589+0000] {dagbag.py:540} INFO - Filling up the DagBag from /home/airflow/.local/lib/python3.8/site-packages/airflow/example_dags/example_python_decorator.py
[2024-04-29T05:48:25.606+0000] {processor.py:840} INFO - DAG(s) 'example_python_decorator' retrieved from /home/airflow/.local/lib/python3.8/site-packages/airflow/example_dags/example_python_decorator.py
[2024-04-29T05:48:25.633+0000] {logging_mixin.py:188} INFO - [2024-04-29T05:48:25.633+0000] {dag.py:3047} INFO - Sync 1 DAGs
[2024-04-29T05:48:25.645+0000] {logging_mixin.py:188} INFO - [2024-04-29T05:48:25.645+0000] {dag.py:3834} INFO - Setting next_dagrun for example_python_decorator to None, run_after=None
[2024-04-29T05:48:25.669+0000] {processor.py:183} INFO - Processing /home/airflow/.local/lib/python3.8/site-packages/airflow/example_dags/example_python_decorator.py took 0.085 seconds
[2024-04-29T05:48:56.054+0000] {processor.py:161} INFO - Started process (PID=7549) to work on /home/airflow/.local/lib/python3.8/site-packages/airflow/example_dags/example_python_decorator.py
[2024-04-29T05:48:56.055+0000] {processor.py:830} INFO - Processing file /home/airflow/.local/lib/python3.8/site-packages/airflow/example_dags/example_python_decorator.py for tasks to queue
[2024-04-29T05:48:56.056+0000] {logging_mixin.py:188} INFO - [2024-04-29T05:48:56.056+0000] {dagbag.py:540} INFO - Filling up the DagBag from /home/airflow/.local/lib/python3.8/site-packages/airflow/example_dags/example_python_decorator.py
[2024-04-29T05:48:56.071+0000] {processor.py:840} INFO - DAG(s) 'example_python_decorator' retrieved from /home/airflow/.local/lib/python3.8/site-packages/airflow/example_dags/example_python_decorator.py
[2024-04-29T05:48:56.102+0000] {logging_mixin.py:188} INFO - [2024-04-29T05:48:56.101+0000] {dag.py:3047} INFO - Sync 1 DAGs
[2024-04-29T05:48:56.117+0000] {logging_mixin.py:188} INFO - [2024-04-29T05:48:56.117+0000] {dag.py:3834} INFO - Setting next_dagrun for example_python_decorator to None, run_after=None
[2024-04-29T05:48:56.140+0000] {processor.py:183} INFO - Processing /home/airflow/.local/lib/python3.8/site-packages/airflow/example_dags/example_python_decorator.py took 0.089 seconds
[2024-04-29T05:49:26.299+0000] {processor.py:161} INFO - Started process (PID=7801) to work on /home/airflow/.local/lib/python3.8/site-packages/airflow/example_dags/example_python_decorator.py
[2024-04-29T05:49:26.300+0000] {processor.py:830} INFO - Processing file /home/airflow/.local/lib/python3.8/site-packages/airflow/example_dags/example_python_decorator.py for tasks to queue
[2024-04-29T05:49:26.301+0000] {logging_mixin.py:188} INFO - [2024-04-29T05:49:26.301+0000] {dagbag.py:540} INFO - Filling up the DagBag from /home/airflow/.local/lib/python3.8/site-packages/airflow/example_dags/example_python_decorator.py
[2024-04-29T05:49:26.319+0000] {processor.py:840} INFO - DAG(s) 'example_python_decorator' retrieved from /home/airflow/.local/lib/python3.8/site-packages/airflow/example_dags/example_python_decorator.py
[2024-04-29T05:49:26.345+0000] {logging_mixin.py:188} INFO - [2024-04-29T05:49:26.344+0000] {dag.py:3047} INFO - Sync 1 DAGs
[2024-04-29T05:49:26.360+0000] {logging_mixin.py:188} INFO - [2024-04-29T05:49:26.359+0000] {dag.py:3834} INFO - Setting next_dagrun for example_python_decorator to None, run_after=None
[2024-04-29T05:49:26.384+0000] {processor.py:183} INFO - Processing /home/airflow/.local/lib/python3.8/site-packages/airflow/example_dags/example_python_decorator.py took 0.089 seconds
[2024-04-29T05:49:56.516+0000] {processor.py:161} INFO - Started process (PID=8054) to work on /home/airflow/.local/lib/python3.8/site-packages/airflow/example_dags/example_python_decorator.py
[2024-04-29T05:49:56.517+0000] {processor.py:830} INFO - Processing file /home/airflow/.local/lib/python3.8/site-packages/airflow/example_dags/example_python_decorator.py for tasks to queue
[2024-04-29T05:49:56.519+0000] {logging_mixin.py:188} INFO - [2024-04-29T05:49:56.518+0000] {dagbag.py:540} INFO - Filling up the DagBag from /home/airflow/.local/lib/python3.8/site-packages/airflow/example_dags/example_python_decorator.py
[2024-04-29T05:49:56.535+0000] {processor.py:840} INFO - DAG(s) 'example_python_decorator' retrieved from /home/airflow/.local/lib/python3.8/site-packages/airflow/example_dags/example_python_decorator.py
[2024-04-29T05:49:56.561+0000] {logging_mixin.py:188} INFO - [2024-04-29T05:49:56.560+0000] {dag.py:3047} INFO - Sync 1 DAGs
[2024-04-29T05:49:56.575+0000] {logging_mixin.py:188} INFO - [2024-04-29T05:49:56.575+0000] {dag.py:3834} INFO - Setting next_dagrun for example_python_decorator to None, run_after=None
[2024-04-29T05:49:56.599+0000] {processor.py:183} INFO - Processing /home/airflow/.local/lib/python3.8/site-packages/airflow/example_dags/example_python_decorator.py took 0.086 seconds
