[2024-04-29T05:31:58.332+0000] {processor.py:161} INFO - Started process (PID=333) to work on /home/airflow/.local/lib/python3.8/site-packages/airflow/example_dags/example_sensor_decorator.py
[2024-04-29T05:31:58.333+0000] {processor.py:830} INFO - Processing file /home/airflow/.local/lib/python3.8/site-packages/airflow/example_dags/example_sensor_decorator.py for tasks to queue
[2024-04-29T05:31:58.335+0000] {logging_mixin.py:188} INFO - [2024-04-29T05:31:58.334+0000] {dagbag.py:540} INFO - Filling up the DagBag from /home/airflow/.local/lib/python3.8/site-packages/airflow/example_dags/example_sensor_decorator.py
[2024-04-29T05:31:58.370+0000] {processor.py:840} INFO - DAG(s) 'example_sensor_decorator' retrieved from /home/airflow/.local/lib/python3.8/site-packages/airflow/example_dags/example_sensor_decorator.py
[2024-04-29T05:31:58.673+0000] {logging_mixin.py:188} INFO - [2024-04-29T05:31:58.672+0000] {override.py:1769} INFO - Created Permission View: can read on DAG:example_sensor_decorator
[2024-04-29T05:31:58.694+0000] {logging_mixin.py:188} INFO - [2024-04-29T05:31:58.693+0000] {override.py:1769} INFO - Created Permission View: can edit on DAG:example_sensor_decorator
[2024-04-29T05:31:58.723+0000] {logging_mixin.py:188} INFO - [2024-04-29T05:31:58.723+0000] {override.py:1769} INFO - Created Permission View: can delete on DAG:example_sensor_decorator
[2024-04-29T05:31:58.724+0000] {logging_mixin.py:188} INFO - [2024-04-29T05:31:58.723+0000] {dag.py:3047} INFO - Sync 1 DAGs
[2024-04-29T05:31:58.741+0000] {logging_mixin.py:188} INFO - [2024-04-29T05:31:58.740+0000] {dag.py:3069} INFO - Creating ORM DAG for example_sensor_decorator
[2024-04-29T05:31:58.742+0000] {logging_mixin.py:188} INFO - [2024-04-29T05:31:58.742+0000] {dag.py:3834} INFO - Setting next_dagrun for example_sensor_decorator to None, run_after=None
[2024-04-29T05:31:58.767+0000] {processor.py:183} INFO - Processing /home/airflow/.local/lib/python3.8/site-packages/airflow/example_dags/example_sensor_decorator.py took 0.439 seconds
[2024-04-29T05:32:29.491+0000] {processor.py:161} INFO - Started process (PID=585) to work on /home/airflow/.local/lib/python3.8/site-packages/airflow/example_dags/example_sensor_decorator.py
[2024-04-29T05:32:29.492+0000] {processor.py:830} INFO - Processing file /home/airflow/.local/lib/python3.8/site-packages/airflow/example_dags/example_sensor_decorator.py for tasks to queue
[2024-04-29T05:32:29.493+0000] {logging_mixin.py:188} INFO - [2024-04-29T05:32:29.493+0000] {dagbag.py:540} INFO - Filling up the DagBag from /home/airflow/.local/lib/python3.8/site-packages/airflow/example_dags/example_sensor_decorator.py
[2024-04-29T05:32:29.500+0000] {processor.py:840} INFO - DAG(s) 'example_sensor_decorator' retrieved from /home/airflow/.local/lib/python3.8/site-packages/airflow/example_dags/example_sensor_decorator.py
[2024-04-29T05:32:29.608+0000] {logging_mixin.py:188} INFO - [2024-04-29T05:32:29.608+0000] {dag.py:3047} INFO - Sync 1 DAGs
[2024-04-29T05:32:29.631+0000] {logging_mixin.py:188} INFO - [2024-04-29T05:32:29.630+0000] {dag.py:3834} INFO - Setting next_dagrun for example_sensor_decorator to None, run_after=None
[2024-04-29T05:32:29.674+0000] {processor.py:183} INFO - Processing /home/airflow/.local/lib/python3.8/site-packages/airflow/example_dags/example_sensor_decorator.py took 0.186 seconds
[2024-04-29T05:33:00.321+0000] {processor.py:161} INFO - Started process (PID=836) to work on /home/airflow/.local/lib/python3.8/site-packages/airflow/example_dags/example_sensor_decorator.py
[2024-04-29T05:33:00.324+0000] {processor.py:830} INFO - Processing file /home/airflow/.local/lib/python3.8/site-packages/airflow/example_dags/example_sensor_decorator.py for tasks to queue
[2024-04-29T05:33:00.325+0000] {logging_mixin.py:188} INFO - [2024-04-29T05:33:00.325+0000] {dagbag.py:540} INFO - Filling up the DagBag from /home/airflow/.local/lib/python3.8/site-packages/airflow/example_dags/example_sensor_decorator.py
[2024-04-29T05:33:00.335+0000] {processor.py:840} INFO - DAG(s) 'example_sensor_decorator' retrieved from /home/airflow/.local/lib/python3.8/site-packages/airflow/example_dags/example_sensor_decorator.py
[2024-04-29T05:33:00.386+0000] {logging_mixin.py:188} INFO - [2024-04-29T05:33:00.386+0000] {dag.py:3047} INFO - Sync 1 DAGs
[2024-04-29T05:33:00.406+0000] {logging_mixin.py:188} INFO - [2024-04-29T05:33:00.406+0000] {dag.py:3834} INFO - Setting next_dagrun for example_sensor_decorator to None, run_after=None
[2024-04-29T05:33:00.445+0000] {processor.py:183} INFO - Processing /home/airflow/.local/lib/python3.8/site-packages/airflow/example_dags/example_sensor_decorator.py took 0.138 seconds
[2024-04-29T05:34:28.300+0000] {processor.py:161} INFO - Started process (PID=330) to work on /home/airflow/.local/lib/python3.8/site-packages/airflow/example_dags/example_sensor_decorator.py
[2024-04-29T05:34:28.312+0000] {processor.py:830} INFO - Processing file /home/airflow/.local/lib/python3.8/site-packages/airflow/example_dags/example_sensor_decorator.py for tasks to queue
[2024-04-29T05:34:28.314+0000] {logging_mixin.py:188} INFO - [2024-04-29T05:34:28.314+0000] {dagbag.py:540} INFO - Filling up the DagBag from /home/airflow/.local/lib/python3.8/site-packages/airflow/example_dags/example_sensor_decorator.py
[2024-04-29T05:34:28.356+0000] {processor.py:840} INFO - DAG(s) 'example_sensor_decorator' retrieved from /home/airflow/.local/lib/python3.8/site-packages/airflow/example_dags/example_sensor_decorator.py
[2024-04-29T05:34:28.377+0000] {logging_mixin.py:188} INFO - [2024-04-29T05:34:28.377+0000] {dag.py:3047} INFO - Sync 1 DAGs
[2024-04-29T05:34:28.396+0000] {logging_mixin.py:188} INFO - [2024-04-29T05:34:28.395+0000] {dag.py:3834} INFO - Setting next_dagrun for example_sensor_decorator to None, run_after=None
[2024-04-29T05:34:28.430+0000] {processor.py:183} INFO - Processing /home/airflow/.local/lib/python3.8/site-packages/airflow/example_dags/example_sensor_decorator.py took 0.134 seconds
[2024-04-29T05:35:00.247+0000] {processor.py:161} INFO - Started process (PID=582) to work on /home/airflow/.local/lib/python3.8/site-packages/airflow/example_dags/example_sensor_decorator.py
[2024-04-29T05:35:00.248+0000] {processor.py:830} INFO - Processing file /home/airflow/.local/lib/python3.8/site-packages/airflow/example_dags/example_sensor_decorator.py for tasks to queue
[2024-04-29T05:35:00.249+0000] {logging_mixin.py:188} INFO - [2024-04-29T05:35:00.248+0000] {dagbag.py:540} INFO - Filling up the DagBag from /home/airflow/.local/lib/python3.8/site-packages/airflow/example_dags/example_sensor_decorator.py
[2024-04-29T05:35:00.256+0000] {processor.py:840} INFO - DAG(s) 'example_sensor_decorator' retrieved from /home/airflow/.local/lib/python3.8/site-packages/airflow/example_dags/example_sensor_decorator.py
[2024-04-29T05:35:00.391+0000] {logging_mixin.py:188} INFO - [2024-04-29T05:35:00.390+0000] {dag.py:3047} INFO - Sync 1 DAGs
[2024-04-29T05:35:00.406+0000] {logging_mixin.py:188} INFO - [2024-04-29T05:35:00.406+0000] {dag.py:3834} INFO - Setting next_dagrun for example_sensor_decorator to None, run_after=None
[2024-04-29T05:35:00.430+0000] {processor.py:183} INFO - Processing /home/airflow/.local/lib/python3.8/site-packages/airflow/example_dags/example_sensor_decorator.py took 0.186 seconds
[2024-04-29T05:35:30.809+0000] {processor.py:161} INFO - Started process (PID=834) to work on /home/airflow/.local/lib/python3.8/site-packages/airflow/example_dags/example_sensor_decorator.py
[2024-04-29T05:35:30.815+0000] {processor.py:830} INFO - Processing file /home/airflow/.local/lib/python3.8/site-packages/airflow/example_dags/example_sensor_decorator.py for tasks to queue
[2024-04-29T05:35:30.818+0000] {logging_mixin.py:188} INFO - [2024-04-29T05:35:30.818+0000] {dagbag.py:540} INFO - Filling up the DagBag from /home/airflow/.local/lib/python3.8/site-packages/airflow/example_dags/example_sensor_decorator.py
[2024-04-29T05:35:30.833+0000] {processor.py:840} INFO - DAG(s) 'example_sensor_decorator' retrieved from /home/airflow/.local/lib/python3.8/site-packages/airflow/example_dags/example_sensor_decorator.py
[2024-04-29T05:35:30.857+0000] {logging_mixin.py:188} INFO - [2024-04-29T05:35:30.857+0000] {dag.py:3047} INFO - Sync 1 DAGs
[2024-04-29T05:35:30.869+0000] {logging_mixin.py:188} INFO - [2024-04-29T05:35:30.869+0000] {dag.py:3834} INFO - Setting next_dagrun for example_sensor_decorator to None, run_after=None
[2024-04-29T05:35:30.894+0000] {processor.py:183} INFO - Processing /home/airflow/.local/lib/python3.8/site-packages/airflow/example_dags/example_sensor_decorator.py took 0.091 seconds
[2024-04-29T05:36:01.848+0000] {processor.py:161} INFO - Started process (PID=1085) to work on /home/airflow/.local/lib/python3.8/site-packages/airflow/example_dags/example_sensor_decorator.py
[2024-04-29T05:36:01.849+0000] {processor.py:830} INFO - Processing file /home/airflow/.local/lib/python3.8/site-packages/airflow/example_dags/example_sensor_decorator.py for tasks to queue
[2024-04-29T05:36:01.850+0000] {logging_mixin.py:188} INFO - [2024-04-29T05:36:01.850+0000] {dagbag.py:540} INFO - Filling up the DagBag from /home/airflow/.local/lib/python3.8/site-packages/airflow/example_dags/example_sensor_decorator.py
[2024-04-29T05:36:01.859+0000] {processor.py:840} INFO - DAG(s) 'example_sensor_decorator' retrieved from /home/airflow/.local/lib/python3.8/site-packages/airflow/example_dags/example_sensor_decorator.py
[2024-04-29T05:36:01.880+0000] {logging_mixin.py:188} INFO - [2024-04-29T05:36:01.879+0000] {dag.py:3047} INFO - Sync 1 DAGs
[2024-04-29T05:36:01.895+0000] {logging_mixin.py:188} INFO - [2024-04-29T05:36:01.894+0000] {dag.py:3834} INFO - Setting next_dagrun for example_sensor_decorator to None, run_after=None
[2024-04-29T05:36:01.916+0000] {processor.py:183} INFO - Processing /home/airflow/.local/lib/python3.8/site-packages/airflow/example_dags/example_sensor_decorator.py took 0.072 seconds
[2024-04-29T05:36:32.310+0000] {processor.py:161} INFO - Started process (PID=1338) to work on /home/airflow/.local/lib/python3.8/site-packages/airflow/example_dags/example_sensor_decorator.py
[2024-04-29T05:36:32.311+0000] {processor.py:830} INFO - Processing file /home/airflow/.local/lib/python3.8/site-packages/airflow/example_dags/example_sensor_decorator.py for tasks to queue
[2024-04-29T05:36:32.312+0000] {logging_mixin.py:188} INFO - [2024-04-29T05:36:32.311+0000] {dagbag.py:540} INFO - Filling up the DagBag from /home/airflow/.local/lib/python3.8/site-packages/airflow/example_dags/example_sensor_decorator.py
[2024-04-29T05:36:32.319+0000] {processor.py:840} INFO - DAG(s) 'example_sensor_decorator' retrieved from /home/airflow/.local/lib/python3.8/site-packages/airflow/example_dags/example_sensor_decorator.py
[2024-04-29T05:36:32.341+0000] {logging_mixin.py:188} INFO - [2024-04-29T05:36:32.341+0000] {dag.py:3047} INFO - Sync 1 DAGs
[2024-04-29T05:36:32.353+0000] {logging_mixin.py:188} INFO - [2024-04-29T05:36:32.353+0000] {dag.py:3834} INFO - Setting next_dagrun for example_sensor_decorator to None, run_after=None
[2024-04-29T05:36:32.377+0000] {processor.py:183} INFO - Processing /home/airflow/.local/lib/python3.8/site-packages/airflow/example_dags/example_sensor_decorator.py took 0.070 seconds
[2024-04-29T05:37:02.978+0000] {processor.py:161} INFO - Started process (PID=1593) to work on /home/airflow/.local/lib/python3.8/site-packages/airflow/example_dags/example_sensor_decorator.py
[2024-04-29T05:37:02.979+0000] {processor.py:830} INFO - Processing file /home/airflow/.local/lib/python3.8/site-packages/airflow/example_dags/example_sensor_decorator.py for tasks to queue
[2024-04-29T05:37:02.980+0000] {logging_mixin.py:188} INFO - [2024-04-29T05:37:02.980+0000] {dagbag.py:540} INFO - Filling up the DagBag from /home/airflow/.local/lib/python3.8/site-packages/airflow/example_dags/example_sensor_decorator.py
[2024-04-29T05:37:02.987+0000] {processor.py:840} INFO - DAG(s) 'example_sensor_decorator' retrieved from /home/airflow/.local/lib/python3.8/site-packages/airflow/example_dags/example_sensor_decorator.py
[2024-04-29T05:37:03.005+0000] {logging_mixin.py:188} INFO - [2024-04-29T05:37:03.005+0000] {dag.py:3047} INFO - Sync 1 DAGs
[2024-04-29T05:37:03.017+0000] {logging_mixin.py:188} INFO - [2024-04-29T05:37:03.017+0000] {dag.py:3834} INFO - Setting next_dagrun for example_sensor_decorator to None, run_after=None
[2024-04-29T05:37:03.038+0000] {processor.py:183} INFO - Processing /home/airflow/.local/lib/python3.8/site-packages/airflow/example_dags/example_sensor_decorator.py took 0.062 seconds
[2024-04-29T05:37:33.548+0000] {processor.py:161} INFO - Started process (PID=1845) to work on /home/airflow/.local/lib/python3.8/site-packages/airflow/example_dags/example_sensor_decorator.py
[2024-04-29T05:37:33.550+0000] {processor.py:830} INFO - Processing file /home/airflow/.local/lib/python3.8/site-packages/airflow/example_dags/example_sensor_decorator.py for tasks to queue
[2024-04-29T05:37:33.553+0000] {logging_mixin.py:188} INFO - [2024-04-29T05:37:33.553+0000] {dagbag.py:540} INFO - Filling up the DagBag from /home/airflow/.local/lib/python3.8/site-packages/airflow/example_dags/example_sensor_decorator.py
[2024-04-29T05:37:33.566+0000] {processor.py:840} INFO - DAG(s) 'example_sensor_decorator' retrieved from /home/airflow/.local/lib/python3.8/site-packages/airflow/example_dags/example_sensor_decorator.py
[2024-04-29T05:37:33.601+0000] {logging_mixin.py:188} INFO - [2024-04-29T05:37:33.601+0000] {dag.py:3047} INFO - Sync 1 DAGs
[2024-04-29T05:37:33.617+0000] {logging_mixin.py:188} INFO - [2024-04-29T05:37:33.616+0000] {dag.py:3834} INFO - Setting next_dagrun for example_sensor_decorator to None, run_after=None
[2024-04-29T05:37:33.649+0000] {processor.py:183} INFO - Processing /home/airflow/.local/lib/python3.8/site-packages/airflow/example_dags/example_sensor_decorator.py took 0.106 seconds
[2024-04-29T05:38:19.427+0000] {processor.py:161} INFO - Started process (PID=2216) to work on /home/airflow/.local/lib/python3.8/site-packages/airflow/example_dags/example_sensor_decorator.py
[2024-04-29T05:38:19.438+0000] {processor.py:830} INFO - Processing file /home/airflow/.local/lib/python3.8/site-packages/airflow/example_dags/example_sensor_decorator.py for tasks to queue
[2024-04-29T05:38:19.442+0000] {logging_mixin.py:188} INFO - [2024-04-29T05:38:19.442+0000] {dagbag.py:540} INFO - Filling up the DagBag from /home/airflow/.local/lib/python3.8/site-packages/airflow/example_dags/example_sensor_decorator.py
[2024-04-29T05:38:19.475+0000] {processor.py:840} INFO - DAG(s) 'example_sensor_decorator' retrieved from /home/airflow/.local/lib/python3.8/site-packages/airflow/example_dags/example_sensor_decorator.py
[2024-04-29T05:38:19.622+0000] {logging_mixin.py:188} INFO - [2024-04-29T05:38:19.622+0000] {dag.py:3047} INFO - Sync 1 DAGs
[2024-04-29T05:38:19.724+0000] {logging_mixin.py:188} INFO - [2024-04-29T05:38:19.723+0000] {dag.py:3834} INFO - Setting next_dagrun for example_sensor_decorator to None, run_after=None
[2024-04-29T05:38:19.913+0000] {processor.py:183} INFO - Processing /home/airflow/.local/lib/python3.8/site-packages/airflow/example_dags/example_sensor_decorator.py took 0.494 seconds
[2024-04-29T05:38:50.426+0000] {processor.py:161} INFO - Started process (PID=2508) to work on /home/airflow/.local/lib/python3.8/site-packages/airflow/example_dags/example_sensor_decorator.py
[2024-04-29T05:38:50.427+0000] {processor.py:830} INFO - Processing file /home/airflow/.local/lib/python3.8/site-packages/airflow/example_dags/example_sensor_decorator.py for tasks to queue
[2024-04-29T05:38:50.428+0000] {logging_mixin.py:188} INFO - [2024-04-29T05:38:50.428+0000] {dagbag.py:540} INFO - Filling up the DagBag from /home/airflow/.local/lib/python3.8/site-packages/airflow/example_dags/example_sensor_decorator.py
[2024-04-29T05:38:50.439+0000] {processor.py:840} INFO - DAG(s) 'example_sensor_decorator' retrieved from /home/airflow/.local/lib/python3.8/site-packages/airflow/example_dags/example_sensor_decorator.py
[2024-04-29T05:38:50.463+0000] {logging_mixin.py:188} INFO - [2024-04-29T05:38:50.462+0000] {dag.py:3047} INFO - Sync 1 DAGs
[2024-04-29T05:38:50.476+0000] {logging_mixin.py:188} INFO - [2024-04-29T05:38:50.475+0000] {dag.py:3834} INFO - Setting next_dagrun for example_sensor_decorator to None, run_after=None
[2024-04-29T05:38:50.500+0000] {processor.py:183} INFO - Processing /home/airflow/.local/lib/python3.8/site-packages/airflow/example_dags/example_sensor_decorator.py took 0.077 seconds
[2024-04-29T05:39:20.637+0000] {processor.py:161} INFO - Started process (PID=2758) to work on /home/airflow/.local/lib/python3.8/site-packages/airflow/example_dags/example_sensor_decorator.py
[2024-04-29T05:39:20.637+0000] {processor.py:830} INFO - Processing file /home/airflow/.local/lib/python3.8/site-packages/airflow/example_dags/example_sensor_decorator.py for tasks to queue
[2024-04-29T05:39:20.638+0000] {logging_mixin.py:188} INFO - [2024-04-29T05:39:20.638+0000] {dagbag.py:540} INFO - Filling up the DagBag from /home/airflow/.local/lib/python3.8/site-packages/airflow/example_dags/example_sensor_decorator.py
[2024-04-29T05:39:20.643+0000] {processor.py:840} INFO - DAG(s) 'example_sensor_decorator' retrieved from /home/airflow/.local/lib/python3.8/site-packages/airflow/example_dags/example_sensor_decorator.py
[2024-04-29T05:39:20.659+0000] {logging_mixin.py:188} INFO - [2024-04-29T05:39:20.658+0000] {dag.py:3047} INFO - Sync 1 DAGs
[2024-04-29T05:39:20.668+0000] {logging_mixin.py:188} INFO - [2024-04-29T05:39:20.668+0000] {dag.py:3834} INFO - Setting next_dagrun for example_sensor_decorator to None, run_after=None
[2024-04-29T05:39:20.693+0000] {processor.py:183} INFO - Processing /home/airflow/.local/lib/python3.8/site-packages/airflow/example_dags/example_sensor_decorator.py took 0.060 seconds
[2024-04-29T05:39:50.814+0000] {processor.py:161} INFO - Started process (PID=3012) to work on /home/airflow/.local/lib/python3.8/site-packages/airflow/example_dags/example_sensor_decorator.py
[2024-04-29T05:39:50.815+0000] {processor.py:830} INFO - Processing file /home/airflow/.local/lib/python3.8/site-packages/airflow/example_dags/example_sensor_decorator.py for tasks to queue
[2024-04-29T05:39:50.815+0000] {logging_mixin.py:188} INFO - [2024-04-29T05:39:50.815+0000] {dagbag.py:540} INFO - Filling up the DagBag from /home/airflow/.local/lib/python3.8/site-packages/airflow/example_dags/example_sensor_decorator.py
[2024-04-29T05:39:50.820+0000] {processor.py:840} INFO - DAG(s) 'example_sensor_decorator' retrieved from /home/airflow/.local/lib/python3.8/site-packages/airflow/example_dags/example_sensor_decorator.py
[2024-04-29T05:39:50.836+0000] {logging_mixin.py:188} INFO - [2024-04-29T05:39:50.836+0000] {dag.py:3047} INFO - Sync 1 DAGs
[2024-04-29T05:39:50.847+0000] {logging_mixin.py:188} INFO - [2024-04-29T05:39:50.846+0000] {dag.py:3834} INFO - Setting next_dagrun for example_sensor_decorator to None, run_after=None
[2024-04-29T05:39:50.867+0000] {processor.py:183} INFO - Processing /home/airflow/.local/lib/python3.8/site-packages/airflow/example_dags/example_sensor_decorator.py took 0.056 seconds
[2024-04-29T05:40:21.001+0000] {processor.py:161} INFO - Started process (PID=3265) to work on /home/airflow/.local/lib/python3.8/site-packages/airflow/example_dags/example_sensor_decorator.py
[2024-04-29T05:40:21.002+0000] {processor.py:830} INFO - Processing file /home/airflow/.local/lib/python3.8/site-packages/airflow/example_dags/example_sensor_decorator.py for tasks to queue
[2024-04-29T05:40:21.003+0000] {logging_mixin.py:188} INFO - [2024-04-29T05:40:21.002+0000] {dagbag.py:540} INFO - Filling up the DagBag from /home/airflow/.local/lib/python3.8/site-packages/airflow/example_dags/example_sensor_decorator.py
[2024-04-29T05:40:21.008+0000] {processor.py:840} INFO - DAG(s) 'example_sensor_decorator' retrieved from /home/airflow/.local/lib/python3.8/site-packages/airflow/example_dags/example_sensor_decorator.py
[2024-04-29T05:40:21.024+0000] {logging_mixin.py:188} INFO - [2024-04-29T05:40:21.024+0000] {dag.py:3047} INFO - Sync 1 DAGs
[2024-04-29T05:40:21.034+0000] {logging_mixin.py:188} INFO - [2024-04-29T05:40:21.034+0000] {dag.py:3834} INFO - Setting next_dagrun for example_sensor_decorator to None, run_after=None
[2024-04-29T05:40:21.054+0000] {processor.py:183} INFO - Processing /home/airflow/.local/lib/python3.8/site-packages/airflow/example_dags/example_sensor_decorator.py took 0.056 seconds
[2024-04-29T05:40:51.520+0000] {processor.py:161} INFO - Started process (PID=3527) to work on /home/airflow/.local/lib/python3.8/site-packages/airflow/example_dags/example_sensor_decorator.py
[2024-04-29T05:40:51.521+0000] {processor.py:830} INFO - Processing file /home/airflow/.local/lib/python3.8/site-packages/airflow/example_dags/example_sensor_decorator.py for tasks to queue
[2024-04-29T05:40:51.522+0000] {logging_mixin.py:188} INFO - [2024-04-29T05:40:51.522+0000] {dagbag.py:540} INFO - Filling up the DagBag from /home/airflow/.local/lib/python3.8/site-packages/airflow/example_dags/example_sensor_decorator.py
[2024-04-29T05:40:51.527+0000] {processor.py:840} INFO - DAG(s) 'example_sensor_decorator' retrieved from /home/airflow/.local/lib/python3.8/site-packages/airflow/example_dags/example_sensor_decorator.py
[2024-04-29T05:40:51.542+0000] {logging_mixin.py:188} INFO - [2024-04-29T05:40:51.542+0000] {dag.py:3047} INFO - Sync 1 DAGs
[2024-04-29T05:40:51.552+0000] {logging_mixin.py:188} INFO - [2024-04-29T05:40:51.552+0000] {dag.py:3834} INFO - Setting next_dagrun for example_sensor_decorator to None, run_after=None
[2024-04-29T05:40:51.572+0000] {processor.py:183} INFO - Processing /home/airflow/.local/lib/python3.8/site-packages/airflow/example_dags/example_sensor_decorator.py took 0.054 seconds
[2024-04-29T05:41:22.246+0000] {processor.py:161} INFO - Started process (PID=3785) to work on /home/airflow/.local/lib/python3.8/site-packages/airflow/example_dags/example_sensor_decorator.py
[2024-04-29T05:41:22.247+0000] {processor.py:830} INFO - Processing file /home/airflow/.local/lib/python3.8/site-packages/airflow/example_dags/example_sensor_decorator.py for tasks to queue
[2024-04-29T05:41:22.248+0000] {logging_mixin.py:188} INFO - [2024-04-29T05:41:22.248+0000] {dagbag.py:540} INFO - Filling up the DagBag from /home/airflow/.local/lib/python3.8/site-packages/airflow/example_dags/example_sensor_decorator.py
[2024-04-29T05:41:22.254+0000] {processor.py:840} INFO - DAG(s) 'example_sensor_decorator' retrieved from /home/airflow/.local/lib/python3.8/site-packages/airflow/example_dags/example_sensor_decorator.py
[2024-04-29T05:41:22.275+0000] {logging_mixin.py:188} INFO - [2024-04-29T05:41:22.274+0000] {dag.py:3047} INFO - Sync 1 DAGs
[2024-04-29T05:41:22.285+0000] {logging_mixin.py:188} INFO - [2024-04-29T05:41:22.284+0000] {dag.py:3834} INFO - Setting next_dagrun for example_sensor_decorator to None, run_after=None
[2024-04-29T05:41:22.313+0000] {processor.py:183} INFO - Processing /home/airflow/.local/lib/python3.8/site-packages/airflow/example_dags/example_sensor_decorator.py took 0.071 seconds
[2024-04-29T05:41:52.732+0000] {processor.py:161} INFO - Started process (PID=4037) to work on /home/airflow/.local/lib/python3.8/site-packages/airflow/example_dags/example_sensor_decorator.py
[2024-04-29T05:41:52.732+0000] {processor.py:830} INFO - Processing file /home/airflow/.local/lib/python3.8/site-packages/airflow/example_dags/example_sensor_decorator.py for tasks to queue
[2024-04-29T05:41:52.733+0000] {logging_mixin.py:188} INFO - [2024-04-29T05:41:52.733+0000] {dagbag.py:540} INFO - Filling up the DagBag from /home/airflow/.local/lib/python3.8/site-packages/airflow/example_dags/example_sensor_decorator.py
[2024-04-29T05:41:52.746+0000] {processor.py:840} INFO - DAG(s) 'example_sensor_decorator' retrieved from /home/airflow/.local/lib/python3.8/site-packages/airflow/example_dags/example_sensor_decorator.py
[2024-04-29T05:41:52.780+0000] {logging_mixin.py:188} INFO - [2024-04-29T05:41:52.780+0000] {dag.py:3047} INFO - Sync 1 DAGs
[2024-04-29T05:41:52.791+0000] {logging_mixin.py:188} INFO - [2024-04-29T05:41:52.791+0000] {dag.py:3834} INFO - Setting next_dagrun for example_sensor_decorator to None, run_after=None
[2024-04-29T05:41:52.814+0000] {processor.py:183} INFO - Processing /home/airflow/.local/lib/python3.8/site-packages/airflow/example_dags/example_sensor_decorator.py took 0.088 seconds
[2024-04-29T05:42:23.015+0000] {processor.py:161} INFO - Started process (PID=4289) to work on /home/airflow/.local/lib/python3.8/site-packages/airflow/example_dags/example_sensor_decorator.py
[2024-04-29T05:42:23.016+0000] {processor.py:830} INFO - Processing file /home/airflow/.local/lib/python3.8/site-packages/airflow/example_dags/example_sensor_decorator.py for tasks to queue
[2024-04-29T05:42:23.017+0000] {logging_mixin.py:188} INFO - [2024-04-29T05:42:23.017+0000] {dagbag.py:540} INFO - Filling up the DagBag from /home/airflow/.local/lib/python3.8/site-packages/airflow/example_dags/example_sensor_decorator.py
[2024-04-29T05:42:23.022+0000] {processor.py:840} INFO - DAG(s) 'example_sensor_decorator' retrieved from /home/airflow/.local/lib/python3.8/site-packages/airflow/example_dags/example_sensor_decorator.py
[2024-04-29T05:42:23.043+0000] {logging_mixin.py:188} INFO - [2024-04-29T05:42:23.043+0000] {dag.py:3047} INFO - Sync 1 DAGs
[2024-04-29T05:42:23.054+0000] {logging_mixin.py:188} INFO - [2024-04-29T05:42:23.054+0000] {dag.py:3834} INFO - Setting next_dagrun for example_sensor_decorator to None, run_after=None
[2024-04-29T05:42:23.072+0000] {processor.py:183} INFO - Processing /home/airflow/.local/lib/python3.8/site-packages/airflow/example_dags/example_sensor_decorator.py took 0.060 seconds
[2024-04-29T05:42:53.180+0000] {processor.py:161} INFO - Started process (PID=4542) to work on /home/airflow/.local/lib/python3.8/site-packages/airflow/example_dags/example_sensor_decorator.py
[2024-04-29T05:42:53.182+0000] {processor.py:830} INFO - Processing file /home/airflow/.local/lib/python3.8/site-packages/airflow/example_dags/example_sensor_decorator.py for tasks to queue
[2024-04-29T05:42:53.183+0000] {logging_mixin.py:188} INFO - [2024-04-29T05:42:53.182+0000] {dagbag.py:540} INFO - Filling up the DagBag from /home/airflow/.local/lib/python3.8/site-packages/airflow/example_dags/example_sensor_decorator.py
[2024-04-29T05:42:53.188+0000] {processor.py:840} INFO - DAG(s) 'example_sensor_decorator' retrieved from /home/airflow/.local/lib/python3.8/site-packages/airflow/example_dags/example_sensor_decorator.py
[2024-04-29T05:42:53.204+0000] {logging_mixin.py:188} INFO - [2024-04-29T05:42:53.203+0000] {dag.py:3047} INFO - Sync 1 DAGs
[2024-04-29T05:42:53.214+0000] {logging_mixin.py:188} INFO - [2024-04-29T05:42:53.213+0000] {dag.py:3834} INFO - Setting next_dagrun for example_sensor_decorator to None, run_after=None
[2024-04-29T05:42:53.233+0000] {processor.py:183} INFO - Processing /home/airflow/.local/lib/python3.8/site-packages/airflow/example_dags/example_sensor_decorator.py took 0.055 seconds
[2024-04-29T05:43:23.407+0000] {processor.py:161} INFO - Started process (PID=4795) to work on /home/airflow/.local/lib/python3.8/site-packages/airflow/example_dags/example_sensor_decorator.py
[2024-04-29T05:43:23.408+0000] {processor.py:830} INFO - Processing file /home/airflow/.local/lib/python3.8/site-packages/airflow/example_dags/example_sensor_decorator.py for tasks to queue
[2024-04-29T05:43:23.409+0000] {logging_mixin.py:188} INFO - [2024-04-29T05:43:23.409+0000] {dagbag.py:540} INFO - Filling up the DagBag from /home/airflow/.local/lib/python3.8/site-packages/airflow/example_dags/example_sensor_decorator.py
[2024-04-29T05:43:23.415+0000] {processor.py:840} INFO - DAG(s) 'example_sensor_decorator' retrieved from /home/airflow/.local/lib/python3.8/site-packages/airflow/example_dags/example_sensor_decorator.py
[2024-04-29T05:43:23.431+0000] {logging_mixin.py:188} INFO - [2024-04-29T05:43:23.431+0000] {dag.py:3047} INFO - Sync 1 DAGs
[2024-04-29T05:43:23.441+0000] {logging_mixin.py:188} INFO - [2024-04-29T05:43:23.440+0000] {dag.py:3834} INFO - Setting next_dagrun for example_sensor_decorator to None, run_after=None
[2024-04-29T05:43:23.460+0000] {processor.py:183} INFO - Processing /home/airflow/.local/lib/python3.8/site-packages/airflow/example_dags/example_sensor_decorator.py took 0.055 seconds
