[2024-04-29T05:31:56.777+0000] {processor.py:161} INFO - Started process (PID=311) to work on /home/airflow/.local/lib/python3.8/site-packages/airflow/example_dags/example_dag_decorator.py
[2024-04-29T05:31:56.781+0000] {processor.py:830} INFO - Processing file /home/airflow/.local/lib/python3.8/site-packages/airflow/example_dags/example_dag_decorator.py for tasks to queue
[2024-04-29T05:31:56.783+0000] {logging_mixin.py:188} INFO - [2024-04-29T05:31:56.782+0000] {dagbag.py:540} INFO - Filling up the DagBag from /home/airflow/.local/lib/python3.8/site-packages/airflow/example_dags/example_dag_decorator.py
[2024-04-29T05:31:57.511+0000] {processor.py:840} INFO - DAG(s) 'example_dag_decorator' retrieved from /home/airflow/.local/lib/python3.8/site-packages/airflow/example_dags/example_dag_decorator.py
[2024-04-29T05:31:57.782+0000] {logging_mixin.py:188} INFO - [2024-04-29T05:31:57.782+0000] {override.py:1769} INFO - Created Permission View: can read on DAG:example_dag_decorator
[2024-04-29T05:31:57.805+0000] {logging_mixin.py:188} INFO - [2024-04-29T05:31:57.805+0000] {override.py:1769} INFO - Created Permission View: can edit on DAG:example_dag_decorator
[2024-04-29T05:31:57.821+0000] {logging_mixin.py:188} INFO - [2024-04-29T05:31:57.821+0000] {override.py:1769} INFO - Created Permission View: can delete on DAG:example_dag_decorator
[2024-04-29T05:31:57.822+0000] {logging_mixin.py:188} INFO - [2024-04-29T05:31:57.821+0000] {dag.py:3047} INFO - Sync 1 DAGs
[2024-04-29T05:31:57.861+0000] {logging_mixin.py:188} INFO - [2024-04-29T05:31:57.860+0000] {dag.py:3069} INFO - Creating ORM DAG for example_dag_decorator
[2024-04-29T05:31:57.865+0000] {logging_mixin.py:188} INFO - [2024-04-29T05:31:57.865+0000] {dag.py:3834} INFO - Setting next_dagrun for example_dag_decorator to None, run_after=None
[2024-04-29T05:31:57.889+0000] {processor.py:183} INFO - Processing /home/airflow/.local/lib/python3.8/site-packages/airflow/example_dags/example_dag_decorator.py took 1.126 seconds
[2024-04-29T05:32:28.154+0000] {processor.py:161} INFO - Started process (PID=565) to work on /home/airflow/.local/lib/python3.8/site-packages/airflow/example_dags/example_dag_decorator.py
[2024-04-29T05:32:28.155+0000] {processor.py:830} INFO - Processing file /home/airflow/.local/lib/python3.8/site-packages/airflow/example_dags/example_dag_decorator.py for tasks to queue
[2024-04-29T05:32:28.156+0000] {logging_mixin.py:188} INFO - [2024-04-29T05:32:28.156+0000] {dagbag.py:540} INFO - Filling up the DagBag from /home/airflow/.local/lib/python3.8/site-packages/airflow/example_dags/example_dag_decorator.py
[2024-04-29T05:32:28.283+0000] {processor.py:840} INFO - DAG(s) 'example_dag_decorator' retrieved from /home/airflow/.local/lib/python3.8/site-packages/airflow/example_dags/example_dag_decorator.py
[2024-04-29T05:32:28.412+0000] {logging_mixin.py:188} INFO - [2024-04-29T05:32:28.412+0000] {dag.py:3047} INFO - Sync 1 DAGs
[2024-04-29T05:32:28.425+0000] {logging_mixin.py:188} INFO - [2024-04-29T05:32:28.425+0000] {dag.py:3834} INFO - Setting next_dagrun for example_dag_decorator to None, run_after=None
[2024-04-29T05:32:28.451+0000] {processor.py:183} INFO - Processing /home/airflow/.local/lib/python3.8/site-packages/airflow/example_dags/example_dag_decorator.py took 0.301 seconds
[2024-04-29T05:32:58.759+0000] {processor.py:161} INFO - Started process (PID=816) to work on /home/airflow/.local/lib/python3.8/site-packages/airflow/example_dags/example_dag_decorator.py
[2024-04-29T05:32:58.766+0000] {processor.py:830} INFO - Processing file /home/airflow/.local/lib/python3.8/site-packages/airflow/example_dags/example_dag_decorator.py for tasks to queue
[2024-04-29T05:32:58.769+0000] {logging_mixin.py:188} INFO - [2024-04-29T05:32:58.769+0000] {dagbag.py:540} INFO - Filling up the DagBag from /home/airflow/.local/lib/python3.8/site-packages/airflow/example_dags/example_dag_decorator.py
[2024-04-29T05:32:58.931+0000] {processor.py:840} INFO - DAG(s) 'example_dag_decorator' retrieved from /home/airflow/.local/lib/python3.8/site-packages/airflow/example_dags/example_dag_decorator.py
[2024-04-29T05:32:59.157+0000] {logging_mixin.py:188} INFO - [2024-04-29T05:32:59.157+0000] {dag.py:3047} INFO - Sync 1 DAGs
[2024-04-29T05:32:59.196+0000] {logging_mixin.py:188} INFO - [2024-04-29T05:32:59.196+0000] {dag.py:3834} INFO - Setting next_dagrun for example_dag_decorator to None, run_after=None
[2024-04-29T05:32:59.241+0000] {processor.py:183} INFO - Processing /home/airflow/.local/lib/python3.8/site-packages/airflow/example_dags/example_dag_decorator.py took 0.486 seconds
[2024-04-29T05:34:27.735+0000] {processor.py:161} INFO - Started process (PID=310) to work on /home/airflow/.local/lib/python3.8/site-packages/airflow/example_dags/example_dag_decorator.py
[2024-04-29T05:34:27.738+0000] {processor.py:830} INFO - Processing file /home/airflow/.local/lib/python3.8/site-packages/airflow/example_dags/example_dag_decorator.py for tasks to queue
[2024-04-29T05:34:27.739+0000] {logging_mixin.py:188} INFO - [2024-04-29T05:34:27.739+0000] {dagbag.py:540} INFO - Filling up the DagBag from /home/airflow/.local/lib/python3.8/site-packages/airflow/example_dags/example_dag_decorator.py
[2024-04-29T05:34:28.159+0000] {processor.py:840} INFO - DAG(s) 'example_dag_decorator' retrieved from /home/airflow/.local/lib/python3.8/site-packages/airflow/example_dags/example_dag_decorator.py
[2024-04-29T05:34:28.180+0000] {logging_mixin.py:188} INFO - [2024-04-29T05:34:28.180+0000] {dag.py:3047} INFO - Sync 1 DAGs
[2024-04-29T05:34:28.216+0000] {logging_mixin.py:188} INFO - [2024-04-29T05:34:28.213+0000] {dag.py:3834} INFO - Setting next_dagrun for example_dag_decorator to None, run_after=None
[2024-04-29T05:34:28.252+0000] {processor.py:183} INFO - Processing /home/airflow/.local/lib/python3.8/site-packages/airflow/example_dags/example_dag_decorator.py took 0.553 seconds
[2024-04-29T05:34:59.586+0000] {processor.py:161} INFO - Started process (PID=562) to work on /home/airflow/.local/lib/python3.8/site-packages/airflow/example_dags/example_dag_decorator.py
[2024-04-29T05:34:59.588+0000] {processor.py:830} INFO - Processing file /home/airflow/.local/lib/python3.8/site-packages/airflow/example_dags/example_dag_decorator.py for tasks to queue
[2024-04-29T05:34:59.588+0000] {logging_mixin.py:188} INFO - [2024-04-29T05:34:59.588+0000] {dagbag.py:540} INFO - Filling up the DagBag from /home/airflow/.local/lib/python3.8/site-packages/airflow/example_dags/example_dag_decorator.py
[2024-04-29T05:34:59.706+0000] {processor.py:840} INFO - DAG(s) 'example_dag_decorator' retrieved from /home/airflow/.local/lib/python3.8/site-packages/airflow/example_dags/example_dag_decorator.py
[2024-04-29T05:34:59.888+0000] {logging_mixin.py:188} INFO - [2024-04-29T05:34:59.888+0000] {dag.py:3047} INFO - Sync 1 DAGs
[2024-04-29T05:34:59.914+0000] {logging_mixin.py:188} INFO - [2024-04-29T05:34:59.914+0000] {dag.py:3834} INFO - Setting next_dagrun for example_dag_decorator to None, run_after=None
[2024-04-29T05:34:59.960+0000] {processor.py:183} INFO - Processing /home/airflow/.local/lib/python3.8/site-packages/airflow/example_dags/example_dag_decorator.py took 0.378 seconds
[2024-04-29T05:35:30.321+0000] {processor.py:161} INFO - Started process (PID=816) to work on /home/airflow/.local/lib/python3.8/site-packages/airflow/example_dags/example_dag_decorator.py
[2024-04-29T05:35:30.322+0000] {processor.py:830} INFO - Processing file /home/airflow/.local/lib/python3.8/site-packages/airflow/example_dags/example_dag_decorator.py for tasks to queue
[2024-04-29T05:35:30.323+0000] {logging_mixin.py:188} INFO - [2024-04-29T05:35:30.323+0000] {dagbag.py:540} INFO - Filling up the DagBag from /home/airflow/.local/lib/python3.8/site-packages/airflow/example_dags/example_dag_decorator.py
[2024-04-29T05:35:30.440+0000] {processor.py:840} INFO - DAG(s) 'example_dag_decorator' retrieved from /home/airflow/.local/lib/python3.8/site-packages/airflow/example_dags/example_dag_decorator.py
[2024-04-29T05:35:30.634+0000] {logging_mixin.py:188} INFO - [2024-04-29T05:35:30.634+0000] {dag.py:3047} INFO - Sync 1 DAGs
[2024-04-29T05:35:30.649+0000] {logging_mixin.py:188} INFO - [2024-04-29T05:35:30.649+0000] {dag.py:3834} INFO - Setting next_dagrun for example_dag_decorator to None, run_after=None
[2024-04-29T05:35:30.693+0000] {processor.py:183} INFO - Processing /home/airflow/.local/lib/python3.8/site-packages/airflow/example_dags/example_dag_decorator.py took 0.375 seconds
[2024-04-29T05:36:01.604+0000] {processor.py:161} INFO - Started process (PID=1072) to work on /home/airflow/.local/lib/python3.8/site-packages/airflow/example_dags/example_dag_decorator.py
[2024-04-29T05:36:01.605+0000] {processor.py:830} INFO - Processing file /home/airflow/.local/lib/python3.8/site-packages/airflow/example_dags/example_dag_decorator.py for tasks to queue
[2024-04-29T05:36:01.606+0000] {logging_mixin.py:188} INFO - [2024-04-29T05:36:01.605+0000] {dagbag.py:540} INFO - Filling up the DagBag from /home/airflow/.local/lib/python3.8/site-packages/airflow/example_dags/example_dag_decorator.py
[2024-04-29T05:36:01.722+0000] {processor.py:840} INFO - DAG(s) 'example_dag_decorator' retrieved from /home/airflow/.local/lib/python3.8/site-packages/airflow/example_dags/example_dag_decorator.py
[2024-04-29T05:36:01.850+0000] {logging_mixin.py:188} INFO - [2024-04-29T05:36:01.850+0000] {dag.py:3047} INFO - Sync 1 DAGs
[2024-04-29T05:36:01.863+0000] {logging_mixin.py:188} INFO - [2024-04-29T05:36:01.863+0000] {dag.py:3834} INFO - Setting next_dagrun for example_dag_decorator to None, run_after=None
[2024-04-29T05:36:01.888+0000] {processor.py:183} INFO - Processing /home/airflow/.local/lib/python3.8/site-packages/airflow/example_dags/example_dag_decorator.py took 0.291 seconds
[2024-04-29T05:36:32.066+0000] {processor.py:161} INFO - Started process (PID=1325) to work on /home/airflow/.local/lib/python3.8/site-packages/airflow/example_dags/example_dag_decorator.py
[2024-04-29T05:36:32.068+0000] {processor.py:830} INFO - Processing file /home/airflow/.local/lib/python3.8/site-packages/airflow/example_dags/example_dag_decorator.py for tasks to queue
[2024-04-29T05:36:32.069+0000] {logging_mixin.py:188} INFO - [2024-04-29T05:36:32.068+0000] {dagbag.py:540} INFO - Filling up the DagBag from /home/airflow/.local/lib/python3.8/site-packages/airflow/example_dags/example_dag_decorator.py
[2024-04-29T05:36:32.191+0000] {processor.py:840} INFO - DAG(s) 'example_dag_decorator' retrieved from /home/airflow/.local/lib/python3.8/site-packages/airflow/example_dags/example_dag_decorator.py
[2024-04-29T05:36:32.324+0000] {logging_mixin.py:188} INFO - [2024-04-29T05:36:32.324+0000] {dag.py:3047} INFO - Sync 1 DAGs
[2024-04-29T05:36:32.337+0000] {logging_mixin.py:188} INFO - [2024-04-29T05:36:32.337+0000] {dag.py:3834} INFO - Setting next_dagrun for example_dag_decorator to None, run_after=None
[2024-04-29T05:36:32.371+0000] {processor.py:183} INFO - Processing /home/airflow/.local/lib/python3.8/site-packages/airflow/example_dags/example_dag_decorator.py took 0.313 seconds
[2024-04-29T05:37:02.618+0000] {processor.py:161} INFO - Started process (PID=1578) to work on /home/airflow/.local/lib/python3.8/site-packages/airflow/example_dags/example_dag_decorator.py
[2024-04-29T05:37:02.618+0000] {processor.py:830} INFO - Processing file /home/airflow/.local/lib/python3.8/site-packages/airflow/example_dags/example_dag_decorator.py for tasks to queue
[2024-04-29T05:37:02.619+0000] {logging_mixin.py:188} INFO - [2024-04-29T05:37:02.619+0000] {dagbag.py:540} INFO - Filling up the DagBag from /home/airflow/.local/lib/python3.8/site-packages/airflow/example_dags/example_dag_decorator.py
[2024-04-29T05:37:02.746+0000] {processor.py:840} INFO - DAG(s) 'example_dag_decorator' retrieved from /home/airflow/.local/lib/python3.8/site-packages/airflow/example_dags/example_dag_decorator.py
[2024-04-29T05:37:02.914+0000] {logging_mixin.py:188} INFO - [2024-04-29T05:37:02.913+0000] {dag.py:3047} INFO - Sync 1 DAGs
[2024-04-29T05:37:02.926+0000] {logging_mixin.py:188} INFO - [2024-04-29T05:37:02.926+0000] {dag.py:3834} INFO - Setting next_dagrun for example_dag_decorator to None, run_after=None
[2024-04-29T05:37:02.955+0000] {processor.py:183} INFO - Processing /home/airflow/.local/lib/python3.8/site-packages/airflow/example_dags/example_dag_decorator.py took 0.341 seconds
[2024-04-29T05:37:33.082+0000] {processor.py:161} INFO - Started process (PID=1830) to work on /home/airflow/.local/lib/python3.8/site-packages/airflow/example_dags/example_dag_decorator.py
[2024-04-29T05:37:33.083+0000] {processor.py:830} INFO - Processing file /home/airflow/.local/lib/python3.8/site-packages/airflow/example_dags/example_dag_decorator.py for tasks to queue
[2024-04-29T05:37:33.084+0000] {logging_mixin.py:188} INFO - [2024-04-29T05:37:33.084+0000] {dagbag.py:540} INFO - Filling up the DagBag from /home/airflow/.local/lib/python3.8/site-packages/airflow/example_dags/example_dag_decorator.py
[2024-04-29T05:37:33.220+0000] {processor.py:840} INFO - DAG(s) 'example_dag_decorator' retrieved from /home/airflow/.local/lib/python3.8/site-packages/airflow/example_dags/example_dag_decorator.py
[2024-04-29T05:37:33.449+0000] {logging_mixin.py:188} INFO - [2024-04-29T05:37:33.449+0000] {dag.py:3047} INFO - Sync 1 DAGs
[2024-04-29T05:37:33.474+0000] {logging_mixin.py:188} INFO - [2024-04-29T05:37:33.474+0000] {dag.py:3834} INFO - Setting next_dagrun for example_dag_decorator to None, run_after=None
[2024-04-29T05:37:33.497+0000] {processor.py:183} INFO - Processing /home/airflow/.local/lib/python3.8/site-packages/airflow/example_dags/example_dag_decorator.py took 0.424 seconds
[2024-04-29T05:38:17.659+0000] {processor.py:161} INFO - Started process (PID=2197) to work on /home/airflow/.local/lib/python3.8/site-packages/airflow/example_dags/example_dag_decorator.py
[2024-04-29T05:38:17.666+0000] {processor.py:830} INFO - Processing file /home/airflow/.local/lib/python3.8/site-packages/airflow/example_dags/example_dag_decorator.py for tasks to queue
[2024-04-29T05:38:17.683+0000] {logging_mixin.py:188} INFO - [2024-04-29T05:38:17.683+0000] {dagbag.py:540} INFO - Filling up the DagBag from /home/airflow/.local/lib/python3.8/site-packages/airflow/example_dags/example_dag_decorator.py
[2024-04-29T05:38:18.859+0000] {processor.py:840} INFO - DAG(s) 'example_dag_decorator' retrieved from /home/airflow/.local/lib/python3.8/site-packages/airflow/example_dags/example_dag_decorator.py
[2024-04-29T05:38:19.761+0000] {logging_mixin.py:188} INFO - [2024-04-29T05:38:19.761+0000] {dag.py:3047} INFO - Sync 1 DAGs
[2024-04-29T05:38:19.850+0000] {logging_mixin.py:188} INFO - [2024-04-29T05:38:19.849+0000] {dag.py:3834} INFO - Setting next_dagrun for example_dag_decorator to None, run_after=None
[2024-04-29T05:38:19.914+0000] {processor.py:183} INFO - Processing /home/airflow/.local/lib/python3.8/site-packages/airflow/example_dags/example_dag_decorator.py took 2.260 seconds
[2024-04-29T05:38:50.409+0000] {processor.py:161} INFO - Started process (PID=2505) to work on /home/airflow/.local/lib/python3.8/site-packages/airflow/example_dags/example_dag_decorator.py
[2024-04-29T05:38:50.410+0000] {processor.py:830} INFO - Processing file /home/airflow/.local/lib/python3.8/site-packages/airflow/example_dags/example_dag_decorator.py for tasks to queue
[2024-04-29T05:38:50.412+0000] {logging_mixin.py:188} INFO - [2024-04-29T05:38:50.411+0000] {dagbag.py:540} INFO - Filling up the DagBag from /home/airflow/.local/lib/python3.8/site-packages/airflow/example_dags/example_dag_decorator.py
[2024-04-29T05:38:50.526+0000] {processor.py:840} INFO - DAG(s) 'example_dag_decorator' retrieved from /home/airflow/.local/lib/python3.8/site-packages/airflow/example_dags/example_dag_decorator.py
[2024-04-29T05:38:50.616+0000] {logging_mixin.py:188} INFO - [2024-04-29T05:38:50.616+0000] {dag.py:3047} INFO - Sync 1 DAGs
[2024-04-29T05:38:50.624+0000] {logging_mixin.py:188} INFO - [2024-04-29T05:38:50.624+0000] {dag.py:3834} INFO - Setting next_dagrun for example_dag_decorator to None, run_after=None
[2024-04-29T05:38:50.644+0000] {processor.py:183} INFO - Processing /home/airflow/.local/lib/python3.8/site-packages/airflow/example_dags/example_dag_decorator.py took 0.237 seconds
[2024-04-29T05:39:20.716+0000] {processor.py:161} INFO - Started process (PID=2763) to work on /home/airflow/.local/lib/python3.8/site-packages/airflow/example_dags/example_dag_decorator.py
[2024-04-29T05:39:20.716+0000] {processor.py:830} INFO - Processing file /home/airflow/.local/lib/python3.8/site-packages/airflow/example_dags/example_dag_decorator.py for tasks to queue
[2024-04-29T05:39:20.717+0000] {logging_mixin.py:188} INFO - [2024-04-29T05:39:20.717+0000] {dagbag.py:540} INFO - Filling up the DagBag from /home/airflow/.local/lib/python3.8/site-packages/airflow/example_dags/example_dag_decorator.py
[2024-04-29T05:39:20.795+0000] {processor.py:840} INFO - DAG(s) 'example_dag_decorator' retrieved from /home/airflow/.local/lib/python3.8/site-packages/airflow/example_dags/example_dag_decorator.py
[2024-04-29T05:39:20.887+0000] {logging_mixin.py:188} INFO - [2024-04-29T05:39:20.887+0000] {dag.py:3047} INFO - Sync 1 DAGs
[2024-04-29T05:39:20.896+0000] {logging_mixin.py:188} INFO - [2024-04-29T05:39:20.895+0000] {dag.py:3834} INFO - Setting next_dagrun for example_dag_decorator to None, run_after=None
[2024-04-29T05:39:20.917+0000] {processor.py:183} INFO - Processing /home/airflow/.local/lib/python3.8/site-packages/airflow/example_dags/example_dag_decorator.py took 0.204 seconds
[2024-04-29T05:39:51.830+0000] {processor.py:161} INFO - Started process (PID=3017) to work on /home/airflow/.local/lib/python3.8/site-packages/airflow/example_dags/example_dag_decorator.py
[2024-04-29T05:39:51.831+0000] {processor.py:830} INFO - Processing file /home/airflow/.local/lib/python3.8/site-packages/airflow/example_dags/example_dag_decorator.py for tasks to queue
[2024-04-29T05:39:51.832+0000] {logging_mixin.py:188} INFO - [2024-04-29T05:39:51.832+0000] {dagbag.py:540} INFO - Filling up the DagBag from /home/airflow/.local/lib/python3.8/site-packages/airflow/example_dags/example_dag_decorator.py
[2024-04-29T05:39:51.930+0000] {processor.py:840} INFO - DAG(s) 'example_dag_decorator' retrieved from /home/airflow/.local/lib/python3.8/site-packages/airflow/example_dags/example_dag_decorator.py
[2024-04-29T05:39:52.110+0000] {logging_mixin.py:188} INFO - [2024-04-29T05:39:52.110+0000] {dag.py:3047} INFO - Sync 1 DAGs
[2024-04-29T05:39:52.126+0000] {logging_mixin.py:188} INFO - [2024-04-29T05:39:52.126+0000] {dag.py:3834} INFO - Setting next_dagrun for example_dag_decorator to None, run_after=None
[2024-04-29T05:39:52.162+0000] {processor.py:183} INFO - Processing /home/airflow/.local/lib/python3.8/site-packages/airflow/example_dags/example_dag_decorator.py took 0.336 seconds
[2024-04-29T05:40:23.095+0000] {processor.py:161} INFO - Started process (PID=3275) to work on /home/airflow/.local/lib/python3.8/site-packages/airflow/example_dags/example_dag_decorator.py
[2024-04-29T05:40:23.096+0000] {processor.py:830} INFO - Processing file /home/airflow/.local/lib/python3.8/site-packages/airflow/example_dags/example_dag_decorator.py for tasks to queue
[2024-04-29T05:40:23.096+0000] {logging_mixin.py:188} INFO - [2024-04-29T05:40:23.096+0000] {dagbag.py:540} INFO - Filling up the DagBag from /home/airflow/.local/lib/python3.8/site-packages/airflow/example_dags/example_dag_decorator.py
[2024-04-29T05:40:23.227+0000] {processor.py:840} INFO - DAG(s) 'example_dag_decorator' retrieved from /home/airflow/.local/lib/python3.8/site-packages/airflow/example_dags/example_dag_decorator.py
[2024-04-29T05:40:23.328+0000] {logging_mixin.py:188} INFO - [2024-04-29T05:40:23.328+0000] {dag.py:3047} INFO - Sync 1 DAGs
[2024-04-29T05:40:23.338+0000] {logging_mixin.py:188} INFO - [2024-04-29T05:40:23.338+0000] {dag.py:3834} INFO - Setting next_dagrun for example_dag_decorator to None, run_after=None
[2024-04-29T05:40:23.358+0000] {processor.py:183} INFO - Processing /home/airflow/.local/lib/python3.8/site-packages/airflow/example_dags/example_dag_decorator.py took 0.266 seconds
[2024-04-29T05:40:53.607+0000] {processor.py:161} INFO - Started process (PID=3537) to work on /home/airflow/.local/lib/python3.8/site-packages/airflow/example_dags/example_dag_decorator.py
[2024-04-29T05:40:53.608+0000] {processor.py:830} INFO - Processing file /home/airflow/.local/lib/python3.8/site-packages/airflow/example_dags/example_dag_decorator.py for tasks to queue
[2024-04-29T05:40:53.609+0000] {logging_mixin.py:188} INFO - [2024-04-29T05:40:53.609+0000] {dagbag.py:540} INFO - Filling up the DagBag from /home/airflow/.local/lib/python3.8/site-packages/airflow/example_dags/example_dag_decorator.py
[2024-04-29T05:40:53.740+0000] {processor.py:840} INFO - DAG(s) 'example_dag_decorator' retrieved from /home/airflow/.local/lib/python3.8/site-packages/airflow/example_dags/example_dag_decorator.py
[2024-04-29T05:40:53.839+0000] {logging_mixin.py:188} INFO - [2024-04-29T05:40:53.839+0000] {dag.py:3047} INFO - Sync 1 DAGs
[2024-04-29T05:40:53.849+0000] {logging_mixin.py:188} INFO - [2024-04-29T05:40:53.849+0000] {dag.py:3834} INFO - Setting next_dagrun for example_dag_decorator to None, run_after=None
[2024-04-29T05:40:53.874+0000] {processor.py:183} INFO - Processing /home/airflow/.local/lib/python3.8/site-packages/airflow/example_dags/example_dag_decorator.py took 0.270 seconds
[2024-04-29T05:41:24.267+0000] {processor.py:161} INFO - Started process (PID=3795) to work on /home/airflow/.local/lib/python3.8/site-packages/airflow/example_dags/example_dag_decorator.py
[2024-04-29T05:41:24.269+0000] {processor.py:830} INFO - Processing file /home/airflow/.local/lib/python3.8/site-packages/airflow/example_dags/example_dag_decorator.py for tasks to queue
[2024-04-29T05:41:24.269+0000] {logging_mixin.py:188} INFO - [2024-04-29T05:41:24.269+0000] {dagbag.py:540} INFO - Filling up the DagBag from /home/airflow/.local/lib/python3.8/site-packages/airflow/example_dags/example_dag_decorator.py
[2024-04-29T05:41:24.472+0000] {processor.py:840} INFO - DAG(s) 'example_dag_decorator' retrieved from /home/airflow/.local/lib/python3.8/site-packages/airflow/example_dags/example_dag_decorator.py
[2024-04-29T05:41:24.565+0000] {logging_mixin.py:188} INFO - [2024-04-29T05:41:24.564+0000] {dag.py:3047} INFO - Sync 1 DAGs
[2024-04-29T05:41:24.573+0000] {logging_mixin.py:188} INFO - [2024-04-29T05:41:24.573+0000] {dag.py:3834} INFO - Setting next_dagrun for example_dag_decorator to None, run_after=None
[2024-04-29T05:41:24.591+0000] {processor.py:183} INFO - Processing /home/airflow/.local/lib/python3.8/site-packages/airflow/example_dags/example_dag_decorator.py took 0.327 seconds
[2024-04-29T05:41:54.762+0000] {processor.py:161} INFO - Started process (PID=4047) to work on /home/airflow/.local/lib/python3.8/site-packages/airflow/example_dags/example_dag_decorator.py
[2024-04-29T05:41:54.764+0000] {processor.py:830} INFO - Processing file /home/airflow/.local/lib/python3.8/site-packages/airflow/example_dags/example_dag_decorator.py for tasks to queue
[2024-04-29T05:41:54.765+0000] {logging_mixin.py:188} INFO - [2024-04-29T05:41:54.765+0000] {dagbag.py:540} INFO - Filling up the DagBag from /home/airflow/.local/lib/python3.8/site-packages/airflow/example_dags/example_dag_decorator.py
[2024-04-29T05:41:54.945+0000] {processor.py:840} INFO - DAG(s) 'example_dag_decorator' retrieved from /home/airflow/.local/lib/python3.8/site-packages/airflow/example_dags/example_dag_decorator.py
[2024-04-29T05:41:55.050+0000] {logging_mixin.py:188} INFO - [2024-04-29T05:41:55.049+0000] {dag.py:3047} INFO - Sync 1 DAGs
[2024-04-29T05:41:55.059+0000] {logging_mixin.py:188} INFO - [2024-04-29T05:41:55.059+0000] {dag.py:3834} INFO - Setting next_dagrun for example_dag_decorator to None, run_after=None
[2024-04-29T05:41:55.078+0000] {processor.py:183} INFO - Processing /home/airflow/.local/lib/python3.8/site-packages/airflow/example_dags/example_dag_decorator.py took 0.319 seconds
[2024-04-29T05:42:25.143+0000] {processor.py:161} INFO - Started process (PID=4299) to work on /home/airflow/.local/lib/python3.8/site-packages/airflow/example_dags/example_dag_decorator.py
[2024-04-29T05:42:25.144+0000] {processor.py:830} INFO - Processing file /home/airflow/.local/lib/python3.8/site-packages/airflow/example_dags/example_dag_decorator.py for tasks to queue
[2024-04-29T05:42:25.145+0000] {logging_mixin.py:188} INFO - [2024-04-29T05:42:25.144+0000] {dagbag.py:540} INFO - Filling up the DagBag from /home/airflow/.local/lib/python3.8/site-packages/airflow/example_dags/example_dag_decorator.py
[2024-04-29T05:42:25.438+0000] {processor.py:840} INFO - DAG(s) 'example_dag_decorator' retrieved from /home/airflow/.local/lib/python3.8/site-packages/airflow/example_dags/example_dag_decorator.py
[2024-04-29T05:42:25.588+0000] {logging_mixin.py:188} INFO - [2024-04-29T05:42:25.588+0000] {dag.py:3047} INFO - Sync 1 DAGs
[2024-04-29T05:42:25.597+0000] {logging_mixin.py:188} INFO - [2024-04-29T05:42:25.597+0000] {dag.py:3834} INFO - Setting next_dagrun for example_dag_decorator to None, run_after=None
[2024-04-29T05:42:25.619+0000] {processor.py:183} INFO - Processing /home/airflow/.local/lib/python3.8/site-packages/airflow/example_dags/example_dag_decorator.py took 0.480 seconds
[2024-04-29T05:42:56.290+0000] {processor.py:161} INFO - Started process (PID=4552) to work on /home/airflow/.local/lib/python3.8/site-packages/airflow/example_dags/example_dag_decorator.py
[2024-04-29T05:42:56.291+0000] {processor.py:830} INFO - Processing file /home/airflow/.local/lib/python3.8/site-packages/airflow/example_dags/example_dag_decorator.py for tasks to queue
[2024-04-29T05:42:56.292+0000] {logging_mixin.py:188} INFO - [2024-04-29T05:42:56.292+0000] {dagbag.py:540} INFO - Filling up the DagBag from /home/airflow/.local/lib/python3.8/site-packages/airflow/example_dags/example_dag_decorator.py
[2024-04-29T05:42:56.418+0000] {processor.py:840} INFO - DAG(s) 'example_dag_decorator' retrieved from /home/airflow/.local/lib/python3.8/site-packages/airflow/example_dags/example_dag_decorator.py
[2024-04-29T05:42:56.529+0000] {logging_mixin.py:188} INFO - [2024-04-29T05:42:56.528+0000] {dag.py:3047} INFO - Sync 1 DAGs
[2024-04-29T05:42:56.540+0000] {logging_mixin.py:188} INFO - [2024-04-29T05:42:56.540+0000] {dag.py:3834} INFO - Setting next_dagrun for example_dag_decorator to None, run_after=None
[2024-04-29T05:42:56.559+0000] {processor.py:183} INFO - Processing /home/airflow/.local/lib/python3.8/site-packages/airflow/example_dags/example_dag_decorator.py took 0.273 seconds
[2024-04-29T05:43:26.692+0000] {processor.py:161} INFO - Started process (PID=4810) to work on /home/airflow/.local/lib/python3.8/site-packages/airflow/example_dags/example_dag_decorator.py
[2024-04-29T05:43:26.693+0000] {processor.py:830} INFO - Processing file /home/airflow/.local/lib/python3.8/site-packages/airflow/example_dags/example_dag_decorator.py for tasks to queue
[2024-04-29T05:43:26.694+0000] {logging_mixin.py:188} INFO - [2024-04-29T05:43:26.694+0000] {dagbag.py:540} INFO - Filling up the DagBag from /home/airflow/.local/lib/python3.8/site-packages/airflow/example_dags/example_dag_decorator.py
[2024-04-29T05:43:26.788+0000] {processor.py:840} INFO - DAG(s) 'example_dag_decorator' retrieved from /home/airflow/.local/lib/python3.8/site-packages/airflow/example_dags/example_dag_decorator.py
[2024-04-29T05:43:26.901+0000] {logging_mixin.py:188} INFO - [2024-04-29T05:43:26.901+0000] {dag.py:3047} INFO - Sync 1 DAGs
[2024-04-29T05:43:26.911+0000] {logging_mixin.py:188} INFO - [2024-04-29T05:43:26.911+0000] {dag.py:3834} INFO - Setting next_dagrun for example_dag_decorator to None, run_after=None
[2024-04-29T05:43:26.932+0000] {processor.py:183} INFO - Processing /home/airflow/.local/lib/python3.8/site-packages/airflow/example_dags/example_dag_decorator.py took 0.245 seconds
