[2024-04-29T05:31:52.601+0000] {processor.py:161} INFO - Started process (PID=236) to work on /home/airflow/.local/lib/python3.8/site-packages/airflow/example_dags/example_branch_python_dop_operator_3.py
[2024-04-29T05:31:52.602+0000] {processor.py:830} INFO - Processing file /home/airflow/.local/lib/python3.8/site-packages/airflow/example_dags/example_branch_python_dop_operator_3.py for tasks to queue
[2024-04-29T05:31:52.605+0000] {logging_mixin.py:188} INFO - [2024-04-29T05:31:52.604+0000] {dagbag.py:540} INFO - Filling up the DagBag from /home/airflow/.local/lib/python3.8/site-packages/airflow/example_dags/example_branch_python_dop_operator_3.py
[2024-04-29T05:31:52.621+0000] {processor.py:840} INFO - DAG(s) 'example_branch_dop_operator_v3' retrieved from /home/airflow/.local/lib/python3.8/site-packages/airflow/example_dags/example_branch_python_dop_operator_3.py
[2024-04-29T05:31:52.832+0000] {logging_mixin.py:188} INFO - [2024-04-29T05:31:52.831+0000] {override.py:1769} INFO - Created Permission View: can read on DAG:example_branch_dop_operator_v3
[2024-04-29T05:31:52.860+0000] {logging_mixin.py:188} INFO - [2024-04-29T05:31:52.859+0000] {override.py:1769} INFO - Created Permission View: can edit on DAG:example_branch_dop_operator_v3
[2024-04-29T05:31:52.879+0000] {logging_mixin.py:188} INFO - [2024-04-29T05:31:52.879+0000] {override.py:1769} INFO - Created Permission View: can delete on DAG:example_branch_dop_operator_v3
[2024-04-29T05:31:52.880+0000] {logging_mixin.py:188} INFO - [2024-04-29T05:31:52.880+0000] {dag.py:3047} INFO - Sync 1 DAGs
[2024-04-29T05:31:52.898+0000] {logging_mixin.py:188} INFO - [2024-04-29T05:31:52.898+0000] {dag.py:3069} INFO - Creating ORM DAG for example_branch_dop_operator_v3
[2024-04-29T05:31:52.920+0000] {logging_mixin.py:188} INFO - [2024-04-29T05:31:52.920+0000] {dag.py:3834} INFO - Setting next_dagrun for example_branch_dop_operator_v3 to 2024-04-29 05:30:00+00:00, run_after=2024-04-29 05:31:00+00:00
[2024-04-29T05:31:52.950+0000] {processor.py:183} INFO - Processing /home/airflow/.local/lib/python3.8/site-packages/airflow/example_dags/example_branch_python_dop_operator_3.py took 0.362 seconds
[2024-04-29T05:32:23.349+0000] {processor.py:161} INFO - Started process (PID=488) to work on /home/airflow/.local/lib/python3.8/site-packages/airflow/example_dags/example_branch_python_dop_operator_3.py
[2024-04-29T05:32:23.350+0000] {processor.py:830} INFO - Processing file /home/airflow/.local/lib/python3.8/site-packages/airflow/example_dags/example_branch_python_dop_operator_3.py for tasks to queue
[2024-04-29T05:32:23.351+0000] {logging_mixin.py:188} INFO - [2024-04-29T05:32:23.351+0000] {dagbag.py:540} INFO - Filling up the DagBag from /home/airflow/.local/lib/python3.8/site-packages/airflow/example_dags/example_branch_python_dop_operator_3.py
[2024-04-29T05:32:23.363+0000] {processor.py:840} INFO - DAG(s) 'example_branch_dop_operator_v3' retrieved from /home/airflow/.local/lib/python3.8/site-packages/airflow/example_dags/example_branch_python_dop_operator_3.py
[2024-04-29T05:32:23.389+0000] {logging_mixin.py:188} INFO - [2024-04-29T05:32:23.389+0000] {dag.py:3047} INFO - Sync 1 DAGs
[2024-04-29T05:32:23.425+0000] {logging_mixin.py:188} INFO - [2024-04-29T05:32:23.425+0000] {dag.py:3834} INFO - Setting next_dagrun for example_branch_dop_operator_v3 to 2024-04-29 05:31:00+00:00, run_after=2024-04-29 05:32:00+00:00
[2024-04-29T05:32:23.471+0000] {processor.py:183} INFO - Processing /home/airflow/.local/lib/python3.8/site-packages/airflow/example_dags/example_branch_python_dop_operator_3.py took 0.127 seconds
[2024-04-29T05:32:53.672+0000] {processor.py:161} INFO - Started process (PID=739) to work on /home/airflow/.local/lib/python3.8/site-packages/airflow/example_dags/example_branch_python_dop_operator_3.py
[2024-04-29T05:32:53.678+0000] {processor.py:830} INFO - Processing file /home/airflow/.local/lib/python3.8/site-packages/airflow/example_dags/example_branch_python_dop_operator_3.py for tasks to queue
[2024-04-29T05:32:53.679+0000] {logging_mixin.py:188} INFO - [2024-04-29T05:32:53.679+0000] {dagbag.py:540} INFO - Filling up the DagBag from /home/airflow/.local/lib/python3.8/site-packages/airflow/example_dags/example_branch_python_dop_operator_3.py
[2024-04-29T05:32:53.702+0000] {processor.py:840} INFO - DAG(s) 'example_branch_dop_operator_v3' retrieved from /home/airflow/.local/lib/python3.8/site-packages/airflow/example_dags/example_branch_python_dop_operator_3.py
[2024-04-29T05:32:53.744+0000] {logging_mixin.py:188} INFO - [2024-04-29T05:32:53.743+0000] {dag.py:3047} INFO - Sync 1 DAGs
[2024-04-29T05:32:53.785+0000] {logging_mixin.py:188} INFO - [2024-04-29T05:32:53.785+0000] {dag.py:3834} INFO - Setting next_dagrun for example_branch_dop_operator_v3 to 2024-04-29 05:31:00+00:00, run_after=2024-04-29 05:32:00+00:00
[2024-04-29T05:32:53.829+0000] {processor.py:183} INFO - Processing /home/airflow/.local/lib/python3.8/site-packages/airflow/example_dags/example_branch_python_dop_operator_3.py took 0.163 seconds
[2024-04-29T05:34:25.925+0000] {processor.py:161} INFO - Started process (PID=234) to work on /home/airflow/.local/lib/python3.8/site-packages/airflow/example_dags/example_branch_python_dop_operator_3.py
[2024-04-29T05:34:25.932+0000] {processor.py:830} INFO - Processing file /home/airflow/.local/lib/python3.8/site-packages/airflow/example_dags/example_branch_python_dop_operator_3.py for tasks to queue
[2024-04-29T05:34:25.938+0000] {logging_mixin.py:188} INFO - [2024-04-29T05:34:25.937+0000] {dagbag.py:540} INFO - Filling up the DagBag from /home/airflow/.local/lib/python3.8/site-packages/airflow/example_dags/example_branch_python_dop_operator_3.py
[2024-04-29T05:34:25.965+0000] {processor.py:840} INFO - DAG(s) 'example_branch_dop_operator_v3' retrieved from /home/airflow/.local/lib/python3.8/site-packages/airflow/example_dags/example_branch_python_dop_operator_3.py
[2024-04-29T05:34:26.001+0000] {logging_mixin.py:188} INFO - [2024-04-29T05:34:26.001+0000] {dag.py:3047} INFO - Sync 1 DAGs
[2024-04-29T05:34:26.064+0000] {logging_mixin.py:188} INFO - [2024-04-29T05:34:26.064+0000] {dag.py:3834} INFO - Setting next_dagrun for example_branch_dop_operator_v3 to 2024-04-29 05:33:00+00:00, run_after=2024-04-29 05:34:00+00:00
[2024-04-29T05:34:26.137+0000] {processor.py:183} INFO - Processing /home/airflow/.local/lib/python3.8/site-packages/airflow/example_dags/example_branch_python_dop_operator_3.py took 0.216 seconds
[2024-04-29T05:34:57.356+0000] {processor.py:161} INFO - Started process (PID=487) to work on /home/airflow/.local/lib/python3.8/site-packages/airflow/example_dags/example_branch_python_dop_operator_3.py
[2024-04-29T05:34:57.357+0000] {processor.py:830} INFO - Processing file /home/airflow/.local/lib/python3.8/site-packages/airflow/example_dags/example_branch_python_dop_operator_3.py for tasks to queue
[2024-04-29T05:34:57.358+0000] {logging_mixin.py:188} INFO - [2024-04-29T05:34:57.357+0000] {dagbag.py:540} INFO - Filling up the DagBag from /home/airflow/.local/lib/python3.8/site-packages/airflow/example_dags/example_branch_python_dop_operator_3.py
[2024-04-29T05:34:57.369+0000] {processor.py:840} INFO - DAG(s) 'example_branch_dop_operator_v3' retrieved from /home/airflow/.local/lib/python3.8/site-packages/airflow/example_dags/example_branch_python_dop_operator_3.py
[2024-04-29T05:34:57.499+0000] {logging_mixin.py:188} INFO - [2024-04-29T05:34:57.499+0000] {dag.py:3047} INFO - Sync 1 DAGs
[2024-04-29T05:34:57.535+0000] {logging_mixin.py:188} INFO - [2024-04-29T05:34:57.534+0000] {dag.py:3834} INFO - Setting next_dagrun for example_branch_dop_operator_v3 to 2024-04-29 05:33:00+00:00, run_after=2024-04-29 05:34:00+00:00
[2024-04-29T05:34:57.559+0000] {processor.py:183} INFO - Processing /home/airflow/.local/lib/python3.8/site-packages/airflow/example_dags/example_branch_python_dop_operator_3.py took 0.207 seconds
[2024-04-29T05:35:28.076+0000] {processor.py:161} INFO - Started process (PID=739) to work on /home/airflow/.local/lib/python3.8/site-packages/airflow/example_dags/example_branch_python_dop_operator_3.py
[2024-04-29T05:35:28.077+0000] {processor.py:830} INFO - Processing file /home/airflow/.local/lib/python3.8/site-packages/airflow/example_dags/example_branch_python_dop_operator_3.py for tasks to queue
[2024-04-29T05:35:28.078+0000] {logging_mixin.py:188} INFO - [2024-04-29T05:35:28.077+0000] {dagbag.py:540} INFO - Filling up the DagBag from /home/airflow/.local/lib/python3.8/site-packages/airflow/example_dags/example_branch_python_dop_operator_3.py
[2024-04-29T05:35:28.088+0000] {processor.py:840} INFO - DAG(s) 'example_branch_dop_operator_v3' retrieved from /home/airflow/.local/lib/python3.8/site-packages/airflow/example_dags/example_branch_python_dop_operator_3.py
[2024-04-29T05:35:28.123+0000] {logging_mixin.py:188} INFO - [2024-04-29T05:35:28.118+0000] {dag.py:3047} INFO - Sync 1 DAGs
[2024-04-29T05:35:28.154+0000] {logging_mixin.py:188} INFO - [2024-04-29T05:35:28.154+0000] {dag.py:3834} INFO - Setting next_dagrun for example_branch_dop_operator_v3 to 2024-04-29 05:34:00+00:00, run_after=2024-04-29 05:35:00+00:00
[2024-04-29T05:35:28.191+0000] {processor.py:183} INFO - Processing /home/airflow/.local/lib/python3.8/site-packages/airflow/example_dags/example_branch_python_dop_operator_3.py took 0.118 seconds
[2024-04-29T05:35:58.336+0000] {processor.py:161} INFO - Started process (PID=992) to work on /home/airflow/.local/lib/python3.8/site-packages/airflow/example_dags/example_branch_python_dop_operator_3.py
[2024-04-29T05:35:58.337+0000] {processor.py:830} INFO - Processing file /home/airflow/.local/lib/python3.8/site-packages/airflow/example_dags/example_branch_python_dop_operator_3.py for tasks to queue
[2024-04-29T05:35:58.337+0000] {logging_mixin.py:188} INFO - [2024-04-29T05:35:58.337+0000] {dagbag.py:540} INFO - Filling up the DagBag from /home/airflow/.local/lib/python3.8/site-packages/airflow/example_dags/example_branch_python_dop_operator_3.py
[2024-04-29T05:35:58.345+0000] {processor.py:840} INFO - DAG(s) 'example_branch_dop_operator_v3' retrieved from /home/airflow/.local/lib/python3.8/site-packages/airflow/example_dags/example_branch_python_dop_operator_3.py
[2024-04-29T05:35:58.367+0000] {logging_mixin.py:188} INFO - [2024-04-29T05:35:58.366+0000] {dag.py:3047} INFO - Sync 1 DAGs
[2024-04-29T05:35:58.401+0000] {logging_mixin.py:188} INFO - [2024-04-29T05:35:58.400+0000] {dag.py:3834} INFO - Setting next_dagrun for example_branch_dop_operator_v3 to 2024-04-29 05:34:00+00:00, run_after=2024-04-29 05:35:00+00:00
[2024-04-29T05:35:58.425+0000] {processor.py:183} INFO - Processing /home/airflow/.local/lib/python3.8/site-packages/airflow/example_dags/example_branch_python_dop_operator_3.py took 0.092 seconds
[2024-04-29T05:36:28.936+0000] {processor.py:161} INFO - Started process (PID=1245) to work on /home/airflow/.local/lib/python3.8/site-packages/airflow/example_dags/example_branch_python_dop_operator_3.py
[2024-04-29T05:36:28.937+0000] {processor.py:830} INFO - Processing file /home/airflow/.local/lib/python3.8/site-packages/airflow/example_dags/example_branch_python_dop_operator_3.py for tasks to queue
[2024-04-29T05:36:28.938+0000] {logging_mixin.py:188} INFO - [2024-04-29T05:36:28.938+0000] {dagbag.py:540} INFO - Filling up the DagBag from /home/airflow/.local/lib/python3.8/site-packages/airflow/example_dags/example_branch_python_dop_operator_3.py
[2024-04-29T05:36:28.945+0000] {processor.py:840} INFO - DAG(s) 'example_branch_dop_operator_v3' retrieved from /home/airflow/.local/lib/python3.8/site-packages/airflow/example_dags/example_branch_python_dop_operator_3.py
[2024-04-29T05:36:28.963+0000] {logging_mixin.py:188} INFO - [2024-04-29T05:36:28.963+0000] {dag.py:3047} INFO - Sync 1 DAGs
[2024-04-29T05:36:28.996+0000] {logging_mixin.py:188} INFO - [2024-04-29T05:36:28.996+0000] {dag.py:3834} INFO - Setting next_dagrun for example_branch_dop_operator_v3 to 2024-04-29 05:35:00+00:00, run_after=2024-04-29 05:36:00+00:00
[2024-04-29T05:36:29.023+0000] {processor.py:183} INFO - Processing /home/airflow/.local/lib/python3.8/site-packages/airflow/example_dags/example_branch_python_dop_operator_3.py took 0.090 seconds
[2024-04-29T05:36:59.555+0000] {processor.py:161} INFO - Started process (PID=1496) to work on /home/airflow/.local/lib/python3.8/site-packages/airflow/example_dags/example_branch_python_dop_operator_3.py
[2024-04-29T05:36:59.556+0000] {processor.py:830} INFO - Processing file /home/airflow/.local/lib/python3.8/site-packages/airflow/example_dags/example_branch_python_dop_operator_3.py for tasks to queue
[2024-04-29T05:36:59.556+0000] {logging_mixin.py:188} INFO - [2024-04-29T05:36:59.556+0000] {dagbag.py:540} INFO - Filling up the DagBag from /home/airflow/.local/lib/python3.8/site-packages/airflow/example_dags/example_branch_python_dop_operator_3.py
[2024-04-29T05:36:59.567+0000] {processor.py:840} INFO - DAG(s) 'example_branch_dop_operator_v3' retrieved from /home/airflow/.local/lib/python3.8/site-packages/airflow/example_dags/example_branch_python_dop_operator_3.py
[2024-04-29T05:36:59.592+0000] {logging_mixin.py:188} INFO - [2024-04-29T05:36:59.592+0000] {dag.py:3047} INFO - Sync 1 DAGs
[2024-04-29T05:36:59.636+0000] {logging_mixin.py:188} INFO - [2024-04-29T05:36:59.636+0000] {dag.py:3834} INFO - Setting next_dagrun for example_branch_dop_operator_v3 to 2024-04-29 05:35:00+00:00, run_after=2024-04-29 05:36:00+00:00
[2024-04-29T05:36:59.663+0000] {processor.py:183} INFO - Processing /home/airflow/.local/lib/python3.8/site-packages/airflow/example_dags/example_branch_python_dop_operator_3.py took 0.112 seconds
[2024-04-29T05:37:29.830+0000] {processor.py:161} INFO - Started process (PID=1748) to work on /home/airflow/.local/lib/python3.8/site-packages/airflow/example_dags/example_branch_python_dop_operator_3.py
[2024-04-29T05:37:29.830+0000] {processor.py:830} INFO - Processing file /home/airflow/.local/lib/python3.8/site-packages/airflow/example_dags/example_branch_python_dop_operator_3.py for tasks to queue
[2024-04-29T05:37:29.831+0000] {logging_mixin.py:188} INFO - [2024-04-29T05:37:29.831+0000] {dagbag.py:540} INFO - Filling up the DagBag from /home/airflow/.local/lib/python3.8/site-packages/airflow/example_dags/example_branch_python_dop_operator_3.py
[2024-04-29T05:37:29.842+0000] {processor.py:840} INFO - DAG(s) 'example_branch_dop_operator_v3' retrieved from /home/airflow/.local/lib/python3.8/site-packages/airflow/example_dags/example_branch_python_dop_operator_3.py
[2024-04-29T05:37:29.865+0000] {logging_mixin.py:188} INFO - [2024-04-29T05:37:29.865+0000] {dag.py:3047} INFO - Sync 1 DAGs
[2024-04-29T05:37:29.895+0000] {logging_mixin.py:188} INFO - [2024-04-29T05:37:29.895+0000] {dag.py:3834} INFO - Setting next_dagrun for example_branch_dop_operator_v3 to 2024-04-29 05:36:00+00:00, run_after=2024-04-29 05:37:00+00:00
[2024-04-29T05:37:29.936+0000] {processor.py:183} INFO - Processing /home/airflow/.local/lib/python3.8/site-packages/airflow/example_dags/example_branch_python_dop_operator_3.py took 0.110 seconds
[2024-04-29T05:38:08.677+0000] {processor.py:161} INFO - Started process (PID=2094) to work on /home/airflow/.local/lib/python3.8/site-packages/airflow/example_dags/example_branch_python_dop_operator_3.py
[2024-04-29T05:38:08.714+0000] {processor.py:830} INFO - Processing file /home/airflow/.local/lib/python3.8/site-packages/airflow/example_dags/example_branch_python_dop_operator_3.py for tasks to queue
[2024-04-29T05:38:08.720+0000] {logging_mixin.py:188} INFO - [2024-04-29T05:38:08.720+0000] {dagbag.py:540} INFO - Filling up the DagBag from /home/airflow/.local/lib/python3.8/site-packages/airflow/example_dags/example_branch_python_dop_operator_3.py
[2024-04-29T05:38:08.855+0000] {processor.py:840} INFO - DAG(s) 'example_branch_dop_operator_v3' retrieved from /home/airflow/.local/lib/python3.8/site-packages/airflow/example_dags/example_branch_python_dop_operator_3.py
[2024-04-29T05:38:09.050+0000] {logging_mixin.py:188} INFO - [2024-04-29T05:38:09.050+0000] {dag.py:3047} INFO - Sync 1 DAGs
[2024-04-29T05:38:09.465+0000] {logging_mixin.py:188} INFO - [2024-04-29T05:38:09.465+0000] {dag.py:3834} INFO - Setting next_dagrun for example_branch_dop_operator_v3 to 2024-04-29 05:37:00+00:00, run_after=2024-04-29 05:38:00+00:00
[2024-04-29T05:38:09.733+0000] {processor.py:183} INFO - Processing /home/airflow/.local/lib/python3.8/site-packages/airflow/example_dags/example_branch_python_dop_operator_3.py took 1.143 seconds
[2024-04-29T05:38:40.217+0000] {processor.py:161} INFO - Started process (PID=2418) to work on /home/airflow/.local/lib/python3.8/site-packages/airflow/example_dags/example_branch_python_dop_operator_3.py
[2024-04-29T05:38:40.224+0000] {processor.py:830} INFO - Processing file /home/airflow/.local/lib/python3.8/site-packages/airflow/example_dags/example_branch_python_dop_operator_3.py for tasks to queue
[2024-04-29T05:38:40.225+0000] {logging_mixin.py:188} INFO - [2024-04-29T05:38:40.224+0000] {dagbag.py:540} INFO - Filling up the DagBag from /home/airflow/.local/lib/python3.8/site-packages/airflow/example_dags/example_branch_python_dop_operator_3.py
[2024-04-29T05:38:40.249+0000] {processor.py:840} INFO - DAG(s) 'example_branch_dop_operator_v3' retrieved from /home/airflow/.local/lib/python3.8/site-packages/airflow/example_dags/example_branch_python_dop_operator_3.py
[2024-04-29T05:38:40.339+0000] {logging_mixin.py:188} INFO - [2024-04-29T05:38:40.338+0000] {dag.py:3047} INFO - Sync 1 DAGs
[2024-04-29T05:38:40.412+0000] {logging_mixin.py:188} INFO - [2024-04-29T05:38:40.412+0000] {dag.py:3834} INFO - Setting next_dagrun for example_branch_dop_operator_v3 to 2024-04-29 05:37:00+00:00, run_after=2024-04-29 05:38:00+00:00
[2024-04-29T05:38:40.477+0000] {processor.py:183} INFO - Processing /home/airflow/.local/lib/python3.8/site-packages/airflow/example_dags/example_branch_python_dop_operator_3.py took 0.263 seconds
[2024-04-29T05:39:11.444+0000] {processor.py:161} INFO - Started process (PID=2673) to work on /home/airflow/.local/lib/python3.8/site-packages/airflow/example_dags/example_branch_python_dop_operator_3.py
[2024-04-29T05:39:11.445+0000] {processor.py:830} INFO - Processing file /home/airflow/.local/lib/python3.8/site-packages/airflow/example_dags/example_branch_python_dop_operator_3.py for tasks to queue
[2024-04-29T05:39:11.446+0000] {logging_mixin.py:188} INFO - [2024-04-29T05:39:11.446+0000] {dagbag.py:540} INFO - Filling up the DagBag from /home/airflow/.local/lib/python3.8/site-packages/airflow/example_dags/example_branch_python_dop_operator_3.py
[2024-04-29T05:39:11.455+0000] {processor.py:840} INFO - DAG(s) 'example_branch_dop_operator_v3' retrieved from /home/airflow/.local/lib/python3.8/site-packages/airflow/example_dags/example_branch_python_dop_operator_3.py
[2024-04-29T05:39:11.472+0000] {logging_mixin.py:188} INFO - [2024-04-29T05:39:11.471+0000] {dag.py:3047} INFO - Sync 1 DAGs
[2024-04-29T05:39:11.493+0000] {logging_mixin.py:188} INFO - [2024-04-29T05:39:11.493+0000] {dag.py:3834} INFO - Setting next_dagrun for example_branch_dop_operator_v3 to 2024-04-29 05:38:00+00:00, run_after=2024-04-29 05:39:00+00:00
[2024-04-29T05:39:11.513+0000] {processor.py:183} INFO - Processing /home/airflow/.local/lib/python3.8/site-packages/airflow/example_dags/example_branch_python_dop_operator_3.py took 0.072 seconds
[2024-04-29T05:39:41.764+0000] {processor.py:161} INFO - Started process (PID=2927) to work on /home/airflow/.local/lib/python3.8/site-packages/airflow/example_dags/example_branch_python_dop_operator_3.py
[2024-04-29T05:39:41.765+0000] {processor.py:830} INFO - Processing file /home/airflow/.local/lib/python3.8/site-packages/airflow/example_dags/example_branch_python_dop_operator_3.py for tasks to queue
[2024-04-29T05:39:41.766+0000] {logging_mixin.py:188} INFO - [2024-04-29T05:39:41.765+0000] {dagbag.py:540} INFO - Filling up the DagBag from /home/airflow/.local/lib/python3.8/site-packages/airflow/example_dags/example_branch_python_dop_operator_3.py
[2024-04-29T05:39:41.773+0000] {processor.py:840} INFO - DAG(s) 'example_branch_dop_operator_v3' retrieved from /home/airflow/.local/lib/python3.8/site-packages/airflow/example_dags/example_branch_python_dop_operator_3.py
[2024-04-29T05:39:41.789+0000] {logging_mixin.py:188} INFO - [2024-04-29T05:39:41.789+0000] {dag.py:3047} INFO - Sync 1 DAGs
[2024-04-29T05:39:41.817+0000] {logging_mixin.py:188} INFO - [2024-04-29T05:39:41.817+0000] {dag.py:3834} INFO - Setting next_dagrun for example_branch_dop_operator_v3 to 2024-04-29 05:38:00+00:00, run_after=2024-04-29 05:39:00+00:00
[2024-04-29T05:39:41.838+0000] {processor.py:183} INFO - Processing /home/airflow/.local/lib/python3.8/site-packages/airflow/example_dags/example_branch_python_dop_operator_3.py took 0.077 seconds
[2024-04-29T05:40:11.948+0000] {processor.py:161} INFO - Started process (PID=3180) to work on /home/airflow/.local/lib/python3.8/site-packages/airflow/example_dags/example_branch_python_dop_operator_3.py
[2024-04-29T05:40:11.948+0000] {processor.py:830} INFO - Processing file /home/airflow/.local/lib/python3.8/site-packages/airflow/example_dags/example_branch_python_dop_operator_3.py for tasks to queue
[2024-04-29T05:40:11.949+0000] {logging_mixin.py:188} INFO - [2024-04-29T05:40:11.949+0000] {dagbag.py:540} INFO - Filling up the DagBag from /home/airflow/.local/lib/python3.8/site-packages/airflow/example_dags/example_branch_python_dop_operator_3.py
[2024-04-29T05:40:11.957+0000] {processor.py:840} INFO - DAG(s) 'example_branch_dop_operator_v3' retrieved from /home/airflow/.local/lib/python3.8/site-packages/airflow/example_dags/example_branch_python_dop_operator_3.py
[2024-04-29T05:40:11.975+0000] {logging_mixin.py:188} INFO - [2024-04-29T05:40:11.975+0000] {dag.py:3047} INFO - Sync 1 DAGs
[2024-04-29T05:40:12.003+0000] {logging_mixin.py:188} INFO - [2024-04-29T05:40:12.003+0000] {dag.py:3834} INFO - Setting next_dagrun for example_branch_dop_operator_v3 to 2024-04-29 05:39:00+00:00, run_after=2024-04-29 05:40:00+00:00
[2024-04-29T05:40:12.029+0000] {processor.py:183} INFO - Processing /home/airflow/.local/lib/python3.8/site-packages/airflow/example_dags/example_branch_python_dop_operator_3.py took 0.084 seconds
[2024-04-29T05:40:42.256+0000] {processor.py:161} INFO - Started process (PID=3432) to work on /home/airflow/.local/lib/python3.8/site-packages/airflow/example_dags/example_branch_python_dop_operator_3.py
[2024-04-29T05:40:42.257+0000] {processor.py:830} INFO - Processing file /home/airflow/.local/lib/python3.8/site-packages/airflow/example_dags/example_branch_python_dop_operator_3.py for tasks to queue
[2024-04-29T05:40:42.258+0000] {logging_mixin.py:188} INFO - [2024-04-29T05:40:42.257+0000] {dagbag.py:540} INFO - Filling up the DagBag from /home/airflow/.local/lib/python3.8/site-packages/airflow/example_dags/example_branch_python_dop_operator_3.py
[2024-04-29T05:40:42.265+0000] {processor.py:840} INFO - DAG(s) 'example_branch_dop_operator_v3' retrieved from /home/airflow/.local/lib/python3.8/site-packages/airflow/example_dags/example_branch_python_dop_operator_3.py
[2024-04-29T05:40:42.281+0000] {logging_mixin.py:188} INFO - [2024-04-29T05:40:42.281+0000] {dag.py:3047} INFO - Sync 1 DAGs
[2024-04-29T05:40:42.302+0000] {logging_mixin.py:188} INFO - [2024-04-29T05:40:42.302+0000] {dag.py:3834} INFO - Setting next_dagrun for example_branch_dop_operator_v3 to 2024-04-29 05:39:00+00:00, run_after=2024-04-29 05:40:00+00:00
[2024-04-29T05:40:42.321+0000] {processor.py:183} INFO - Processing /home/airflow/.local/lib/python3.8/site-packages/airflow/example_dags/example_branch_python_dop_operator_3.py took 0.068 seconds
[2024-04-29T05:41:12.579+0000] {processor.py:161} INFO - Started process (PID=3691) to work on /home/airflow/.local/lib/python3.8/site-packages/airflow/example_dags/example_branch_python_dop_operator_3.py
[2024-04-29T05:41:12.580+0000] {processor.py:830} INFO - Processing file /home/airflow/.local/lib/python3.8/site-packages/airflow/example_dags/example_branch_python_dop_operator_3.py for tasks to queue
[2024-04-29T05:41:12.581+0000] {logging_mixin.py:188} INFO - [2024-04-29T05:41:12.580+0000] {dagbag.py:540} INFO - Filling up the DagBag from /home/airflow/.local/lib/python3.8/site-packages/airflow/example_dags/example_branch_python_dop_operator_3.py
[2024-04-29T05:41:12.598+0000] {processor.py:840} INFO - DAG(s) 'example_branch_dop_operator_v3' retrieved from /home/airflow/.local/lib/python3.8/site-packages/airflow/example_dags/example_branch_python_dop_operator_3.py
[2024-04-29T05:41:12.644+0000] {logging_mixin.py:188} INFO - [2024-04-29T05:41:12.644+0000] {dag.py:3047} INFO - Sync 1 DAGs
[2024-04-29T05:41:12.700+0000] {logging_mixin.py:188} INFO - [2024-04-29T05:41:12.700+0000] {dag.py:3834} INFO - Setting next_dagrun for example_branch_dop_operator_v3 to 2024-04-29 05:40:00+00:00, run_after=2024-04-29 05:41:00+00:00
[2024-04-29T05:41:12.775+0000] {processor.py:183} INFO - Processing /home/airflow/.local/lib/python3.8/site-packages/airflow/example_dags/example_branch_python_dop_operator_3.py took 0.200 seconds
[2024-04-29T05:41:43.372+0000] {processor.py:161} INFO - Started process (PID=3947) to work on /home/airflow/.local/lib/python3.8/site-packages/airflow/example_dags/example_branch_python_dop_operator_3.py
[2024-04-29T05:41:43.373+0000] {processor.py:830} INFO - Processing file /home/airflow/.local/lib/python3.8/site-packages/airflow/example_dags/example_branch_python_dop_operator_3.py for tasks to queue
[2024-04-29T05:41:43.373+0000] {logging_mixin.py:188} INFO - [2024-04-29T05:41:43.373+0000] {dagbag.py:540} INFO - Filling up the DagBag from /home/airflow/.local/lib/python3.8/site-packages/airflow/example_dags/example_branch_python_dop_operator_3.py
[2024-04-29T05:41:43.381+0000] {processor.py:840} INFO - DAG(s) 'example_branch_dop_operator_v3' retrieved from /home/airflow/.local/lib/python3.8/site-packages/airflow/example_dags/example_branch_python_dop_operator_3.py
[2024-04-29T05:41:43.397+0000] {logging_mixin.py:188} INFO - [2024-04-29T05:41:43.397+0000] {dag.py:3047} INFO - Sync 1 DAGs
[2024-04-29T05:41:43.419+0000] {logging_mixin.py:188} INFO - [2024-04-29T05:41:43.419+0000] {dag.py:3834} INFO - Setting next_dagrun for example_branch_dop_operator_v3 to 2024-04-29 05:40:00+00:00, run_after=2024-04-29 05:41:00+00:00
[2024-04-29T05:41:43.439+0000] {processor.py:183} INFO - Processing /home/airflow/.local/lib/python3.8/site-packages/airflow/example_dags/example_branch_python_dop_operator_3.py took 0.070 seconds
[2024-04-29T05:42:13.838+0000] {processor.py:161} INFO - Started process (PID=4199) to work on /home/airflow/.local/lib/python3.8/site-packages/airflow/example_dags/example_branch_python_dop_operator_3.py
[2024-04-29T05:42:13.839+0000] {processor.py:830} INFO - Processing file /home/airflow/.local/lib/python3.8/site-packages/airflow/example_dags/example_branch_python_dop_operator_3.py for tasks to queue
[2024-04-29T05:42:13.841+0000] {logging_mixin.py:188} INFO - [2024-04-29T05:42:13.840+0000] {dagbag.py:540} INFO - Filling up the DagBag from /home/airflow/.local/lib/python3.8/site-packages/airflow/example_dags/example_branch_python_dop_operator_3.py
[2024-04-29T05:42:13.854+0000] {processor.py:840} INFO - DAG(s) 'example_branch_dop_operator_v3' retrieved from /home/airflow/.local/lib/python3.8/site-packages/airflow/example_dags/example_branch_python_dop_operator_3.py
[2024-04-29T05:42:13.872+0000] {logging_mixin.py:188} INFO - [2024-04-29T05:42:13.872+0000] {dag.py:3047} INFO - Sync 1 DAGs
[2024-04-29T05:42:13.894+0000] {logging_mixin.py:188} INFO - [2024-04-29T05:42:13.894+0000] {dag.py:3834} INFO - Setting next_dagrun for example_branch_dop_operator_v3 to 2024-04-29 05:41:00+00:00, run_after=2024-04-29 05:42:00+00:00
[2024-04-29T05:42:13.919+0000] {processor.py:183} INFO - Processing /home/airflow/.local/lib/python3.8/site-packages/airflow/example_dags/example_branch_python_dop_operator_3.py took 0.085 seconds
[2024-04-29T05:42:44.200+0000] {processor.py:161} INFO - Started process (PID=4452) to work on /home/airflow/.local/lib/python3.8/site-packages/airflow/example_dags/example_branch_python_dop_operator_3.py
[2024-04-29T05:42:44.200+0000] {processor.py:830} INFO - Processing file /home/airflow/.local/lib/python3.8/site-packages/airflow/example_dags/example_branch_python_dop_operator_3.py for tasks to queue
[2024-04-29T05:42:44.201+0000] {logging_mixin.py:188} INFO - [2024-04-29T05:42:44.201+0000] {dagbag.py:540} INFO - Filling up the DagBag from /home/airflow/.local/lib/python3.8/site-packages/airflow/example_dags/example_branch_python_dop_operator_3.py
[2024-04-29T05:42:44.209+0000] {processor.py:840} INFO - DAG(s) 'example_branch_dop_operator_v3' retrieved from /home/airflow/.local/lib/python3.8/site-packages/airflow/example_dags/example_branch_python_dop_operator_3.py
[2024-04-29T05:42:44.225+0000] {logging_mixin.py:188} INFO - [2024-04-29T05:42:44.225+0000] {dag.py:3047} INFO - Sync 1 DAGs
[2024-04-29T05:42:44.255+0000] {logging_mixin.py:188} INFO - [2024-04-29T05:42:44.255+0000] {dag.py:3834} INFO - Setting next_dagrun for example_branch_dop_operator_v3 to 2024-04-29 05:41:00+00:00, run_after=2024-04-29 05:42:00+00:00
[2024-04-29T05:42:44.274+0000] {processor.py:183} INFO - Processing /home/airflow/.local/lib/python3.8/site-packages/airflow/example_dags/example_branch_python_dop_operator_3.py took 0.078 seconds
[2024-04-29T05:43:14.348+0000] {processor.py:161} INFO - Started process (PID=4705) to work on /home/airflow/.local/lib/python3.8/site-packages/airflow/example_dags/example_branch_python_dop_operator_3.py
[2024-04-29T05:43:14.349+0000] {processor.py:830} INFO - Processing file /home/airflow/.local/lib/python3.8/site-packages/airflow/example_dags/example_branch_python_dop_operator_3.py for tasks to queue
[2024-04-29T05:43:14.350+0000] {logging_mixin.py:188} INFO - [2024-04-29T05:43:14.350+0000] {dagbag.py:540} INFO - Filling up the DagBag from /home/airflow/.local/lib/python3.8/site-packages/airflow/example_dags/example_branch_python_dop_operator_3.py
[2024-04-29T05:43:14.357+0000] {processor.py:840} INFO - DAG(s) 'example_branch_dop_operator_v3' retrieved from /home/airflow/.local/lib/python3.8/site-packages/airflow/example_dags/example_branch_python_dop_operator_3.py
[2024-04-29T05:43:14.373+0000] {logging_mixin.py:188} INFO - [2024-04-29T05:43:14.373+0000] {dag.py:3047} INFO - Sync 1 DAGs
[2024-04-29T05:43:14.394+0000] {logging_mixin.py:188} INFO - [2024-04-29T05:43:14.394+0000] {dag.py:3834} INFO - Setting next_dagrun for example_branch_dop_operator_v3 to 2024-04-29 05:42:00+00:00, run_after=2024-04-29 05:43:00+00:00
[2024-04-29T05:43:14.414+0000] {processor.py:183} INFO - Processing /home/airflow/.local/lib/python3.8/site-packages/airflow/example_dags/example_branch_python_dop_operator_3.py took 0.069 seconds
[2024-04-29T05:43:44.555+0000] {processor.py:161} INFO - Started process (PID=4957) to work on /home/airflow/.local/lib/python3.8/site-packages/airflow/example_dags/example_branch_python_dop_operator_3.py
[2024-04-29T05:43:44.556+0000] {processor.py:830} INFO - Processing file /home/airflow/.local/lib/python3.8/site-packages/airflow/example_dags/example_branch_python_dop_operator_3.py for tasks to queue
[2024-04-29T05:43:44.556+0000] {logging_mixin.py:188} INFO - [2024-04-29T05:43:44.556+0000] {dagbag.py:540} INFO - Filling up the DagBag from /home/airflow/.local/lib/python3.8/site-packages/airflow/example_dags/example_branch_python_dop_operator_3.py
[2024-04-29T05:43:44.564+0000] {processor.py:840} INFO - DAG(s) 'example_branch_dop_operator_v3' retrieved from /home/airflow/.local/lib/python3.8/site-packages/airflow/example_dags/example_branch_python_dop_operator_3.py
[2024-04-29T05:43:44.580+0000] {logging_mixin.py:188} INFO - [2024-04-29T05:43:44.580+0000] {dag.py:3047} INFO - Sync 1 DAGs
[2024-04-29T05:43:44.601+0000] {logging_mixin.py:188} INFO - [2024-04-29T05:43:44.601+0000] {dag.py:3834} INFO - Setting next_dagrun for example_branch_dop_operator_v3 to 2024-04-29 05:42:00+00:00, run_after=2024-04-29 05:43:00+00:00
[2024-04-29T05:43:44.630+0000] {processor.py:183} INFO - Processing /home/airflow/.local/lib/python3.8/site-packages/airflow/example_dags/example_branch_python_dop_operator_3.py took 0.079 seconds
