[2024-04-29T05:31:55.960+0000] {processor.py:161} INFO - Started process (PID=296) to work on /home/airflow/.local/lib/python3.8/site-packages/airflow/example_dags/example_external_task_marker_dag.py
[2024-04-29T05:31:55.967+0000] {processor.py:830} INFO - Processing file /home/airflow/.local/lib/python3.8/site-packages/airflow/example_dags/example_external_task_marker_dag.py for tasks to queue
[2024-04-29T05:31:55.968+0000] {logging_mixin.py:188} INFO - [2024-04-29T05:31:55.967+0000] {dagbag.py:540} INFO - Filling up the DagBag from /home/airflow/.local/lib/python3.8/site-packages/airflow/example_dags/example_external_task_marker_dag.py
[2024-04-29T05:31:55.981+0000] {processor.py:840} INFO - DAG(s) 'example_external_task_marker_parent', 'example_external_task_marker_child' retrieved from /home/airflow/.local/lib/python3.8/site-packages/airflow/example_dags/example_external_task_marker_dag.py
[2024-04-29T05:31:56.167+0000] {logging_mixin.py:188} INFO - [2024-04-29T05:31:56.166+0000] {override.py:1769} INFO - Created Permission View: can read on DAG:example_external_task_marker_parent
[2024-04-29T05:31:56.193+0000] {logging_mixin.py:188} INFO - [2024-04-29T05:31:56.192+0000] {override.py:1769} INFO - Created Permission View: can edit on DAG:example_external_task_marker_parent
[2024-04-29T05:31:56.204+0000] {logging_mixin.py:188} INFO - [2024-04-29T05:31:56.204+0000] {override.py:1769} INFO - Created Permission View: can delete on DAG:example_external_task_marker_parent
[2024-04-29T05:31:56.239+0000] {logging_mixin.py:188} INFO - [2024-04-29T05:31:56.239+0000] {override.py:1769} INFO - Created Permission View: can read on DAG:example_external_task_marker_child
[2024-04-29T05:31:56.252+0000] {logging_mixin.py:188} INFO - [2024-04-29T05:31:56.251+0000] {override.py:1769} INFO - Created Permission View: can edit on DAG:example_external_task_marker_child
[2024-04-29T05:31:56.263+0000] {logging_mixin.py:188} INFO - [2024-04-29T05:31:56.262+0000] {override.py:1769} INFO - Created Permission View: can delete on DAG:example_external_task_marker_child
[2024-04-29T05:31:56.263+0000] {logging_mixin.py:188} INFO - [2024-04-29T05:31:56.263+0000] {dag.py:3047} INFO - Sync 2 DAGs
[2024-04-29T05:31:56.281+0000] {logging_mixin.py:188} INFO - [2024-04-29T05:31:56.281+0000] {dag.py:3069} INFO - Creating ORM DAG for example_external_task_marker_parent
[2024-04-29T05:31:56.286+0000] {logging_mixin.py:188} INFO - [2024-04-29T05:31:56.286+0000] {dag.py:3069} INFO - Creating ORM DAG for example_external_task_marker_child
[2024-04-29T05:31:56.287+0000] {logging_mixin.py:188} INFO - [2024-04-29T05:31:56.287+0000] {dag.py:3834} INFO - Setting next_dagrun for example_external_task_marker_child to None, run_after=None
[2024-04-29T05:31:56.294+0000] {logging_mixin.py:188} INFO - [2024-04-29T05:31:56.294+0000] {dag.py:3834} INFO - Setting next_dagrun for example_external_task_marker_parent to None, run_after=None
[2024-04-29T05:31:56.325+0000] {processor.py:183} INFO - Processing /home/airflow/.local/lib/python3.8/site-packages/airflow/example_dags/example_external_task_marker_dag.py took 0.372 seconds
[2024-04-29T05:32:26.955+0000] {processor.py:161} INFO - Started process (PID=548) to work on /home/airflow/.local/lib/python3.8/site-packages/airflow/example_dags/example_external_task_marker_dag.py
[2024-04-29T05:32:26.956+0000] {processor.py:830} INFO - Processing file /home/airflow/.local/lib/python3.8/site-packages/airflow/example_dags/example_external_task_marker_dag.py for tasks to queue
[2024-04-29T05:32:26.957+0000] {logging_mixin.py:188} INFO - [2024-04-29T05:32:26.956+0000] {dagbag.py:540} INFO - Filling up the DagBag from /home/airflow/.local/lib/python3.8/site-packages/airflow/example_dags/example_external_task_marker_dag.py
[2024-04-29T05:32:26.963+0000] {processor.py:840} INFO - DAG(s) 'example_external_task_marker_child', 'example_external_task_marker_parent' retrieved from /home/airflow/.local/lib/python3.8/site-packages/airflow/example_dags/example_external_task_marker_dag.py
[2024-04-29T05:32:26.990+0000] {logging_mixin.py:188} INFO - [2024-04-29T05:32:26.990+0000] {dag.py:3047} INFO - Sync 2 DAGs
[2024-04-29T05:32:27.006+0000] {logging_mixin.py:188} INFO - [2024-04-29T05:32:27.006+0000] {dag.py:3834} INFO - Setting next_dagrun for example_external_task_marker_child to None, run_after=None
[2024-04-29T05:32:27.011+0000] {logging_mixin.py:188} INFO - [2024-04-29T05:32:27.010+0000] {dag.py:3834} INFO - Setting next_dagrun for example_external_task_marker_parent to None, run_after=None
[2024-04-29T05:32:27.031+0000] {processor.py:183} INFO - Processing /home/airflow/.local/lib/python3.8/site-packages/airflow/example_dags/example_external_task_marker_dag.py took 0.080 seconds
[2024-04-29T05:32:57.500+0000] {processor.py:161} INFO - Started process (PID=799) to work on /home/airflow/.local/lib/python3.8/site-packages/airflow/example_dags/example_external_task_marker_dag.py
[2024-04-29T05:32:57.501+0000] {processor.py:830} INFO - Processing file /home/airflow/.local/lib/python3.8/site-packages/airflow/example_dags/example_external_task_marker_dag.py for tasks to queue
[2024-04-29T05:32:57.502+0000] {logging_mixin.py:188} INFO - [2024-04-29T05:32:57.502+0000] {dagbag.py:540} INFO - Filling up the DagBag from /home/airflow/.local/lib/python3.8/site-packages/airflow/example_dags/example_external_task_marker_dag.py
[2024-04-29T05:32:57.509+0000] {processor.py:840} INFO - DAG(s) 'example_external_task_marker_child', 'example_external_task_marker_parent' retrieved from /home/airflow/.local/lib/python3.8/site-packages/airflow/example_dags/example_external_task_marker_dag.py
[2024-04-29T05:32:57.537+0000] {logging_mixin.py:188} INFO - [2024-04-29T05:32:57.537+0000] {dag.py:3047} INFO - Sync 2 DAGs
[2024-04-29T05:32:57.556+0000] {logging_mixin.py:188} INFO - [2024-04-29T05:32:57.556+0000] {dag.py:3834} INFO - Setting next_dagrun for example_external_task_marker_child to None, run_after=None
[2024-04-29T05:32:57.560+0000] {logging_mixin.py:188} INFO - [2024-04-29T05:32:57.560+0000] {dag.py:3834} INFO - Setting next_dagrun for example_external_task_marker_parent to None, run_after=None
[2024-04-29T05:32:57.588+0000] {processor.py:183} INFO - Processing /home/airflow/.local/lib/python3.8/site-packages/airflow/example_dags/example_external_task_marker_dag.py took 0.091 seconds
[2024-04-29T05:34:27.277+0000] {processor.py:161} INFO - Started process (PID=295) to work on /home/airflow/.local/lib/python3.8/site-packages/airflow/example_dags/example_external_task_marker_dag.py
[2024-04-29T05:34:27.282+0000] {processor.py:830} INFO - Processing file /home/airflow/.local/lib/python3.8/site-packages/airflow/example_dags/example_external_task_marker_dag.py for tasks to queue
[2024-04-29T05:34:27.284+0000] {logging_mixin.py:188} INFO - [2024-04-29T05:34:27.283+0000] {dagbag.py:540} INFO - Filling up the DagBag from /home/airflow/.local/lib/python3.8/site-packages/airflow/example_dags/example_external_task_marker_dag.py
[2024-04-29T05:34:27.306+0000] {processor.py:840} INFO - DAG(s) 'example_external_task_marker_child', 'example_external_task_marker_parent' retrieved from /home/airflow/.local/lib/python3.8/site-packages/airflow/example_dags/example_external_task_marker_dag.py
[2024-04-29T05:34:27.326+0000] {logging_mixin.py:188} INFO - [2024-04-29T05:34:27.326+0000] {dag.py:3047} INFO - Sync 2 DAGs
[2024-04-29T05:34:27.343+0000] {logging_mixin.py:188} INFO - [2024-04-29T05:34:27.343+0000] {dag.py:3834} INFO - Setting next_dagrun for example_external_task_marker_child to None, run_after=None
[2024-04-29T05:34:27.349+0000] {logging_mixin.py:188} INFO - [2024-04-29T05:34:27.349+0000] {dag.py:3834} INFO - Setting next_dagrun for example_external_task_marker_parent to None, run_after=None
[2024-04-29T05:34:27.413+0000] {processor.py:183} INFO - Processing /home/airflow/.local/lib/python3.8/site-packages/airflow/example_dags/example_external_task_marker_dag.py took 0.140 seconds
[2024-04-29T05:34:59.011+0000] {processor.py:161} INFO - Started process (PID=547) to work on /home/airflow/.local/lib/python3.8/site-packages/airflow/example_dags/example_external_task_marker_dag.py
[2024-04-29T05:34:59.012+0000] {processor.py:830} INFO - Processing file /home/airflow/.local/lib/python3.8/site-packages/airflow/example_dags/example_external_task_marker_dag.py for tasks to queue
[2024-04-29T05:34:59.013+0000] {logging_mixin.py:188} INFO - [2024-04-29T05:34:59.013+0000] {dagbag.py:540} INFO - Filling up the DagBag from /home/airflow/.local/lib/python3.8/site-packages/airflow/example_dags/example_external_task_marker_dag.py
[2024-04-29T05:34:59.021+0000] {processor.py:840} INFO - DAG(s) 'example_external_task_marker_child', 'example_external_task_marker_parent' retrieved from /home/airflow/.local/lib/python3.8/site-packages/airflow/example_dags/example_external_task_marker_dag.py
[2024-04-29T05:34:59.191+0000] {logging_mixin.py:188} INFO - [2024-04-29T05:34:59.191+0000] {dag.py:3047} INFO - Sync 2 DAGs
[2024-04-29T05:34:59.209+0000] {logging_mixin.py:188} INFO - [2024-04-29T05:34:59.209+0000] {dag.py:3834} INFO - Setting next_dagrun for example_external_task_marker_child to None, run_after=None
[2024-04-29T05:34:59.213+0000] {logging_mixin.py:188} INFO - [2024-04-29T05:34:59.213+0000] {dag.py:3834} INFO - Setting next_dagrun for example_external_task_marker_parent to None, run_after=None
[2024-04-29T05:34:59.245+0000] {processor.py:183} INFO - Processing /home/airflow/.local/lib/python3.8/site-packages/airflow/example_dags/example_external_task_marker_dag.py took 0.238 seconds
[2024-04-29T05:35:30.045+0000] {processor.py:161} INFO - Started process (PID=799) to work on /home/airflow/.local/lib/python3.8/site-packages/airflow/example_dags/example_external_task_marker_dag.py
[2024-04-29T05:35:30.046+0000] {processor.py:830} INFO - Processing file /home/airflow/.local/lib/python3.8/site-packages/airflow/example_dags/example_external_task_marker_dag.py for tasks to queue
[2024-04-29T05:35:30.047+0000] {logging_mixin.py:188} INFO - [2024-04-29T05:35:30.047+0000] {dagbag.py:540} INFO - Filling up the DagBag from /home/airflow/.local/lib/python3.8/site-packages/airflow/example_dags/example_external_task_marker_dag.py
[2024-04-29T05:35:30.057+0000] {processor.py:840} INFO - DAG(s) 'example_external_task_marker_child', 'example_external_task_marker_parent' retrieved from /home/airflow/.local/lib/python3.8/site-packages/airflow/example_dags/example_external_task_marker_dag.py
[2024-04-29T05:35:30.086+0000] {logging_mixin.py:188} INFO - [2024-04-29T05:35:30.086+0000] {dag.py:3047} INFO - Sync 2 DAGs
[2024-04-29T05:35:30.101+0000] {logging_mixin.py:188} INFO - [2024-04-29T05:35:30.100+0000] {dag.py:3834} INFO - Setting next_dagrun for example_external_task_marker_child to None, run_after=None
[2024-04-29T05:35:30.105+0000] {logging_mixin.py:188} INFO - [2024-04-29T05:35:30.105+0000] {dag.py:3834} INFO - Setting next_dagrun for example_external_task_marker_parent to None, run_after=None
[2024-04-29T05:35:30.125+0000] {processor.py:183} INFO - Processing /home/airflow/.local/lib/python3.8/site-packages/airflow/example_dags/example_external_task_marker_dag.py took 0.084 seconds
[2024-04-29T05:36:00.287+0000] {processor.py:161} INFO - Started process (PID=1050) to work on /home/airflow/.local/lib/python3.8/site-packages/airflow/example_dags/example_external_task_marker_dag.py
[2024-04-29T05:36:00.288+0000] {processor.py:830} INFO - Processing file /home/airflow/.local/lib/python3.8/site-packages/airflow/example_dags/example_external_task_marker_dag.py for tasks to queue
[2024-04-29T05:36:00.289+0000] {logging_mixin.py:188} INFO - [2024-04-29T05:36:00.289+0000] {dagbag.py:540} INFO - Filling up the DagBag from /home/airflow/.local/lib/python3.8/site-packages/airflow/example_dags/example_external_task_marker_dag.py
[2024-04-29T05:36:00.298+0000] {processor.py:840} INFO - DAG(s) 'example_external_task_marker_child', 'example_external_task_marker_parent' retrieved from /home/airflow/.local/lib/python3.8/site-packages/airflow/example_dags/example_external_task_marker_dag.py
[2024-04-29T05:36:00.326+0000] {logging_mixin.py:188} INFO - [2024-04-29T05:36:00.326+0000] {dag.py:3047} INFO - Sync 2 DAGs
[2024-04-29T05:36:00.341+0000] {logging_mixin.py:188} INFO - [2024-04-29T05:36:00.340+0000] {dag.py:3834} INFO - Setting next_dagrun for example_external_task_marker_child to None, run_after=None
[2024-04-29T05:36:00.345+0000] {logging_mixin.py:188} INFO - [2024-04-29T05:36:00.344+0000] {dag.py:3834} INFO - Setting next_dagrun for example_external_task_marker_parent to None, run_after=None
[2024-04-29T05:36:00.367+0000] {processor.py:183} INFO - Processing /home/airflow/.local/lib/python3.8/site-packages/airflow/example_dags/example_external_task_marker_dag.py took 0.083 seconds
[2024-04-29T05:36:30.809+0000] {processor.py:161} INFO - Started process (PID=1303) to work on /home/airflow/.local/lib/python3.8/site-packages/airflow/example_dags/example_external_task_marker_dag.py
[2024-04-29T05:36:30.810+0000] {processor.py:830} INFO - Processing file /home/airflow/.local/lib/python3.8/site-packages/airflow/example_dags/example_external_task_marker_dag.py for tasks to queue
[2024-04-29T05:36:30.810+0000] {logging_mixin.py:188} INFO - [2024-04-29T05:36:30.810+0000] {dagbag.py:540} INFO - Filling up the DagBag from /home/airflow/.local/lib/python3.8/site-packages/airflow/example_dags/example_external_task_marker_dag.py
[2024-04-29T05:36:30.828+0000] {processor.py:840} INFO - DAG(s) 'example_external_task_marker_child', 'example_external_task_marker_parent' retrieved from /home/airflow/.local/lib/python3.8/site-packages/airflow/example_dags/example_external_task_marker_dag.py
[2024-04-29T05:36:30.859+0000] {logging_mixin.py:188} INFO - [2024-04-29T05:36:30.858+0000] {dag.py:3047} INFO - Sync 2 DAGs
[2024-04-29T05:36:30.874+0000] {logging_mixin.py:188} INFO - [2024-04-29T05:36:30.874+0000] {dag.py:3834} INFO - Setting next_dagrun for example_external_task_marker_child to None, run_after=None
[2024-04-29T05:36:30.878+0000] {logging_mixin.py:188} INFO - [2024-04-29T05:36:30.878+0000] {dag.py:3834} INFO - Setting next_dagrun for example_external_task_marker_parent to None, run_after=None
[2024-04-29T05:36:30.905+0000] {processor.py:183} INFO - Processing /home/airflow/.local/lib/python3.8/site-packages/airflow/example_dags/example_external_task_marker_dag.py took 0.100 seconds
[2024-04-29T05:37:01.296+0000] {processor.py:161} INFO - Started process (PID=1556) to work on /home/airflow/.local/lib/python3.8/site-packages/airflow/example_dags/example_external_task_marker_dag.py
[2024-04-29T05:37:01.298+0000] {processor.py:830} INFO - Processing file /home/airflow/.local/lib/python3.8/site-packages/airflow/example_dags/example_external_task_marker_dag.py for tasks to queue
[2024-04-29T05:37:01.298+0000] {logging_mixin.py:188} INFO - [2024-04-29T05:37:01.298+0000] {dagbag.py:540} INFO - Filling up the DagBag from /home/airflow/.local/lib/python3.8/site-packages/airflow/example_dags/example_external_task_marker_dag.py
[2024-04-29T05:37:01.307+0000] {processor.py:840} INFO - DAG(s) 'example_external_task_marker_parent', 'example_external_task_marker_child' retrieved from /home/airflow/.local/lib/python3.8/site-packages/airflow/example_dags/example_external_task_marker_dag.py
[2024-04-29T05:37:01.335+0000] {logging_mixin.py:188} INFO - [2024-04-29T05:37:01.335+0000] {dag.py:3047} INFO - Sync 2 DAGs
[2024-04-29T05:37:01.350+0000] {logging_mixin.py:188} INFO - [2024-04-29T05:37:01.350+0000] {dag.py:3834} INFO - Setting next_dagrun for example_external_task_marker_child to None, run_after=None
[2024-04-29T05:37:01.355+0000] {logging_mixin.py:188} INFO - [2024-04-29T05:37:01.354+0000] {dag.py:3834} INFO - Setting next_dagrun for example_external_task_marker_parent to None, run_after=None
[2024-04-29T05:37:01.379+0000] {processor.py:183} INFO - Processing /home/airflow/.local/lib/python3.8/site-packages/airflow/example_dags/example_external_task_marker_dag.py took 0.089 seconds
[2024-04-29T05:37:31.708+0000] {processor.py:161} INFO - Started process (PID=1808) to work on /home/airflow/.local/lib/python3.8/site-packages/airflow/example_dags/example_external_task_marker_dag.py
[2024-04-29T05:37:31.708+0000] {processor.py:830} INFO - Processing file /home/airflow/.local/lib/python3.8/site-packages/airflow/example_dags/example_external_task_marker_dag.py for tasks to queue
[2024-04-29T05:37:31.709+0000] {logging_mixin.py:188} INFO - [2024-04-29T05:37:31.709+0000] {dagbag.py:540} INFO - Filling up the DagBag from /home/airflow/.local/lib/python3.8/site-packages/airflow/example_dags/example_external_task_marker_dag.py
[2024-04-29T05:37:31.716+0000] {processor.py:840} INFO - DAG(s) 'example_external_task_marker_parent', 'example_external_task_marker_child' retrieved from /home/airflow/.local/lib/python3.8/site-packages/airflow/example_dags/example_external_task_marker_dag.py
[2024-04-29T05:37:31.742+0000] {logging_mixin.py:188} INFO - [2024-04-29T05:37:31.742+0000] {dag.py:3047} INFO - Sync 2 DAGs
[2024-04-29T05:37:31.757+0000] {logging_mixin.py:188} INFO - [2024-04-29T05:37:31.757+0000] {dag.py:3834} INFO - Setting next_dagrun for example_external_task_marker_child to None, run_after=None
[2024-04-29T05:37:31.761+0000] {logging_mixin.py:188} INFO - [2024-04-29T05:37:31.761+0000] {dag.py:3834} INFO - Setting next_dagrun for example_external_task_marker_parent to None, run_after=None
[2024-04-29T05:37:31.782+0000] {processor.py:183} INFO - Processing /home/airflow/.local/lib/python3.8/site-packages/airflow/example_dags/example_external_task_marker_dag.py took 0.078 seconds
[2024-04-29T05:38:16.116+0000] {processor.py:161} INFO - Started process (PID=2171) to work on /home/airflow/.local/lib/python3.8/site-packages/airflow/example_dags/example_external_task_marker_dag.py
[2024-04-29T05:38:16.125+0000] {processor.py:830} INFO - Processing file /home/airflow/.local/lib/python3.8/site-packages/airflow/example_dags/example_external_task_marker_dag.py for tasks to queue
[2024-04-29T05:38:16.126+0000] {logging_mixin.py:188} INFO - [2024-04-29T05:38:16.126+0000] {dagbag.py:540} INFO - Filling up the DagBag from /home/airflow/.local/lib/python3.8/site-packages/airflow/example_dags/example_external_task_marker_dag.py
[2024-04-29T05:38:16.204+0000] {processor.py:840} INFO - DAG(s) 'example_external_task_marker_child', 'example_external_task_marker_parent' retrieved from /home/airflow/.local/lib/python3.8/site-packages/airflow/example_dags/example_external_task_marker_dag.py
[2024-04-29T05:38:16.402+0000] {logging_mixin.py:188} INFO - [2024-04-29T05:38:16.401+0000] {dag.py:3047} INFO - Sync 2 DAGs
[2024-04-29T05:38:16.483+0000] {logging_mixin.py:188} INFO - [2024-04-29T05:38:16.483+0000] {dag.py:3834} INFO - Setting next_dagrun for example_external_task_marker_child to None, run_after=None
[2024-04-29T05:38:16.496+0000] {logging_mixin.py:188} INFO - [2024-04-29T05:38:16.496+0000] {dag.py:3834} INFO - Setting next_dagrun for example_external_task_marker_parent to None, run_after=None
[2024-04-29T05:38:16.559+0000] {processor.py:183} INFO - Processing /home/airflow/.local/lib/python3.8/site-packages/airflow/example_dags/example_external_task_marker_dag.py took 0.446 seconds
[2024-04-29T05:38:47.040+0000] {processor.py:161} INFO - Started process (PID=2475) to work on /home/airflow/.local/lib/python3.8/site-packages/airflow/example_dags/example_external_task_marker_dag.py
[2024-04-29T05:38:47.041+0000] {processor.py:830} INFO - Processing file /home/airflow/.local/lib/python3.8/site-packages/airflow/example_dags/example_external_task_marker_dag.py for tasks to queue
[2024-04-29T05:38:47.042+0000] {logging_mixin.py:188} INFO - [2024-04-29T05:38:47.042+0000] {dagbag.py:540} INFO - Filling up the DagBag from /home/airflow/.local/lib/python3.8/site-packages/airflow/example_dags/example_external_task_marker_dag.py
[2024-04-29T05:38:47.049+0000] {processor.py:840} INFO - DAG(s) 'example_external_task_marker_child', 'example_external_task_marker_parent' retrieved from /home/airflow/.local/lib/python3.8/site-packages/airflow/example_dags/example_external_task_marker_dag.py
[2024-04-29T05:38:47.073+0000] {logging_mixin.py:188} INFO - [2024-04-29T05:38:47.073+0000] {dag.py:3047} INFO - Sync 2 DAGs
[2024-04-29T05:38:47.084+0000] {logging_mixin.py:188} INFO - [2024-04-29T05:38:47.083+0000] {dag.py:3834} INFO - Setting next_dagrun for example_external_task_marker_child to None, run_after=None
[2024-04-29T05:38:47.086+0000] {logging_mixin.py:188} INFO - [2024-04-29T05:38:47.086+0000] {dag.py:3834} INFO - Setting next_dagrun for example_external_task_marker_parent to None, run_after=None
[2024-04-29T05:38:47.108+0000] {processor.py:183} INFO - Processing /home/airflow/.local/lib/python3.8/site-packages/airflow/example_dags/example_external_task_marker_dag.py took 0.071 seconds
[2024-04-29T05:39:17.239+0000] {processor.py:161} INFO - Started process (PID=2728) to work on /home/airflow/.local/lib/python3.8/site-packages/airflow/example_dags/example_external_task_marker_dag.py
[2024-04-29T05:39:17.244+0000] {processor.py:830} INFO - Processing file /home/airflow/.local/lib/python3.8/site-packages/airflow/example_dags/example_external_task_marker_dag.py for tasks to queue
[2024-04-29T05:39:17.245+0000] {logging_mixin.py:188} INFO - [2024-04-29T05:39:17.245+0000] {dagbag.py:540} INFO - Filling up the DagBag from /home/airflow/.local/lib/python3.8/site-packages/airflow/example_dags/example_external_task_marker_dag.py
[2024-04-29T05:39:17.253+0000] {processor.py:840} INFO - DAG(s) 'example_external_task_marker_parent', 'example_external_task_marker_child' retrieved from /home/airflow/.local/lib/python3.8/site-packages/airflow/example_dags/example_external_task_marker_dag.py
[2024-04-29T05:39:17.282+0000] {logging_mixin.py:188} INFO - [2024-04-29T05:39:17.282+0000] {dag.py:3047} INFO - Sync 2 DAGs
[2024-04-29T05:39:17.302+0000] {logging_mixin.py:188} INFO - [2024-04-29T05:39:17.301+0000] {dag.py:3834} INFO - Setting next_dagrun for example_external_task_marker_child to None, run_after=None
[2024-04-29T05:39:17.306+0000] {logging_mixin.py:188} INFO - [2024-04-29T05:39:17.306+0000] {dag.py:3834} INFO - Setting next_dagrun for example_external_task_marker_parent to None, run_after=None
[2024-04-29T05:39:17.330+0000] {processor.py:183} INFO - Processing /home/airflow/.local/lib/python3.8/site-packages/airflow/example_dags/example_external_task_marker_dag.py took 0.093 seconds
[2024-04-29T05:39:47.535+0000] {processor.py:161} INFO - Started process (PID=2981) to work on /home/airflow/.local/lib/python3.8/site-packages/airflow/example_dags/example_external_task_marker_dag.py
[2024-04-29T05:39:47.536+0000] {processor.py:830} INFO - Processing file /home/airflow/.local/lib/python3.8/site-packages/airflow/example_dags/example_external_task_marker_dag.py for tasks to queue
[2024-04-29T05:39:47.537+0000] {logging_mixin.py:188} INFO - [2024-04-29T05:39:47.537+0000] {dagbag.py:540} INFO - Filling up the DagBag from /home/airflow/.local/lib/python3.8/site-packages/airflow/example_dags/example_external_task_marker_dag.py
[2024-04-29T05:39:47.543+0000] {processor.py:840} INFO - DAG(s) 'example_external_task_marker_child', 'example_external_task_marker_parent' retrieved from /home/airflow/.local/lib/python3.8/site-packages/airflow/example_dags/example_external_task_marker_dag.py
[2024-04-29T05:39:47.570+0000] {logging_mixin.py:188} INFO - [2024-04-29T05:39:47.570+0000] {dag.py:3047} INFO - Sync 2 DAGs
[2024-04-29T05:39:47.587+0000] {logging_mixin.py:188} INFO - [2024-04-29T05:39:47.587+0000] {dag.py:3834} INFO - Setting next_dagrun for example_external_task_marker_child to None, run_after=None
[2024-04-29T05:39:47.593+0000] {logging_mixin.py:188} INFO - [2024-04-29T05:39:47.592+0000] {dag.py:3834} INFO - Setting next_dagrun for example_external_task_marker_parent to None, run_after=None
[2024-04-29T05:39:47.614+0000] {processor.py:183} INFO - Processing /home/airflow/.local/lib/python3.8/site-packages/airflow/example_dags/example_external_task_marker_dag.py took 0.083 seconds
[2024-04-29T05:40:17.739+0000] {processor.py:161} INFO - Started process (PID=3235) to work on /home/airflow/.local/lib/python3.8/site-packages/airflow/example_dags/example_external_task_marker_dag.py
[2024-04-29T05:40:17.740+0000] {processor.py:830} INFO - Processing file /home/airflow/.local/lib/python3.8/site-packages/airflow/example_dags/example_external_task_marker_dag.py for tasks to queue
[2024-04-29T05:40:17.741+0000] {logging_mixin.py:188} INFO - [2024-04-29T05:40:17.741+0000] {dagbag.py:540} INFO - Filling up the DagBag from /home/airflow/.local/lib/python3.8/site-packages/airflow/example_dags/example_external_task_marker_dag.py
[2024-04-29T05:40:17.747+0000] {processor.py:840} INFO - DAG(s) 'example_external_task_marker_child', 'example_external_task_marker_parent' retrieved from /home/airflow/.local/lib/python3.8/site-packages/airflow/example_dags/example_external_task_marker_dag.py
[2024-04-29T05:40:17.775+0000] {logging_mixin.py:188} INFO - [2024-04-29T05:40:17.775+0000] {dag.py:3047} INFO - Sync 2 DAGs
[2024-04-29T05:40:17.790+0000] {logging_mixin.py:188} INFO - [2024-04-29T05:40:17.790+0000] {dag.py:3834} INFO - Setting next_dagrun for example_external_task_marker_child to None, run_after=None
[2024-04-29T05:40:17.795+0000] {logging_mixin.py:188} INFO - [2024-04-29T05:40:17.795+0000] {dag.py:3834} INFO - Setting next_dagrun for example_external_task_marker_parent to None, run_after=None
[2024-04-29T05:40:17.820+0000] {processor.py:183} INFO - Processing /home/airflow/.local/lib/python3.8/site-packages/airflow/example_dags/example_external_task_marker_dag.py took 0.084 seconds
[2024-04-29T05:40:48.157+0000] {processor.py:161} INFO - Started process (PID=3490) to work on /home/airflow/.local/lib/python3.8/site-packages/airflow/example_dags/example_external_task_marker_dag.py
[2024-04-29T05:40:48.158+0000] {processor.py:830} INFO - Processing file /home/airflow/.local/lib/python3.8/site-packages/airflow/example_dags/example_external_task_marker_dag.py for tasks to queue
[2024-04-29T05:40:48.159+0000] {logging_mixin.py:188} INFO - [2024-04-29T05:40:48.159+0000] {dagbag.py:540} INFO - Filling up the DagBag from /home/airflow/.local/lib/python3.8/site-packages/airflow/example_dags/example_external_task_marker_dag.py
[2024-04-29T05:40:48.166+0000] {processor.py:840} INFO - DAG(s) 'example_external_task_marker_child', 'example_external_task_marker_parent' retrieved from /home/airflow/.local/lib/python3.8/site-packages/airflow/example_dags/example_external_task_marker_dag.py
[2024-04-29T05:40:48.193+0000] {logging_mixin.py:188} INFO - [2024-04-29T05:40:48.192+0000] {dag.py:3047} INFO - Sync 2 DAGs
[2024-04-29T05:40:48.210+0000] {logging_mixin.py:188} INFO - [2024-04-29T05:40:48.210+0000] {dag.py:3834} INFO - Setting next_dagrun for example_external_task_marker_child to None, run_after=None
[2024-04-29T05:40:48.215+0000] {logging_mixin.py:188} INFO - [2024-04-29T05:40:48.215+0000] {dag.py:3834} INFO - Setting next_dagrun for example_external_task_marker_parent to None, run_after=None
[2024-04-29T05:40:48.237+0000] {processor.py:183} INFO - Processing /home/airflow/.local/lib/python3.8/site-packages/airflow/example_dags/example_external_task_marker_dag.py took 0.083 seconds
[2024-04-29T05:41:18.760+0000] {processor.py:161} INFO - Started process (PID=3749) to work on /home/airflow/.local/lib/python3.8/site-packages/airflow/example_dags/example_external_task_marker_dag.py
[2024-04-29T05:41:18.765+0000] {processor.py:830} INFO - Processing file /home/airflow/.local/lib/python3.8/site-packages/airflow/example_dags/example_external_task_marker_dag.py for tasks to queue
[2024-04-29T05:41:18.766+0000] {logging_mixin.py:188} INFO - [2024-04-29T05:41:18.766+0000] {dagbag.py:540} INFO - Filling up the DagBag from /home/airflow/.local/lib/python3.8/site-packages/airflow/example_dags/example_external_task_marker_dag.py
[2024-04-29T05:41:18.774+0000] {processor.py:840} INFO - DAG(s) 'example_external_task_marker_child', 'example_external_task_marker_parent' retrieved from /home/airflow/.local/lib/python3.8/site-packages/airflow/example_dags/example_external_task_marker_dag.py
[2024-04-29T05:41:18.811+0000] {logging_mixin.py:188} INFO - [2024-04-29T05:41:18.810+0000] {dag.py:3047} INFO - Sync 2 DAGs
[2024-04-29T05:41:18.830+0000] {logging_mixin.py:188} INFO - [2024-04-29T05:41:18.828+0000] {dag.py:3834} INFO - Setting next_dagrun for example_external_task_marker_child to None, run_after=None
[2024-04-29T05:41:18.834+0000] {logging_mixin.py:188} INFO - [2024-04-29T05:41:18.834+0000] {dag.py:3834} INFO - Setting next_dagrun for example_external_task_marker_parent to None, run_after=None
[2024-04-29T05:41:18.858+0000] {processor.py:183} INFO - Processing /home/airflow/.local/lib/python3.8/site-packages/airflow/example_dags/example_external_task_marker_dag.py took 0.102 seconds
[2024-04-29T05:41:49.058+0000] {processor.py:161} INFO - Started process (PID=4000) to work on /home/airflow/.local/lib/python3.8/site-packages/airflow/example_dags/example_external_task_marker_dag.py
[2024-04-29T05:41:49.061+0000] {processor.py:830} INFO - Processing file /home/airflow/.local/lib/python3.8/site-packages/airflow/example_dags/example_external_task_marker_dag.py for tasks to queue
[2024-04-29T05:41:49.062+0000] {logging_mixin.py:188} INFO - [2024-04-29T05:41:49.062+0000] {dagbag.py:540} INFO - Filling up the DagBag from /home/airflow/.local/lib/python3.8/site-packages/airflow/example_dags/example_external_task_marker_dag.py
[2024-04-29T05:41:49.075+0000] {processor.py:840} INFO - DAG(s) 'example_external_task_marker_child', 'example_external_task_marker_parent' retrieved from /home/airflow/.local/lib/python3.8/site-packages/airflow/example_dags/example_external_task_marker_dag.py
[2024-04-29T05:41:49.101+0000] {logging_mixin.py:188} INFO - [2024-04-29T05:41:49.101+0000] {dag.py:3047} INFO - Sync 2 DAGs
[2024-04-29T05:41:49.117+0000] {logging_mixin.py:188} INFO - [2024-04-29T05:41:49.117+0000] {dag.py:3834} INFO - Setting next_dagrun for example_external_task_marker_child to None, run_after=None
[2024-04-29T05:41:49.122+0000] {logging_mixin.py:188} INFO - [2024-04-29T05:41:49.122+0000] {dag.py:3834} INFO - Setting next_dagrun for example_external_task_marker_parent to None, run_after=None
[2024-04-29T05:41:49.144+0000] {processor.py:183} INFO - Processing /home/airflow/.local/lib/python3.8/site-packages/airflow/example_dags/example_external_task_marker_dag.py took 0.089 seconds
[2024-04-29T05:42:19.555+0000] {processor.py:161} INFO - Started process (PID=4254) to work on /home/airflow/.local/lib/python3.8/site-packages/airflow/example_dags/example_external_task_marker_dag.py
[2024-04-29T05:42:19.556+0000] {processor.py:830} INFO - Processing file /home/airflow/.local/lib/python3.8/site-packages/airflow/example_dags/example_external_task_marker_dag.py for tasks to queue
[2024-04-29T05:42:19.557+0000] {logging_mixin.py:188} INFO - [2024-04-29T05:42:19.557+0000] {dagbag.py:540} INFO - Filling up the DagBag from /home/airflow/.local/lib/python3.8/site-packages/airflow/example_dags/example_external_task_marker_dag.py
[2024-04-29T05:42:19.565+0000] {processor.py:840} INFO - DAG(s) 'example_external_task_marker_child', 'example_external_task_marker_parent' retrieved from /home/airflow/.local/lib/python3.8/site-packages/airflow/example_dags/example_external_task_marker_dag.py
[2024-04-29T05:42:19.593+0000] {logging_mixin.py:188} INFO - [2024-04-29T05:42:19.593+0000] {dag.py:3047} INFO - Sync 2 DAGs
[2024-04-29T05:42:19.609+0000] {logging_mixin.py:188} INFO - [2024-04-29T05:42:19.609+0000] {dag.py:3834} INFO - Setting next_dagrun for example_external_task_marker_child to None, run_after=None
[2024-04-29T05:42:19.614+0000] {logging_mixin.py:188} INFO - [2024-04-29T05:42:19.613+0000] {dag.py:3834} INFO - Setting next_dagrun for example_external_task_marker_parent to None, run_after=None
[2024-04-29T05:42:19.640+0000] {processor.py:183} INFO - Processing /home/airflow/.local/lib/python3.8/site-packages/airflow/example_dags/example_external_task_marker_dag.py took 0.088 seconds
[2024-04-29T05:42:49.813+0000] {processor.py:161} INFO - Started process (PID=4507) to work on /home/airflow/.local/lib/python3.8/site-packages/airflow/example_dags/example_external_task_marker_dag.py
[2024-04-29T05:42:49.814+0000] {processor.py:830} INFO - Processing file /home/airflow/.local/lib/python3.8/site-packages/airflow/example_dags/example_external_task_marker_dag.py for tasks to queue
[2024-04-29T05:42:49.815+0000] {logging_mixin.py:188} INFO - [2024-04-29T05:42:49.815+0000] {dagbag.py:540} INFO - Filling up the DagBag from /home/airflow/.local/lib/python3.8/site-packages/airflow/example_dags/example_external_task_marker_dag.py
[2024-04-29T05:42:49.822+0000] {processor.py:840} INFO - DAG(s) 'example_external_task_marker_parent', 'example_external_task_marker_child' retrieved from /home/airflow/.local/lib/python3.8/site-packages/airflow/example_dags/example_external_task_marker_dag.py
[2024-04-29T05:42:49.849+0000] {logging_mixin.py:188} INFO - [2024-04-29T05:42:49.848+0000] {dag.py:3047} INFO - Sync 2 DAGs
[2024-04-29T05:42:49.864+0000] {logging_mixin.py:188} INFO - [2024-04-29T05:42:49.864+0000] {dag.py:3834} INFO - Setting next_dagrun for example_external_task_marker_child to None, run_after=None
[2024-04-29T05:42:49.868+0000] {logging_mixin.py:188} INFO - [2024-04-29T05:42:49.868+0000] {dag.py:3834} INFO - Setting next_dagrun for example_external_task_marker_parent to None, run_after=None
[2024-04-29T05:42:49.889+0000] {processor.py:183} INFO - Processing /home/airflow/.local/lib/python3.8/site-packages/airflow/example_dags/example_external_task_marker_dag.py took 0.081 seconds
[2024-04-29T05:43:20.016+0000] {processor.py:161} INFO - Started process (PID=4760) to work on /home/airflow/.local/lib/python3.8/site-packages/airflow/example_dags/example_external_task_marker_dag.py
[2024-04-29T05:43:20.018+0000] {processor.py:830} INFO - Processing file /home/airflow/.local/lib/python3.8/site-packages/airflow/example_dags/example_external_task_marker_dag.py for tasks to queue
[2024-04-29T05:43:20.019+0000] {logging_mixin.py:188} INFO - [2024-04-29T05:43:20.018+0000] {dagbag.py:540} INFO - Filling up the DagBag from /home/airflow/.local/lib/python3.8/site-packages/airflow/example_dags/example_external_task_marker_dag.py
[2024-04-29T05:43:20.025+0000] {processor.py:840} INFO - DAG(s) 'example_external_task_marker_child', 'example_external_task_marker_parent' retrieved from /home/airflow/.local/lib/python3.8/site-packages/airflow/example_dags/example_external_task_marker_dag.py
[2024-04-29T05:43:20.059+0000] {logging_mixin.py:188} INFO - [2024-04-29T05:43:20.059+0000] {dag.py:3047} INFO - Sync 2 DAGs
[2024-04-29T05:43:20.075+0000] {logging_mixin.py:188} INFO - [2024-04-29T05:43:20.074+0000] {dag.py:3834} INFO - Setting next_dagrun for example_external_task_marker_child to None, run_after=None
[2024-04-29T05:43:20.079+0000] {logging_mixin.py:188} INFO - [2024-04-29T05:43:20.079+0000] {dag.py:3834} INFO - Setting next_dagrun for example_external_task_marker_parent to None, run_after=None
[2024-04-29T05:43:20.103+0000] {processor.py:183} INFO - Processing /home/airflow/.local/lib/python3.8/site-packages/airflow/example_dags/example_external_task_marker_dag.py took 0.089 seconds
[2024-04-29T05:43:50.206+0000] {processor.py:161} INFO - Started process (PID=5010) to work on /home/airflow/.local/lib/python3.8/site-packages/airflow/example_dags/example_external_task_marker_dag.py
[2024-04-29T05:43:50.207+0000] {processor.py:830} INFO - Processing file /home/airflow/.local/lib/python3.8/site-packages/airflow/example_dags/example_external_task_marker_dag.py for tasks to queue
[2024-04-29T05:43:50.208+0000] {logging_mixin.py:188} INFO - [2024-04-29T05:43:50.208+0000] {dagbag.py:540} INFO - Filling up the DagBag from /home/airflow/.local/lib/python3.8/site-packages/airflow/example_dags/example_external_task_marker_dag.py
[2024-04-29T05:43:50.221+0000] {processor.py:840} INFO - DAG(s) 'example_external_task_marker_child', 'example_external_task_marker_parent' retrieved from /home/airflow/.local/lib/python3.8/site-packages/airflow/example_dags/example_external_task_marker_dag.py
[2024-04-29T05:43:50.260+0000] {logging_mixin.py:188} INFO - [2024-04-29T05:43:50.260+0000] {dag.py:3047} INFO - Sync 2 DAGs
[2024-04-29T05:43:50.288+0000] {logging_mixin.py:188} INFO - [2024-04-29T05:43:50.288+0000] {dag.py:3834} INFO - Setting next_dagrun for example_external_task_marker_child to None, run_after=None
[2024-04-29T05:43:50.296+0000] {logging_mixin.py:188} INFO - [2024-04-29T05:43:50.296+0000] {dag.py:3834} INFO - Setting next_dagrun for example_external_task_marker_parent to None, run_after=None
[2024-04-29T05:43:50.351+0000] {processor.py:183} INFO - Processing /home/airflow/.local/lib/python3.8/site-packages/airflow/example_dags/example_external_task_marker_dag.py took 0.154 seconds
