[2024-04-29T05:31:57.954+0000] {processor.py:161} INFO - Started process (PID=328) to work on /home/airflow/.local/lib/python3.8/site-packages/airflow/example_dags/example_time_delta_sensor_async.py
[2024-04-29T05:31:57.955+0000] {processor.py:830} INFO - Processing file /home/airflow/.local/lib/python3.8/site-packages/airflow/example_dags/example_time_delta_sensor_async.py for tasks to queue
[2024-04-29T05:31:57.957+0000] {logging_mixin.py:188} INFO - [2024-04-29T05:31:57.956+0000] {dagbag.py:540} INFO - Filling up the DagBag from /home/airflow/.local/lib/python3.8/site-packages/airflow/example_dags/example_time_delta_sensor_async.py
[2024-04-29T05:31:57.978+0000] {processor.py:840} INFO - DAG(s) 'example_time_delta_sensor_async' retrieved from /home/airflow/.local/lib/python3.8/site-packages/airflow/example_dags/example_time_delta_sensor_async.py
[2024-04-29T05:31:58.167+0000] {logging_mixin.py:188} INFO - [2024-04-29T05:31:58.165+0000] {override.py:1769} INFO - Created Permission View: can read on DAG:example_time_delta_sensor_async
[2024-04-29T05:31:58.207+0000] {logging_mixin.py:188} INFO - [2024-04-29T05:31:58.206+0000] {override.py:1769} INFO - Created Permission View: can edit on DAG:example_time_delta_sensor_async
[2024-04-29T05:31:58.223+0000] {logging_mixin.py:188} INFO - [2024-04-29T05:31:58.223+0000] {override.py:1769} INFO - Created Permission View: can delete on DAG:example_time_delta_sensor_async
[2024-04-29T05:31:58.224+0000] {logging_mixin.py:188} INFO - [2024-04-29T05:31:58.224+0000] {dag.py:3047} INFO - Sync 1 DAGs
[2024-04-29T05:31:58.248+0000] {logging_mixin.py:188} INFO - [2024-04-29T05:31:58.247+0000] {dag.py:3069} INFO - Creating ORM DAG for example_time_delta_sensor_async
[2024-04-29T05:31:58.248+0000] {logging_mixin.py:188} INFO - [2024-04-29T05:31:58.248+0000] {dag.py:3834} INFO - Setting next_dagrun for example_time_delta_sensor_async to None, run_after=None
[2024-04-29T05:31:58.271+0000] {processor.py:183} INFO - Processing /home/airflow/.local/lib/python3.8/site-packages/airflow/example_dags/example_time_delta_sensor_async.py took 0.338 seconds
[2024-04-29T05:32:28.421+0000] {processor.py:161} INFO - Started process (PID=578) to work on /home/airflow/.local/lib/python3.8/site-packages/airflow/example_dags/example_time_delta_sensor_async.py
[2024-04-29T05:32:28.422+0000] {processor.py:830} INFO - Processing file /home/airflow/.local/lib/python3.8/site-packages/airflow/example_dags/example_time_delta_sensor_async.py for tasks to queue
[2024-04-29T05:32:28.423+0000] {logging_mixin.py:188} INFO - [2024-04-29T05:32:28.422+0000] {dagbag.py:540} INFO - Filling up the DagBag from /home/airflow/.local/lib/python3.8/site-packages/airflow/example_dags/example_time_delta_sensor_async.py
[2024-04-29T05:32:28.428+0000] {processor.py:840} INFO - DAG(s) 'example_time_delta_sensor_async' retrieved from /home/airflow/.local/lib/python3.8/site-packages/airflow/example_dags/example_time_delta_sensor_async.py
[2024-04-29T05:32:28.453+0000] {logging_mixin.py:188} INFO - [2024-04-29T05:32:28.452+0000] {dag.py:3047} INFO - Sync 1 DAGs
[2024-04-29T05:32:28.466+0000] {logging_mixin.py:188} INFO - [2024-04-29T05:32:28.466+0000] {dag.py:3834} INFO - Setting next_dagrun for example_time_delta_sensor_async to None, run_after=None
[2024-04-29T05:32:28.487+0000] {processor.py:183} INFO - Processing /home/airflow/.local/lib/python3.8/site-packages/airflow/example_dags/example_time_delta_sensor_async.py took 0.070 seconds
[2024-04-29T05:32:59.213+0000] {processor.py:161} INFO - Started process (PID=829) to work on /home/airflow/.local/lib/python3.8/site-packages/airflow/example_dags/example_time_delta_sensor_async.py
[2024-04-29T05:32:59.220+0000] {processor.py:830} INFO - Processing file /home/airflow/.local/lib/python3.8/site-packages/airflow/example_dags/example_time_delta_sensor_async.py for tasks to queue
[2024-04-29T05:32:59.221+0000] {logging_mixin.py:188} INFO - [2024-04-29T05:32:59.220+0000] {dagbag.py:540} INFO - Filling up the DagBag from /home/airflow/.local/lib/python3.8/site-packages/airflow/example_dags/example_time_delta_sensor_async.py
[2024-04-29T05:32:59.227+0000] {processor.py:840} INFO - DAG(s) 'example_time_delta_sensor_async' retrieved from /home/airflow/.local/lib/python3.8/site-packages/airflow/example_dags/example_time_delta_sensor_async.py
[2024-04-29T05:32:59.260+0000] {logging_mixin.py:188} INFO - [2024-04-29T05:32:59.259+0000] {dag.py:3047} INFO - Sync 1 DAGs
[2024-04-29T05:32:59.273+0000] {logging_mixin.py:188} INFO - [2024-04-29T05:32:59.273+0000] {dag.py:3834} INFO - Setting next_dagrun for example_time_delta_sensor_async to None, run_after=None
[2024-04-29T05:32:59.294+0000] {processor.py:183} INFO - Processing /home/airflow/.local/lib/python3.8/site-packages/airflow/example_dags/example_time_delta_sensor_async.py took 0.085 seconds
[2024-04-29T05:34:28.200+0000] {processor.py:161} INFO - Started process (PID=325) to work on /home/airflow/.local/lib/python3.8/site-packages/airflow/example_dags/example_time_delta_sensor_async.py
[2024-04-29T05:34:28.203+0000] {processor.py:830} INFO - Processing file /home/airflow/.local/lib/python3.8/site-packages/airflow/example_dags/example_time_delta_sensor_async.py for tasks to queue
[2024-04-29T05:34:28.204+0000] {logging_mixin.py:188} INFO - [2024-04-29T05:34:28.204+0000] {dagbag.py:540} INFO - Filling up the DagBag from /home/airflow/.local/lib/python3.8/site-packages/airflow/example_dags/example_time_delta_sensor_async.py
[2024-04-29T05:34:28.214+0000] {processor.py:840} INFO - DAG(s) 'example_time_delta_sensor_async' retrieved from /home/airflow/.local/lib/python3.8/site-packages/airflow/example_dags/example_time_delta_sensor_async.py
[2024-04-29T05:34:28.232+0000] {logging_mixin.py:188} INFO - [2024-04-29T05:34:28.232+0000] {dag.py:3047} INFO - Sync 1 DAGs
[2024-04-29T05:34:28.259+0000] {logging_mixin.py:188} INFO - [2024-04-29T05:34:28.259+0000] {dag.py:3834} INFO - Setting next_dagrun for example_time_delta_sensor_async to None, run_after=None
[2024-04-29T05:34:28.311+0000] {processor.py:183} INFO - Processing /home/airflow/.local/lib/python3.8/site-packages/airflow/example_dags/example_time_delta_sensor_async.py took 0.114 seconds
[2024-04-29T05:35:00.066+0000] {processor.py:161} INFO - Started process (PID=577) to work on /home/airflow/.local/lib/python3.8/site-packages/airflow/example_dags/example_time_delta_sensor_async.py
[2024-04-29T05:35:00.067+0000] {processor.py:830} INFO - Processing file /home/airflow/.local/lib/python3.8/site-packages/airflow/example_dags/example_time_delta_sensor_async.py for tasks to queue
[2024-04-29T05:35:00.067+0000] {logging_mixin.py:188} INFO - [2024-04-29T05:35:00.067+0000] {dagbag.py:540} INFO - Filling up the DagBag from /home/airflow/.local/lib/python3.8/site-packages/airflow/example_dags/example_time_delta_sensor_async.py
[2024-04-29T05:35:00.072+0000] {processor.py:840} INFO - DAG(s) 'example_time_delta_sensor_async' retrieved from /home/airflow/.local/lib/python3.8/site-packages/airflow/example_dags/example_time_delta_sensor_async.py
[2024-04-29T05:35:00.216+0000] {logging_mixin.py:188} INFO - [2024-04-29T05:35:00.216+0000] {dag.py:3047} INFO - Sync 1 DAGs
[2024-04-29T05:35:00.229+0000] {logging_mixin.py:188} INFO - [2024-04-29T05:35:00.229+0000] {dag.py:3834} INFO - Setting next_dagrun for example_time_delta_sensor_async to None, run_after=None
[2024-04-29T05:35:00.255+0000] {processor.py:183} INFO - Processing /home/airflow/.local/lib/python3.8/site-packages/airflow/example_dags/example_time_delta_sensor_async.py took 0.193 seconds
[2024-04-29T05:35:30.760+0000] {processor.py:161} INFO - Started process (PID=831) to work on /home/airflow/.local/lib/python3.8/site-packages/airflow/example_dags/example_time_delta_sensor_async.py
[2024-04-29T05:35:30.761+0000] {processor.py:830} INFO - Processing file /home/airflow/.local/lib/python3.8/site-packages/airflow/example_dags/example_time_delta_sensor_async.py for tasks to queue
[2024-04-29T05:35:30.766+0000] {logging_mixin.py:188} INFO - [2024-04-29T05:35:30.766+0000] {dagbag.py:540} INFO - Filling up the DagBag from /home/airflow/.local/lib/python3.8/site-packages/airflow/example_dags/example_time_delta_sensor_async.py
[2024-04-29T05:35:30.771+0000] {processor.py:840} INFO - DAG(s) 'example_time_delta_sensor_async' retrieved from /home/airflow/.local/lib/python3.8/site-packages/airflow/example_dags/example_time_delta_sensor_async.py
[2024-04-29T05:35:30.830+0000] {logging_mixin.py:188} INFO - [2024-04-29T05:35:30.830+0000] {dag.py:3047} INFO - Sync 1 DAGs
[2024-04-29T05:35:30.847+0000] {logging_mixin.py:188} INFO - [2024-04-29T05:35:30.847+0000] {dag.py:3834} INFO - Setting next_dagrun for example_time_delta_sensor_async to None, run_after=None
[2024-04-29T05:35:30.874+0000] {processor.py:183} INFO - Processing /home/airflow/.local/lib/python3.8/site-packages/airflow/example_dags/example_time_delta_sensor_async.py took 0.122 seconds
[2024-04-29T05:36:01.740+0000] {processor.py:161} INFO - Started process (PID=1080) to work on /home/airflow/.local/lib/python3.8/site-packages/airflow/example_dags/example_time_delta_sensor_async.py
[2024-04-29T05:36:01.741+0000] {processor.py:830} INFO - Processing file /home/airflow/.local/lib/python3.8/site-packages/airflow/example_dags/example_time_delta_sensor_async.py for tasks to queue
[2024-04-29T05:36:01.742+0000] {logging_mixin.py:188} INFO - [2024-04-29T05:36:01.742+0000] {dagbag.py:540} INFO - Filling up the DagBag from /home/airflow/.local/lib/python3.8/site-packages/airflow/example_dags/example_time_delta_sensor_async.py
[2024-04-29T05:36:01.747+0000] {processor.py:840} INFO - DAG(s) 'example_time_delta_sensor_async' retrieved from /home/airflow/.local/lib/python3.8/site-packages/airflow/example_dags/example_time_delta_sensor_async.py
[2024-04-29T05:36:01.774+0000] {logging_mixin.py:188} INFO - [2024-04-29T05:36:01.774+0000] {dag.py:3047} INFO - Sync 1 DAGs
[2024-04-29T05:36:01.790+0000] {logging_mixin.py:188} INFO - [2024-04-29T05:36:01.789+0000] {dag.py:3834} INFO - Setting next_dagrun for example_time_delta_sensor_async to None, run_after=None
[2024-04-29T05:36:01.813+0000] {processor.py:183} INFO - Processing /home/airflow/.local/lib/python3.8/site-packages/airflow/example_dags/example_time_delta_sensor_async.py took 0.077 seconds
[2024-04-29T05:36:32.202+0000] {processor.py:161} INFO - Started process (PID=1333) to work on /home/airflow/.local/lib/python3.8/site-packages/airflow/example_dags/example_time_delta_sensor_async.py
[2024-04-29T05:36:32.204+0000] {processor.py:830} INFO - Processing file /home/airflow/.local/lib/python3.8/site-packages/airflow/example_dags/example_time_delta_sensor_async.py for tasks to queue
[2024-04-29T05:36:32.204+0000] {logging_mixin.py:188} INFO - [2024-04-29T05:36:32.204+0000] {dagbag.py:540} INFO - Filling up the DagBag from /home/airflow/.local/lib/python3.8/site-packages/airflow/example_dags/example_time_delta_sensor_async.py
[2024-04-29T05:36:32.209+0000] {processor.py:840} INFO - DAG(s) 'example_time_delta_sensor_async' retrieved from /home/airflow/.local/lib/python3.8/site-packages/airflow/example_dags/example_time_delta_sensor_async.py
[2024-04-29T05:36:32.236+0000] {logging_mixin.py:188} INFO - [2024-04-29T05:36:32.236+0000] {dag.py:3047} INFO - Sync 1 DAGs
[2024-04-29T05:36:32.250+0000] {logging_mixin.py:188} INFO - [2024-04-29T05:36:32.250+0000] {dag.py:3834} INFO - Setting next_dagrun for example_time_delta_sensor_async to None, run_after=None
[2024-04-29T05:36:32.275+0000] {processor.py:183} INFO - Processing /home/airflow/.local/lib/python3.8/site-packages/airflow/example_dags/example_time_delta_sensor_async.py took 0.077 seconds
[2024-04-29T05:37:02.865+0000] {processor.py:161} INFO - Started process (PID=1586) to work on /home/airflow/.local/lib/python3.8/site-packages/airflow/example_dags/example_time_delta_sensor_async.py
[2024-04-29T05:37:02.869+0000] {processor.py:830} INFO - Processing file /home/airflow/.local/lib/python3.8/site-packages/airflow/example_dags/example_time_delta_sensor_async.py for tasks to queue
[2024-04-29T05:37:02.871+0000] {logging_mixin.py:188} INFO - [2024-04-29T05:37:02.870+0000] {dagbag.py:540} INFO - Filling up the DagBag from /home/airflow/.local/lib/python3.8/site-packages/airflow/example_dags/example_time_delta_sensor_async.py
[2024-04-29T05:37:02.888+0000] {processor.py:840} INFO - DAG(s) 'example_time_delta_sensor_async' retrieved from /home/airflow/.local/lib/python3.8/site-packages/airflow/example_dags/example_time_delta_sensor_async.py
[2024-04-29T05:37:02.913+0000] {logging_mixin.py:188} INFO - [2024-04-29T05:37:02.913+0000] {dag.py:3047} INFO - Sync 1 DAGs
[2024-04-29T05:37:02.927+0000] {logging_mixin.py:188} INFO - [2024-04-29T05:37:02.927+0000] {dag.py:3834} INFO - Setting next_dagrun for example_time_delta_sensor_async to None, run_after=None
[2024-04-29T05:37:02.949+0000] {processor.py:183} INFO - Processing /home/airflow/.local/lib/python3.8/site-packages/airflow/example_dags/example_time_delta_sensor_async.py took 0.093 seconds
[2024-04-29T05:37:33.341+0000] {processor.py:161} INFO - Started process (PID=1838) to work on /home/airflow/.local/lib/python3.8/site-packages/airflow/example_dags/example_time_delta_sensor_async.py
[2024-04-29T05:37:33.343+0000] {processor.py:830} INFO - Processing file /home/airflow/.local/lib/python3.8/site-packages/airflow/example_dags/example_time_delta_sensor_async.py for tasks to queue
[2024-04-29T05:37:33.344+0000] {logging_mixin.py:188} INFO - [2024-04-29T05:37:33.343+0000] {dagbag.py:540} INFO - Filling up the DagBag from /home/airflow/.local/lib/python3.8/site-packages/airflow/example_dags/example_time_delta_sensor_async.py
[2024-04-29T05:37:33.348+0000] {processor.py:840} INFO - DAG(s) 'example_time_delta_sensor_async' retrieved from /home/airflow/.local/lib/python3.8/site-packages/airflow/example_dags/example_time_delta_sensor_async.py
[2024-04-29T05:37:33.419+0000] {logging_mixin.py:188} INFO - [2024-04-29T05:37:33.418+0000] {dag.py:3047} INFO - Sync 1 DAGs
[2024-04-29T05:37:33.433+0000] {logging_mixin.py:188} INFO - [2024-04-29T05:37:33.433+0000] {dag.py:3834} INFO - Setting next_dagrun for example_time_delta_sensor_async to None, run_after=None
[2024-04-29T05:37:33.468+0000] {processor.py:183} INFO - Processing /home/airflow/.local/lib/python3.8/site-packages/airflow/example_dags/example_time_delta_sensor_async.py took 0.130 seconds
[2024-04-29T05:38:18.811+0000] {processor.py:161} INFO - Started process (PID=2210) to work on /home/airflow/.local/lib/python3.8/site-packages/airflow/example_dags/example_time_delta_sensor_async.py
[2024-04-29T05:38:18.814+0000] {processor.py:830} INFO - Processing file /home/airflow/.local/lib/python3.8/site-packages/airflow/example_dags/example_time_delta_sensor_async.py for tasks to queue
[2024-04-29T05:38:18.826+0000] {logging_mixin.py:188} INFO - [2024-04-29T05:38:18.826+0000] {dagbag.py:540} INFO - Filling up the DagBag from /home/airflow/.local/lib/python3.8/site-packages/airflow/example_dags/example_time_delta_sensor_async.py
[2024-04-29T05:38:18.853+0000] {processor.py:840} INFO - DAG(s) 'example_time_delta_sensor_async' retrieved from /home/airflow/.local/lib/python3.8/site-packages/airflow/example_dags/example_time_delta_sensor_async.py
[2024-04-29T05:38:18.974+0000] {logging_mixin.py:188} INFO - [2024-04-29T05:38:18.974+0000] {dag.py:3047} INFO - Sync 1 DAGs
[2024-04-29T05:38:19.029+0000] {logging_mixin.py:188} INFO - [2024-04-29T05:38:19.028+0000] {dag.py:3834} INFO - Setting next_dagrun for example_time_delta_sensor_async to None, run_after=None
[2024-04-29T05:38:19.165+0000] {processor.py:183} INFO - Processing /home/airflow/.local/lib/python3.8/site-packages/airflow/example_dags/example_time_delta_sensor_async.py took 0.360 seconds
[2024-04-29T05:38:49.307+0000] {processor.py:161} INFO - Started process (PID=2496) to work on /home/airflow/.local/lib/python3.8/site-packages/airflow/example_dags/example_time_delta_sensor_async.py
[2024-04-29T05:38:49.308+0000] {processor.py:830} INFO - Processing file /home/airflow/.local/lib/python3.8/site-packages/airflow/example_dags/example_time_delta_sensor_async.py for tasks to queue
[2024-04-29T05:38:49.309+0000] {logging_mixin.py:188} INFO - [2024-04-29T05:38:49.309+0000] {dagbag.py:540} INFO - Filling up the DagBag from /home/airflow/.local/lib/python3.8/site-packages/airflow/example_dags/example_time_delta_sensor_async.py
[2024-04-29T05:38:49.313+0000] {processor.py:840} INFO - DAG(s) 'example_time_delta_sensor_async' retrieved from /home/airflow/.local/lib/python3.8/site-packages/airflow/example_dags/example_time_delta_sensor_async.py
[2024-04-29T05:38:49.339+0000] {logging_mixin.py:188} INFO - [2024-04-29T05:38:49.339+0000] {dag.py:3047} INFO - Sync 1 DAGs
[2024-04-29T05:38:49.354+0000] {logging_mixin.py:188} INFO - [2024-04-29T05:38:49.354+0000] {dag.py:3834} INFO - Setting next_dagrun for example_time_delta_sensor_async to None, run_after=None
[2024-04-29T05:38:49.377+0000] {processor.py:183} INFO - Processing /home/airflow/.local/lib/python3.8/site-packages/airflow/example_dags/example_time_delta_sensor_async.py took 0.073 seconds
[2024-04-29T05:39:19.539+0000] {processor.py:161} INFO - Started process (PID=2751) to work on /home/airflow/.local/lib/python3.8/site-packages/airflow/example_dags/example_time_delta_sensor_async.py
[2024-04-29T05:39:19.540+0000] {processor.py:830} INFO - Processing file /home/airflow/.local/lib/python3.8/site-packages/airflow/example_dags/example_time_delta_sensor_async.py for tasks to queue
[2024-04-29T05:39:19.541+0000] {logging_mixin.py:188} INFO - [2024-04-29T05:39:19.540+0000] {dagbag.py:540} INFO - Filling up the DagBag from /home/airflow/.local/lib/python3.8/site-packages/airflow/example_dags/example_time_delta_sensor_async.py
[2024-04-29T05:39:19.548+0000] {processor.py:840} INFO - DAG(s) 'example_time_delta_sensor_async' retrieved from /home/airflow/.local/lib/python3.8/site-packages/airflow/example_dags/example_time_delta_sensor_async.py
[2024-04-29T05:39:19.570+0000] {logging_mixin.py:188} INFO - [2024-04-29T05:39:19.570+0000] {dag.py:3047} INFO - Sync 1 DAGs
[2024-04-29T05:39:19.587+0000] {logging_mixin.py:188} INFO - [2024-04-29T05:39:19.586+0000] {dag.py:3834} INFO - Setting next_dagrun for example_time_delta_sensor_async to None, run_after=None
[2024-04-29T05:39:19.614+0000] {processor.py:183} INFO - Processing /home/airflow/.local/lib/python3.8/site-packages/airflow/example_dags/example_time_delta_sensor_async.py took 0.078 seconds
[2024-04-29T05:39:49.814+0000] {processor.py:161} INFO - Started process (PID=3005) to work on /home/airflow/.local/lib/python3.8/site-packages/airflow/example_dags/example_time_delta_sensor_async.py
[2024-04-29T05:39:49.815+0000] {processor.py:830} INFO - Processing file /home/airflow/.local/lib/python3.8/site-packages/airflow/example_dags/example_time_delta_sensor_async.py for tasks to queue
[2024-04-29T05:39:49.815+0000] {logging_mixin.py:188} INFO - [2024-04-29T05:39:49.815+0000] {dagbag.py:540} INFO - Filling up the DagBag from /home/airflow/.local/lib/python3.8/site-packages/airflow/example_dags/example_time_delta_sensor_async.py
[2024-04-29T05:39:49.828+0000] {processor.py:840} INFO - DAG(s) 'example_time_delta_sensor_async' retrieved from /home/airflow/.local/lib/python3.8/site-packages/airflow/example_dags/example_time_delta_sensor_async.py
[2024-04-29T05:39:49.874+0000] {logging_mixin.py:188} INFO - [2024-04-29T05:39:49.874+0000] {dag.py:3047} INFO - Sync 1 DAGs
[2024-04-29T05:39:49.897+0000] {logging_mixin.py:188} INFO - [2024-04-29T05:39:49.896+0000] {dag.py:3834} INFO - Setting next_dagrun for example_time_delta_sensor_async to None, run_after=None
[2024-04-29T05:39:49.927+0000] {processor.py:183} INFO - Processing /home/airflow/.local/lib/python3.8/site-packages/airflow/example_dags/example_time_delta_sensor_async.py took 0.116 seconds
[2024-04-29T05:40:19.992+0000] {processor.py:161} INFO - Started process (PID=3258) to work on /home/airflow/.local/lib/python3.8/site-packages/airflow/example_dags/example_time_delta_sensor_async.py
[2024-04-29T05:40:19.993+0000] {processor.py:830} INFO - Processing file /home/airflow/.local/lib/python3.8/site-packages/airflow/example_dags/example_time_delta_sensor_async.py for tasks to queue
[2024-04-29T05:40:19.994+0000] {logging_mixin.py:188} INFO - [2024-04-29T05:40:19.994+0000] {dagbag.py:540} INFO - Filling up the DagBag from /home/airflow/.local/lib/python3.8/site-packages/airflow/example_dags/example_time_delta_sensor_async.py
[2024-04-29T05:40:19.999+0000] {processor.py:840} INFO - DAG(s) 'example_time_delta_sensor_async' retrieved from /home/airflow/.local/lib/python3.8/site-packages/airflow/example_dags/example_time_delta_sensor_async.py
[2024-04-29T05:40:20.024+0000] {logging_mixin.py:188} INFO - [2024-04-29T05:40:20.024+0000] {dag.py:3047} INFO - Sync 1 DAGs
[2024-04-29T05:40:20.040+0000] {logging_mixin.py:188} INFO - [2024-04-29T05:40:20.039+0000] {dag.py:3834} INFO - Setting next_dagrun for example_time_delta_sensor_async to None, run_after=None
[2024-04-29T05:40:20.079+0000] {processor.py:183} INFO - Processing /home/airflow/.local/lib/python3.8/site-packages/airflow/example_dags/example_time_delta_sensor_async.py took 0.091 seconds
[2024-04-29T05:40:50.414+0000] {processor.py:161} INFO - Started process (PID=3520) to work on /home/airflow/.local/lib/python3.8/site-packages/airflow/example_dags/example_time_delta_sensor_async.py
[2024-04-29T05:40:50.415+0000] {processor.py:830} INFO - Processing file /home/airflow/.local/lib/python3.8/site-packages/airflow/example_dags/example_time_delta_sensor_async.py for tasks to queue
[2024-04-29T05:40:50.416+0000] {logging_mixin.py:188} INFO - [2024-04-29T05:40:50.416+0000] {dagbag.py:540} INFO - Filling up the DagBag from /home/airflow/.local/lib/python3.8/site-packages/airflow/example_dags/example_time_delta_sensor_async.py
[2024-04-29T05:40:50.422+0000] {processor.py:840} INFO - DAG(s) 'example_time_delta_sensor_async' retrieved from /home/airflow/.local/lib/python3.8/site-packages/airflow/example_dags/example_time_delta_sensor_async.py
[2024-04-29T05:40:50.445+0000] {logging_mixin.py:188} INFO - [2024-04-29T05:40:50.444+0000] {dag.py:3047} INFO - Sync 1 DAGs
[2024-04-29T05:40:50.460+0000] {logging_mixin.py:188} INFO - [2024-04-29T05:40:50.460+0000] {dag.py:3834} INFO - Setting next_dagrun for example_time_delta_sensor_async to None, run_after=None
[2024-04-29T05:40:50.485+0000] {processor.py:183} INFO - Processing /home/airflow/.local/lib/python3.8/site-packages/airflow/example_dags/example_time_delta_sensor_async.py took 0.075 seconds
[2024-04-29T05:41:21.134+0000] {processor.py:161} INFO - Started process (PID=3778) to work on /home/airflow/.local/lib/python3.8/site-packages/airflow/example_dags/example_time_delta_sensor_async.py
[2024-04-29T05:41:21.135+0000] {processor.py:830} INFO - Processing file /home/airflow/.local/lib/python3.8/site-packages/airflow/example_dags/example_time_delta_sensor_async.py for tasks to queue
[2024-04-29T05:41:21.136+0000] {logging_mixin.py:188} INFO - [2024-04-29T05:41:21.136+0000] {dagbag.py:540} INFO - Filling up the DagBag from /home/airflow/.local/lib/python3.8/site-packages/airflow/example_dags/example_time_delta_sensor_async.py
[2024-04-29T05:41:21.141+0000] {processor.py:840} INFO - DAG(s) 'example_time_delta_sensor_async' retrieved from /home/airflow/.local/lib/python3.8/site-packages/airflow/example_dags/example_time_delta_sensor_async.py
[2024-04-29T05:41:21.165+0000] {logging_mixin.py:188} INFO - [2024-04-29T05:41:21.165+0000] {dag.py:3047} INFO - Sync 1 DAGs
[2024-04-29T05:41:21.181+0000] {logging_mixin.py:188} INFO - [2024-04-29T05:41:21.181+0000] {dag.py:3834} INFO - Setting next_dagrun for example_time_delta_sensor_async to None, run_after=None
[2024-04-29T05:41:21.212+0000] {processor.py:183} INFO - Processing /home/airflow/.local/lib/python3.8/site-packages/airflow/example_dags/example_time_delta_sensor_async.py took 0.082 seconds
[2024-04-29T05:41:51.597+0000] {processor.py:161} INFO - Started process (PID=4030) to work on /home/airflow/.local/lib/python3.8/site-packages/airflow/example_dags/example_time_delta_sensor_async.py
[2024-04-29T05:41:51.598+0000] {processor.py:830} INFO - Processing file /home/airflow/.local/lib/python3.8/site-packages/airflow/example_dags/example_time_delta_sensor_async.py for tasks to queue
[2024-04-29T05:41:51.599+0000] {logging_mixin.py:188} INFO - [2024-04-29T05:41:51.599+0000] {dagbag.py:540} INFO - Filling up the DagBag from /home/airflow/.local/lib/python3.8/site-packages/airflow/example_dags/example_time_delta_sensor_async.py
[2024-04-29T05:41:51.607+0000] {processor.py:840} INFO - DAG(s) 'example_time_delta_sensor_async' retrieved from /home/airflow/.local/lib/python3.8/site-packages/airflow/example_dags/example_time_delta_sensor_async.py
[2024-04-29T05:41:51.630+0000] {logging_mixin.py:188} INFO - [2024-04-29T05:41:51.630+0000] {dag.py:3047} INFO - Sync 1 DAGs
[2024-04-29T05:41:51.644+0000] {logging_mixin.py:188} INFO - [2024-04-29T05:41:51.644+0000] {dag.py:3834} INFO - Setting next_dagrun for example_time_delta_sensor_async to None, run_after=None
[2024-04-29T05:41:51.669+0000] {processor.py:183} INFO - Processing /home/airflow/.local/lib/python3.8/site-packages/airflow/example_dags/example_time_delta_sensor_async.py took 0.076 seconds
[2024-04-29T05:42:21.901+0000] {processor.py:161} INFO - Started process (PID=4282) to work on /home/airflow/.local/lib/python3.8/site-packages/airflow/example_dags/example_time_delta_sensor_async.py
[2024-04-29T05:42:21.902+0000] {processor.py:830} INFO - Processing file /home/airflow/.local/lib/python3.8/site-packages/airflow/example_dags/example_time_delta_sensor_async.py for tasks to queue
[2024-04-29T05:42:21.903+0000] {logging_mixin.py:188} INFO - [2024-04-29T05:42:21.903+0000] {dagbag.py:540} INFO - Filling up the DagBag from /home/airflow/.local/lib/python3.8/site-packages/airflow/example_dags/example_time_delta_sensor_async.py
[2024-04-29T05:42:21.909+0000] {processor.py:840} INFO - DAG(s) 'example_time_delta_sensor_async' retrieved from /home/airflow/.local/lib/python3.8/site-packages/airflow/example_dags/example_time_delta_sensor_async.py
[2024-04-29T05:42:21.931+0000] {logging_mixin.py:188} INFO - [2024-04-29T05:42:21.931+0000] {dag.py:3047} INFO - Sync 1 DAGs
[2024-04-29T05:42:21.945+0000] {logging_mixin.py:188} INFO - [2024-04-29T05:42:21.945+0000] {dag.py:3834} INFO - Setting next_dagrun for example_time_delta_sensor_async to None, run_after=None
[2024-04-29T05:42:21.979+0000] {processor.py:183} INFO - Processing /home/airflow/.local/lib/python3.8/site-packages/airflow/example_dags/example_time_delta_sensor_async.py took 0.082 seconds
[2024-04-29T05:42:52.083+0000] {processor.py:161} INFO - Started process (PID=4535) to work on /home/airflow/.local/lib/python3.8/site-packages/airflow/example_dags/example_time_delta_sensor_async.py
[2024-04-29T05:42:52.084+0000] {processor.py:830} INFO - Processing file /home/airflow/.local/lib/python3.8/site-packages/airflow/example_dags/example_time_delta_sensor_async.py for tasks to queue
[2024-04-29T05:42:52.085+0000] {logging_mixin.py:188} INFO - [2024-04-29T05:42:52.084+0000] {dagbag.py:540} INFO - Filling up the DagBag from /home/airflow/.local/lib/python3.8/site-packages/airflow/example_dags/example_time_delta_sensor_async.py
[2024-04-29T05:42:52.090+0000] {processor.py:840} INFO - DAG(s) 'example_time_delta_sensor_async' retrieved from /home/airflow/.local/lib/python3.8/site-packages/airflow/example_dags/example_time_delta_sensor_async.py
[2024-04-29T05:42:52.113+0000] {logging_mixin.py:188} INFO - [2024-04-29T05:42:52.112+0000] {dag.py:3047} INFO - Sync 1 DAGs
[2024-04-29T05:42:52.127+0000] {logging_mixin.py:188} INFO - [2024-04-29T05:42:52.127+0000] {dag.py:3834} INFO - Setting next_dagrun for example_time_delta_sensor_async to None, run_after=None
[2024-04-29T05:42:52.151+0000] {processor.py:183} INFO - Processing /home/airflow/.local/lib/python3.8/site-packages/airflow/example_dags/example_time_delta_sensor_async.py took 0.072 seconds
[2024-04-29T05:43:22.300+0000] {processor.py:161} INFO - Started process (PID=4788) to work on /home/airflow/.local/lib/python3.8/site-packages/airflow/example_dags/example_time_delta_sensor_async.py
[2024-04-29T05:43:22.301+0000] {processor.py:830} INFO - Processing file /home/airflow/.local/lib/python3.8/site-packages/airflow/example_dags/example_time_delta_sensor_async.py for tasks to queue
[2024-04-29T05:43:22.302+0000] {logging_mixin.py:188} INFO - [2024-04-29T05:43:22.302+0000] {dagbag.py:540} INFO - Filling up the DagBag from /home/airflow/.local/lib/python3.8/site-packages/airflow/example_dags/example_time_delta_sensor_async.py
[2024-04-29T05:43:22.307+0000] {processor.py:840} INFO - DAG(s) 'example_time_delta_sensor_async' retrieved from /home/airflow/.local/lib/python3.8/site-packages/airflow/example_dags/example_time_delta_sensor_async.py
[2024-04-29T05:43:22.330+0000] {logging_mixin.py:188} INFO - [2024-04-29T05:43:22.330+0000] {dag.py:3047} INFO - Sync 1 DAGs
[2024-04-29T05:43:22.346+0000] {logging_mixin.py:188} INFO - [2024-04-29T05:43:22.346+0000] {dag.py:3834} INFO - Setting next_dagrun for example_time_delta_sensor_async to None, run_after=None
[2024-04-29T05:43:22.375+0000] {processor.py:183} INFO - Processing /home/airflow/.local/lib/python3.8/site-packages/airflow/example_dags/example_time_delta_sensor_async.py took 0.083 seconds
