[2024-04-29T05:31:55.534+0000] {processor.py:161} INFO - Started process (PID=291) to work on /home/airflow/.local/lib/python3.8/site-packages/airflow/example_dags/example_task_group.py
[2024-04-29T05:31:55.536+0000] {processor.py:830} INFO - Processing file /home/airflow/.local/lib/python3.8/site-packages/airflow/example_dags/example_task_group.py for tasks to queue
[2024-04-29T05:31:55.544+0000] {logging_mixin.py:188} INFO - [2024-04-29T05:31:55.543+0000] {dagbag.py:540} INFO - Filling up the DagBag from /home/airflow/.local/lib/python3.8/site-packages/airflow/example_dags/example_task_group.py
[2024-04-29T05:31:55.589+0000] {processor.py:840} INFO - DAG(s) 'example_task_group' retrieved from /home/airflow/.local/lib/python3.8/site-packages/airflow/example_dags/example_task_group.py
[2024-04-29T05:31:55.956+0000] {logging_mixin.py:188} INFO - [2024-04-29T05:31:55.956+0000] {override.py:1769} INFO - Created Permission View: can read on DAG:example_task_group
[2024-04-29T05:31:55.998+0000] {logging_mixin.py:188} INFO - [2024-04-29T05:31:55.997+0000] {override.py:1769} INFO - Created Permission View: can edit on DAG:example_task_group
[2024-04-29T05:31:56.019+0000] {logging_mixin.py:188} INFO - [2024-04-29T05:31:56.019+0000] {override.py:1769} INFO - Created Permission View: can delete on DAG:example_task_group
[2024-04-29T05:31:56.020+0000] {logging_mixin.py:188} INFO - [2024-04-29T05:31:56.020+0000] {dag.py:3047} INFO - Sync 1 DAGs
[2024-04-29T05:31:56.055+0000] {logging_mixin.py:188} INFO - [2024-04-29T05:31:56.055+0000] {dag.py:3069} INFO - Creating ORM DAG for example_task_group
[2024-04-29T05:31:56.073+0000] {logging_mixin.py:188} INFO - [2024-04-29T05:31:56.073+0000] {dag.py:3834} INFO - Setting next_dagrun for example_task_group to 2024-04-28 00:00:00+00:00, run_after=2024-04-29 00:00:00+00:00
[2024-04-29T05:31:56.114+0000] {processor.py:183} INFO - Processing /home/airflow/.local/lib/python3.8/site-packages/airflow/example_dags/example_task_group.py took 0.596 seconds
[2024-04-29T05:32:26.945+0000] {processor.py:161} INFO - Started process (PID=545) to work on /home/airflow/.local/lib/python3.8/site-packages/airflow/example_dags/example_task_group.py
[2024-04-29T05:32:26.947+0000] {processor.py:830} INFO - Processing file /home/airflow/.local/lib/python3.8/site-packages/airflow/example_dags/example_task_group.py for tasks to queue
[2024-04-29T05:32:26.948+0000] {logging_mixin.py:188} INFO - [2024-04-29T05:32:26.947+0000] {dagbag.py:540} INFO - Filling up the DagBag from /home/airflow/.local/lib/python3.8/site-packages/airflow/example_dags/example_task_group.py
[2024-04-29T05:32:26.957+0000] {processor.py:840} INFO - DAG(s) 'example_task_group' retrieved from /home/airflow/.local/lib/python3.8/site-packages/airflow/example_dags/example_task_group.py
[2024-04-29T05:32:26.984+0000] {logging_mixin.py:188} INFO - [2024-04-29T05:32:26.984+0000] {dag.py:3047} INFO - Sync 1 DAGs
[2024-04-29T05:32:27.010+0000] {logging_mixin.py:188} INFO - [2024-04-29T05:32:27.009+0000] {dag.py:3834} INFO - Setting next_dagrun for example_task_group to 2024-04-28 00:00:00+00:00, run_after=2024-04-29 00:00:00+00:00
[2024-04-29T05:32:27.037+0000] {processor.py:183} INFO - Processing /home/airflow/.local/lib/python3.8/site-packages/airflow/example_dags/example_task_group.py took 0.095 seconds
[2024-04-29T05:32:57.488+0000] {processor.py:161} INFO - Started process (PID=796) to work on /home/airflow/.local/lib/python3.8/site-packages/airflow/example_dags/example_task_group.py
[2024-04-29T05:32:57.489+0000] {processor.py:830} INFO - Processing file /home/airflow/.local/lib/python3.8/site-packages/airflow/example_dags/example_task_group.py for tasks to queue
[2024-04-29T05:32:57.490+0000] {logging_mixin.py:188} INFO - [2024-04-29T05:32:57.490+0000] {dagbag.py:540} INFO - Filling up the DagBag from /home/airflow/.local/lib/python3.8/site-packages/airflow/example_dags/example_task_group.py
[2024-04-29T05:32:57.499+0000] {processor.py:840} INFO - DAG(s) 'example_task_group' retrieved from /home/airflow/.local/lib/python3.8/site-packages/airflow/example_dags/example_task_group.py
[2024-04-29T05:32:57.534+0000] {logging_mixin.py:188} INFO - [2024-04-29T05:32:57.534+0000] {dag.py:3047} INFO - Sync 1 DAGs
[2024-04-29T05:32:57.578+0000] {logging_mixin.py:188} INFO - [2024-04-29T05:32:57.578+0000] {dag.py:3834} INFO - Setting next_dagrun for example_task_group to 2024-04-28 00:00:00+00:00, run_after=2024-04-29 00:00:00+00:00
[2024-04-29T05:32:57.603+0000] {processor.py:183} INFO - Processing /home/airflow/.local/lib/python3.8/site-packages/airflow/example_dags/example_task_group.py took 0.118 seconds
[2024-04-29T05:34:27.281+0000] {processor.py:161} INFO - Started process (PID=292) to work on /home/airflow/.local/lib/python3.8/site-packages/airflow/example_dags/example_task_group.py
[2024-04-29T05:34:27.294+0000] {processor.py:830} INFO - Processing file /home/airflow/.local/lib/python3.8/site-packages/airflow/example_dags/example_task_group.py for tasks to queue
[2024-04-29T05:34:27.295+0000] {logging_mixin.py:188} INFO - [2024-04-29T05:34:27.295+0000] {dagbag.py:540} INFO - Filling up the DagBag from /home/airflow/.local/lib/python3.8/site-packages/airflow/example_dags/example_task_group.py
[2024-04-29T05:34:27.311+0000] {processor.py:840} INFO - DAG(s) 'example_task_group' retrieved from /home/airflow/.local/lib/python3.8/site-packages/airflow/example_dags/example_task_group.py
[2024-04-29T05:34:27.341+0000] {logging_mixin.py:188} INFO - [2024-04-29T05:34:27.341+0000] {dag.py:3047} INFO - Sync 1 DAGs
[2024-04-29T05:34:27.381+0000] {logging_mixin.py:188} INFO - [2024-04-29T05:34:27.380+0000] {dag.py:3834} INFO - Setting next_dagrun for example_task_group to 2024-04-28 00:00:00+00:00, run_after=2024-04-29 00:00:00+00:00
[2024-04-29T05:34:27.442+0000] {processor.py:183} INFO - Processing /home/airflow/.local/lib/python3.8/site-packages/airflow/example_dags/example_task_group.py took 0.172 seconds
[2024-04-29T05:34:58.999+0000] {processor.py:161} INFO - Started process (PID=544) to work on /home/airflow/.local/lib/python3.8/site-packages/airflow/example_dags/example_task_group.py
[2024-04-29T05:34:59.000+0000] {processor.py:830} INFO - Processing file /home/airflow/.local/lib/python3.8/site-packages/airflow/example_dags/example_task_group.py for tasks to queue
[2024-04-29T05:34:59.001+0000] {logging_mixin.py:188} INFO - [2024-04-29T05:34:59.001+0000] {dagbag.py:540} INFO - Filling up the DagBag from /home/airflow/.local/lib/python3.8/site-packages/airflow/example_dags/example_task_group.py
[2024-04-29T05:34:59.011+0000] {processor.py:840} INFO - DAG(s) 'example_task_group' retrieved from /home/airflow/.local/lib/python3.8/site-packages/airflow/example_dags/example_task_group.py
[2024-04-29T05:34:59.162+0000] {logging_mixin.py:188} INFO - [2024-04-29T05:34:59.161+0000] {dag.py:3047} INFO - Sync 1 DAGs
[2024-04-29T05:34:59.227+0000] {logging_mixin.py:188} INFO - [2024-04-29T05:34:59.226+0000] {dag.py:3834} INFO - Setting next_dagrun for example_task_group to 2024-04-28 00:00:00+00:00, run_after=2024-04-29 00:00:00+00:00
[2024-04-29T05:34:59.320+0000] {processor.py:183} INFO - Processing /home/airflow/.local/lib/python3.8/site-packages/airflow/example_dags/example_task_group.py took 0.324 seconds
[2024-04-29T05:35:30.034+0000] {processor.py:161} INFO - Started process (PID=796) to work on /home/airflow/.local/lib/python3.8/site-packages/airflow/example_dags/example_task_group.py
[2024-04-29T05:35:30.035+0000] {processor.py:830} INFO - Processing file /home/airflow/.local/lib/python3.8/site-packages/airflow/example_dags/example_task_group.py for tasks to queue
[2024-04-29T05:35:30.036+0000] {logging_mixin.py:188} INFO - [2024-04-29T05:35:30.036+0000] {dagbag.py:540} INFO - Filling up the DagBag from /home/airflow/.local/lib/python3.8/site-packages/airflow/example_dags/example_task_group.py
[2024-04-29T05:35:30.045+0000] {processor.py:840} INFO - DAG(s) 'example_task_group' retrieved from /home/airflow/.local/lib/python3.8/site-packages/airflow/example_dags/example_task_group.py
[2024-04-29T05:35:30.075+0000] {logging_mixin.py:188} INFO - [2024-04-29T05:35:30.075+0000] {dag.py:3047} INFO - Sync 1 DAGs
[2024-04-29T05:35:30.101+0000] {logging_mixin.py:188} INFO - [2024-04-29T05:35:30.100+0000] {dag.py:3834} INFO - Setting next_dagrun for example_task_group to 2024-04-28 00:00:00+00:00, run_after=2024-04-29 00:00:00+00:00
[2024-04-29T05:35:30.133+0000] {processor.py:183} INFO - Processing /home/airflow/.local/lib/python3.8/site-packages/airflow/example_dags/example_task_group.py took 0.102 seconds
[2024-04-29T05:36:00.278+0000] {processor.py:161} INFO - Started process (PID=1047) to work on /home/airflow/.local/lib/python3.8/site-packages/airflow/example_dags/example_task_group.py
[2024-04-29T05:36:00.279+0000] {processor.py:830} INFO - Processing file /home/airflow/.local/lib/python3.8/site-packages/airflow/example_dags/example_task_group.py for tasks to queue
[2024-04-29T05:36:00.280+0000] {logging_mixin.py:188} INFO - [2024-04-29T05:36:00.279+0000] {dagbag.py:540} INFO - Filling up the DagBag from /home/airflow/.local/lib/python3.8/site-packages/airflow/example_dags/example_task_group.py
[2024-04-29T05:36:00.290+0000] {processor.py:840} INFO - DAG(s) 'example_task_group' retrieved from /home/airflow/.local/lib/python3.8/site-packages/airflow/example_dags/example_task_group.py
[2024-04-29T05:36:00.317+0000] {logging_mixin.py:188} INFO - [2024-04-29T05:36:00.317+0000] {dag.py:3047} INFO - Sync 1 DAGs
[2024-04-29T05:36:00.344+0000] {logging_mixin.py:188} INFO - [2024-04-29T05:36:00.343+0000] {dag.py:3834} INFO - Setting next_dagrun for example_task_group to 2024-04-28 00:00:00+00:00, run_after=2024-04-29 00:00:00+00:00
[2024-04-29T05:36:00.372+0000] {processor.py:183} INFO - Processing /home/airflow/.local/lib/python3.8/site-packages/airflow/example_dags/example_task_group.py took 0.098 seconds
[2024-04-29T05:36:30.797+0000] {processor.py:161} INFO - Started process (PID=1300) to work on /home/airflow/.local/lib/python3.8/site-packages/airflow/example_dags/example_task_group.py
[2024-04-29T05:36:30.798+0000] {processor.py:830} INFO - Processing file /home/airflow/.local/lib/python3.8/site-packages/airflow/example_dags/example_task_group.py for tasks to queue
[2024-04-29T05:36:30.799+0000] {logging_mixin.py:188} INFO - [2024-04-29T05:36:30.799+0000] {dagbag.py:540} INFO - Filling up the DagBag from /home/airflow/.local/lib/python3.8/site-packages/airflow/example_dags/example_task_group.py
[2024-04-29T05:36:30.808+0000] {processor.py:840} INFO - DAG(s) 'example_task_group' retrieved from /home/airflow/.local/lib/python3.8/site-packages/airflow/example_dags/example_task_group.py
[2024-04-29T05:36:30.848+0000] {logging_mixin.py:188} INFO - [2024-04-29T05:36:30.848+0000] {dag.py:3047} INFO - Sync 1 DAGs
[2024-04-29T05:36:30.876+0000] {logging_mixin.py:188} INFO - [2024-04-29T05:36:30.876+0000] {dag.py:3834} INFO - Setting next_dagrun for example_task_group to 2024-04-28 00:00:00+00:00, run_after=2024-04-29 00:00:00+00:00
[2024-04-29T05:36:30.899+0000] {processor.py:183} INFO - Processing /home/airflow/.local/lib/python3.8/site-packages/airflow/example_dags/example_task_group.py took 0.105 seconds
[2024-04-29T05:37:01.283+0000] {processor.py:161} INFO - Started process (PID=1553) to work on /home/airflow/.local/lib/python3.8/site-packages/airflow/example_dags/example_task_group.py
[2024-04-29T05:37:01.284+0000] {processor.py:830} INFO - Processing file /home/airflow/.local/lib/python3.8/site-packages/airflow/example_dags/example_task_group.py for tasks to queue
[2024-04-29T05:37:01.285+0000] {logging_mixin.py:188} INFO - [2024-04-29T05:37:01.285+0000] {dagbag.py:540} INFO - Filling up the DagBag from /home/airflow/.local/lib/python3.8/site-packages/airflow/example_dags/example_task_group.py
[2024-04-29T05:37:01.294+0000] {processor.py:840} INFO - DAG(s) 'example_task_group' retrieved from /home/airflow/.local/lib/python3.8/site-packages/airflow/example_dags/example_task_group.py
[2024-04-29T05:37:01.323+0000] {logging_mixin.py:188} INFO - [2024-04-29T05:37:01.322+0000] {dag.py:3047} INFO - Sync 1 DAGs
[2024-04-29T05:37:01.349+0000] {logging_mixin.py:188} INFO - [2024-04-29T05:37:01.349+0000] {dag.py:3834} INFO - Setting next_dagrun for example_task_group to 2024-04-28 00:00:00+00:00, run_after=2024-04-29 00:00:00+00:00
[2024-04-29T05:37:01.372+0000] {processor.py:183} INFO - Processing /home/airflow/.local/lib/python3.8/site-packages/airflow/example_dags/example_task_group.py took 0.092 seconds
[2024-04-29T05:37:31.698+0000] {processor.py:161} INFO - Started process (PID=1805) to work on /home/airflow/.local/lib/python3.8/site-packages/airflow/example_dags/example_task_group.py
[2024-04-29T05:37:31.699+0000] {processor.py:830} INFO - Processing file /home/airflow/.local/lib/python3.8/site-packages/airflow/example_dags/example_task_group.py for tasks to queue
[2024-04-29T05:37:31.700+0000] {logging_mixin.py:188} INFO - [2024-04-29T05:37:31.699+0000] {dagbag.py:540} INFO - Filling up the DagBag from /home/airflow/.local/lib/python3.8/site-packages/airflow/example_dags/example_task_group.py
[2024-04-29T05:37:31.708+0000] {processor.py:840} INFO - DAG(s) 'example_task_group' retrieved from /home/airflow/.local/lib/python3.8/site-packages/airflow/example_dags/example_task_group.py
[2024-04-29T05:37:31.735+0000] {logging_mixin.py:188} INFO - [2024-04-29T05:37:31.735+0000] {dag.py:3047} INFO - Sync 1 DAGs
[2024-04-29T05:37:31.763+0000] {logging_mixin.py:188} INFO - [2024-04-29T05:37:31.762+0000] {dag.py:3834} INFO - Setting next_dagrun for example_task_group to 2024-04-28 00:00:00+00:00, run_after=2024-04-29 00:00:00+00:00
[2024-04-29T05:37:31.788+0000] {processor.py:183} INFO - Processing /home/airflow/.local/lib/python3.8/site-packages/airflow/example_dags/example_task_group.py took 0.094 seconds
[2024-04-29T05:38:15.411+0000] {processor.py:161} INFO - Started process (PID=2166) to work on /home/airflow/.local/lib/python3.8/site-packages/airflow/example_dags/example_task_group.py
[2024-04-29T05:38:15.424+0000] {processor.py:830} INFO - Processing file /home/airflow/.local/lib/python3.8/site-packages/airflow/example_dags/example_task_group.py for tasks to queue
[2024-04-29T05:38:15.428+0000] {logging_mixin.py:188} INFO - [2024-04-29T05:38:15.428+0000] {dagbag.py:540} INFO - Filling up the DagBag from /home/airflow/.local/lib/python3.8/site-packages/airflow/example_dags/example_task_group.py
[2024-04-29T05:38:15.549+0000] {processor.py:840} INFO - DAG(s) 'example_task_group' retrieved from /home/airflow/.local/lib/python3.8/site-packages/airflow/example_dags/example_task_group.py
[2024-04-29T05:38:15.746+0000] {logging_mixin.py:188} INFO - [2024-04-29T05:38:15.746+0000] {dag.py:3047} INFO - Sync 1 DAGs
[2024-04-29T05:38:15.947+0000] {logging_mixin.py:188} INFO - [2024-04-29T05:38:15.947+0000] {dag.py:3834} INFO - Setting next_dagrun for example_task_group to 2024-04-28 00:00:00+00:00, run_after=2024-04-29 00:00:00+00:00
[2024-04-29T05:38:16.082+0000] {processor.py:183} INFO - Processing /home/airflow/.local/lib/python3.8/site-packages/airflow/example_dags/example_task_group.py took 0.675 seconds
[2024-04-29T05:38:46.874+0000] {processor.py:161} INFO - Started process (PID=2468) to work on /home/airflow/.local/lib/python3.8/site-packages/airflow/example_dags/example_task_group.py
[2024-04-29T05:38:46.876+0000] {processor.py:830} INFO - Processing file /home/airflow/.local/lib/python3.8/site-packages/airflow/example_dags/example_task_group.py for tasks to queue
[2024-04-29T05:38:46.877+0000] {logging_mixin.py:188} INFO - [2024-04-29T05:38:46.876+0000] {dagbag.py:540} INFO - Filling up the DagBag from /home/airflow/.local/lib/python3.8/site-packages/airflow/example_dags/example_task_group.py
[2024-04-29T05:38:46.886+0000] {processor.py:840} INFO - DAG(s) 'example_task_group' retrieved from /home/airflow/.local/lib/python3.8/site-packages/airflow/example_dags/example_task_group.py
[2024-04-29T05:38:46.941+0000] {logging_mixin.py:188} INFO - [2024-04-29T05:38:46.941+0000] {dag.py:3047} INFO - Sync 1 DAGs
[2024-04-29T05:38:46.967+0000] {logging_mixin.py:188} INFO - [2024-04-29T05:38:46.967+0000] {dag.py:3834} INFO - Setting next_dagrun for example_task_group to 2024-04-28 00:00:00+00:00, run_after=2024-04-29 00:00:00+00:00
[2024-04-29T05:38:47.000+0000] {processor.py:183} INFO - Processing /home/airflow/.local/lib/python3.8/site-packages/airflow/example_dags/example_task_group.py took 0.130 seconds
[2024-04-29T05:39:17.075+0000] {processor.py:161} INFO - Started process (PID=2721) to work on /home/airflow/.local/lib/python3.8/site-packages/airflow/example_dags/example_task_group.py
[2024-04-29T05:39:17.076+0000] {processor.py:830} INFO - Processing file /home/airflow/.local/lib/python3.8/site-packages/airflow/example_dags/example_task_group.py for tasks to queue
[2024-04-29T05:39:17.077+0000] {logging_mixin.py:188} INFO - [2024-04-29T05:39:17.076+0000] {dagbag.py:540} INFO - Filling up the DagBag from /home/airflow/.local/lib/python3.8/site-packages/airflow/example_dags/example_task_group.py
[2024-04-29T05:39:17.086+0000] {processor.py:840} INFO - DAG(s) 'example_task_group' retrieved from /home/airflow/.local/lib/python3.8/site-packages/airflow/example_dags/example_task_group.py
[2024-04-29T05:39:17.113+0000] {logging_mixin.py:188} INFO - [2024-04-29T05:39:17.112+0000] {dag.py:3047} INFO - Sync 1 DAGs
[2024-04-29T05:39:17.140+0000] {logging_mixin.py:188} INFO - [2024-04-29T05:39:17.140+0000] {dag.py:3834} INFO - Setting next_dagrun for example_task_group to 2024-04-28 00:00:00+00:00, run_after=2024-04-29 00:00:00+00:00
[2024-04-29T05:39:17.163+0000] {processor.py:183} INFO - Processing /home/airflow/.local/lib/python3.8/site-packages/airflow/example_dags/example_task_group.py took 0.091 seconds
[2024-04-29T05:39:47.427+0000] {processor.py:161} INFO - Started process (PID=2975) to work on /home/airflow/.local/lib/python3.8/site-packages/airflow/example_dags/example_task_group.py
[2024-04-29T05:39:47.428+0000] {processor.py:830} INFO - Processing file /home/airflow/.local/lib/python3.8/site-packages/airflow/example_dags/example_task_group.py for tasks to queue
[2024-04-29T05:39:47.433+0000] {logging_mixin.py:188} INFO - [2024-04-29T05:39:47.430+0000] {dagbag.py:540} INFO - Filling up the DagBag from /home/airflow/.local/lib/python3.8/site-packages/airflow/example_dags/example_task_group.py
[2024-04-29T05:39:47.445+0000] {processor.py:840} INFO - DAG(s) 'example_task_group' retrieved from /home/airflow/.local/lib/python3.8/site-packages/airflow/example_dags/example_task_group.py
[2024-04-29T05:39:47.474+0000] {logging_mixin.py:188} INFO - [2024-04-29T05:39:47.474+0000] {dag.py:3047} INFO - Sync 1 DAGs
[2024-04-29T05:39:47.498+0000] {logging_mixin.py:188} INFO - [2024-04-29T05:39:47.498+0000] {dag.py:3834} INFO - Setting next_dagrun for example_task_group to 2024-04-28 00:00:00+00:00, run_after=2024-04-29 00:00:00+00:00
[2024-04-29T05:39:47.522+0000] {processor.py:183} INFO - Processing /home/airflow/.local/lib/python3.8/site-packages/airflow/example_dags/example_task_group.py took 0.098 seconds
[2024-04-29T05:40:17.619+0000] {processor.py:161} INFO - Started process (PID=3228) to work on /home/airflow/.local/lib/python3.8/site-packages/airflow/example_dags/example_task_group.py
[2024-04-29T05:40:17.620+0000] {processor.py:830} INFO - Processing file /home/airflow/.local/lib/python3.8/site-packages/airflow/example_dags/example_task_group.py for tasks to queue
[2024-04-29T05:40:17.621+0000] {logging_mixin.py:188} INFO - [2024-04-29T05:40:17.621+0000] {dagbag.py:540} INFO - Filling up the DagBag from /home/airflow/.local/lib/python3.8/site-packages/airflow/example_dags/example_task_group.py
[2024-04-29T05:40:17.630+0000] {processor.py:840} INFO - DAG(s) 'example_task_group' retrieved from /home/airflow/.local/lib/python3.8/site-packages/airflow/example_dags/example_task_group.py
[2024-04-29T05:40:17.654+0000] {logging_mixin.py:188} INFO - [2024-04-29T05:40:17.654+0000] {dag.py:3047} INFO - Sync 1 DAGs
[2024-04-29T05:40:17.682+0000] {logging_mixin.py:188} INFO - [2024-04-29T05:40:17.682+0000] {dag.py:3834} INFO - Setting next_dagrun for example_task_group to 2024-04-28 00:00:00+00:00, run_after=2024-04-29 00:00:00+00:00
[2024-04-29T05:40:17.721+0000] {processor.py:183} INFO - Processing /home/airflow/.local/lib/python3.8/site-packages/airflow/example_dags/example_task_group.py took 0.106 seconds
[2024-04-29T05:40:48.034+0000] {processor.py:161} INFO - Started process (PID=3484) to work on /home/airflow/.local/lib/python3.8/site-packages/airflow/example_dags/example_task_group.py
[2024-04-29T05:40:48.035+0000] {processor.py:830} INFO - Processing file /home/airflow/.local/lib/python3.8/site-packages/airflow/example_dags/example_task_group.py for tasks to queue
[2024-04-29T05:40:48.036+0000] {logging_mixin.py:188} INFO - [2024-04-29T05:40:48.036+0000] {dagbag.py:540} INFO - Filling up the DagBag from /home/airflow/.local/lib/python3.8/site-packages/airflow/example_dags/example_task_group.py
[2024-04-29T05:40:48.056+0000] {processor.py:840} INFO - DAG(s) 'example_task_group' retrieved from /home/airflow/.local/lib/python3.8/site-packages/airflow/example_dags/example_task_group.py
[2024-04-29T05:40:48.085+0000] {logging_mixin.py:188} INFO - [2024-04-29T05:40:48.085+0000] {dag.py:3047} INFO - Sync 1 DAGs
[2024-04-29T05:40:48.121+0000] {logging_mixin.py:188} INFO - [2024-04-29T05:40:48.121+0000] {dag.py:3834} INFO - Setting next_dagrun for example_task_group to 2024-04-28 00:00:00+00:00, run_after=2024-04-29 00:00:00+00:00
[2024-04-29T05:40:48.146+0000] {processor.py:183} INFO - Processing /home/airflow/.local/lib/python3.8/site-packages/airflow/example_dags/example_task_group.py took 0.120 seconds
[2024-04-29T05:41:18.559+0000] {processor.py:161} INFO - Started process (PID=3742) to work on /home/airflow/.local/lib/python3.8/site-packages/airflow/example_dags/example_task_group.py
[2024-04-29T05:41:18.563+0000] {processor.py:830} INFO - Processing file /home/airflow/.local/lib/python3.8/site-packages/airflow/example_dags/example_task_group.py for tasks to queue
[2024-04-29T05:41:18.564+0000] {logging_mixin.py:188} INFO - [2024-04-29T05:41:18.564+0000] {dagbag.py:540} INFO - Filling up the DagBag from /home/airflow/.local/lib/python3.8/site-packages/airflow/example_dags/example_task_group.py
[2024-04-29T05:41:18.585+0000] {processor.py:840} INFO - DAG(s) 'example_task_group' retrieved from /home/airflow/.local/lib/python3.8/site-packages/airflow/example_dags/example_task_group.py
[2024-04-29T05:41:18.623+0000] {logging_mixin.py:188} INFO - [2024-04-29T05:41:18.623+0000] {dag.py:3047} INFO - Sync 1 DAGs
[2024-04-29T05:41:18.667+0000] {logging_mixin.py:188} INFO - [2024-04-29T05:41:18.667+0000] {dag.py:3834} INFO - Setting next_dagrun for example_task_group to 2024-04-28 00:00:00+00:00, run_after=2024-04-29 00:00:00+00:00
[2024-04-29T05:41:18.715+0000] {processor.py:183} INFO - Processing /home/airflow/.local/lib/python3.8/site-packages/airflow/example_dags/example_task_group.py took 0.161 seconds
[2024-04-29T05:41:48.909+0000] {processor.py:161} INFO - Started process (PID=3995) to work on /home/airflow/.local/lib/python3.8/site-packages/airflow/example_dags/example_task_group.py
[2024-04-29T05:41:48.910+0000] {processor.py:830} INFO - Processing file /home/airflow/.local/lib/python3.8/site-packages/airflow/example_dags/example_task_group.py for tasks to queue
[2024-04-29T05:41:48.911+0000] {logging_mixin.py:188} INFO - [2024-04-29T05:41:48.911+0000] {dagbag.py:540} INFO - Filling up the DagBag from /home/airflow/.local/lib/python3.8/site-packages/airflow/example_dags/example_task_group.py
[2024-04-29T05:41:48.921+0000] {processor.py:840} INFO - DAG(s) 'example_task_group' retrieved from /home/airflow/.local/lib/python3.8/site-packages/airflow/example_dags/example_task_group.py
[2024-04-29T05:41:48.945+0000] {logging_mixin.py:188} INFO - [2024-04-29T05:41:48.945+0000] {dag.py:3047} INFO - Sync 1 DAGs
[2024-04-29T05:41:48.992+0000] {logging_mixin.py:188} INFO - [2024-04-29T05:41:48.991+0000] {dag.py:3834} INFO - Setting next_dagrun for example_task_group to 2024-04-28 00:00:00+00:00, run_after=2024-04-29 00:00:00+00:00
[2024-04-29T05:41:49.047+0000] {processor.py:183} INFO - Processing /home/airflow/.local/lib/python3.8/site-packages/airflow/example_dags/example_task_group.py took 0.141 seconds
[2024-04-29T05:42:19.453+0000] {processor.py:161} INFO - Started process (PID=4247) to work on /home/airflow/.local/lib/python3.8/site-packages/airflow/example_dags/example_task_group.py
[2024-04-29T05:42:19.454+0000] {processor.py:830} INFO - Processing file /home/airflow/.local/lib/python3.8/site-packages/airflow/example_dags/example_task_group.py for tasks to queue
[2024-04-29T05:42:19.455+0000] {logging_mixin.py:188} INFO - [2024-04-29T05:42:19.455+0000] {dagbag.py:540} INFO - Filling up the DagBag from /home/airflow/.local/lib/python3.8/site-packages/airflow/example_dags/example_task_group.py
[2024-04-29T05:42:19.464+0000] {processor.py:840} INFO - DAG(s) 'example_task_group' retrieved from /home/airflow/.local/lib/python3.8/site-packages/airflow/example_dags/example_task_group.py
[2024-04-29T05:42:19.489+0000] {logging_mixin.py:188} INFO - [2024-04-29T05:42:19.489+0000] {dag.py:3047} INFO - Sync 1 DAGs
[2024-04-29T05:42:19.514+0000] {logging_mixin.py:188} INFO - [2024-04-29T05:42:19.514+0000] {dag.py:3834} INFO - Setting next_dagrun for example_task_group to 2024-04-28 00:00:00+00:00, run_after=2024-04-29 00:00:00+00:00
[2024-04-29T05:42:19.540+0000] {processor.py:183} INFO - Processing /home/airflow/.local/lib/python3.8/site-packages/airflow/example_dags/example_task_group.py took 0.090 seconds
[2024-04-29T05:42:49.674+0000] {processor.py:161} INFO - Started process (PID=4498) to work on /home/airflow/.local/lib/python3.8/site-packages/airflow/example_dags/example_task_group.py
[2024-04-29T05:42:49.675+0000] {processor.py:830} INFO - Processing file /home/airflow/.local/lib/python3.8/site-packages/airflow/example_dags/example_task_group.py for tasks to queue
[2024-04-29T05:42:49.676+0000] {logging_mixin.py:188} INFO - [2024-04-29T05:42:49.676+0000] {dagbag.py:540} INFO - Filling up the DagBag from /home/airflow/.local/lib/python3.8/site-packages/airflow/example_dags/example_task_group.py
[2024-04-29T05:42:49.702+0000] {processor.py:840} INFO - DAG(s) 'example_task_group' retrieved from /home/airflow/.local/lib/python3.8/site-packages/airflow/example_dags/example_task_group.py
[2024-04-29T05:42:49.751+0000] {logging_mixin.py:188} INFO - [2024-04-29T05:42:49.751+0000] {dag.py:3047} INFO - Sync 1 DAGs
[2024-04-29T05:42:49.775+0000] {logging_mixin.py:188} INFO - [2024-04-29T05:42:49.774+0000] {dag.py:3834} INFO - Setting next_dagrun for example_task_group to 2024-04-28 00:00:00+00:00, run_after=2024-04-29 00:00:00+00:00
[2024-04-29T05:42:49.798+0000] {processor.py:183} INFO - Processing /home/airflow/.local/lib/python3.8/site-packages/airflow/example_dags/example_task_group.py took 0.130 seconds
[2024-04-29T05:43:19.913+0000] {processor.py:161} INFO - Started process (PID=4753) to work on /home/airflow/.local/lib/python3.8/site-packages/airflow/example_dags/example_task_group.py
[2024-04-29T05:43:19.914+0000] {processor.py:830} INFO - Processing file /home/airflow/.local/lib/python3.8/site-packages/airflow/example_dags/example_task_group.py for tasks to queue
[2024-04-29T05:43:19.915+0000] {logging_mixin.py:188} INFO - [2024-04-29T05:43:19.915+0000] {dagbag.py:540} INFO - Filling up the DagBag from /home/airflow/.local/lib/python3.8/site-packages/airflow/example_dags/example_task_group.py
[2024-04-29T05:43:19.924+0000] {processor.py:840} INFO - DAG(s) 'example_task_group' retrieved from /home/airflow/.local/lib/python3.8/site-packages/airflow/example_dags/example_task_group.py
[2024-04-29T05:43:19.949+0000] {logging_mixin.py:188} INFO - [2024-04-29T05:43:19.949+0000] {dag.py:3047} INFO - Sync 1 DAGs
[2024-04-29T05:43:19.973+0000] {logging_mixin.py:188} INFO - [2024-04-29T05:43:19.973+0000] {dag.py:3834} INFO - Setting next_dagrun for example_task_group to 2024-04-28 00:00:00+00:00, run_after=2024-04-29 00:00:00+00:00
[2024-04-29T05:43:19.996+0000] {processor.py:183} INFO - Processing /home/airflow/.local/lib/python3.8/site-packages/airflow/example_dags/example_task_group.py took 0.087 seconds
[2024-04-29T05:43:50.075+0000] {processor.py:161} INFO - Started process (PID=5005) to work on /home/airflow/.local/lib/python3.8/site-packages/airflow/example_dags/example_task_group.py
[2024-04-29T05:43:50.076+0000] {processor.py:830} INFO - Processing file /home/airflow/.local/lib/python3.8/site-packages/airflow/example_dags/example_task_group.py for tasks to queue
[2024-04-29T05:43:50.077+0000] {logging_mixin.py:188} INFO - [2024-04-29T05:43:50.076+0000] {dagbag.py:540} INFO - Filling up the DagBag from /home/airflow/.local/lib/python3.8/site-packages/airflow/example_dags/example_task_group.py
[2024-04-29T05:43:50.086+0000] {processor.py:840} INFO - DAG(s) 'example_task_group' retrieved from /home/airflow/.local/lib/python3.8/site-packages/airflow/example_dags/example_task_group.py
[2024-04-29T05:43:50.112+0000] {logging_mixin.py:188} INFO - [2024-04-29T05:43:50.112+0000] {dag.py:3047} INFO - Sync 1 DAGs
[2024-04-29T05:43:50.148+0000] {logging_mixin.py:188} INFO - [2024-04-29T05:43:50.148+0000] {dag.py:3834} INFO - Setting next_dagrun for example_task_group to 2024-04-28 00:00:00+00:00, run_after=2024-04-29 00:00:00+00:00
[2024-04-29T05:43:50.228+0000] {processor.py:183} INFO - Processing /home/airflow/.local/lib/python3.8/site-packages/airflow/example_dags/example_task_group.py took 0.157 seconds
[2024-04-29T05:44:20.686+0000] {processor.py:161} INFO - Started process (PID=5258) to work on /home/airflow/.local/lib/python3.8/site-packages/airflow/example_dags/example_task_group.py
[2024-04-29T05:44:20.687+0000] {processor.py:830} INFO - Processing file /home/airflow/.local/lib/python3.8/site-packages/airflow/example_dags/example_task_group.py for tasks to queue
[2024-04-29T05:44:20.688+0000] {logging_mixin.py:188} INFO - [2024-04-29T05:44:20.688+0000] {dagbag.py:540} INFO - Filling up the DagBag from /home/airflow/.local/lib/python3.8/site-packages/airflow/example_dags/example_task_group.py
[2024-04-29T05:44:20.697+0000] {processor.py:840} INFO - DAG(s) 'example_task_group' retrieved from /home/airflow/.local/lib/python3.8/site-packages/airflow/example_dags/example_task_group.py
[2024-04-29T05:44:20.746+0000] {logging_mixin.py:188} INFO - [2024-04-29T05:44:20.745+0000] {dag.py:3047} INFO - Sync 1 DAGs
[2024-04-29T05:44:20.804+0000] {logging_mixin.py:188} INFO - [2024-04-29T05:44:20.804+0000] {dag.py:3834} INFO - Setting next_dagrun for example_task_group to 2024-04-28 00:00:00+00:00, run_after=2024-04-29 00:00:00+00:00
[2024-04-29T05:44:20.831+0000] {processor.py:183} INFO - Processing /home/airflow/.local/lib/python3.8/site-packages/airflow/example_dags/example_task_group.py took 0.149 seconds
[2024-04-29T05:44:50.940+0000] {processor.py:161} INFO - Started process (PID=5510) to work on /home/airflow/.local/lib/python3.8/site-packages/airflow/example_dags/example_task_group.py
[2024-04-29T05:44:50.942+0000] {processor.py:830} INFO - Processing file /home/airflow/.local/lib/python3.8/site-packages/airflow/example_dags/example_task_group.py for tasks to queue
[2024-04-29T05:44:50.943+0000] {logging_mixin.py:188} INFO - [2024-04-29T05:44:50.942+0000] {dagbag.py:540} INFO - Filling up the DagBag from /home/airflow/.local/lib/python3.8/site-packages/airflow/example_dags/example_task_group.py
[2024-04-29T05:44:50.952+0000] {processor.py:840} INFO - DAG(s) 'example_task_group' retrieved from /home/airflow/.local/lib/python3.8/site-packages/airflow/example_dags/example_task_group.py
[2024-04-29T05:44:50.975+0000] {logging_mixin.py:188} INFO - [2024-04-29T05:44:50.975+0000] {dag.py:3047} INFO - Sync 1 DAGs
[2024-04-29T05:44:51.005+0000] {logging_mixin.py:188} INFO - [2024-04-29T05:44:51.005+0000] {dag.py:3834} INFO - Setting next_dagrun for example_task_group to 2024-04-28 00:00:00+00:00, run_after=2024-04-29 00:00:00+00:00
[2024-04-29T05:44:51.050+0000] {processor.py:183} INFO - Processing /home/airflow/.local/lib/python3.8/site-packages/airflow/example_dags/example_task_group.py took 0.112 seconds
[2024-04-29T05:45:21.087+0000] {processor.py:161} INFO - Started process (PID=5760) to work on /home/airflow/.local/lib/python3.8/site-packages/airflow/example_dags/example_task_group.py
[2024-04-29T05:45:21.088+0000] {processor.py:830} INFO - Processing file /home/airflow/.local/lib/python3.8/site-packages/airflow/example_dags/example_task_group.py for tasks to queue
[2024-04-29T05:45:21.088+0000] {logging_mixin.py:188} INFO - [2024-04-29T05:45:21.088+0000] {dagbag.py:540} INFO - Filling up the DagBag from /home/airflow/.local/lib/python3.8/site-packages/airflow/example_dags/example_task_group.py
[2024-04-29T05:45:21.095+0000] {processor.py:840} INFO - DAG(s) 'example_task_group' retrieved from /home/airflow/.local/lib/python3.8/site-packages/airflow/example_dags/example_task_group.py
[2024-04-29T05:45:21.112+0000] {logging_mixin.py:188} INFO - [2024-04-29T05:45:21.112+0000] {dag.py:3047} INFO - Sync 1 DAGs
[2024-04-29T05:45:21.130+0000] {logging_mixin.py:188} INFO - [2024-04-29T05:45:21.130+0000] {dag.py:3834} INFO - Setting next_dagrun for example_task_group to 2024-04-28 00:00:00+00:00, run_after=2024-04-29 00:00:00+00:00
[2024-04-29T05:45:21.149+0000] {processor.py:183} INFO - Processing /home/airflow/.local/lib/python3.8/site-packages/airflow/example_dags/example_task_group.py took 0.065 seconds
[2024-04-29T05:45:51.743+0000] {processor.py:161} INFO - Started process (PID=6015) to work on /home/airflow/.local/lib/python3.8/site-packages/airflow/example_dags/example_task_group.py
[2024-04-29T05:45:51.744+0000] {processor.py:830} INFO - Processing file /home/airflow/.local/lib/python3.8/site-packages/airflow/example_dags/example_task_group.py for tasks to queue
[2024-04-29T05:45:51.745+0000] {logging_mixin.py:188} INFO - [2024-04-29T05:45:51.744+0000] {dagbag.py:540} INFO - Filling up the DagBag from /home/airflow/.local/lib/python3.8/site-packages/airflow/example_dags/example_task_group.py
[2024-04-29T05:45:51.754+0000] {processor.py:840} INFO - DAG(s) 'example_task_group' retrieved from /home/airflow/.local/lib/python3.8/site-packages/airflow/example_dags/example_task_group.py
[2024-04-29T05:45:51.778+0000] {logging_mixin.py:188} INFO - [2024-04-29T05:45:51.778+0000] {dag.py:3047} INFO - Sync 1 DAGs
[2024-04-29T05:45:51.802+0000] {logging_mixin.py:188} INFO - [2024-04-29T05:45:51.802+0000] {dag.py:3834} INFO - Setting next_dagrun for example_task_group to 2024-04-28 00:00:00+00:00, run_after=2024-04-29 00:00:00+00:00
[2024-04-29T05:45:51.829+0000] {processor.py:183} INFO - Processing /home/airflow/.local/lib/python3.8/site-packages/airflow/example_dags/example_task_group.py took 0.091 seconds
[2024-04-29T05:46:22.133+0000] {processor.py:161} INFO - Started process (PID=6268) to work on /home/airflow/.local/lib/python3.8/site-packages/airflow/example_dags/example_task_group.py
[2024-04-29T05:46:22.134+0000] {processor.py:830} INFO - Processing file /home/airflow/.local/lib/python3.8/site-packages/airflow/example_dags/example_task_group.py for tasks to queue
[2024-04-29T05:46:22.135+0000] {logging_mixin.py:188} INFO - [2024-04-29T05:46:22.135+0000] {dagbag.py:540} INFO - Filling up the DagBag from /home/airflow/.local/lib/python3.8/site-packages/airflow/example_dags/example_task_group.py
[2024-04-29T05:46:22.144+0000] {processor.py:840} INFO - DAG(s) 'example_task_group' retrieved from /home/airflow/.local/lib/python3.8/site-packages/airflow/example_dags/example_task_group.py
[2024-04-29T05:46:22.184+0000] {logging_mixin.py:188} INFO - [2024-04-29T05:46:22.184+0000] {dag.py:3047} INFO - Sync 1 DAGs
[2024-04-29T05:46:22.227+0000] {logging_mixin.py:188} INFO - [2024-04-29T05:46:22.227+0000] {dag.py:3834} INFO - Setting next_dagrun for example_task_group to 2024-04-28 00:00:00+00:00, run_after=2024-04-29 00:00:00+00:00
[2024-04-29T05:46:22.261+0000] {processor.py:183} INFO - Processing /home/airflow/.local/lib/python3.8/site-packages/airflow/example_dags/example_task_group.py took 0.131 seconds
[2024-04-29T05:46:52.963+0000] {processor.py:161} INFO - Started process (PID=6520) to work on /home/airflow/.local/lib/python3.8/site-packages/airflow/example_dags/example_task_group.py
[2024-04-29T05:46:52.964+0000] {processor.py:830} INFO - Processing file /home/airflow/.local/lib/python3.8/site-packages/airflow/example_dags/example_task_group.py for tasks to queue
[2024-04-29T05:46:52.965+0000] {logging_mixin.py:188} INFO - [2024-04-29T05:46:52.965+0000] {dagbag.py:540} INFO - Filling up the DagBag from /home/airflow/.local/lib/python3.8/site-packages/airflow/example_dags/example_task_group.py
[2024-04-29T05:46:52.974+0000] {processor.py:840} INFO - DAG(s) 'example_task_group' retrieved from /home/airflow/.local/lib/python3.8/site-packages/airflow/example_dags/example_task_group.py
[2024-04-29T05:46:52.999+0000] {logging_mixin.py:188} INFO - [2024-04-29T05:46:52.998+0000] {dag.py:3047} INFO - Sync 1 DAGs
[2024-04-29T05:46:53.024+0000] {logging_mixin.py:188} INFO - [2024-04-29T05:46:53.023+0000] {dag.py:3834} INFO - Setting next_dagrun for example_task_group to 2024-04-28 00:00:00+00:00, run_after=2024-04-29 00:00:00+00:00
[2024-04-29T05:46:53.048+0000] {processor.py:183} INFO - Processing /home/airflow/.local/lib/python3.8/site-packages/airflow/example_dags/example_task_group.py took 0.088 seconds
[2024-04-29T05:47:23.531+0000] {processor.py:161} INFO - Started process (PID=6772) to work on /home/airflow/.local/lib/python3.8/site-packages/airflow/example_dags/example_task_group.py
[2024-04-29T05:47:23.532+0000] {processor.py:830} INFO - Processing file /home/airflow/.local/lib/python3.8/site-packages/airflow/example_dags/example_task_group.py for tasks to queue
[2024-04-29T05:47:23.534+0000] {logging_mixin.py:188} INFO - [2024-04-29T05:47:23.533+0000] {dagbag.py:540} INFO - Filling up the DagBag from /home/airflow/.local/lib/python3.8/site-packages/airflow/example_dags/example_task_group.py
[2024-04-29T05:47:23.551+0000] {processor.py:840} INFO - DAG(s) 'example_task_group' retrieved from /home/airflow/.local/lib/python3.8/site-packages/airflow/example_dags/example_task_group.py
[2024-04-29T05:47:23.590+0000] {logging_mixin.py:188} INFO - [2024-04-29T05:47:23.590+0000] {dag.py:3047} INFO - Sync 1 DAGs
[2024-04-29T05:47:23.628+0000] {logging_mixin.py:188} INFO - [2024-04-29T05:47:23.628+0000] {dag.py:3834} INFO - Setting next_dagrun for example_task_group to 2024-04-28 00:00:00+00:00, run_after=2024-04-29 00:00:00+00:00
[2024-04-29T05:47:23.661+0000] {processor.py:183} INFO - Processing /home/airflow/.local/lib/python3.8/site-packages/airflow/example_dags/example_task_group.py took 0.133 seconds
[2024-04-29T05:47:54.137+0000] {processor.py:161} INFO - Started process (PID=7025) to work on /home/airflow/.local/lib/python3.8/site-packages/airflow/example_dags/example_task_group.py
[2024-04-29T05:47:54.138+0000] {processor.py:830} INFO - Processing file /home/airflow/.local/lib/python3.8/site-packages/airflow/example_dags/example_task_group.py for tasks to queue
[2024-04-29T05:47:54.139+0000] {logging_mixin.py:188} INFO - [2024-04-29T05:47:54.138+0000] {dagbag.py:540} INFO - Filling up the DagBag from /home/airflow/.local/lib/python3.8/site-packages/airflow/example_dags/example_task_group.py
[2024-04-29T05:47:54.147+0000] {processor.py:840} INFO - DAG(s) 'example_task_group' retrieved from /home/airflow/.local/lib/python3.8/site-packages/airflow/example_dags/example_task_group.py
[2024-04-29T05:47:54.175+0000] {logging_mixin.py:188} INFO - [2024-04-29T05:47:54.175+0000] {dag.py:3047} INFO - Sync 1 DAGs
[2024-04-29T05:47:54.200+0000] {logging_mixin.py:188} INFO - [2024-04-29T05:47:54.200+0000] {dag.py:3834} INFO - Setting next_dagrun for example_task_group to 2024-04-28 00:00:00+00:00, run_after=2024-04-29 00:00:00+00:00
[2024-04-29T05:47:54.222+0000] {processor.py:183} INFO - Processing /home/airflow/.local/lib/python3.8/site-packages/airflow/example_dags/example_task_group.py took 0.089 seconds
[2024-04-29T05:48:24.356+0000] {processor.py:161} INFO - Started process (PID=7279) to work on /home/airflow/.local/lib/python3.8/site-packages/airflow/example_dags/example_task_group.py
[2024-04-29T05:48:24.357+0000] {processor.py:830} INFO - Processing file /home/airflow/.local/lib/python3.8/site-packages/airflow/example_dags/example_task_group.py for tasks to queue
[2024-04-29T05:48:24.358+0000] {logging_mixin.py:188} INFO - [2024-04-29T05:48:24.357+0000] {dagbag.py:540} INFO - Filling up the DagBag from /home/airflow/.local/lib/python3.8/site-packages/airflow/example_dags/example_task_group.py
[2024-04-29T05:48:24.364+0000] {processor.py:840} INFO - DAG(s) 'example_task_group' retrieved from /home/airflow/.local/lib/python3.8/site-packages/airflow/example_dags/example_task_group.py
[2024-04-29T05:48:24.382+0000] {logging_mixin.py:188} INFO - [2024-04-29T05:48:24.381+0000] {dag.py:3047} INFO - Sync 1 DAGs
[2024-04-29T05:48:24.399+0000] {logging_mixin.py:188} INFO - [2024-04-29T05:48:24.398+0000] {dag.py:3834} INFO - Setting next_dagrun for example_task_group to 2024-04-28 00:00:00+00:00, run_after=2024-04-29 00:00:00+00:00
[2024-04-29T05:48:24.418+0000] {processor.py:183} INFO - Processing /home/airflow/.local/lib/python3.8/site-packages/airflow/example_dags/example_task_group.py took 0.065 seconds
[2024-04-29T05:48:54.891+0000] {processor.py:161} INFO - Started process (PID=7531) to work on /home/airflow/.local/lib/python3.8/site-packages/airflow/example_dags/example_task_group.py
[2024-04-29T05:48:54.892+0000] {processor.py:830} INFO - Processing file /home/airflow/.local/lib/python3.8/site-packages/airflow/example_dags/example_task_group.py for tasks to queue
[2024-04-29T05:48:54.893+0000] {logging_mixin.py:188} INFO - [2024-04-29T05:48:54.893+0000] {dagbag.py:540} INFO - Filling up the DagBag from /home/airflow/.local/lib/python3.8/site-packages/airflow/example_dags/example_task_group.py
[2024-04-29T05:48:54.903+0000] {processor.py:840} INFO - DAG(s) 'example_task_group' retrieved from /home/airflow/.local/lib/python3.8/site-packages/airflow/example_dags/example_task_group.py
[2024-04-29T05:48:54.931+0000] {logging_mixin.py:188} INFO - [2024-04-29T05:48:54.931+0000] {dag.py:3047} INFO - Sync 1 DAGs
[2024-04-29T05:48:54.957+0000] {logging_mixin.py:188} INFO - [2024-04-29T05:48:54.957+0000] {dag.py:3834} INFO - Setting next_dagrun for example_task_group to 2024-04-28 00:00:00+00:00, run_after=2024-04-29 00:00:00+00:00
[2024-04-29T05:48:54.982+0000] {processor.py:183} INFO - Processing /home/airflow/.local/lib/python3.8/site-packages/airflow/example_dags/example_task_group.py took 0.094 seconds
[2024-04-29T05:49:25.067+0000] {processor.py:161} INFO - Started process (PID=7781) to work on /home/airflow/.local/lib/python3.8/site-packages/airflow/example_dags/example_task_group.py
[2024-04-29T05:49:25.068+0000] {processor.py:830} INFO - Processing file /home/airflow/.local/lib/python3.8/site-packages/airflow/example_dags/example_task_group.py for tasks to queue
[2024-04-29T05:49:25.069+0000] {logging_mixin.py:188} INFO - [2024-04-29T05:49:25.069+0000] {dagbag.py:540} INFO - Filling up the DagBag from /home/airflow/.local/lib/python3.8/site-packages/airflow/example_dags/example_task_group.py
[2024-04-29T05:49:25.082+0000] {processor.py:840} INFO - DAG(s) 'example_task_group' retrieved from /home/airflow/.local/lib/python3.8/site-packages/airflow/example_dags/example_task_group.py
[2024-04-29T05:49:25.108+0000] {logging_mixin.py:188} INFO - [2024-04-29T05:49:25.107+0000] {dag.py:3047} INFO - Sync 1 DAGs
[2024-04-29T05:49:25.131+0000] {logging_mixin.py:188} INFO - [2024-04-29T05:49:25.130+0000] {dag.py:3834} INFO - Setting next_dagrun for example_task_group to 2024-04-28 00:00:00+00:00, run_after=2024-04-29 00:00:00+00:00
[2024-04-29T05:49:25.170+0000] {processor.py:183} INFO - Processing /home/airflow/.local/lib/python3.8/site-packages/airflow/example_dags/example_task_group.py took 0.106 seconds
[2024-04-29T05:49:55.375+0000] {processor.py:161} INFO - Started process (PID=8036) to work on /home/airflow/.local/lib/python3.8/site-packages/airflow/example_dags/example_task_group.py
[2024-04-29T05:49:55.376+0000] {processor.py:830} INFO - Processing file /home/airflow/.local/lib/python3.8/site-packages/airflow/example_dags/example_task_group.py for tasks to queue
[2024-04-29T05:49:55.377+0000] {logging_mixin.py:188} INFO - [2024-04-29T05:49:55.376+0000] {dagbag.py:540} INFO - Filling up the DagBag from /home/airflow/.local/lib/python3.8/site-packages/airflow/example_dags/example_task_group.py
[2024-04-29T05:49:55.387+0000] {processor.py:840} INFO - DAG(s) 'example_task_group' retrieved from /home/airflow/.local/lib/python3.8/site-packages/airflow/example_dags/example_task_group.py
[2024-04-29T05:49:55.414+0000] {logging_mixin.py:188} INFO - [2024-04-29T05:49:55.413+0000] {dag.py:3047} INFO - Sync 1 DAGs
[2024-04-29T05:49:55.439+0000] {logging_mixin.py:188} INFO - [2024-04-29T05:49:55.439+0000] {dag.py:3834} INFO - Setting next_dagrun for example_task_group to 2024-04-28 00:00:00+00:00, run_after=2024-04-29 00:00:00+00:00
[2024-04-29T05:49:55.468+0000] {processor.py:183} INFO - Processing /home/airflow/.local/lib/python3.8/site-packages/airflow/example_dags/example_task_group.py took 0.097 seconds
