[2024-04-29T05:31:55.332+0000] {processor.py:161} INFO - Started process (PID=286) to work on /home/airflow/.local/lib/python3.8/site-packages/airflow/example_dags/example_skip_dag.py
[2024-04-29T05:31:55.333+0000] {processor.py:830} INFO - Processing file /home/airflow/.local/lib/python3.8/site-packages/airflow/example_dags/example_skip_dag.py for tasks to queue
[2024-04-29T05:31:55.334+0000] {logging_mixin.py:188} INFO - [2024-04-29T05:31:55.334+0000] {dagbag.py:540} INFO - Filling up the DagBag from /home/airflow/.local/lib/python3.8/site-packages/airflow/example_dags/example_skip_dag.py
[2024-04-29T05:31:55.345+0000] {processor.py:840} INFO - DAG(s) 'example_skip_dag' retrieved from /home/airflow/.local/lib/python3.8/site-packages/airflow/example_dags/example_skip_dag.py
[2024-04-29T05:31:55.521+0000] {logging_mixin.py:188} INFO - [2024-04-29T05:31:55.520+0000] {override.py:1769} INFO - Created Permission View: can read on DAG:example_skip_dag
[2024-04-29T05:31:55.568+0000] {logging_mixin.py:188} INFO - [2024-04-29T05:31:55.568+0000] {override.py:1769} INFO - Created Permission View: can edit on DAG:example_skip_dag
[2024-04-29T05:31:55.593+0000] {logging_mixin.py:188} INFO - [2024-04-29T05:31:55.592+0000] {override.py:1769} INFO - Created Permission View: can delete on DAG:example_skip_dag
[2024-04-29T05:31:55.594+0000] {logging_mixin.py:188} INFO - [2024-04-29T05:31:55.593+0000] {dag.py:3047} INFO - Sync 1 DAGs
[2024-04-29T05:31:55.634+0000] {logging_mixin.py:188} INFO - [2024-04-29T05:31:55.625+0000] {dag.py:3069} INFO - Creating ORM DAG for example_skip_dag
[2024-04-29T05:31:55.678+0000] {logging_mixin.py:188} INFO - [2024-04-29T05:31:55.678+0000] {dag.py:3834} INFO - Setting next_dagrun for example_skip_dag to 2024-04-28 00:00:00+00:00, run_after=2024-04-29 00:00:00+00:00
[2024-04-29T05:31:55.872+0000] {processor.py:183} INFO - Processing /home/airflow/.local/lib/python3.8/site-packages/airflow/example_dags/example_skip_dag.py took 0.544 seconds
[2024-04-29T05:32:25.935+0000] {processor.py:161} INFO - Started process (PID=540) to work on /home/airflow/.local/lib/python3.8/site-packages/airflow/example_dags/example_skip_dag.py
[2024-04-29T05:32:25.936+0000] {processor.py:830} INFO - Processing file /home/airflow/.local/lib/python3.8/site-packages/airflow/example_dags/example_skip_dag.py for tasks to queue
[2024-04-29T05:32:25.937+0000] {logging_mixin.py:188} INFO - [2024-04-29T05:32:25.936+0000] {dagbag.py:540} INFO - Filling up the DagBag from /home/airflow/.local/lib/python3.8/site-packages/airflow/example_dags/example_skip_dag.py
[2024-04-29T05:32:25.943+0000] {processor.py:840} INFO - DAG(s) 'example_skip_dag' retrieved from /home/airflow/.local/lib/python3.8/site-packages/airflow/example_dags/example_skip_dag.py
[2024-04-29T05:32:25.960+0000] {logging_mixin.py:188} INFO - [2024-04-29T05:32:25.960+0000] {dag.py:3047} INFO - Sync 1 DAGs
[2024-04-29T05:32:25.978+0000] {logging_mixin.py:188} INFO - [2024-04-29T05:32:25.978+0000] {dag.py:3834} INFO - Setting next_dagrun for example_skip_dag to 2024-04-28 00:00:00+00:00, run_after=2024-04-29 00:00:00+00:00
[2024-04-29T05:32:25.997+0000] {processor.py:183} INFO - Processing /home/airflow/.local/lib/python3.8/site-packages/airflow/example_dags/example_skip_dag.py took 0.064 seconds
[2024-04-29T05:32:56.467+0000] {processor.py:161} INFO - Started process (PID=791) to work on /home/airflow/.local/lib/python3.8/site-packages/airflow/example_dags/example_skip_dag.py
[2024-04-29T05:32:56.468+0000] {processor.py:830} INFO - Processing file /home/airflow/.local/lib/python3.8/site-packages/airflow/example_dags/example_skip_dag.py for tasks to queue
[2024-04-29T05:32:56.469+0000] {logging_mixin.py:188} INFO - [2024-04-29T05:32:56.469+0000] {dagbag.py:540} INFO - Filling up the DagBag from /home/airflow/.local/lib/python3.8/site-packages/airflow/example_dags/example_skip_dag.py
[2024-04-29T05:32:56.475+0000] {processor.py:840} INFO - DAG(s) 'example_skip_dag' retrieved from /home/airflow/.local/lib/python3.8/site-packages/airflow/example_dags/example_skip_dag.py
[2024-04-29T05:32:56.496+0000] {logging_mixin.py:188} INFO - [2024-04-29T05:32:56.495+0000] {dag.py:3047} INFO - Sync 1 DAGs
[2024-04-29T05:32:56.517+0000] {logging_mixin.py:188} INFO - [2024-04-29T05:32:56.517+0000] {dag.py:3834} INFO - Setting next_dagrun for example_skip_dag to 2024-04-28 00:00:00+00:00, run_after=2024-04-29 00:00:00+00:00
[2024-04-29T05:32:56.536+0000] {processor.py:183} INFO - Processing /home/airflow/.local/lib/python3.8/site-packages/airflow/example_dags/example_skip_dag.py took 0.072 seconds
[2024-04-29T05:34:27.105+0000] {processor.py:161} INFO - Started process (PID=287) to work on /home/airflow/.local/lib/python3.8/site-packages/airflow/example_dags/example_skip_dag.py
[2024-04-29T05:34:27.111+0000] {processor.py:830} INFO - Processing file /home/airflow/.local/lib/python3.8/site-packages/airflow/example_dags/example_skip_dag.py for tasks to queue
[2024-04-29T05:34:27.114+0000] {logging_mixin.py:188} INFO - [2024-04-29T05:34:27.114+0000] {dagbag.py:540} INFO - Filling up the DagBag from /home/airflow/.local/lib/python3.8/site-packages/airflow/example_dags/example_skip_dag.py
[2024-04-29T05:34:27.141+0000] {processor.py:840} INFO - DAG(s) 'example_skip_dag' retrieved from /home/airflow/.local/lib/python3.8/site-packages/airflow/example_dags/example_skip_dag.py
[2024-04-29T05:34:27.167+0000] {logging_mixin.py:188} INFO - [2024-04-29T05:34:27.166+0000] {dag.py:3047} INFO - Sync 1 DAGs
[2024-04-29T05:34:27.196+0000] {logging_mixin.py:188} INFO - [2024-04-29T05:34:27.195+0000] {dag.py:3834} INFO - Setting next_dagrun for example_skip_dag to 2024-04-28 00:00:00+00:00, run_after=2024-04-29 00:00:00+00:00
[2024-04-29T05:34:27.224+0000] {processor.py:183} INFO - Processing /home/airflow/.local/lib/python3.8/site-packages/airflow/example_dags/example_skip_dag.py took 0.126 seconds
[2024-04-29T05:34:58.831+0000] {processor.py:161} INFO - Started process (PID=539) to work on /home/airflow/.local/lib/python3.8/site-packages/airflow/example_dags/example_skip_dag.py
[2024-04-29T05:34:58.832+0000] {processor.py:830} INFO - Processing file /home/airflow/.local/lib/python3.8/site-packages/airflow/example_dags/example_skip_dag.py for tasks to queue
[2024-04-29T05:34:58.833+0000] {logging_mixin.py:188} INFO - [2024-04-29T05:34:58.833+0000] {dagbag.py:540} INFO - Filling up the DagBag from /home/airflow/.local/lib/python3.8/site-packages/airflow/example_dags/example_skip_dag.py
[2024-04-29T05:34:58.839+0000] {processor.py:840} INFO - DAG(s) 'example_skip_dag' retrieved from /home/airflow/.local/lib/python3.8/site-packages/airflow/example_dags/example_skip_dag.py
[2024-04-29T05:34:58.928+0000] {logging_mixin.py:188} INFO - [2024-04-29T05:34:58.928+0000] {dag.py:3047} INFO - Sync 1 DAGs
[2024-04-29T05:34:58.947+0000] {logging_mixin.py:188} INFO - [2024-04-29T05:34:58.946+0000] {dag.py:3834} INFO - Setting next_dagrun for example_skip_dag to 2024-04-28 00:00:00+00:00, run_after=2024-04-29 00:00:00+00:00
[2024-04-29T05:34:58.970+0000] {processor.py:183} INFO - Processing /home/airflow/.local/lib/python3.8/site-packages/airflow/example_dags/example_skip_dag.py took 0.142 seconds
[2024-04-29T05:35:29.940+0000] {processor.py:161} INFO - Started process (PID=791) to work on /home/airflow/.local/lib/python3.8/site-packages/airflow/example_dags/example_skip_dag.py
[2024-04-29T05:35:29.940+0000] {processor.py:830} INFO - Processing file /home/airflow/.local/lib/python3.8/site-packages/airflow/example_dags/example_skip_dag.py for tasks to queue
[2024-04-29T05:35:29.941+0000] {logging_mixin.py:188} INFO - [2024-04-29T05:35:29.941+0000] {dagbag.py:540} INFO - Filling up the DagBag from /home/airflow/.local/lib/python3.8/site-packages/airflow/example_dags/example_skip_dag.py
[2024-04-29T05:35:29.947+0000] {processor.py:840} INFO - DAG(s) 'example_skip_dag' retrieved from /home/airflow/.local/lib/python3.8/site-packages/airflow/example_dags/example_skip_dag.py
[2024-04-29T05:35:29.974+0000] {logging_mixin.py:188} INFO - [2024-04-29T05:35:29.973+0000] {dag.py:3047} INFO - Sync 1 DAGs
[2024-04-29T05:35:29.991+0000] {logging_mixin.py:188} INFO - [2024-04-29T05:35:29.991+0000] {dag.py:3834} INFO - Setting next_dagrun for example_skip_dag to 2024-04-28 00:00:00+00:00, run_after=2024-04-29 00:00:00+00:00
[2024-04-29T05:35:30.010+0000] {processor.py:183} INFO - Processing /home/airflow/.local/lib/python3.8/site-packages/airflow/example_dags/example_skip_dag.py took 0.073 seconds
[2024-04-29T05:36:00.170+0000] {processor.py:161} INFO - Started process (PID=1042) to work on /home/airflow/.local/lib/python3.8/site-packages/airflow/example_dags/example_skip_dag.py
[2024-04-29T05:36:00.171+0000] {processor.py:830} INFO - Processing file /home/airflow/.local/lib/python3.8/site-packages/airflow/example_dags/example_skip_dag.py for tasks to queue
[2024-04-29T05:36:00.172+0000] {logging_mixin.py:188} INFO - [2024-04-29T05:36:00.171+0000] {dagbag.py:540} INFO - Filling up the DagBag from /home/airflow/.local/lib/python3.8/site-packages/airflow/example_dags/example_skip_dag.py
[2024-04-29T05:36:00.177+0000] {processor.py:840} INFO - DAG(s) 'example_skip_dag' retrieved from /home/airflow/.local/lib/python3.8/site-packages/airflow/example_dags/example_skip_dag.py
[2024-04-29T05:36:00.196+0000] {logging_mixin.py:188} INFO - [2024-04-29T05:36:00.195+0000] {dag.py:3047} INFO - Sync 1 DAGs
[2024-04-29T05:36:00.214+0000] {logging_mixin.py:188} INFO - [2024-04-29T05:36:00.214+0000] {dag.py:3834} INFO - Setting next_dagrun for example_skip_dag to 2024-04-28 00:00:00+00:00, run_after=2024-04-29 00:00:00+00:00
[2024-04-29T05:36:00.249+0000] {processor.py:183} INFO - Processing /home/airflow/.local/lib/python3.8/site-packages/airflow/example_dags/example_skip_dag.py took 0.082 seconds
[2024-04-29T05:36:30.712+0000] {processor.py:161} INFO - Started process (PID=1295) to work on /home/airflow/.local/lib/python3.8/site-packages/airflow/example_dags/example_skip_dag.py
[2024-04-29T05:36:30.713+0000] {processor.py:830} INFO - Processing file /home/airflow/.local/lib/python3.8/site-packages/airflow/example_dags/example_skip_dag.py for tasks to queue
[2024-04-29T05:36:30.714+0000] {logging_mixin.py:188} INFO - [2024-04-29T05:36:30.713+0000] {dagbag.py:540} INFO - Filling up the DagBag from /home/airflow/.local/lib/python3.8/site-packages/airflow/example_dags/example_skip_dag.py
[2024-04-29T05:36:30.719+0000] {processor.py:840} INFO - DAG(s) 'example_skip_dag' retrieved from /home/airflow/.local/lib/python3.8/site-packages/airflow/example_dags/example_skip_dag.py
[2024-04-29T05:36:30.738+0000] {logging_mixin.py:188} INFO - [2024-04-29T05:36:30.738+0000] {dag.py:3047} INFO - Sync 1 DAGs
[2024-04-29T05:36:30.755+0000] {logging_mixin.py:188} INFO - [2024-04-29T05:36:30.755+0000] {dag.py:3834} INFO - Setting next_dagrun for example_skip_dag to 2024-04-28 00:00:00+00:00, run_after=2024-04-29 00:00:00+00:00
[2024-04-29T05:36:30.774+0000] {processor.py:183} INFO - Processing /home/airflow/.local/lib/python3.8/site-packages/airflow/example_dags/example_skip_dag.py took 0.065 seconds
[2024-04-29T05:37:01.195+0000] {processor.py:161} INFO - Started process (PID=1548) to work on /home/airflow/.local/lib/python3.8/site-packages/airflow/example_dags/example_skip_dag.py
[2024-04-29T05:37:01.195+0000] {processor.py:830} INFO - Processing file /home/airflow/.local/lib/python3.8/site-packages/airflow/example_dags/example_skip_dag.py for tasks to queue
[2024-04-29T05:37:01.196+0000] {logging_mixin.py:188} INFO - [2024-04-29T05:37:01.196+0000] {dagbag.py:540} INFO - Filling up the DagBag from /home/airflow/.local/lib/python3.8/site-packages/airflow/example_dags/example_skip_dag.py
[2024-04-29T05:37:01.202+0000] {processor.py:840} INFO - DAG(s) 'example_skip_dag' retrieved from /home/airflow/.local/lib/python3.8/site-packages/airflow/example_dags/example_skip_dag.py
[2024-04-29T05:37:01.219+0000] {logging_mixin.py:188} INFO - [2024-04-29T05:37:01.219+0000] {dag.py:3047} INFO - Sync 1 DAGs
[2024-04-29T05:37:01.237+0000] {logging_mixin.py:188} INFO - [2024-04-29T05:37:01.237+0000] {dag.py:3834} INFO - Setting next_dagrun for example_skip_dag to 2024-04-28 00:00:00+00:00, run_after=2024-04-29 00:00:00+00:00
[2024-04-29T05:37:01.257+0000] {processor.py:183} INFO - Processing /home/airflow/.local/lib/python3.8/site-packages/airflow/example_dags/example_skip_dag.py took 0.064 seconds
[2024-04-29T05:37:31.588+0000] {processor.py:161} INFO - Started process (PID=1800) to work on /home/airflow/.local/lib/python3.8/site-packages/airflow/example_dags/example_skip_dag.py
[2024-04-29T05:37:31.591+0000] {processor.py:830} INFO - Processing file /home/airflow/.local/lib/python3.8/site-packages/airflow/example_dags/example_skip_dag.py for tasks to queue
[2024-04-29T05:37:31.592+0000] {logging_mixin.py:188} INFO - [2024-04-29T05:37:31.591+0000] {dagbag.py:540} INFO - Filling up the DagBag from /home/airflow/.local/lib/python3.8/site-packages/airflow/example_dags/example_skip_dag.py
[2024-04-29T05:37:31.601+0000] {processor.py:840} INFO - DAG(s) 'example_skip_dag' retrieved from /home/airflow/.local/lib/python3.8/site-packages/airflow/example_dags/example_skip_dag.py
[2024-04-29T05:37:31.627+0000] {logging_mixin.py:188} INFO - [2024-04-29T05:37:31.627+0000] {dag.py:3047} INFO - Sync 1 DAGs
[2024-04-29T05:37:31.650+0000] {logging_mixin.py:188} INFO - [2024-04-29T05:37:31.650+0000] {dag.py:3834} INFO - Setting next_dagrun for example_skip_dag to 2024-04-28 00:00:00+00:00, run_after=2024-04-29 00:00:00+00:00
[2024-04-29T05:37:31.674+0000] {processor.py:183} INFO - Processing /home/airflow/.local/lib/python3.8/site-packages/airflow/example_dags/example_skip_dag.py took 0.089 seconds
[2024-04-29T05:38:15.299+0000] {processor.py:161} INFO - Started process (PID=2162) to work on /home/airflow/.local/lib/python3.8/site-packages/airflow/example_dags/example_skip_dag.py
[2024-04-29T05:38:15.311+0000] {processor.py:830} INFO - Processing file /home/airflow/.local/lib/python3.8/site-packages/airflow/example_dags/example_skip_dag.py for tasks to queue
[2024-04-29T05:38:15.319+0000] {logging_mixin.py:188} INFO - [2024-04-29T05:38:15.318+0000] {dagbag.py:540} INFO - Filling up the DagBag from /home/airflow/.local/lib/python3.8/site-packages/airflow/example_dags/example_skip_dag.py
[2024-04-29T05:38:15.374+0000] {processor.py:840} INFO - DAG(s) 'example_skip_dag' retrieved from /home/airflow/.local/lib/python3.8/site-packages/airflow/example_dags/example_skip_dag.py
[2024-04-29T05:38:15.593+0000] {logging_mixin.py:188} INFO - [2024-04-29T05:38:15.593+0000] {dag.py:3047} INFO - Sync 1 DAGs
[2024-04-29T05:38:15.735+0000] {logging_mixin.py:188} INFO - [2024-04-29T05:38:15.734+0000] {dag.py:3834} INFO - Setting next_dagrun for example_skip_dag to 2024-04-28 00:00:00+00:00, run_after=2024-04-29 00:00:00+00:00
[2024-04-29T05:38:15.917+0000] {processor.py:183} INFO - Processing /home/airflow/.local/lib/python3.8/site-packages/airflow/example_dags/example_skip_dag.py took 0.626 seconds
[2024-04-29T05:38:46.865+0000] {processor.py:161} INFO - Started process (PID=2465) to work on /home/airflow/.local/lib/python3.8/site-packages/airflow/example_dags/example_skip_dag.py
[2024-04-29T05:38:46.866+0000] {processor.py:830} INFO - Processing file /home/airflow/.local/lib/python3.8/site-packages/airflow/example_dags/example_skip_dag.py for tasks to queue
[2024-04-29T05:38:46.867+0000] {logging_mixin.py:188} INFO - [2024-04-29T05:38:46.867+0000] {dagbag.py:540} INFO - Filling up the DagBag from /home/airflow/.local/lib/python3.8/site-packages/airflow/example_dags/example_skip_dag.py
[2024-04-29T05:38:46.875+0000] {processor.py:840} INFO - DAG(s) 'example_skip_dag' retrieved from /home/airflow/.local/lib/python3.8/site-packages/airflow/example_dags/example_skip_dag.py
[2024-04-29T05:38:46.905+0000] {logging_mixin.py:188} INFO - [2024-04-29T05:38:46.905+0000] {dag.py:3047} INFO - Sync 1 DAGs
[2024-04-29T05:38:46.948+0000] {logging_mixin.py:188} INFO - [2024-04-29T05:38:46.948+0000] {dag.py:3834} INFO - Setting next_dagrun for example_skip_dag to 2024-04-28 00:00:00+00:00, run_after=2024-04-29 00:00:00+00:00
[2024-04-29T05:38:46.972+0000] {processor.py:183} INFO - Processing /home/airflow/.local/lib/python3.8/site-packages/airflow/example_dags/example_skip_dag.py took 0.111 seconds
[2024-04-29T05:39:17.064+0000] {processor.py:161} INFO - Started process (PID=2718) to work on /home/airflow/.local/lib/python3.8/site-packages/airflow/example_dags/example_skip_dag.py
[2024-04-29T05:39:17.066+0000] {processor.py:830} INFO - Processing file /home/airflow/.local/lib/python3.8/site-packages/airflow/example_dags/example_skip_dag.py for tasks to queue
[2024-04-29T05:39:17.067+0000] {logging_mixin.py:188} INFO - [2024-04-29T05:39:17.067+0000] {dagbag.py:540} INFO - Filling up the DagBag from /home/airflow/.local/lib/python3.8/site-packages/airflow/example_dags/example_skip_dag.py
[2024-04-29T05:39:17.075+0000] {processor.py:840} INFO - DAG(s) 'example_skip_dag' retrieved from /home/airflow/.local/lib/python3.8/site-packages/airflow/example_dags/example_skip_dag.py
[2024-04-29T05:39:17.103+0000] {logging_mixin.py:188} INFO - [2024-04-29T05:39:17.102+0000] {dag.py:3047} INFO - Sync 1 DAGs
[2024-04-29T05:39:17.130+0000] {logging_mixin.py:188} INFO - [2024-04-29T05:39:17.130+0000] {dag.py:3834} INFO - Setting next_dagrun for example_skip_dag to 2024-04-28 00:00:00+00:00, run_after=2024-04-29 00:00:00+00:00
[2024-04-29T05:39:17.154+0000] {processor.py:183} INFO - Processing /home/airflow/.local/lib/python3.8/site-packages/airflow/example_dags/example_skip_dag.py took 0.093 seconds
[2024-04-29T05:39:47.394+0000] {processor.py:161} INFO - Started process (PID=2972) to work on /home/airflow/.local/lib/python3.8/site-packages/airflow/example_dags/example_skip_dag.py
[2024-04-29T05:39:47.396+0000] {processor.py:830} INFO - Processing file /home/airflow/.local/lib/python3.8/site-packages/airflow/example_dags/example_skip_dag.py for tasks to queue
[2024-04-29T05:39:47.397+0000] {logging_mixin.py:188} INFO - [2024-04-29T05:39:47.397+0000] {dagbag.py:540} INFO - Filling up the DagBag from /home/airflow/.local/lib/python3.8/site-packages/airflow/example_dags/example_skip_dag.py
[2024-04-29T05:39:47.406+0000] {processor.py:840} INFO - DAG(s) 'example_skip_dag' retrieved from /home/airflow/.local/lib/python3.8/site-packages/airflow/example_dags/example_skip_dag.py
[2024-04-29T05:39:47.448+0000] {logging_mixin.py:188} INFO - [2024-04-29T05:39:47.448+0000] {dag.py:3047} INFO - Sync 1 DAGs
[2024-04-29T05:39:47.481+0000] {logging_mixin.py:188} INFO - [2024-04-29T05:39:47.481+0000] {dag.py:3834} INFO - Setting next_dagrun for example_skip_dag to 2024-04-28 00:00:00+00:00, run_after=2024-04-29 00:00:00+00:00
[2024-04-29T05:39:47.504+0000] {processor.py:183} INFO - Processing /home/airflow/.local/lib/python3.8/site-packages/airflow/example_dags/example_skip_dag.py took 0.114 seconds
[2024-04-29T05:40:17.593+0000] {processor.py:161} INFO - Started process (PID=3225) to work on /home/airflow/.local/lib/python3.8/site-packages/airflow/example_dags/example_skip_dag.py
[2024-04-29T05:40:17.596+0000] {processor.py:830} INFO - Processing file /home/airflow/.local/lib/python3.8/site-packages/airflow/example_dags/example_skip_dag.py for tasks to queue
[2024-04-29T05:40:17.599+0000] {logging_mixin.py:188} INFO - [2024-04-29T05:40:17.598+0000] {dagbag.py:540} INFO - Filling up the DagBag from /home/airflow/.local/lib/python3.8/site-packages/airflow/example_dags/example_skip_dag.py
[2024-04-29T05:40:17.610+0000] {processor.py:840} INFO - DAG(s) 'example_skip_dag' retrieved from /home/airflow/.local/lib/python3.8/site-packages/airflow/example_dags/example_skip_dag.py
[2024-04-29T05:40:17.636+0000] {logging_mixin.py:188} INFO - [2024-04-29T05:40:17.636+0000] {dag.py:3047} INFO - Sync 1 DAGs
[2024-04-29T05:40:17.664+0000] {logging_mixin.py:188} INFO - [2024-04-29T05:40:17.663+0000] {dag.py:3834} INFO - Setting next_dagrun for example_skip_dag to 2024-04-28 00:00:00+00:00, run_after=2024-04-29 00:00:00+00:00
[2024-04-29T05:40:17.695+0000] {processor.py:183} INFO - Processing /home/airflow/.local/lib/python3.8/site-packages/airflow/example_dags/example_skip_dag.py took 0.106 seconds
[2024-04-29T05:40:48.014+0000] {processor.py:161} INFO - Started process (PID=3482) to work on /home/airflow/.local/lib/python3.8/site-packages/airflow/example_dags/example_skip_dag.py
[2024-04-29T05:40:48.021+0000] {processor.py:830} INFO - Processing file /home/airflow/.local/lib/python3.8/site-packages/airflow/example_dags/example_skip_dag.py for tasks to queue
[2024-04-29T05:40:48.024+0000] {logging_mixin.py:188} INFO - [2024-04-29T05:40:48.024+0000] {dagbag.py:540} INFO - Filling up the DagBag from /home/airflow/.local/lib/python3.8/site-packages/airflow/example_dags/example_skip_dag.py
[2024-04-29T05:40:48.038+0000] {processor.py:840} INFO - DAG(s) 'example_skip_dag' retrieved from /home/airflow/.local/lib/python3.8/site-packages/airflow/example_dags/example_skip_dag.py
[2024-04-29T05:40:48.070+0000] {logging_mixin.py:188} INFO - [2024-04-29T05:40:48.069+0000] {dag.py:3047} INFO - Sync 1 DAGs
[2024-04-29T05:40:48.096+0000] {logging_mixin.py:188} INFO - [2024-04-29T05:40:48.096+0000] {dag.py:3834} INFO - Setting next_dagrun for example_skip_dag to 2024-04-28 00:00:00+00:00, run_after=2024-04-29 00:00:00+00:00
[2024-04-29T05:40:48.122+0000] {processor.py:183} INFO - Processing /home/airflow/.local/lib/python3.8/site-packages/airflow/example_dags/example_skip_dag.py took 0.113 seconds
[2024-04-29T05:41:18.570+0000] {processor.py:161} INFO - Started process (PID=3740) to work on /home/airflow/.local/lib/python3.8/site-packages/airflow/example_dags/example_skip_dag.py
[2024-04-29T05:41:18.571+0000] {processor.py:830} INFO - Processing file /home/airflow/.local/lib/python3.8/site-packages/airflow/example_dags/example_skip_dag.py for tasks to queue
[2024-04-29T05:41:18.572+0000] {logging_mixin.py:188} INFO - [2024-04-29T05:41:18.571+0000] {dagbag.py:540} INFO - Filling up the DagBag from /home/airflow/.local/lib/python3.8/site-packages/airflow/example_dags/example_skip_dag.py
[2024-04-29T05:41:18.584+0000] {processor.py:840} INFO - DAG(s) 'example_skip_dag' retrieved from /home/airflow/.local/lib/python3.8/site-packages/airflow/example_dags/example_skip_dag.py
[2024-04-29T05:41:18.617+0000] {logging_mixin.py:188} INFO - [2024-04-29T05:41:18.617+0000] {dag.py:3047} INFO - Sync 1 DAGs
[2024-04-29T05:41:18.650+0000] {logging_mixin.py:188} INFO - [2024-04-29T05:41:18.649+0000] {dag.py:3834} INFO - Setting next_dagrun for example_skip_dag to 2024-04-28 00:00:00+00:00, run_after=2024-04-29 00:00:00+00:00
[2024-04-29T05:41:18.687+0000] {processor.py:183} INFO - Processing /home/airflow/.local/lib/python3.8/site-packages/airflow/example_dags/example_skip_dag.py took 0.135 seconds
[2024-04-29T05:41:48.898+0000] {processor.py:161} INFO - Started process (PID=3992) to work on /home/airflow/.local/lib/python3.8/site-packages/airflow/example_dags/example_skip_dag.py
[2024-04-29T05:41:48.900+0000] {processor.py:830} INFO - Processing file /home/airflow/.local/lib/python3.8/site-packages/airflow/example_dags/example_skip_dag.py for tasks to queue
[2024-04-29T05:41:48.901+0000] {logging_mixin.py:188} INFO - [2024-04-29T05:41:48.900+0000] {dagbag.py:540} INFO - Filling up the DagBag from /home/airflow/.local/lib/python3.8/site-packages/airflow/example_dags/example_skip_dag.py
[2024-04-29T05:41:48.914+0000] {processor.py:840} INFO - DAG(s) 'example_skip_dag' retrieved from /home/airflow/.local/lib/python3.8/site-packages/airflow/example_dags/example_skip_dag.py
[2024-04-29T05:41:48.941+0000] {logging_mixin.py:188} INFO - [2024-04-29T05:41:48.940+0000] {dag.py:3047} INFO - Sync 1 DAGs
[2024-04-29T05:41:48.967+0000] {logging_mixin.py:188} INFO - [2024-04-29T05:41:48.967+0000] {dag.py:3834} INFO - Setting next_dagrun for example_skip_dag to 2024-04-28 00:00:00+00:00, run_after=2024-04-29 00:00:00+00:00
[2024-04-29T05:41:49.013+0000] {processor.py:183} INFO - Processing /home/airflow/.local/lib/python3.8/site-packages/airflow/example_dags/example_skip_dag.py took 0.118 seconds
[2024-04-29T05:42:19.438+0000] {processor.py:161} INFO - Started process (PID=4244) to work on /home/airflow/.local/lib/python3.8/site-packages/airflow/example_dags/example_skip_dag.py
[2024-04-29T05:42:19.439+0000] {processor.py:830} INFO - Processing file /home/airflow/.local/lib/python3.8/site-packages/airflow/example_dags/example_skip_dag.py for tasks to queue
[2024-04-29T05:42:19.440+0000] {logging_mixin.py:188} INFO - [2024-04-29T05:42:19.440+0000] {dagbag.py:540} INFO - Filling up the DagBag from /home/airflow/.local/lib/python3.8/site-packages/airflow/example_dags/example_skip_dag.py
[2024-04-29T05:42:19.448+0000] {processor.py:840} INFO - DAG(s) 'example_skip_dag' retrieved from /home/airflow/.local/lib/python3.8/site-packages/airflow/example_dags/example_skip_dag.py
[2024-04-29T05:42:19.475+0000] {logging_mixin.py:188} INFO - [2024-04-29T05:42:19.475+0000] {dag.py:3047} INFO - Sync 1 DAGs
[2024-04-29T05:42:19.501+0000] {logging_mixin.py:188} INFO - [2024-04-29T05:42:19.500+0000] {dag.py:3834} INFO - Setting next_dagrun for example_skip_dag to 2024-04-28 00:00:00+00:00, run_after=2024-04-29 00:00:00+00:00
[2024-04-29T05:42:19.527+0000] {processor.py:183} INFO - Processing /home/airflow/.local/lib/python3.8/site-packages/airflow/example_dags/example_skip_dag.py took 0.092 seconds
[2024-04-29T05:42:49.655+0000] {processor.py:161} INFO - Started process (PID=4497) to work on /home/airflow/.local/lib/python3.8/site-packages/airflow/example_dags/example_skip_dag.py
[2024-04-29T05:42:49.657+0000] {processor.py:830} INFO - Processing file /home/airflow/.local/lib/python3.8/site-packages/airflow/example_dags/example_skip_dag.py for tasks to queue
[2024-04-29T05:42:49.658+0000] {logging_mixin.py:188} INFO - [2024-04-29T05:42:49.658+0000] {dagbag.py:540} INFO - Filling up the DagBag from /home/airflow/.local/lib/python3.8/site-packages/airflow/example_dags/example_skip_dag.py
[2024-04-29T05:42:49.667+0000] {processor.py:840} INFO - DAG(s) 'example_skip_dag' retrieved from /home/airflow/.local/lib/python3.8/site-packages/airflow/example_dags/example_skip_dag.py
[2024-04-29T05:42:49.713+0000] {logging_mixin.py:188} INFO - [2024-04-29T05:42:49.713+0000] {dag.py:3047} INFO - Sync 1 DAGs
[2024-04-29T05:42:49.756+0000] {logging_mixin.py:188} INFO - [2024-04-29T05:42:49.756+0000] {dag.py:3834} INFO - Setting next_dagrun for example_skip_dag to 2024-04-28 00:00:00+00:00, run_after=2024-04-29 00:00:00+00:00
[2024-04-29T05:42:49.781+0000] {processor.py:183} INFO - Processing /home/airflow/.local/lib/python3.8/site-packages/airflow/example_dags/example_skip_dag.py took 0.129 seconds
[2024-04-29T05:43:19.896+0000] {processor.py:161} INFO - Started process (PID=4750) to work on /home/airflow/.local/lib/python3.8/site-packages/airflow/example_dags/example_skip_dag.py
[2024-04-29T05:43:19.897+0000] {processor.py:830} INFO - Processing file /home/airflow/.local/lib/python3.8/site-packages/airflow/example_dags/example_skip_dag.py for tasks to queue
[2024-04-29T05:43:19.898+0000] {logging_mixin.py:188} INFO - [2024-04-29T05:43:19.897+0000] {dagbag.py:540} INFO - Filling up the DagBag from /home/airflow/.local/lib/python3.8/site-packages/airflow/example_dags/example_skip_dag.py
[2024-04-29T05:43:19.906+0000] {processor.py:840} INFO - DAG(s) 'example_skip_dag' retrieved from /home/airflow/.local/lib/python3.8/site-packages/airflow/example_dags/example_skip_dag.py
[2024-04-29T05:43:19.933+0000] {logging_mixin.py:188} INFO - [2024-04-29T05:43:19.932+0000] {dag.py:3047} INFO - Sync 1 DAGs
[2024-04-29T05:43:19.959+0000] {logging_mixin.py:188} INFO - [2024-04-29T05:43:19.959+0000] {dag.py:3834} INFO - Setting next_dagrun for example_skip_dag to 2024-04-28 00:00:00+00:00, run_after=2024-04-29 00:00:00+00:00
[2024-04-29T05:43:19.984+0000] {processor.py:183} INFO - Processing /home/airflow/.local/lib/python3.8/site-packages/airflow/example_dags/example_skip_dag.py took 0.092 seconds
[2024-04-29T05:43:50.064+0000] {processor.py:161} INFO - Started process (PID=5002) to work on /home/airflow/.local/lib/python3.8/site-packages/airflow/example_dags/example_skip_dag.py
[2024-04-29T05:43:50.066+0000] {processor.py:830} INFO - Processing file /home/airflow/.local/lib/python3.8/site-packages/airflow/example_dags/example_skip_dag.py for tasks to queue
[2024-04-29T05:43:50.067+0000] {logging_mixin.py:188} INFO - [2024-04-29T05:43:50.067+0000] {dagbag.py:540} INFO - Filling up the DagBag from /home/airflow/.local/lib/python3.8/site-packages/airflow/example_dags/example_skip_dag.py
[2024-04-29T05:43:50.075+0000] {processor.py:840} INFO - DAG(s) 'example_skip_dag' retrieved from /home/airflow/.local/lib/python3.8/site-packages/airflow/example_dags/example_skip_dag.py
[2024-04-29T05:43:50.102+0000] {logging_mixin.py:188} INFO - [2024-04-29T05:43:50.101+0000] {dag.py:3047} INFO - Sync 1 DAGs
[2024-04-29T05:43:50.127+0000] {logging_mixin.py:188} INFO - [2024-04-29T05:43:50.127+0000] {dag.py:3834} INFO - Setting next_dagrun for example_skip_dag to 2024-04-28 00:00:00+00:00, run_after=2024-04-29 00:00:00+00:00
[2024-04-29T05:43:50.165+0000] {processor.py:183} INFO - Processing /home/airflow/.local/lib/python3.8/site-packages/airflow/example_dags/example_skip_dag.py took 0.104 seconds
