[2024-04-29T05:31:54.969+0000] {processor.py:161} INFO - Started process (PID=281) to work on /home/airflow/.local/lib/python3.8/site-packages/airflow/example_dags/example_branch_day_of_week_operator.py
[2024-04-29T05:31:54.971+0000] {processor.py:830} INFO - Processing file /home/airflow/.local/lib/python3.8/site-packages/airflow/example_dags/example_branch_day_of_week_operator.py for tasks to queue
[2024-04-29T05:31:54.983+0000] {logging_mixin.py:188} INFO - [2024-04-29T05:31:54.971+0000] {dagbag.py:540} INFO - Filling up the DagBag from /home/airflow/.local/lib/python3.8/site-packages/airflow/example_dags/example_branch_day_of_week_operator.py
[2024-04-29T05:31:55.050+0000] {processor.py:840} INFO - DAG(s) 'example_weekday_branch_operator' retrieved from /home/airflow/.local/lib/python3.8/site-packages/airflow/example_dags/example_branch_day_of_week_operator.py
[2024-04-29T05:31:55.299+0000] {logging_mixin.py:188} INFO - [2024-04-29T05:31:55.299+0000] {override.py:1769} INFO - Created Permission View: can read on DAG:example_weekday_branch_operator
[2024-04-29T05:31:55.332+0000] {logging_mixin.py:188} INFO - [2024-04-29T05:31:55.331+0000] {override.py:1769} INFO - Created Permission View: can edit on DAG:example_weekday_branch_operator
[2024-04-29T05:31:55.363+0000] {logging_mixin.py:188} INFO - [2024-04-29T05:31:55.363+0000] {override.py:1769} INFO - Created Permission View: can delete on DAG:example_weekday_branch_operator
[2024-04-29T05:31:55.364+0000] {logging_mixin.py:188} INFO - [2024-04-29T05:31:55.364+0000] {dag.py:3047} INFO - Sync 1 DAGs
[2024-04-29T05:31:55.397+0000] {logging_mixin.py:188} INFO - [2024-04-29T05:31:55.397+0000] {dag.py:3069} INFO - Creating ORM DAG for example_weekday_branch_operator
[2024-04-29T05:31:55.432+0000] {logging_mixin.py:188} INFO - [2024-04-29T05:31:55.432+0000] {dag.py:3834} INFO - Setting next_dagrun for example_weekday_branch_operator to 2024-04-28 00:00:00+00:00, run_after=2024-04-29 00:00:00+00:00
[2024-04-29T05:31:55.478+0000] {processor.py:183} INFO - Processing /home/airflow/.local/lib/python3.8/site-packages/airflow/example_dags/example_branch_day_of_week_operator.py took 0.513 seconds
[2024-04-29T05:32:25.824+0000] {processor.py:161} INFO - Started process (PID=533) to work on /home/airflow/.local/lib/python3.8/site-packages/airflow/example_dags/example_branch_day_of_week_operator.py
[2024-04-29T05:32:25.825+0000] {processor.py:830} INFO - Processing file /home/airflow/.local/lib/python3.8/site-packages/airflow/example_dags/example_branch_day_of_week_operator.py for tasks to queue
[2024-04-29T05:32:25.826+0000] {logging_mixin.py:188} INFO - [2024-04-29T05:32:25.826+0000] {dagbag.py:540} INFO - Filling up the DagBag from /home/airflow/.local/lib/python3.8/site-packages/airflow/example_dags/example_branch_day_of_week_operator.py
[2024-04-29T05:32:25.835+0000] {processor.py:840} INFO - DAG(s) 'example_weekday_branch_operator' retrieved from /home/airflow/.local/lib/python3.8/site-packages/airflow/example_dags/example_branch_day_of_week_operator.py
[2024-04-29T05:32:25.864+0000] {logging_mixin.py:188} INFO - [2024-04-29T05:32:25.864+0000] {dag.py:3047} INFO - Sync 1 DAGs
[2024-04-29T05:32:25.889+0000] {logging_mixin.py:188} INFO - [2024-04-29T05:32:25.889+0000] {dag.py:3834} INFO - Setting next_dagrun for example_weekday_branch_operator to 2024-04-28 00:00:00+00:00, run_after=2024-04-29 00:00:00+00:00
[2024-04-29T05:32:25.912+0000] {processor.py:183} INFO - Processing /home/airflow/.local/lib/python3.8/site-packages/airflow/example_dags/example_branch_day_of_week_operator.py took 0.092 seconds
[2024-04-29T05:32:56.363+0000] {processor.py:161} INFO - Started process (PID=784) to work on /home/airflow/.local/lib/python3.8/site-packages/airflow/example_dags/example_branch_day_of_week_operator.py
[2024-04-29T05:32:56.364+0000] {processor.py:830} INFO - Processing file /home/airflow/.local/lib/python3.8/site-packages/airflow/example_dags/example_branch_day_of_week_operator.py for tasks to queue
[2024-04-29T05:32:56.365+0000] {logging_mixin.py:188} INFO - [2024-04-29T05:32:56.365+0000] {dagbag.py:540} INFO - Filling up the DagBag from /home/airflow/.local/lib/python3.8/site-packages/airflow/example_dags/example_branch_day_of_week_operator.py
[2024-04-29T05:32:56.375+0000] {processor.py:840} INFO - DAG(s) 'example_weekday_branch_operator' retrieved from /home/airflow/.local/lib/python3.8/site-packages/airflow/example_dags/example_branch_day_of_week_operator.py
[2024-04-29T05:32:56.401+0000] {logging_mixin.py:188} INFO - [2024-04-29T05:32:56.400+0000] {dag.py:3047} INFO - Sync 1 DAGs
[2024-04-29T05:32:56.426+0000] {logging_mixin.py:188} INFO - [2024-04-29T05:32:56.426+0000] {dag.py:3834} INFO - Setting next_dagrun for example_weekday_branch_operator to 2024-04-28 00:00:00+00:00, run_after=2024-04-29 00:00:00+00:00
[2024-04-29T05:32:56.449+0000] {processor.py:183} INFO - Processing /home/airflow/.local/lib/python3.8/site-packages/airflow/example_dags/example_branch_day_of_week_operator.py took 0.090 seconds
[2024-04-29T05:34:26.946+0000] {processor.py:161} INFO - Started process (PID=280) to work on /home/airflow/.local/lib/python3.8/site-packages/airflow/example_dags/example_branch_day_of_week_operator.py
[2024-04-29T05:34:26.947+0000] {processor.py:830} INFO - Processing file /home/airflow/.local/lib/python3.8/site-packages/airflow/example_dags/example_branch_day_of_week_operator.py for tasks to queue
[2024-04-29T05:34:26.949+0000] {logging_mixin.py:188} INFO - [2024-04-29T05:34:26.948+0000] {dagbag.py:540} INFO - Filling up the DagBag from /home/airflow/.local/lib/python3.8/site-packages/airflow/example_dags/example_branch_day_of_week_operator.py
[2024-04-29T05:34:26.961+0000] {processor.py:840} INFO - DAG(s) 'example_weekday_branch_operator' retrieved from /home/airflow/.local/lib/python3.8/site-packages/airflow/example_dags/example_branch_day_of_week_operator.py
[2024-04-29T05:34:26.999+0000] {logging_mixin.py:188} INFO - [2024-04-29T05:34:26.999+0000] {dag.py:3047} INFO - Sync 1 DAGs
[2024-04-29T05:34:27.035+0000] {logging_mixin.py:188} INFO - [2024-04-29T05:34:27.034+0000] {dag.py:3834} INFO - Setting next_dagrun for example_weekday_branch_operator to 2024-04-28 00:00:00+00:00, run_after=2024-04-29 00:00:00+00:00
[2024-04-29T05:34:27.065+0000] {processor.py:183} INFO - Processing /home/airflow/.local/lib/python3.8/site-packages/airflow/example_dags/example_branch_day_of_week_operator.py took 0.122 seconds
[2024-04-29T05:34:58.538+0000] {processor.py:161} INFO - Started process (PID=532) to work on /home/airflow/.local/lib/python3.8/site-packages/airflow/example_dags/example_branch_day_of_week_operator.py
[2024-04-29T05:34:58.545+0000] {processor.py:830} INFO - Processing file /home/airflow/.local/lib/python3.8/site-packages/airflow/example_dags/example_branch_day_of_week_operator.py for tasks to queue
[2024-04-29T05:34:58.546+0000] {logging_mixin.py:188} INFO - [2024-04-29T05:34:58.546+0000] {dagbag.py:540} INFO - Filling up the DagBag from /home/airflow/.local/lib/python3.8/site-packages/airflow/example_dags/example_branch_day_of_week_operator.py
[2024-04-29T05:34:58.558+0000] {processor.py:840} INFO - DAG(s) 'example_weekday_branch_operator' retrieved from /home/airflow/.local/lib/python3.8/site-packages/airflow/example_dags/example_branch_day_of_week_operator.py
[2024-04-29T05:34:58.750+0000] {logging_mixin.py:188} INFO - [2024-04-29T05:34:58.750+0000] {dag.py:3047} INFO - Sync 1 DAGs
[2024-04-29T05:34:58.777+0000] {logging_mixin.py:188} INFO - [2024-04-29T05:34:58.776+0000] {dag.py:3834} INFO - Setting next_dagrun for example_weekday_branch_operator to 2024-04-28 00:00:00+00:00, run_after=2024-04-29 00:00:00+00:00
[2024-04-29T05:34:58.806+0000] {processor.py:183} INFO - Processing /home/airflow/.local/lib/python3.8/site-packages/airflow/example_dags/example_branch_day_of_week_operator.py took 0.271 seconds
[2024-04-29T05:35:29.826+0000] {processor.py:161} INFO - Started process (PID=784) to work on /home/airflow/.local/lib/python3.8/site-packages/airflow/example_dags/example_branch_day_of_week_operator.py
[2024-04-29T05:35:29.827+0000] {processor.py:830} INFO - Processing file /home/airflow/.local/lib/python3.8/site-packages/airflow/example_dags/example_branch_day_of_week_operator.py for tasks to queue
[2024-04-29T05:35:29.828+0000] {logging_mixin.py:188} INFO - [2024-04-29T05:35:29.828+0000] {dagbag.py:540} INFO - Filling up the DagBag from /home/airflow/.local/lib/python3.8/site-packages/airflow/example_dags/example_branch_day_of_week_operator.py
[2024-04-29T05:35:29.839+0000] {processor.py:840} INFO - DAG(s) 'example_weekday_branch_operator' retrieved from /home/airflow/.local/lib/python3.8/site-packages/airflow/example_dags/example_branch_day_of_week_operator.py
[2024-04-29T05:35:29.862+0000] {logging_mixin.py:188} INFO - [2024-04-29T05:35:29.862+0000] {dag.py:3047} INFO - Sync 1 DAGs
[2024-04-29T05:35:29.890+0000] {logging_mixin.py:188} INFO - [2024-04-29T05:35:29.890+0000] {dag.py:3834} INFO - Setting next_dagrun for example_weekday_branch_operator to 2024-04-28 00:00:00+00:00, run_after=2024-04-29 00:00:00+00:00
[2024-04-29T05:35:29.917+0000] {processor.py:183} INFO - Processing /home/airflow/.local/lib/python3.8/site-packages/airflow/example_dags/example_branch_day_of_week_operator.py took 0.094 seconds
[2024-04-29T05:36:00.047+0000] {processor.py:161} INFO - Started process (PID=1035) to work on /home/airflow/.local/lib/python3.8/site-packages/airflow/example_dags/example_branch_day_of_week_operator.py
[2024-04-29T05:36:00.048+0000] {processor.py:830} INFO - Processing file /home/airflow/.local/lib/python3.8/site-packages/airflow/example_dags/example_branch_day_of_week_operator.py for tasks to queue
[2024-04-29T05:36:00.049+0000] {logging_mixin.py:188} INFO - [2024-04-29T05:36:00.049+0000] {dagbag.py:540} INFO - Filling up the DagBag from /home/airflow/.local/lib/python3.8/site-packages/airflow/example_dags/example_branch_day_of_week_operator.py
[2024-04-29T05:36:00.066+0000] {processor.py:840} INFO - DAG(s) 'example_weekday_branch_operator' retrieved from /home/airflow/.local/lib/python3.8/site-packages/airflow/example_dags/example_branch_day_of_week_operator.py
[2024-04-29T05:36:00.093+0000] {logging_mixin.py:188} INFO - [2024-04-29T05:36:00.093+0000] {dag.py:3047} INFO - Sync 1 DAGs
[2024-04-29T05:36:00.122+0000] {logging_mixin.py:188} INFO - [2024-04-29T05:36:00.122+0000] {dag.py:3834} INFO - Setting next_dagrun for example_weekday_branch_operator to 2024-04-28 00:00:00+00:00, run_after=2024-04-29 00:00:00+00:00
[2024-04-29T05:36:00.147+0000] {processor.py:183} INFO - Processing /home/airflow/.local/lib/python3.8/site-packages/airflow/example_dags/example_branch_day_of_week_operator.py took 0.104 seconds
[2024-04-29T05:36:30.601+0000] {processor.py:161} INFO - Started process (PID=1288) to work on /home/airflow/.local/lib/python3.8/site-packages/airflow/example_dags/example_branch_day_of_week_operator.py
[2024-04-29T05:36:30.602+0000] {processor.py:830} INFO - Processing file /home/airflow/.local/lib/python3.8/site-packages/airflow/example_dags/example_branch_day_of_week_operator.py for tasks to queue
[2024-04-29T05:36:30.603+0000] {logging_mixin.py:188} INFO - [2024-04-29T05:36:30.602+0000] {dagbag.py:540} INFO - Filling up the DagBag from /home/airflow/.local/lib/python3.8/site-packages/airflow/example_dags/example_branch_day_of_week_operator.py
[2024-04-29T05:36:30.613+0000] {processor.py:840} INFO - DAG(s) 'example_weekday_branch_operator' retrieved from /home/airflow/.local/lib/python3.8/site-packages/airflow/example_dags/example_branch_day_of_week_operator.py
[2024-04-29T05:36:30.635+0000] {logging_mixin.py:188} INFO - [2024-04-29T05:36:30.635+0000] {dag.py:3047} INFO - Sync 1 DAGs
[2024-04-29T05:36:30.664+0000] {logging_mixin.py:188} INFO - [2024-04-29T05:36:30.664+0000] {dag.py:3834} INFO - Setting next_dagrun for example_weekday_branch_operator to 2024-04-28 00:00:00+00:00, run_after=2024-04-29 00:00:00+00:00
[2024-04-29T05:36:30.691+0000] {processor.py:183} INFO - Processing /home/airflow/.local/lib/python3.8/site-packages/airflow/example_dags/example_branch_day_of_week_operator.py took 0.094 seconds
[2024-04-29T05:37:01.075+0000] {processor.py:161} INFO - Started process (PID=1541) to work on /home/airflow/.local/lib/python3.8/site-packages/airflow/example_dags/example_branch_day_of_week_operator.py
[2024-04-29T05:37:01.076+0000] {processor.py:830} INFO - Processing file /home/airflow/.local/lib/python3.8/site-packages/airflow/example_dags/example_branch_day_of_week_operator.py for tasks to queue
[2024-04-29T05:37:01.078+0000] {logging_mixin.py:188} INFO - [2024-04-29T05:37:01.077+0000] {dagbag.py:540} INFO - Filling up the DagBag from /home/airflow/.local/lib/python3.8/site-packages/airflow/example_dags/example_branch_day_of_week_operator.py
[2024-04-29T05:37:01.088+0000] {processor.py:840} INFO - DAG(s) 'example_weekday_branch_operator' retrieved from /home/airflow/.local/lib/python3.8/site-packages/airflow/example_dags/example_branch_day_of_week_operator.py
[2024-04-29T05:37:01.111+0000] {logging_mixin.py:188} INFO - [2024-04-29T05:37:01.111+0000] {dag.py:3047} INFO - Sync 1 DAGs
[2024-04-29T05:37:01.140+0000] {logging_mixin.py:188} INFO - [2024-04-29T05:37:01.140+0000] {dag.py:3834} INFO - Setting next_dagrun for example_weekday_branch_operator to 2024-04-28 00:00:00+00:00, run_after=2024-04-29 00:00:00+00:00
[2024-04-29T05:37:01.166+0000] {processor.py:183} INFO - Processing /home/airflow/.local/lib/python3.8/site-packages/airflow/example_dags/example_branch_day_of_week_operator.py took 0.095 seconds
[2024-04-29T05:37:31.460+0000] {processor.py:161} INFO - Started process (PID=1793) to work on /home/airflow/.local/lib/python3.8/site-packages/airflow/example_dags/example_branch_day_of_week_operator.py
[2024-04-29T05:37:31.462+0000] {processor.py:830} INFO - Processing file /home/airflow/.local/lib/python3.8/site-packages/airflow/example_dags/example_branch_day_of_week_operator.py for tasks to queue
[2024-04-29T05:37:31.463+0000] {logging_mixin.py:188} INFO - [2024-04-29T05:37:31.462+0000] {dagbag.py:540} INFO - Filling up the DagBag from /home/airflow/.local/lib/python3.8/site-packages/airflow/example_dags/example_branch_day_of_week_operator.py
[2024-04-29T05:37:31.472+0000] {processor.py:840} INFO - DAG(s) 'example_weekday_branch_operator' retrieved from /home/airflow/.local/lib/python3.8/site-packages/airflow/example_dags/example_branch_day_of_week_operator.py
[2024-04-29T05:37:31.495+0000] {logging_mixin.py:188} INFO - [2024-04-29T05:37:31.495+0000] {dag.py:3047} INFO - Sync 1 DAGs
[2024-04-29T05:37:31.522+0000] {logging_mixin.py:188} INFO - [2024-04-29T05:37:31.522+0000] {dag.py:3834} INFO - Setting next_dagrun for example_weekday_branch_operator to 2024-04-28 00:00:00+00:00, run_after=2024-04-29 00:00:00+00:00
[2024-04-29T05:37:31.549+0000] {processor.py:183} INFO - Processing /home/airflow/.local/lib/python3.8/site-packages/airflow/example_dags/example_branch_day_of_week_operator.py took 0.091 seconds
[2024-04-29T05:38:14.159+0000] {processor.py:161} INFO - Started process (PID=2156) to work on /home/airflow/.local/lib/python3.8/site-packages/airflow/example_dags/example_branch_day_of_week_operator.py
[2024-04-29T05:38:14.189+0000] {processor.py:830} INFO - Processing file /home/airflow/.local/lib/python3.8/site-packages/airflow/example_dags/example_branch_day_of_week_operator.py for tasks to queue
[2024-04-29T05:38:14.201+0000] {logging_mixin.py:188} INFO - [2024-04-29T05:38:14.200+0000] {dagbag.py:540} INFO - Filling up the DagBag from /home/airflow/.local/lib/python3.8/site-packages/airflow/example_dags/example_branch_day_of_week_operator.py
[2024-04-29T05:38:14.327+0000] {processor.py:840} INFO - DAG(s) 'example_weekday_branch_operator' retrieved from /home/airflow/.local/lib/python3.8/site-packages/airflow/example_dags/example_branch_day_of_week_operator.py
[2024-04-29T05:38:14.701+0000] {logging_mixin.py:188} INFO - [2024-04-29T05:38:14.684+0000] {dag.py:3047} INFO - Sync 1 DAGs
[2024-04-29T05:38:14.959+0000] {logging_mixin.py:188} INFO - [2024-04-29T05:38:14.959+0000] {dag.py:3834} INFO - Setting next_dagrun for example_weekday_branch_operator to 2024-04-28 00:00:00+00:00, run_after=2024-04-29 00:00:00+00:00
[2024-04-29T05:38:15.170+0000] {processor.py:183} INFO - Processing /home/airflow/.local/lib/python3.8/site-packages/airflow/example_dags/example_branch_day_of_week_operator.py took 1.018 seconds
[2024-04-29T05:38:45.834+0000] {processor.py:161} INFO - Started process (PID=2458) to work on /home/airflow/.local/lib/python3.8/site-packages/airflow/example_dags/example_branch_day_of_week_operator.py
[2024-04-29T05:38:45.835+0000] {processor.py:830} INFO - Processing file /home/airflow/.local/lib/python3.8/site-packages/airflow/example_dags/example_branch_day_of_week_operator.py for tasks to queue
[2024-04-29T05:38:45.836+0000] {logging_mixin.py:188} INFO - [2024-04-29T05:38:45.836+0000] {dagbag.py:540} INFO - Filling up the DagBag from /home/airflow/.local/lib/python3.8/site-packages/airflow/example_dags/example_branch_day_of_week_operator.py
[2024-04-29T05:38:45.850+0000] {processor.py:840} INFO - DAG(s) 'example_weekday_branch_operator' retrieved from /home/airflow/.local/lib/python3.8/site-packages/airflow/example_dags/example_branch_day_of_week_operator.py
[2024-04-29T05:38:45.897+0000] {logging_mixin.py:188} INFO - [2024-04-29T05:38:45.896+0000] {dag.py:3047} INFO - Sync 1 DAGs
[2024-04-29T05:38:45.925+0000] {logging_mixin.py:188} INFO - [2024-04-29T05:38:45.925+0000] {dag.py:3834} INFO - Setting next_dagrun for example_weekday_branch_operator to 2024-04-28 00:00:00+00:00, run_after=2024-04-29 00:00:00+00:00
[2024-04-29T05:38:45.949+0000] {processor.py:183} INFO - Processing /home/airflow/.local/lib/python3.8/site-packages/airflow/example_dags/example_branch_day_of_week_operator.py took 0.119 seconds
[2024-04-29T05:39:16.054+0000] {processor.py:161} INFO - Started process (PID=2711) to work on /home/airflow/.local/lib/python3.8/site-packages/airflow/example_dags/example_branch_day_of_week_operator.py
[2024-04-29T05:39:16.055+0000] {processor.py:830} INFO - Processing file /home/airflow/.local/lib/python3.8/site-packages/airflow/example_dags/example_branch_day_of_week_operator.py for tasks to queue
[2024-04-29T05:39:16.056+0000] {logging_mixin.py:188} INFO - [2024-04-29T05:39:16.056+0000] {dagbag.py:540} INFO - Filling up the DagBag from /home/airflow/.local/lib/python3.8/site-packages/airflow/example_dags/example_branch_day_of_week_operator.py
[2024-04-29T05:39:16.065+0000] {processor.py:840} INFO - DAG(s) 'example_weekday_branch_operator' retrieved from /home/airflow/.local/lib/python3.8/site-packages/airflow/example_dags/example_branch_day_of_week_operator.py
[2024-04-29T05:39:16.092+0000] {logging_mixin.py:188} INFO - [2024-04-29T05:39:16.091+0000] {dag.py:3047} INFO - Sync 1 DAGs
[2024-04-29T05:39:16.121+0000] {logging_mixin.py:188} INFO - [2024-04-29T05:39:16.121+0000] {dag.py:3834} INFO - Setting next_dagrun for example_weekday_branch_operator to 2024-04-28 00:00:00+00:00, run_after=2024-04-29 00:00:00+00:00
[2024-04-29T05:39:16.160+0000] {processor.py:183} INFO - Processing /home/airflow/.local/lib/python3.8/site-packages/airflow/example_dags/example_branch_day_of_week_operator.py took 0.109 seconds
[2024-04-29T05:39:46.225+0000] {processor.py:161} INFO - Started process (PID=2965) to work on /home/airflow/.local/lib/python3.8/site-packages/airflow/example_dags/example_branch_day_of_week_operator.py
[2024-04-29T05:39:46.226+0000] {processor.py:830} INFO - Processing file /home/airflow/.local/lib/python3.8/site-packages/airflow/example_dags/example_branch_day_of_week_operator.py for tasks to queue
[2024-04-29T05:39:46.227+0000] {logging_mixin.py:188} INFO - [2024-04-29T05:39:46.227+0000] {dagbag.py:540} INFO - Filling up the DagBag from /home/airflow/.local/lib/python3.8/site-packages/airflow/example_dags/example_branch_day_of_week_operator.py
[2024-04-29T05:39:46.236+0000] {processor.py:840} INFO - DAG(s) 'example_weekday_branch_operator' retrieved from /home/airflow/.local/lib/python3.8/site-packages/airflow/example_dags/example_branch_day_of_week_operator.py
[2024-04-29T05:39:46.263+0000] {logging_mixin.py:188} INFO - [2024-04-29T05:39:46.262+0000] {dag.py:3047} INFO - Sync 1 DAGs
[2024-04-29T05:39:46.330+0000] {logging_mixin.py:188} INFO - [2024-04-29T05:39:46.330+0000] {dag.py:3834} INFO - Setting next_dagrun for example_weekday_branch_operator to 2024-04-28 00:00:00+00:00, run_after=2024-04-29 00:00:00+00:00
[2024-04-29T05:39:46.367+0000] {processor.py:183} INFO - Processing /home/airflow/.local/lib/python3.8/site-packages/airflow/example_dags/example_branch_day_of_week_operator.py took 0.146 seconds
[2024-04-29T05:40:16.456+0000] {processor.py:161} INFO - Started process (PID=3218) to work on /home/airflow/.local/lib/python3.8/site-packages/airflow/example_dags/example_branch_day_of_week_operator.py
[2024-04-29T05:40:16.457+0000] {processor.py:830} INFO - Processing file /home/airflow/.local/lib/python3.8/site-packages/airflow/example_dags/example_branch_day_of_week_operator.py for tasks to queue
[2024-04-29T05:40:16.458+0000] {logging_mixin.py:188} INFO - [2024-04-29T05:40:16.458+0000] {dagbag.py:540} INFO - Filling up the DagBag from /home/airflow/.local/lib/python3.8/site-packages/airflow/example_dags/example_branch_day_of_week_operator.py
[2024-04-29T05:40:16.467+0000] {processor.py:840} INFO - DAG(s) 'example_weekday_branch_operator' retrieved from /home/airflow/.local/lib/python3.8/site-packages/airflow/example_dags/example_branch_day_of_week_operator.py
[2024-04-29T05:40:16.494+0000] {logging_mixin.py:188} INFO - [2024-04-29T05:40:16.494+0000] {dag.py:3047} INFO - Sync 1 DAGs
[2024-04-29T05:40:16.521+0000] {logging_mixin.py:188} INFO - [2024-04-29T05:40:16.521+0000] {dag.py:3834} INFO - Setting next_dagrun for example_weekday_branch_operator to 2024-04-28 00:00:00+00:00, run_after=2024-04-29 00:00:00+00:00
[2024-04-29T05:40:16.548+0000] {processor.py:183} INFO - Processing /home/airflow/.local/lib/python3.8/site-packages/airflow/example_dags/example_branch_day_of_week_operator.py took 0.095 seconds
[2024-04-29T05:40:46.793+0000] {processor.py:161} INFO - Started process (PID=3470) to work on /home/airflow/.local/lib/python3.8/site-packages/airflow/example_dags/example_branch_day_of_week_operator.py
[2024-04-29T05:40:46.794+0000] {processor.py:830} INFO - Processing file /home/airflow/.local/lib/python3.8/site-packages/airflow/example_dags/example_branch_day_of_week_operator.py for tasks to queue
[2024-04-29T05:40:46.795+0000] {logging_mixin.py:188} INFO - [2024-04-29T05:40:46.795+0000] {dagbag.py:540} INFO - Filling up the DagBag from /home/airflow/.local/lib/python3.8/site-packages/airflow/example_dags/example_branch_day_of_week_operator.py
[2024-04-29T05:40:46.804+0000] {processor.py:840} INFO - DAG(s) 'example_weekday_branch_operator' retrieved from /home/airflow/.local/lib/python3.8/site-packages/airflow/example_dags/example_branch_day_of_week_operator.py
[2024-04-29T05:40:46.846+0000] {logging_mixin.py:188} INFO - [2024-04-29T05:40:46.845+0000] {dag.py:3047} INFO - Sync 1 DAGs
[2024-04-29T05:40:46.908+0000] {logging_mixin.py:188} INFO - [2024-04-29T05:40:46.908+0000] {dag.py:3834} INFO - Setting next_dagrun for example_weekday_branch_operator to 2024-04-28 00:00:00+00:00, run_after=2024-04-29 00:00:00+00:00
[2024-04-29T05:40:46.939+0000] {processor.py:183} INFO - Processing /home/airflow/.local/lib/python3.8/site-packages/airflow/example_dags/example_branch_day_of_week_operator.py took 0.149 seconds
[2024-04-29T05:41:17.215+0000] {processor.py:161} INFO - Started process (PID=3733) to work on /home/airflow/.local/lib/python3.8/site-packages/airflow/example_dags/example_branch_day_of_week_operator.py
[2024-04-29T05:41:17.222+0000] {processor.py:830} INFO - Processing file /home/airflow/.local/lib/python3.8/site-packages/airflow/example_dags/example_branch_day_of_week_operator.py for tasks to queue
[2024-04-29T05:41:17.230+0000] {logging_mixin.py:188} INFO - [2024-04-29T05:41:17.226+0000] {dagbag.py:540} INFO - Filling up the DagBag from /home/airflow/.local/lib/python3.8/site-packages/airflow/example_dags/example_branch_day_of_week_operator.py
[2024-04-29T05:41:17.283+0000] {processor.py:840} INFO - DAG(s) 'example_weekday_branch_operator' retrieved from /home/airflow/.local/lib/python3.8/site-packages/airflow/example_dags/example_branch_day_of_week_operator.py
[2024-04-29T05:41:17.355+0000] {logging_mixin.py:188} INFO - [2024-04-29T05:41:17.354+0000] {dag.py:3047} INFO - Sync 1 DAGs
[2024-04-29T05:41:17.474+0000] {logging_mixin.py:188} INFO - [2024-04-29T05:41:17.474+0000] {dag.py:3834} INFO - Setting next_dagrun for example_weekday_branch_operator to 2024-04-28 00:00:00+00:00, run_after=2024-04-29 00:00:00+00:00
[2024-04-29T05:41:17.526+0000] {processor.py:183} INFO - Processing /home/airflow/.local/lib/python3.8/site-packages/airflow/example_dags/example_branch_day_of_week_operator.py took 0.329 seconds
[2024-04-29T05:41:47.764+0000] {processor.py:161} INFO - Started process (PID=3985) to work on /home/airflow/.local/lib/python3.8/site-packages/airflow/example_dags/example_branch_day_of_week_operator.py
[2024-04-29T05:41:47.765+0000] {processor.py:830} INFO - Processing file /home/airflow/.local/lib/python3.8/site-packages/airflow/example_dags/example_branch_day_of_week_operator.py for tasks to queue
[2024-04-29T05:41:47.766+0000] {logging_mixin.py:188} INFO - [2024-04-29T05:41:47.766+0000] {dagbag.py:540} INFO - Filling up the DagBag from /home/airflow/.local/lib/python3.8/site-packages/airflow/example_dags/example_branch_day_of_week_operator.py
[2024-04-29T05:41:47.776+0000] {processor.py:840} INFO - DAG(s) 'example_weekday_branch_operator' retrieved from /home/airflow/.local/lib/python3.8/site-packages/airflow/example_dags/example_branch_day_of_week_operator.py
[2024-04-29T05:41:47.811+0000] {logging_mixin.py:188} INFO - [2024-04-29T05:41:47.810+0000] {dag.py:3047} INFO - Sync 1 DAGs
[2024-04-29T05:41:47.841+0000] {logging_mixin.py:188} INFO - [2024-04-29T05:41:47.841+0000] {dag.py:3834} INFO - Setting next_dagrun for example_weekday_branch_operator to 2024-04-28 00:00:00+00:00, run_after=2024-04-29 00:00:00+00:00
[2024-04-29T05:41:47.882+0000] {processor.py:183} INFO - Processing /home/airflow/.local/lib/python3.8/site-packages/airflow/example_dags/example_branch_day_of_week_operator.py took 0.122 seconds
[2024-04-29T05:42:18.226+0000] {processor.py:161} INFO - Started process (PID=4235) to work on /home/airflow/.local/lib/python3.8/site-packages/airflow/example_dags/example_branch_day_of_week_operator.py
[2024-04-29T05:42:18.228+0000] {processor.py:830} INFO - Processing file /home/airflow/.local/lib/python3.8/site-packages/airflow/example_dags/example_branch_day_of_week_operator.py for tasks to queue
[2024-04-29T05:42:18.230+0000] {logging_mixin.py:188} INFO - [2024-04-29T05:42:18.230+0000] {dagbag.py:540} INFO - Filling up the DagBag from /home/airflow/.local/lib/python3.8/site-packages/airflow/example_dags/example_branch_day_of_week_operator.py
[2024-04-29T05:42:18.245+0000] {processor.py:840} INFO - DAG(s) 'example_weekday_branch_operator' retrieved from /home/airflow/.local/lib/python3.8/site-packages/airflow/example_dags/example_branch_day_of_week_operator.py
[2024-04-29T05:42:18.306+0000] {logging_mixin.py:188} INFO - [2024-04-29T05:42:18.305+0000] {dag.py:3047} INFO - Sync 1 DAGs
[2024-04-29T05:42:18.377+0000] {logging_mixin.py:188} INFO - [2024-04-29T05:42:18.377+0000] {dag.py:3834} INFO - Setting next_dagrun for example_weekday_branch_operator to 2024-04-28 00:00:00+00:00, run_after=2024-04-29 00:00:00+00:00
[2024-04-29T05:42:18.403+0000] {processor.py:183} INFO - Processing /home/airflow/.local/lib/python3.8/site-packages/airflow/example_dags/example_branch_day_of_week_operator.py took 0.181 seconds
[2024-04-29T05:42:48.516+0000] {processor.py:161} INFO - Started process (PID=4490) to work on /home/airflow/.local/lib/python3.8/site-packages/airflow/example_dags/example_branch_day_of_week_operator.py
[2024-04-29T05:42:48.518+0000] {processor.py:830} INFO - Processing file /home/airflow/.local/lib/python3.8/site-packages/airflow/example_dags/example_branch_day_of_week_operator.py for tasks to queue
[2024-04-29T05:42:48.519+0000] {logging_mixin.py:188} INFO - [2024-04-29T05:42:48.518+0000] {dagbag.py:540} INFO - Filling up the DagBag from /home/airflow/.local/lib/python3.8/site-packages/airflow/example_dags/example_branch_day_of_week_operator.py
[2024-04-29T05:42:48.528+0000] {processor.py:840} INFO - DAG(s) 'example_weekday_branch_operator' retrieved from /home/airflow/.local/lib/python3.8/site-packages/airflow/example_dags/example_branch_day_of_week_operator.py
[2024-04-29T05:42:48.551+0000] {logging_mixin.py:188} INFO - [2024-04-29T05:42:48.551+0000] {dag.py:3047} INFO - Sync 1 DAGs
[2024-04-29T05:42:48.583+0000] {logging_mixin.py:188} INFO - [2024-04-29T05:42:48.583+0000] {dag.py:3834} INFO - Setting next_dagrun for example_weekday_branch_operator to 2024-04-28 00:00:00+00:00, run_after=2024-04-29 00:00:00+00:00
[2024-04-29T05:42:48.610+0000] {processor.py:183} INFO - Processing /home/airflow/.local/lib/python3.8/site-packages/airflow/example_dags/example_branch_day_of_week_operator.py took 0.097 seconds
[2024-04-29T05:43:18.777+0000] {processor.py:161} INFO - Started process (PID=4743) to work on /home/airflow/.local/lib/python3.8/site-packages/airflow/example_dags/example_branch_day_of_week_operator.py
[2024-04-29T05:43:18.778+0000] {processor.py:830} INFO - Processing file /home/airflow/.local/lib/python3.8/site-packages/airflow/example_dags/example_branch_day_of_week_operator.py for tasks to queue
[2024-04-29T05:43:18.779+0000] {logging_mixin.py:188} INFO - [2024-04-29T05:43:18.779+0000] {dagbag.py:540} INFO - Filling up the DagBag from /home/airflow/.local/lib/python3.8/site-packages/airflow/example_dags/example_branch_day_of_week_operator.py
[2024-04-29T05:43:18.788+0000] {processor.py:840} INFO - DAG(s) 'example_weekday_branch_operator' retrieved from /home/airflow/.local/lib/python3.8/site-packages/airflow/example_dags/example_branch_day_of_week_operator.py
[2024-04-29T05:43:18.813+0000] {logging_mixin.py:188} INFO - [2024-04-29T05:43:18.813+0000] {dag.py:3047} INFO - Sync 1 DAGs
[2024-04-29T05:43:18.839+0000] {logging_mixin.py:188} INFO - [2024-04-29T05:43:18.839+0000] {dag.py:3834} INFO - Setting next_dagrun for example_weekday_branch_operator to 2024-04-28 00:00:00+00:00, run_after=2024-04-29 00:00:00+00:00
[2024-04-29T05:43:18.868+0000] {processor.py:183} INFO - Processing /home/airflow/.local/lib/python3.8/site-packages/airflow/example_dags/example_branch_day_of_week_operator.py took 0.094 seconds
[2024-04-29T05:43:49.028+0000] {processor.py:161} INFO - Started process (PID=4995) to work on /home/airflow/.local/lib/python3.8/site-packages/airflow/example_dags/example_branch_day_of_week_operator.py
[2024-04-29T05:43:49.029+0000] {processor.py:830} INFO - Processing file /home/airflow/.local/lib/python3.8/site-packages/airflow/example_dags/example_branch_day_of_week_operator.py for tasks to queue
[2024-04-29T05:43:49.030+0000] {logging_mixin.py:188} INFO - [2024-04-29T05:43:49.030+0000] {dagbag.py:540} INFO - Filling up the DagBag from /home/airflow/.local/lib/python3.8/site-packages/airflow/example_dags/example_branch_day_of_week_operator.py
[2024-04-29T05:43:49.045+0000] {processor.py:840} INFO - DAG(s) 'example_weekday_branch_operator' retrieved from /home/airflow/.local/lib/python3.8/site-packages/airflow/example_dags/example_branch_day_of_week_operator.py
[2024-04-29T05:43:49.068+0000] {logging_mixin.py:188} INFO - [2024-04-29T05:43:49.068+0000] {dag.py:3047} INFO - Sync 1 DAGs
[2024-04-29T05:43:49.101+0000] {logging_mixin.py:188} INFO - [2024-04-29T05:43:49.101+0000] {dag.py:3834} INFO - Setting next_dagrun for example_weekday_branch_operator to 2024-04-28 00:00:00+00:00, run_after=2024-04-29 00:00:00+00:00
[2024-04-29T05:43:49.123+0000] {processor.py:183} INFO - Processing /home/airflow/.local/lib/python3.8/site-packages/airflow/example_dags/example_branch_day_of_week_operator.py took 0.099 seconds
[2024-04-29T05:44:19.531+0000] {processor.py:161} INFO - Started process (PID=5248) to work on /home/airflow/.local/lib/python3.8/site-packages/airflow/example_dags/example_branch_day_of_week_operator.py
[2024-04-29T05:44:19.532+0000] {processor.py:830} INFO - Processing file /home/airflow/.local/lib/python3.8/site-packages/airflow/example_dags/example_branch_day_of_week_operator.py for tasks to queue
[2024-04-29T05:44:19.533+0000] {logging_mixin.py:188} INFO - [2024-04-29T05:44:19.533+0000] {dagbag.py:540} INFO - Filling up the DagBag from /home/airflow/.local/lib/python3.8/site-packages/airflow/example_dags/example_branch_day_of_week_operator.py
[2024-04-29T05:44:19.542+0000] {processor.py:840} INFO - DAG(s) 'example_weekday_branch_operator' retrieved from /home/airflow/.local/lib/python3.8/site-packages/airflow/example_dags/example_branch_day_of_week_operator.py
[2024-04-29T05:44:19.604+0000] {logging_mixin.py:188} INFO - [2024-04-29T05:44:19.604+0000] {dag.py:3047} INFO - Sync 1 DAGs
[2024-04-29T05:44:19.662+0000] {logging_mixin.py:188} INFO - [2024-04-29T05:44:19.661+0000] {dag.py:3834} INFO - Setting next_dagrun for example_weekday_branch_operator to 2024-04-28 00:00:00+00:00, run_after=2024-04-29 00:00:00+00:00
[2024-04-29T05:44:19.684+0000] {processor.py:183} INFO - Processing /home/airflow/.local/lib/python3.8/site-packages/airflow/example_dags/example_branch_day_of_week_operator.py took 0.156 seconds
[2024-04-29T05:44:49.805+0000] {processor.py:161} INFO - Started process (PID=5500) to work on /home/airflow/.local/lib/python3.8/site-packages/airflow/example_dags/example_branch_day_of_week_operator.py
[2024-04-29T05:44:49.807+0000] {processor.py:830} INFO - Processing file /home/airflow/.local/lib/python3.8/site-packages/airflow/example_dags/example_branch_day_of_week_operator.py for tasks to queue
[2024-04-29T05:44:49.808+0000] {logging_mixin.py:188} INFO - [2024-04-29T05:44:49.807+0000] {dagbag.py:540} INFO - Filling up the DagBag from /home/airflow/.local/lib/python3.8/site-packages/airflow/example_dags/example_branch_day_of_week_operator.py
[2024-04-29T05:44:49.817+0000] {processor.py:840} INFO - DAG(s) 'example_weekday_branch_operator' retrieved from /home/airflow/.local/lib/python3.8/site-packages/airflow/example_dags/example_branch_day_of_week_operator.py
[2024-04-29T05:44:49.841+0000] {logging_mixin.py:188} INFO - [2024-04-29T05:44:49.841+0000] {dag.py:3047} INFO - Sync 1 DAGs
[2024-04-29T05:44:49.868+0000] {logging_mixin.py:188} INFO - [2024-04-29T05:44:49.868+0000] {dag.py:3834} INFO - Setting next_dagrun for example_weekday_branch_operator to 2024-04-28 00:00:00+00:00, run_after=2024-04-29 00:00:00+00:00
[2024-04-29T05:44:49.896+0000] {processor.py:183} INFO - Processing /home/airflow/.local/lib/python3.8/site-packages/airflow/example_dags/example_branch_day_of_week_operator.py took 0.095 seconds
[2024-04-29T05:45:19.957+0000] {processor.py:161} INFO - Started process (PID=5753) to work on /home/airflow/.local/lib/python3.8/site-packages/airflow/example_dags/example_branch_day_of_week_operator.py
[2024-04-29T05:45:19.958+0000] {processor.py:830} INFO - Processing file /home/airflow/.local/lib/python3.8/site-packages/airflow/example_dags/example_branch_day_of_week_operator.py for tasks to queue
[2024-04-29T05:45:19.959+0000] {logging_mixin.py:188} INFO - [2024-04-29T05:45:19.959+0000] {dagbag.py:540} INFO - Filling up the DagBag from /home/airflow/.local/lib/python3.8/site-packages/airflow/example_dags/example_branch_day_of_week_operator.py
[2024-04-29T05:45:19.968+0000] {processor.py:840} INFO - DAG(s) 'example_weekday_branch_operator' retrieved from /home/airflow/.local/lib/python3.8/site-packages/airflow/example_dags/example_branch_day_of_week_operator.py
[2024-04-29T05:45:19.993+0000] {logging_mixin.py:188} INFO - [2024-04-29T05:45:19.993+0000] {dag.py:3047} INFO - Sync 1 DAGs
[2024-04-29T05:45:20.022+0000] {logging_mixin.py:188} INFO - [2024-04-29T05:45:20.021+0000] {dag.py:3834} INFO - Setting next_dagrun for example_weekday_branch_operator to 2024-04-28 00:00:00+00:00, run_after=2024-04-29 00:00:00+00:00
[2024-04-29T05:45:20.046+0000] {processor.py:183} INFO - Processing /home/airflow/.local/lib/python3.8/site-packages/airflow/example_dags/example_branch_day_of_week_operator.py took 0.093 seconds
[2024-04-29T05:45:50.592+0000] {processor.py:161} INFO - Started process (PID=6005) to work on /home/airflow/.local/lib/python3.8/site-packages/airflow/example_dags/example_branch_day_of_week_operator.py
[2024-04-29T05:45:50.593+0000] {processor.py:830} INFO - Processing file /home/airflow/.local/lib/python3.8/site-packages/airflow/example_dags/example_branch_day_of_week_operator.py for tasks to queue
[2024-04-29T05:45:50.594+0000] {logging_mixin.py:188} INFO - [2024-04-29T05:45:50.594+0000] {dagbag.py:540} INFO - Filling up the DagBag from /home/airflow/.local/lib/python3.8/site-packages/airflow/example_dags/example_branch_day_of_week_operator.py
[2024-04-29T05:45:50.603+0000] {processor.py:840} INFO - DAG(s) 'example_weekday_branch_operator' retrieved from /home/airflow/.local/lib/python3.8/site-packages/airflow/example_dags/example_branch_day_of_week_operator.py
[2024-04-29T05:45:50.630+0000] {logging_mixin.py:188} INFO - [2024-04-29T05:45:50.630+0000] {dag.py:3047} INFO - Sync 1 DAGs
[2024-04-29T05:45:50.662+0000] {logging_mixin.py:188} INFO - [2024-04-29T05:45:50.662+0000] {dag.py:3834} INFO - Setting next_dagrun for example_weekday_branch_operator to 2024-04-28 00:00:00+00:00, run_after=2024-04-29 00:00:00+00:00
[2024-04-29T05:45:50.697+0000] {processor.py:183} INFO - Processing /home/airflow/.local/lib/python3.8/site-packages/airflow/example_dags/example_branch_day_of_week_operator.py took 0.109 seconds
[2024-04-29T05:46:21.020+0000] {processor.py:161} INFO - Started process (PID=6258) to work on /home/airflow/.local/lib/python3.8/site-packages/airflow/example_dags/example_branch_day_of_week_operator.py
[2024-04-29T05:46:21.021+0000] {processor.py:830} INFO - Processing file /home/airflow/.local/lib/python3.8/site-packages/airflow/example_dags/example_branch_day_of_week_operator.py for tasks to queue
[2024-04-29T05:46:21.023+0000] {logging_mixin.py:188} INFO - [2024-04-29T05:46:21.022+0000] {dagbag.py:540} INFO - Filling up the DagBag from /home/airflow/.local/lib/python3.8/site-packages/airflow/example_dags/example_branch_day_of_week_operator.py
[2024-04-29T05:46:21.032+0000] {processor.py:840} INFO - DAG(s) 'example_weekday_branch_operator' retrieved from /home/airflow/.local/lib/python3.8/site-packages/airflow/example_dags/example_branch_day_of_week_operator.py
[2024-04-29T05:46:21.059+0000] {logging_mixin.py:188} INFO - [2024-04-29T05:46:21.059+0000] {dag.py:3047} INFO - Sync 1 DAGs
[2024-04-29T05:46:21.084+0000] {logging_mixin.py:188} INFO - [2024-04-29T05:46:21.083+0000] {dag.py:3834} INFO - Setting next_dagrun for example_weekday_branch_operator to 2024-04-28 00:00:00+00:00, run_after=2024-04-29 00:00:00+00:00
[2024-04-29T05:46:21.104+0000] {processor.py:183} INFO - Processing /home/airflow/.local/lib/python3.8/site-packages/airflow/example_dags/example_branch_day_of_week_operator.py took 0.088 seconds
[2024-04-29T05:46:51.815+0000] {processor.py:161} INFO - Started process (PID=6509) to work on /home/airflow/.local/lib/python3.8/site-packages/airflow/example_dags/example_branch_day_of_week_operator.py
[2024-04-29T05:46:51.816+0000] {processor.py:830} INFO - Processing file /home/airflow/.local/lib/python3.8/site-packages/airflow/example_dags/example_branch_day_of_week_operator.py for tasks to queue
[2024-04-29T05:46:51.817+0000] {logging_mixin.py:188} INFO - [2024-04-29T05:46:51.817+0000] {dagbag.py:540} INFO - Filling up the DagBag from /home/airflow/.local/lib/python3.8/site-packages/airflow/example_dags/example_branch_day_of_week_operator.py
[2024-04-29T05:46:51.826+0000] {processor.py:840} INFO - DAG(s) 'example_weekday_branch_operator' retrieved from /home/airflow/.local/lib/python3.8/site-packages/airflow/example_dags/example_branch_day_of_week_operator.py
[2024-04-29T05:46:51.860+0000] {logging_mixin.py:188} INFO - [2024-04-29T05:46:51.859+0000] {dag.py:3047} INFO - Sync 1 DAGs
[2024-04-29T05:46:51.888+0000] {logging_mixin.py:188} INFO - [2024-04-29T05:46:51.888+0000] {dag.py:3834} INFO - Setting next_dagrun for example_weekday_branch_operator to 2024-04-28 00:00:00+00:00, run_after=2024-04-29 00:00:00+00:00
[2024-04-29T05:46:51.913+0000] {processor.py:183} INFO - Processing /home/airflow/.local/lib/python3.8/site-packages/airflow/example_dags/example_branch_day_of_week_operator.py took 0.101 seconds
[2024-04-29T05:47:22.391+0000] {processor.py:161} INFO - Started process (PID=6762) to work on /home/airflow/.local/lib/python3.8/site-packages/airflow/example_dags/example_branch_day_of_week_operator.py
[2024-04-29T05:47:22.392+0000] {processor.py:830} INFO - Processing file /home/airflow/.local/lib/python3.8/site-packages/airflow/example_dags/example_branch_day_of_week_operator.py for tasks to queue
[2024-04-29T05:47:22.394+0000] {logging_mixin.py:188} INFO - [2024-04-29T05:47:22.393+0000] {dagbag.py:540} INFO - Filling up the DagBag from /home/airflow/.local/lib/python3.8/site-packages/airflow/example_dags/example_branch_day_of_week_operator.py
[2024-04-29T05:47:22.404+0000] {processor.py:840} INFO - DAG(s) 'example_weekday_branch_operator' retrieved from /home/airflow/.local/lib/python3.8/site-packages/airflow/example_dags/example_branch_day_of_week_operator.py
[2024-04-29T05:47:22.427+0000] {logging_mixin.py:188} INFO - [2024-04-29T05:47:22.427+0000] {dag.py:3047} INFO - Sync 1 DAGs
[2024-04-29T05:47:22.457+0000] {logging_mixin.py:188} INFO - [2024-04-29T05:47:22.457+0000] {dag.py:3834} INFO - Setting next_dagrun for example_weekday_branch_operator to 2024-04-28 00:00:00+00:00, run_after=2024-04-29 00:00:00+00:00
[2024-04-29T05:47:22.487+0000] {processor.py:183} INFO - Processing /home/airflow/.local/lib/python3.8/site-packages/airflow/example_dags/example_branch_day_of_week_operator.py took 0.099 seconds
[2024-04-29T05:47:52.938+0000] {processor.py:161} INFO - Started process (PID=7013) to work on /home/airflow/.local/lib/python3.8/site-packages/airflow/example_dags/example_branch_day_of_week_operator.py
[2024-04-29T05:47:52.945+0000] {processor.py:830} INFO - Processing file /home/airflow/.local/lib/python3.8/site-packages/airflow/example_dags/example_branch_day_of_week_operator.py for tasks to queue
[2024-04-29T05:47:52.946+0000] {logging_mixin.py:188} INFO - [2024-04-29T05:47:52.946+0000] {dagbag.py:540} INFO - Filling up the DagBag from /home/airflow/.local/lib/python3.8/site-packages/airflow/example_dags/example_branch_day_of_week_operator.py
[2024-04-29T05:47:52.961+0000] {processor.py:840} INFO - DAG(s) 'example_weekday_branch_operator' retrieved from /home/airflow/.local/lib/python3.8/site-packages/airflow/example_dags/example_branch_day_of_week_operator.py
[2024-04-29T05:47:53.014+0000] {logging_mixin.py:188} INFO - [2024-04-29T05:47:53.013+0000] {dag.py:3047} INFO - Sync 1 DAGs
[2024-04-29T05:47:53.090+0000] {logging_mixin.py:188} INFO - [2024-04-29T05:47:53.090+0000] {dag.py:3834} INFO - Setting next_dagrun for example_weekday_branch_operator to 2024-04-28 00:00:00+00:00, run_after=2024-04-29 00:00:00+00:00
[2024-04-29T05:47:53.130+0000] {processor.py:183} INFO - Processing /home/airflow/.local/lib/python3.8/site-packages/airflow/example_dags/example_branch_day_of_week_operator.py took 0.196 seconds
[2024-04-29T05:48:24.138+0000] {processor.py:161} INFO - Started process (PID=7267) to work on /home/airflow/.local/lib/python3.8/site-packages/airflow/example_dags/example_branch_day_of_week_operator.py
[2024-04-29T05:48:24.139+0000] {processor.py:830} INFO - Processing file /home/airflow/.local/lib/python3.8/site-packages/airflow/example_dags/example_branch_day_of_week_operator.py for tasks to queue
[2024-04-29T05:48:24.140+0000] {logging_mixin.py:188} INFO - [2024-04-29T05:48:24.140+0000] {dagbag.py:540} INFO - Filling up the DagBag from /home/airflow/.local/lib/python3.8/site-packages/airflow/example_dags/example_branch_day_of_week_operator.py
[2024-04-29T05:48:24.149+0000] {processor.py:840} INFO - DAG(s) 'example_weekday_branch_operator' retrieved from /home/airflow/.local/lib/python3.8/site-packages/airflow/example_dags/example_branch_day_of_week_operator.py
[2024-04-29T05:48:24.175+0000] {logging_mixin.py:188} INFO - [2024-04-29T05:48:24.174+0000] {dag.py:3047} INFO - Sync 1 DAGs
[2024-04-29T05:48:24.202+0000] {logging_mixin.py:188} INFO - [2024-04-29T05:48:24.202+0000] {dag.py:3834} INFO - Setting next_dagrun for example_weekday_branch_operator to 2024-04-28 00:00:00+00:00, run_after=2024-04-29 00:00:00+00:00
[2024-04-29T05:48:24.235+0000] {processor.py:183} INFO - Processing /home/airflow/.local/lib/python3.8/site-packages/airflow/example_dags/example_branch_day_of_week_operator.py took 0.100 seconds
[2024-04-29T05:48:54.683+0000] {processor.py:161} INFO - Started process (PID=7519) to work on /home/airflow/.local/lib/python3.8/site-packages/airflow/example_dags/example_branch_day_of_week_operator.py
[2024-04-29T05:48:54.685+0000] {processor.py:830} INFO - Processing file /home/airflow/.local/lib/python3.8/site-packages/airflow/example_dags/example_branch_day_of_week_operator.py for tasks to queue
[2024-04-29T05:48:54.686+0000] {logging_mixin.py:188} INFO - [2024-04-29T05:48:54.686+0000] {dagbag.py:540} INFO - Filling up the DagBag from /home/airflow/.local/lib/python3.8/site-packages/airflow/example_dags/example_branch_day_of_week_operator.py
[2024-04-29T05:48:54.696+0000] {processor.py:840} INFO - DAG(s) 'example_weekday_branch_operator' retrieved from /home/airflow/.local/lib/python3.8/site-packages/airflow/example_dags/example_branch_day_of_week_operator.py
[2024-04-29T05:48:54.719+0000] {logging_mixin.py:188} INFO - [2024-04-29T05:48:54.719+0000] {dag.py:3047} INFO - Sync 1 DAGs
[2024-04-29T05:48:54.745+0000] {logging_mixin.py:188} INFO - [2024-04-29T05:48:54.744+0000] {dag.py:3834} INFO - Setting next_dagrun for example_weekday_branch_operator to 2024-04-28 00:00:00+00:00, run_after=2024-04-29 00:00:00+00:00
[2024-04-29T05:48:54.769+0000] {processor.py:183} INFO - Processing /home/airflow/.local/lib/python3.8/site-packages/airflow/example_dags/example_branch_day_of_week_operator.py took 0.088 seconds
[2024-04-29T05:49:24.875+0000] {processor.py:161} INFO - Started process (PID=7771) to work on /home/airflow/.local/lib/python3.8/site-packages/airflow/example_dags/example_branch_day_of_week_operator.py
[2024-04-29T05:49:24.877+0000] {processor.py:830} INFO - Processing file /home/airflow/.local/lib/python3.8/site-packages/airflow/example_dags/example_branch_day_of_week_operator.py for tasks to queue
[2024-04-29T05:49:24.878+0000] {logging_mixin.py:188} INFO - [2024-04-29T05:49:24.877+0000] {dagbag.py:540} INFO - Filling up the DagBag from /home/airflow/.local/lib/python3.8/site-packages/airflow/example_dags/example_branch_day_of_week_operator.py
[2024-04-29T05:49:24.888+0000] {processor.py:840} INFO - DAG(s) 'example_weekday_branch_operator' retrieved from /home/airflow/.local/lib/python3.8/site-packages/airflow/example_dags/example_branch_day_of_week_operator.py
[2024-04-29T05:49:24.920+0000] {logging_mixin.py:188} INFO - [2024-04-29T05:49:24.919+0000] {dag.py:3047} INFO - Sync 1 DAGs
[2024-04-29T05:49:24.965+0000] {logging_mixin.py:188} INFO - [2024-04-29T05:49:24.964+0000] {dag.py:3834} INFO - Setting next_dagrun for example_weekday_branch_operator to 2024-04-28 00:00:00+00:00, run_after=2024-04-29 00:00:00+00:00
[2024-04-29T05:49:25.004+0000] {processor.py:183} INFO - Processing /home/airflow/.local/lib/python3.8/site-packages/airflow/example_dags/example_branch_day_of_week_operator.py took 0.132 seconds
[2024-04-29T05:49:55.165+0000] {processor.py:161} INFO - Started process (PID=8024) to work on /home/airflow/.local/lib/python3.8/site-packages/airflow/example_dags/example_branch_day_of_week_operator.py
[2024-04-29T05:49:55.165+0000] {processor.py:830} INFO - Processing file /home/airflow/.local/lib/python3.8/site-packages/airflow/example_dags/example_branch_day_of_week_operator.py for tasks to queue
[2024-04-29T05:49:55.166+0000] {logging_mixin.py:188} INFO - [2024-04-29T05:49:55.166+0000] {dagbag.py:540} INFO - Filling up the DagBag from /home/airflow/.local/lib/python3.8/site-packages/airflow/example_dags/example_branch_day_of_week_operator.py
[2024-04-29T05:49:55.175+0000] {processor.py:840} INFO - DAG(s) 'example_weekday_branch_operator' retrieved from /home/airflow/.local/lib/python3.8/site-packages/airflow/example_dags/example_branch_day_of_week_operator.py
[2024-04-29T05:49:55.201+0000] {logging_mixin.py:188} INFO - [2024-04-29T05:49:55.201+0000] {dag.py:3047} INFO - Sync 1 DAGs
[2024-04-29T05:49:55.228+0000] {logging_mixin.py:188} INFO - [2024-04-29T05:49:55.228+0000] {dag.py:3834} INFO - Setting next_dagrun for example_weekday_branch_operator to 2024-04-28 00:00:00+00:00, run_after=2024-04-29 00:00:00+00:00
[2024-04-29T05:49:55.252+0000] {processor.py:183} INFO - Processing /home/airflow/.local/lib/python3.8/site-packages/airflow/example_dags/example_branch_day_of_week_operator.py took 0.092 seconds
