[2024-04-29T05:32:00.402+0000] {processor.py:161} INFO - Started process (PID=377) to work on /home/airflow/.local/lib/python3.8/site-packages/airflow/example_dags/tutorial.py
[2024-04-29T05:32:00.403+0000] {processor.py:830} INFO - Processing file /home/airflow/.local/lib/python3.8/site-packages/airflow/example_dags/tutorial.py for tasks to queue
[2024-04-29T05:32:00.404+0000] {logging_mixin.py:188} INFO - [2024-04-29T05:32:00.404+0000] {dagbag.py:540} INFO - Filling up the DagBag from /home/airflow/.local/lib/python3.8/site-packages/airflow/example_dags/tutorial.py
[2024-04-29T05:32:00.420+0000] {processor.py:840} INFO - DAG(s) 'tutorial' retrieved from /home/airflow/.local/lib/python3.8/site-packages/airflow/example_dags/tutorial.py
[2024-04-29T05:32:00.641+0000] {logging_mixin.py:188} INFO - [2024-04-29T05:32:00.640+0000] {override.py:1769} INFO - Created Permission View: can read on DAG:tutorial
[2024-04-29T05:32:00.674+0000] {logging_mixin.py:188} INFO - [2024-04-29T05:32:00.674+0000] {override.py:1769} INFO - Created Permission View: can edit on DAG:tutorial
[2024-04-29T05:32:00.686+0000] {logging_mixin.py:188} INFO - [2024-04-29T05:32:00.686+0000] {override.py:1769} INFO - Created Permission View: can delete on DAG:tutorial
[2024-04-29T05:32:00.687+0000] {logging_mixin.py:188} INFO - [2024-04-29T05:32:00.686+0000] {dag.py:3047} INFO - Sync 1 DAGs
[2024-04-29T05:32:00.708+0000] {logging_mixin.py:188} INFO - [2024-04-29T05:32:00.707+0000] {dag.py:3069} INFO - Creating ORM DAG for tutorial
[2024-04-29T05:32:00.728+0000] {logging_mixin.py:188} INFO - [2024-04-29T05:32:00.728+0000] {dag.py:3834} INFO - Setting next_dagrun for tutorial to 2024-04-28 00:00:00+00:00, run_after=2024-04-29 00:00:00+00:00
[2024-04-29T05:32:00.766+0000] {processor.py:183} INFO - Processing /home/airflow/.local/lib/python3.8/site-packages/airflow/example_dags/tutorial.py took 0.367 seconds
[2024-04-29T05:32:31.187+0000] {processor.py:161} INFO - Started process (PID=628) to work on /home/airflow/.local/lib/python3.8/site-packages/airflow/example_dags/tutorial.py
[2024-04-29T05:32:31.188+0000] {processor.py:830} INFO - Processing file /home/airflow/.local/lib/python3.8/site-packages/airflow/example_dags/tutorial.py for tasks to queue
[2024-04-29T05:32:31.189+0000] {logging_mixin.py:188} INFO - [2024-04-29T05:32:31.189+0000] {dagbag.py:540} INFO - Filling up the DagBag from /home/airflow/.local/lib/python3.8/site-packages/airflow/example_dags/tutorial.py
[2024-04-29T05:32:31.196+0000] {processor.py:840} INFO - DAG(s) 'tutorial' retrieved from /home/airflow/.local/lib/python3.8/site-packages/airflow/example_dags/tutorial.py
[2024-04-29T05:32:31.220+0000] {logging_mixin.py:188} INFO - [2024-04-29T05:32:31.220+0000] {dag.py:3047} INFO - Sync 1 DAGs
[2024-04-29T05:32:31.246+0000] {logging_mixin.py:188} INFO - [2024-04-29T05:32:31.246+0000] {dag.py:3834} INFO - Setting next_dagrun for tutorial to 2024-04-28 00:00:00+00:00, run_after=2024-04-29 00:00:00+00:00
[2024-04-29T05:32:31.279+0000] {processor.py:183} INFO - Processing /home/airflow/.local/lib/python3.8/site-packages/airflow/example_dags/tutorial.py took 0.095 seconds
[2024-04-29T05:34:29.705+0000] {processor.py:161} INFO - Started process (PID=372) to work on /home/airflow/.local/lib/python3.8/site-packages/airflow/example_dags/tutorial.py
[2024-04-29T05:34:29.706+0000] {processor.py:830} INFO - Processing file /home/airflow/.local/lib/python3.8/site-packages/airflow/example_dags/tutorial.py for tasks to queue
[2024-04-29T05:34:29.708+0000] {logging_mixin.py:188} INFO - [2024-04-29T05:34:29.707+0000] {dagbag.py:540} INFO - Filling up the DagBag from /home/airflow/.local/lib/python3.8/site-packages/airflow/example_dags/tutorial.py
[2024-04-29T05:34:29.715+0000] {processor.py:840} INFO - DAG(s) 'tutorial' retrieved from /home/airflow/.local/lib/python3.8/site-packages/airflow/example_dags/tutorial.py
[2024-04-29T05:34:29.995+0000] {logging_mixin.py:188} INFO - [2024-04-29T05:34:29.995+0000] {dag.py:3047} INFO - Sync 1 DAGs
[2024-04-29T05:34:30.037+0000] {logging_mixin.py:188} INFO - [2024-04-29T05:34:30.037+0000] {dag.py:3834} INFO - Setting next_dagrun for tutorial to 2024-04-28 00:00:00+00:00, run_after=2024-04-29 00:00:00+00:00
[2024-04-29T05:34:30.101+0000] {processor.py:183} INFO - Processing /home/airflow/.local/lib/python3.8/site-packages/airflow/example_dags/tutorial.py took 0.400 seconds
[2024-04-29T05:35:01.199+0000] {processor.py:161} INFO - Started process (PID=622) to work on /home/airflow/.local/lib/python3.8/site-packages/airflow/example_dags/tutorial.py
[2024-04-29T05:35:01.200+0000] {processor.py:830} INFO - Processing file /home/airflow/.local/lib/python3.8/site-packages/airflow/example_dags/tutorial.py for tasks to queue
[2024-04-29T05:35:01.201+0000] {logging_mixin.py:188} INFO - [2024-04-29T05:35:01.201+0000] {dagbag.py:540} INFO - Filling up the DagBag from /home/airflow/.local/lib/python3.8/site-packages/airflow/example_dags/tutorial.py
[2024-04-29T05:35:01.209+0000] {processor.py:840} INFO - DAG(s) 'tutorial' retrieved from /home/airflow/.local/lib/python3.8/site-packages/airflow/example_dags/tutorial.py
[2024-04-29T05:35:01.233+0000] {logging_mixin.py:188} INFO - [2024-04-29T05:35:01.232+0000] {dag.py:3047} INFO - Sync 1 DAGs
[2024-04-29T05:35:01.259+0000] {logging_mixin.py:188} INFO - [2024-04-29T05:35:01.259+0000] {dag.py:3834} INFO - Setting next_dagrun for tutorial to 2024-04-28 00:00:00+00:00, run_after=2024-04-29 00:00:00+00:00
[2024-04-29T05:35:01.281+0000] {processor.py:183} INFO - Processing /home/airflow/.local/lib/python3.8/site-packages/airflow/example_dags/tutorial.py took 0.085 seconds
[2024-04-29T05:35:31.398+0000] {processor.py:161} INFO - Started process (PID=869) to work on /home/airflow/.local/lib/python3.8/site-packages/airflow/example_dags/tutorial.py
[2024-04-29T05:35:31.399+0000] {processor.py:830} INFO - Processing file /home/airflow/.local/lib/python3.8/site-packages/airflow/example_dags/tutorial.py for tasks to queue
[2024-04-29T05:35:31.400+0000] {logging_mixin.py:188} INFO - [2024-04-29T05:35:31.400+0000] {dagbag.py:540} INFO - Filling up the DagBag from /home/airflow/.local/lib/python3.8/site-packages/airflow/example_dags/tutorial.py
[2024-04-29T05:35:31.407+0000] {processor.py:840} INFO - DAG(s) 'tutorial' retrieved from /home/airflow/.local/lib/python3.8/site-packages/airflow/example_dags/tutorial.py
[2024-04-29T05:35:31.428+0000] {logging_mixin.py:188} INFO - [2024-04-29T05:35:31.428+0000] {dag.py:3047} INFO - Sync 1 DAGs
[2024-04-29T05:35:31.507+0000] {logging_mixin.py:188} INFO - [2024-04-29T05:35:31.506+0000] {dag.py:3834} INFO - Setting next_dagrun for tutorial to 2024-04-28 00:00:00+00:00, run_after=2024-04-29 00:00:00+00:00
[2024-04-29T05:35:31.537+0000] {processor.py:183} INFO - Processing /home/airflow/.local/lib/python3.8/site-packages/airflow/example_dags/tutorial.py took 0.143 seconds
[2024-04-29T05:36:02.498+0000] {processor.py:161} INFO - Started process (PID=1125) to work on /home/airflow/.local/lib/python3.8/site-packages/airflow/example_dags/tutorial.py
[2024-04-29T05:36:02.500+0000] {processor.py:830} INFO - Processing file /home/airflow/.local/lib/python3.8/site-packages/airflow/example_dags/tutorial.py for tasks to queue
[2024-04-29T05:36:02.501+0000] {logging_mixin.py:188} INFO - [2024-04-29T05:36:02.500+0000] {dagbag.py:540} INFO - Filling up the DagBag from /home/airflow/.local/lib/python3.8/site-packages/airflow/example_dags/tutorial.py
[2024-04-29T05:36:02.506+0000] {processor.py:840} INFO - DAG(s) 'tutorial' retrieved from /home/airflow/.local/lib/python3.8/site-packages/airflow/example_dags/tutorial.py
[2024-04-29T05:36:02.528+0000] {logging_mixin.py:188} INFO - [2024-04-29T05:36:02.527+0000] {dag.py:3047} INFO - Sync 1 DAGs
[2024-04-29T05:36:02.555+0000] {logging_mixin.py:188} INFO - [2024-04-29T05:36:02.555+0000] {dag.py:3834} INFO - Setting next_dagrun for tutorial to 2024-04-28 00:00:00+00:00, run_after=2024-04-29 00:00:00+00:00
[2024-04-29T05:36:02.579+0000] {processor.py:183} INFO - Processing /home/airflow/.local/lib/python3.8/site-packages/airflow/example_dags/tutorial.py took 0.084 seconds
[2024-04-29T05:36:32.906+0000] {processor.py:161} INFO - Started process (PID=1378) to work on /home/airflow/.local/lib/python3.8/site-packages/airflow/example_dags/tutorial.py
[2024-04-29T05:36:32.907+0000] {processor.py:830} INFO - Processing file /home/airflow/.local/lib/python3.8/site-packages/airflow/example_dags/tutorial.py for tasks to queue
[2024-04-29T05:36:32.908+0000] {logging_mixin.py:188} INFO - [2024-04-29T05:36:32.907+0000] {dagbag.py:540} INFO - Filling up the DagBag from /home/airflow/.local/lib/python3.8/site-packages/airflow/example_dags/tutorial.py
[2024-04-29T05:36:32.914+0000] {processor.py:840} INFO - DAG(s) 'tutorial' retrieved from /home/airflow/.local/lib/python3.8/site-packages/airflow/example_dags/tutorial.py
[2024-04-29T05:36:32.937+0000] {logging_mixin.py:188} INFO - [2024-04-29T05:36:32.937+0000] {dag.py:3047} INFO - Sync 1 DAGs
[2024-04-29T05:36:32.962+0000] {logging_mixin.py:188} INFO - [2024-04-29T05:36:32.961+0000] {dag.py:3834} INFO - Setting next_dagrun for tutorial to 2024-04-28 00:00:00+00:00, run_after=2024-04-29 00:00:00+00:00
[2024-04-29T05:36:32.985+0000] {processor.py:183} INFO - Processing /home/airflow/.local/lib/python3.8/site-packages/airflow/example_dags/tutorial.py took 0.083 seconds
[2024-04-29T05:37:03.579+0000] {processor.py:161} INFO - Started process (PID=1631) to work on /home/airflow/.local/lib/python3.8/site-packages/airflow/example_dags/tutorial.py
[2024-04-29T05:37:03.580+0000] {processor.py:830} INFO - Processing file /home/airflow/.local/lib/python3.8/site-packages/airflow/example_dags/tutorial.py for tasks to queue
[2024-04-29T05:37:03.581+0000] {logging_mixin.py:188} INFO - [2024-04-29T05:37:03.581+0000] {dagbag.py:540} INFO - Filling up the DagBag from /home/airflow/.local/lib/python3.8/site-packages/airflow/example_dags/tutorial.py
[2024-04-29T05:37:03.587+0000] {processor.py:840} INFO - DAG(s) 'tutorial' retrieved from /home/airflow/.local/lib/python3.8/site-packages/airflow/example_dags/tutorial.py
[2024-04-29T05:37:03.614+0000] {logging_mixin.py:188} INFO - [2024-04-29T05:37:03.614+0000] {dag.py:3047} INFO - Sync 1 DAGs
[2024-04-29T05:37:03.641+0000] {logging_mixin.py:188} INFO - [2024-04-29T05:37:03.641+0000] {dag.py:3834} INFO - Setting next_dagrun for tutorial to 2024-04-28 00:00:00+00:00, run_after=2024-04-29 00:00:00+00:00
[2024-04-29T05:37:03.666+0000] {processor.py:183} INFO - Processing /home/airflow/.local/lib/python3.8/site-packages/airflow/example_dags/tutorial.py took 0.091 seconds
[2024-04-29T05:37:34.284+0000] {processor.py:161} INFO - Started process (PID=1883) to work on /home/airflow/.local/lib/python3.8/site-packages/airflow/example_dags/tutorial.py
[2024-04-29T05:37:34.286+0000] {processor.py:830} INFO - Processing file /home/airflow/.local/lib/python3.8/site-packages/airflow/example_dags/tutorial.py for tasks to queue
[2024-04-29T05:37:34.287+0000] {logging_mixin.py:188} INFO - [2024-04-29T05:37:34.286+0000] {dagbag.py:540} INFO - Filling up the DagBag from /home/airflow/.local/lib/python3.8/site-packages/airflow/example_dags/tutorial.py
[2024-04-29T05:37:34.298+0000] {processor.py:840} INFO - DAG(s) 'tutorial' retrieved from /home/airflow/.local/lib/python3.8/site-packages/airflow/example_dags/tutorial.py
[2024-04-29T05:37:34.320+0000] {logging_mixin.py:188} INFO - [2024-04-29T05:37:34.319+0000] {dag.py:3047} INFO - Sync 1 DAGs
[2024-04-29T05:37:34.347+0000] {logging_mixin.py:188} INFO - [2024-04-29T05:37:34.346+0000] {dag.py:3834} INFO - Setting next_dagrun for tutorial to 2024-04-28 00:00:00+00:00, run_after=2024-04-29 00:00:00+00:00
[2024-04-29T05:37:34.371+0000] {processor.py:183} INFO - Processing /home/airflow/.local/lib/python3.8/site-packages/airflow/example_dags/tutorial.py took 0.090 seconds
[2024-04-29T05:38:23.614+0000] {processor.py:161} INFO - Started process (PID=2262) to work on /home/airflow/.local/lib/python3.8/site-packages/airflow/example_dags/tutorial.py
[2024-04-29T05:38:23.615+0000] {processor.py:830} INFO - Processing file /home/airflow/.local/lib/python3.8/site-packages/airflow/example_dags/tutorial.py for tasks to queue
[2024-04-29T05:38:23.616+0000] {logging_mixin.py:188} INFO - [2024-04-29T05:38:23.616+0000] {dagbag.py:540} INFO - Filling up the DagBag from /home/airflow/.local/lib/python3.8/site-packages/airflow/example_dags/tutorial.py
[2024-04-29T05:38:23.624+0000] {processor.py:840} INFO - DAG(s) 'tutorial' retrieved from /home/airflow/.local/lib/python3.8/site-packages/airflow/example_dags/tutorial.py
[2024-04-29T05:38:23.703+0000] {logging_mixin.py:188} INFO - [2024-04-29T05:38:23.703+0000] {dag.py:3047} INFO - Sync 1 DAGs
[2024-04-29T05:38:23.807+0000] {logging_mixin.py:188} INFO - [2024-04-29T05:38:23.807+0000] {dag.py:3834} INFO - Setting next_dagrun for tutorial to 2024-04-28 00:00:00+00:00, run_after=2024-04-29 00:00:00+00:00
[2024-04-29T05:38:24.005+0000] {processor.py:183} INFO - Processing /home/airflow/.local/lib/python3.8/site-packages/airflow/example_dags/tutorial.py took 0.401 seconds
[2024-04-29T05:38:55.068+0000] {processor.py:161} INFO - Started process (PID=2550) to work on /home/airflow/.local/lib/python3.8/site-packages/airflow/example_dags/tutorial.py
[2024-04-29T05:38:55.070+0000] {processor.py:830} INFO - Processing file /home/airflow/.local/lib/python3.8/site-packages/airflow/example_dags/tutorial.py for tasks to queue
[2024-04-29T05:38:55.071+0000] {logging_mixin.py:188} INFO - [2024-04-29T05:38:55.070+0000] {dagbag.py:540} INFO - Filling up the DagBag from /home/airflow/.local/lib/python3.8/site-packages/airflow/example_dags/tutorial.py
[2024-04-29T05:38:55.078+0000] {processor.py:840} INFO - DAG(s) 'tutorial' retrieved from /home/airflow/.local/lib/python3.8/site-packages/airflow/example_dags/tutorial.py
[2024-04-29T05:38:55.102+0000] {logging_mixin.py:188} INFO - [2024-04-29T05:38:55.101+0000] {dag.py:3047} INFO - Sync 1 DAGs
[2024-04-29T05:38:55.131+0000] {logging_mixin.py:188} INFO - [2024-04-29T05:38:55.131+0000] {dag.py:3834} INFO - Setting next_dagrun for tutorial to 2024-04-28 00:00:00+00:00, run_after=2024-04-29 00:00:00+00:00
[2024-04-29T05:38:55.157+0000] {processor.py:183} INFO - Processing /home/airflow/.local/lib/python3.8/site-packages/airflow/example_dags/tutorial.py took 0.092 seconds
[2024-04-29T05:39:25.412+0000] {processor.py:161} INFO - Started process (PID=2803) to work on /home/airflow/.local/lib/python3.8/site-packages/airflow/example_dags/tutorial.py
[2024-04-29T05:39:25.413+0000] {processor.py:830} INFO - Processing file /home/airflow/.local/lib/python3.8/site-packages/airflow/example_dags/tutorial.py for tasks to queue
[2024-04-29T05:39:25.414+0000] {logging_mixin.py:188} INFO - [2024-04-29T05:39:25.414+0000] {dagbag.py:540} INFO - Filling up the DagBag from /home/airflow/.local/lib/python3.8/site-packages/airflow/example_dags/tutorial.py
[2024-04-29T05:39:25.421+0000] {processor.py:840} INFO - DAG(s) 'tutorial' retrieved from /home/airflow/.local/lib/python3.8/site-packages/airflow/example_dags/tutorial.py
[2024-04-29T05:39:25.462+0000] {logging_mixin.py:188} INFO - [2024-04-29T05:39:25.462+0000] {dag.py:3047} INFO - Sync 1 DAGs
[2024-04-29T05:39:25.488+0000] {logging_mixin.py:188} INFO - [2024-04-29T05:39:25.488+0000] {dag.py:3834} INFO - Setting next_dagrun for tutorial to 2024-04-28 00:00:00+00:00, run_after=2024-04-29 00:00:00+00:00
[2024-04-29T05:39:25.519+0000] {processor.py:183} INFO - Processing /home/airflow/.local/lib/python3.8/site-packages/airflow/example_dags/tutorial.py took 0.110 seconds
[2024-04-29T05:39:55.642+0000] {processor.py:161} INFO - Started process (PID=3057) to work on /home/airflow/.local/lib/python3.8/site-packages/airflow/example_dags/tutorial.py
[2024-04-29T05:39:55.643+0000] {processor.py:830} INFO - Processing file /home/airflow/.local/lib/python3.8/site-packages/airflow/example_dags/tutorial.py for tasks to queue
[2024-04-29T05:39:55.644+0000] {logging_mixin.py:188} INFO - [2024-04-29T05:39:55.644+0000] {dagbag.py:540} INFO - Filling up the DagBag from /home/airflow/.local/lib/python3.8/site-packages/airflow/example_dags/tutorial.py
[2024-04-29T05:39:55.653+0000] {processor.py:840} INFO - DAG(s) 'tutorial' retrieved from /home/airflow/.local/lib/python3.8/site-packages/airflow/example_dags/tutorial.py
[2024-04-29T05:39:55.676+0000] {logging_mixin.py:188} INFO - [2024-04-29T05:39:55.675+0000] {dag.py:3047} INFO - Sync 1 DAGs
[2024-04-29T05:39:55.701+0000] {logging_mixin.py:188} INFO - [2024-04-29T05:39:55.701+0000] {dag.py:3834} INFO - Setting next_dagrun for tutorial to 2024-04-28 00:00:00+00:00, run_after=2024-04-29 00:00:00+00:00
[2024-04-29T05:39:55.727+0000] {processor.py:183} INFO - Processing /home/airflow/.local/lib/python3.8/site-packages/airflow/example_dags/tutorial.py took 0.088 seconds
[2024-04-29T05:40:26.698+0000] {processor.py:161} INFO - Started process (PID=3310) to work on /home/airflow/.local/lib/python3.8/site-packages/airflow/example_dags/tutorial.py
[2024-04-29T05:40:26.699+0000] {processor.py:830} INFO - Processing file /home/airflow/.local/lib/python3.8/site-packages/airflow/example_dags/tutorial.py for tasks to queue
[2024-04-29T05:40:26.700+0000] {logging_mixin.py:188} INFO - [2024-04-29T05:40:26.700+0000] {dagbag.py:540} INFO - Filling up the DagBag from /home/airflow/.local/lib/python3.8/site-packages/airflow/example_dags/tutorial.py
[2024-04-29T05:40:26.710+0000] {processor.py:840} INFO - DAG(s) 'tutorial' retrieved from /home/airflow/.local/lib/python3.8/site-packages/airflow/example_dags/tutorial.py
[2024-04-29T05:40:26.739+0000] {logging_mixin.py:188} INFO - [2024-04-29T05:40:26.739+0000] {dag.py:3047} INFO - Sync 1 DAGs
[2024-04-29T05:40:26.784+0000] {logging_mixin.py:188} INFO - [2024-04-29T05:40:26.784+0000] {dag.py:3834} INFO - Setting next_dagrun for tutorial to 2024-04-28 00:00:00+00:00, run_after=2024-04-29 00:00:00+00:00
[2024-04-29T05:40:26.850+0000] {processor.py:183} INFO - Processing /home/airflow/.local/lib/python3.8/site-packages/airflow/example_dags/tutorial.py took 0.156 seconds
[2024-04-29T05:40:56.973+0000] {processor.py:161} INFO - Started process (PID=3572) to work on /home/airflow/.local/lib/python3.8/site-packages/airflow/example_dags/tutorial.py
[2024-04-29T05:40:56.975+0000] {processor.py:830} INFO - Processing file /home/airflow/.local/lib/python3.8/site-packages/airflow/example_dags/tutorial.py for tasks to queue
[2024-04-29T05:40:56.977+0000] {logging_mixin.py:188} INFO - [2024-04-29T05:40:56.976+0000] {dagbag.py:540} INFO - Filling up the DagBag from /home/airflow/.local/lib/python3.8/site-packages/airflow/example_dags/tutorial.py
[2024-04-29T05:40:56.986+0000] {processor.py:840} INFO - DAG(s) 'tutorial' retrieved from /home/airflow/.local/lib/python3.8/site-packages/airflow/example_dags/tutorial.py
[2024-04-29T05:40:57.035+0000] {logging_mixin.py:188} INFO - [2024-04-29T05:40:57.035+0000] {dag.py:3047} INFO - Sync 1 DAGs
[2024-04-29T05:40:57.062+0000] {logging_mixin.py:188} INFO - [2024-04-29T05:40:57.062+0000] {dag.py:3834} INFO - Setting next_dagrun for tutorial to 2024-04-28 00:00:00+00:00, run_after=2024-04-29 00:00:00+00:00
[2024-04-29T05:40:57.085+0000] {processor.py:183} INFO - Processing /home/airflow/.local/lib/python3.8/site-packages/airflow/example_dags/tutorial.py took 0.134 seconds
[2024-04-29T05:41:27.787+0000] {processor.py:161} INFO - Started process (PID=3828) to work on /home/airflow/.local/lib/python3.8/site-packages/airflow/example_dags/tutorial.py
[2024-04-29T05:41:27.788+0000] {processor.py:830} INFO - Processing file /home/airflow/.local/lib/python3.8/site-packages/airflow/example_dags/tutorial.py for tasks to queue
[2024-04-29T05:41:27.790+0000] {logging_mixin.py:188} INFO - [2024-04-29T05:41:27.789+0000] {dagbag.py:540} INFO - Filling up the DagBag from /home/airflow/.local/lib/python3.8/site-packages/airflow/example_dags/tutorial.py
[2024-04-29T05:41:27.796+0000] {processor.py:840} INFO - DAG(s) 'tutorial' retrieved from /home/airflow/.local/lib/python3.8/site-packages/airflow/example_dags/tutorial.py
[2024-04-29T05:41:27.817+0000] {logging_mixin.py:188} INFO - [2024-04-29T05:41:27.817+0000] {dag.py:3047} INFO - Sync 1 DAGs
[2024-04-29T05:41:27.842+0000] {logging_mixin.py:188} INFO - [2024-04-29T05:41:27.842+0000] {dag.py:3834} INFO - Setting next_dagrun for tutorial to 2024-04-28 00:00:00+00:00, run_after=2024-04-29 00:00:00+00:00
[2024-04-29T05:41:27.867+0000] {processor.py:183} INFO - Processing /home/airflow/.local/lib/python3.8/site-packages/airflow/example_dags/tutorial.py took 0.084 seconds
[2024-04-29T05:41:58.368+0000] {processor.py:161} INFO - Started process (PID=4082) to work on /home/airflow/.local/lib/python3.8/site-packages/airflow/example_dags/tutorial.py
[2024-04-29T05:41:58.369+0000] {processor.py:830} INFO - Processing file /home/airflow/.local/lib/python3.8/site-packages/airflow/example_dags/tutorial.py for tasks to queue
[2024-04-29T05:41:58.375+0000] {logging_mixin.py:188} INFO - [2024-04-29T05:41:58.375+0000] {dagbag.py:540} INFO - Filling up the DagBag from /home/airflow/.local/lib/python3.8/site-packages/airflow/example_dags/tutorial.py
[2024-04-29T05:41:58.387+0000] {processor.py:840} INFO - DAG(s) 'tutorial' retrieved from /home/airflow/.local/lib/python3.8/site-packages/airflow/example_dags/tutorial.py
[2024-04-29T05:41:58.431+0000] {logging_mixin.py:188} INFO - [2024-04-29T05:41:58.431+0000] {dag.py:3047} INFO - Sync 1 DAGs
[2024-04-29T05:41:58.459+0000] {logging_mixin.py:188} INFO - [2024-04-29T05:41:58.459+0000] {dag.py:3834} INFO - Setting next_dagrun for tutorial to 2024-04-28 00:00:00+00:00, run_after=2024-04-29 00:00:00+00:00
[2024-04-29T05:41:58.481+0000] {processor.py:183} INFO - Processing /home/airflow/.local/lib/python3.8/site-packages/airflow/example_dags/tutorial.py took 0.125 seconds
[2024-04-29T05:42:28.993+0000] {processor.py:161} INFO - Started process (PID=4334) to work on /home/airflow/.local/lib/python3.8/site-packages/airflow/example_dags/tutorial.py
[2024-04-29T05:42:28.994+0000] {processor.py:830} INFO - Processing file /home/airflow/.local/lib/python3.8/site-packages/airflow/example_dags/tutorial.py for tasks to queue
[2024-04-29T05:42:28.995+0000] {logging_mixin.py:188} INFO - [2024-04-29T05:42:28.995+0000] {dagbag.py:540} INFO - Filling up the DagBag from /home/airflow/.local/lib/python3.8/site-packages/airflow/example_dags/tutorial.py
[2024-04-29T05:42:29.002+0000] {processor.py:840} INFO - DAG(s) 'tutorial' retrieved from /home/airflow/.local/lib/python3.8/site-packages/airflow/example_dags/tutorial.py
[2024-04-29T05:42:29.026+0000] {logging_mixin.py:188} INFO - [2024-04-29T05:42:29.026+0000] {dag.py:3047} INFO - Sync 1 DAGs
[2024-04-29T05:42:29.055+0000] {logging_mixin.py:188} INFO - [2024-04-29T05:42:29.055+0000] {dag.py:3834} INFO - Setting next_dagrun for tutorial to 2024-04-28 00:00:00+00:00, run_after=2024-04-29 00:00:00+00:00
[2024-04-29T05:42:29.080+0000] {processor.py:183} INFO - Processing /home/airflow/.local/lib/python3.8/site-packages/airflow/example_dags/tutorial.py took 0.091 seconds
[2024-04-29T05:42:59.788+0000] {processor.py:161} INFO - Started process (PID=4585) to work on /home/airflow/.local/lib/python3.8/site-packages/airflow/example_dags/tutorial.py
[2024-04-29T05:42:59.789+0000] {processor.py:830} INFO - Processing file /home/airflow/.local/lib/python3.8/site-packages/airflow/example_dags/tutorial.py for tasks to queue
[2024-04-29T05:42:59.790+0000] {logging_mixin.py:188} INFO - [2024-04-29T05:42:59.790+0000] {dagbag.py:540} INFO - Filling up the DagBag from /home/airflow/.local/lib/python3.8/site-packages/airflow/example_dags/tutorial.py
[2024-04-29T05:42:59.797+0000] {processor.py:840} INFO - DAG(s) 'tutorial' retrieved from /home/airflow/.local/lib/python3.8/site-packages/airflow/example_dags/tutorial.py
[2024-04-29T05:42:59.818+0000] {logging_mixin.py:188} INFO - [2024-04-29T05:42:59.818+0000] {dag.py:3047} INFO - Sync 1 DAGs
[2024-04-29T05:42:59.844+0000] {logging_mixin.py:188} INFO - [2024-04-29T05:42:59.844+0000] {dag.py:3834} INFO - Setting next_dagrun for tutorial to 2024-04-28 00:00:00+00:00, run_after=2024-04-29 00:00:00+00:00
[2024-04-29T05:42:59.871+0000] {processor.py:183} INFO - Processing /home/airflow/.local/lib/python3.8/site-packages/airflow/example_dags/tutorial.py took 0.087 seconds
[2024-04-29T05:43:30.127+0000] {processor.py:161} INFO - Started process (PID=4838) to work on /home/airflow/.local/lib/python3.8/site-packages/airflow/example_dags/tutorial.py
[2024-04-29T05:43:30.128+0000] {processor.py:830} INFO - Processing file /home/airflow/.local/lib/python3.8/site-packages/airflow/example_dags/tutorial.py for tasks to queue
[2024-04-29T05:43:30.130+0000] {logging_mixin.py:188} INFO - [2024-04-29T05:43:30.129+0000] {dagbag.py:540} INFO - Filling up the DagBag from /home/airflow/.local/lib/python3.8/site-packages/airflow/example_dags/tutorial.py
[2024-04-29T05:43:30.137+0000] {processor.py:840} INFO - DAG(s) 'tutorial' retrieved from /home/airflow/.local/lib/python3.8/site-packages/airflow/example_dags/tutorial.py
[2024-04-29T05:43:30.160+0000] {logging_mixin.py:188} INFO - [2024-04-29T05:43:30.160+0000] {dag.py:3047} INFO - Sync 1 DAGs
[2024-04-29T05:43:30.187+0000] {logging_mixin.py:188} INFO - [2024-04-29T05:43:30.187+0000] {dag.py:3834} INFO - Setting next_dagrun for tutorial to 2024-04-28 00:00:00+00:00, run_after=2024-04-29 00:00:00+00:00
[2024-04-29T05:43:30.212+0000] {processor.py:183} INFO - Processing /home/airflow/.local/lib/python3.8/site-packages/airflow/example_dags/tutorial.py took 0.088 seconds
[2024-04-29T05:44:00.250+0000] {processor.py:161} INFO - Started process (PID=5090) to work on /home/airflow/.local/lib/python3.8/site-packages/airflow/example_dags/tutorial.py
[2024-04-29T05:44:00.252+0000] {processor.py:830} INFO - Processing file /home/airflow/.local/lib/python3.8/site-packages/airflow/example_dags/tutorial.py for tasks to queue
[2024-04-29T05:44:00.253+0000] {logging_mixin.py:188} INFO - [2024-04-29T05:44:00.252+0000] {dagbag.py:540} INFO - Filling up the DagBag from /home/airflow/.local/lib/python3.8/site-packages/airflow/example_dags/tutorial.py
[2024-04-29T05:44:00.259+0000] {processor.py:840} INFO - DAG(s) 'tutorial' retrieved from /home/airflow/.local/lib/python3.8/site-packages/airflow/example_dags/tutorial.py
[2024-04-29T05:44:00.283+0000] {logging_mixin.py:188} INFO - [2024-04-29T05:44:00.283+0000] {dag.py:3047} INFO - Sync 1 DAGs
[2024-04-29T05:44:00.312+0000] {logging_mixin.py:188} INFO - [2024-04-29T05:44:00.312+0000] {dag.py:3834} INFO - Setting next_dagrun for tutorial to 2024-04-28 00:00:00+00:00, run_after=2024-04-29 00:00:00+00:00
[2024-04-29T05:44:00.338+0000] {processor.py:183} INFO - Processing /home/airflow/.local/lib/python3.8/site-packages/airflow/example_dags/tutorial.py took 0.092 seconds
[2024-04-29T05:44:30.903+0000] {processor.py:161} INFO - Started process (PID=5343) to work on /home/airflow/.local/lib/python3.8/site-packages/airflow/example_dags/tutorial.py
[2024-04-29T05:44:30.904+0000] {processor.py:830} INFO - Processing file /home/airflow/.local/lib/python3.8/site-packages/airflow/example_dags/tutorial.py for tasks to queue
[2024-04-29T05:44:30.904+0000] {logging_mixin.py:188} INFO - [2024-04-29T05:44:30.904+0000] {dagbag.py:540} INFO - Filling up the DagBag from /home/airflow/.local/lib/python3.8/site-packages/airflow/example_dags/tutorial.py
[2024-04-29T05:44:30.909+0000] {processor.py:840} INFO - DAG(s) 'tutorial' retrieved from /home/airflow/.local/lib/python3.8/site-packages/airflow/example_dags/tutorial.py
[2024-04-29T05:44:30.930+0000] {logging_mixin.py:188} INFO - [2024-04-29T05:44:30.930+0000] {dag.py:3047} INFO - Sync 1 DAGs
[2024-04-29T05:44:30.975+0000] {logging_mixin.py:188} INFO - [2024-04-29T05:44:30.974+0000] {dag.py:3834} INFO - Setting next_dagrun for tutorial to 2024-04-28 00:00:00+00:00, run_after=2024-04-29 00:00:00+00:00
[2024-04-29T05:44:30.999+0000] {processor.py:183} INFO - Processing /home/airflow/.local/lib/python3.8/site-packages/airflow/example_dags/tutorial.py took 0.099 seconds
[2024-04-29T05:45:01.091+0000] {processor.py:161} INFO - Started process (PID=5595) to work on /home/airflow/.local/lib/python3.8/site-packages/airflow/example_dags/tutorial.py
[2024-04-29T05:45:01.092+0000] {processor.py:830} INFO - Processing file /home/airflow/.local/lib/python3.8/site-packages/airflow/example_dags/tutorial.py for tasks to queue
[2024-04-29T05:45:01.093+0000] {logging_mixin.py:188} INFO - [2024-04-29T05:45:01.093+0000] {dagbag.py:540} INFO - Filling up the DagBag from /home/airflow/.local/lib/python3.8/site-packages/airflow/example_dags/tutorial.py
[2024-04-29T05:45:01.100+0000] {processor.py:840} INFO - DAG(s) 'tutorial' retrieved from /home/airflow/.local/lib/python3.8/site-packages/airflow/example_dags/tutorial.py
[2024-04-29T05:45:01.121+0000] {logging_mixin.py:188} INFO - [2024-04-29T05:45:01.121+0000] {dag.py:3047} INFO - Sync 1 DAGs
[2024-04-29T05:45:01.148+0000] {logging_mixin.py:188} INFO - [2024-04-29T05:45:01.148+0000] {dag.py:3834} INFO - Setting next_dagrun for tutorial to 2024-04-28 00:00:00+00:00, run_after=2024-04-29 00:00:00+00:00
[2024-04-29T05:45:01.174+0000] {processor.py:183} INFO - Processing /home/airflow/.local/lib/python3.8/site-packages/airflow/example_dags/tutorial.py took 0.086 seconds
[2024-04-29T05:45:31.339+0000] {processor.py:161} INFO - Started process (PID=5848) to work on /home/airflow/.local/lib/python3.8/site-packages/airflow/example_dags/tutorial.py
[2024-04-29T05:45:31.340+0000] {processor.py:830} INFO - Processing file /home/airflow/.local/lib/python3.8/site-packages/airflow/example_dags/tutorial.py for tasks to queue
[2024-04-29T05:45:31.341+0000] {logging_mixin.py:188} INFO - [2024-04-29T05:45:31.341+0000] {dagbag.py:540} INFO - Filling up the DagBag from /home/airflow/.local/lib/python3.8/site-packages/airflow/example_dags/tutorial.py
[2024-04-29T05:45:31.348+0000] {processor.py:840} INFO - DAG(s) 'tutorial' retrieved from /home/airflow/.local/lib/python3.8/site-packages/airflow/example_dags/tutorial.py
[2024-04-29T05:45:31.370+0000] {logging_mixin.py:188} INFO - [2024-04-29T05:45:31.370+0000] {dag.py:3047} INFO - Sync 1 DAGs
[2024-04-29T05:45:31.396+0000] {logging_mixin.py:188} INFO - [2024-04-29T05:45:31.396+0000] {dag.py:3834} INFO - Setting next_dagrun for tutorial to 2024-04-28 00:00:00+00:00, run_after=2024-04-29 00:00:00+00:00
[2024-04-29T05:45:31.420+0000] {processor.py:183} INFO - Processing /home/airflow/.local/lib/python3.8/site-packages/airflow/example_dags/tutorial.py took 0.085 seconds
[2024-04-29T05:46:01.822+0000] {processor.py:161} INFO - Started process (PID=6100) to work on /home/airflow/.local/lib/python3.8/site-packages/airflow/example_dags/tutorial.py
[2024-04-29T05:46:01.823+0000] {processor.py:830} INFO - Processing file /home/airflow/.local/lib/python3.8/site-packages/airflow/example_dags/tutorial.py for tasks to queue
[2024-04-29T05:46:01.824+0000] {logging_mixin.py:188} INFO - [2024-04-29T05:46:01.824+0000] {dagbag.py:540} INFO - Filling up the DagBag from /home/airflow/.local/lib/python3.8/site-packages/airflow/example_dags/tutorial.py
[2024-04-29T05:46:01.831+0000] {processor.py:840} INFO - DAG(s) 'tutorial' retrieved from /home/airflow/.local/lib/python3.8/site-packages/airflow/example_dags/tutorial.py
[2024-04-29T05:46:01.852+0000] {logging_mixin.py:188} INFO - [2024-04-29T05:46:01.852+0000] {dag.py:3047} INFO - Sync 1 DAGs
[2024-04-29T05:46:01.877+0000] {logging_mixin.py:188} INFO - [2024-04-29T05:46:01.877+0000] {dag.py:3834} INFO - Setting next_dagrun for tutorial to 2024-04-28 00:00:00+00:00, run_after=2024-04-29 00:00:00+00:00
[2024-04-29T05:46:01.902+0000] {processor.py:183} INFO - Processing /home/airflow/.local/lib/python3.8/site-packages/airflow/example_dags/tutorial.py took 0.083 seconds
[2024-04-29T05:46:32.352+0000] {processor.py:161} INFO - Started process (PID=6353) to work on /home/airflow/.local/lib/python3.8/site-packages/airflow/example_dags/tutorial.py
[2024-04-29T05:46:32.353+0000] {processor.py:830} INFO - Processing file /home/airflow/.local/lib/python3.8/site-packages/airflow/example_dags/tutorial.py for tasks to queue
[2024-04-29T05:46:32.354+0000] {logging_mixin.py:188} INFO - [2024-04-29T05:46:32.353+0000] {dagbag.py:540} INFO - Filling up the DagBag from /home/airflow/.local/lib/python3.8/site-packages/airflow/example_dags/tutorial.py
[2024-04-29T05:46:32.360+0000] {processor.py:840} INFO - DAG(s) 'tutorial' retrieved from /home/airflow/.local/lib/python3.8/site-packages/airflow/example_dags/tutorial.py
[2024-04-29T05:46:32.382+0000] {logging_mixin.py:188} INFO - [2024-04-29T05:46:32.382+0000] {dag.py:3047} INFO - Sync 1 DAGs
[2024-04-29T05:46:32.411+0000] {logging_mixin.py:188} INFO - [2024-04-29T05:46:32.411+0000] {dag.py:3834} INFO - Setting next_dagrun for tutorial to 2024-04-28 00:00:00+00:00, run_after=2024-04-29 00:00:00+00:00
[2024-04-29T05:46:32.435+0000] {processor.py:183} INFO - Processing /home/airflow/.local/lib/python3.8/site-packages/airflow/example_dags/tutorial.py took 0.087 seconds
[2024-04-29T05:47:03.328+0000] {processor.py:161} INFO - Started process (PID=6605) to work on /home/airflow/.local/lib/python3.8/site-packages/airflow/example_dags/tutorial.py
[2024-04-29T05:47:03.329+0000] {processor.py:830} INFO - Processing file /home/airflow/.local/lib/python3.8/site-packages/airflow/example_dags/tutorial.py for tasks to queue
[2024-04-29T05:47:03.330+0000] {logging_mixin.py:188} INFO - [2024-04-29T05:47:03.330+0000] {dagbag.py:540} INFO - Filling up the DagBag from /home/airflow/.local/lib/python3.8/site-packages/airflow/example_dags/tutorial.py
[2024-04-29T05:47:03.338+0000] {processor.py:840} INFO - DAG(s) 'tutorial' retrieved from /home/airflow/.local/lib/python3.8/site-packages/airflow/example_dags/tutorial.py
[2024-04-29T05:47:03.361+0000] {logging_mixin.py:188} INFO - [2024-04-29T05:47:03.360+0000] {dag.py:3047} INFO - Sync 1 DAGs
[2024-04-29T05:47:03.386+0000] {logging_mixin.py:188} INFO - [2024-04-29T05:47:03.386+0000] {dag.py:3834} INFO - Setting next_dagrun for tutorial to 2024-04-28 00:00:00+00:00, run_after=2024-04-29 00:00:00+00:00
[2024-04-29T05:47:03.412+0000] {processor.py:183} INFO - Processing /home/airflow/.local/lib/python3.8/site-packages/airflow/example_dags/tutorial.py took 0.087 seconds
[2024-04-29T05:47:33.854+0000] {processor.py:161} INFO - Started process (PID=6857) to work on /home/airflow/.local/lib/python3.8/site-packages/airflow/example_dags/tutorial.py
[2024-04-29T05:47:33.855+0000] {processor.py:830} INFO - Processing file /home/airflow/.local/lib/python3.8/site-packages/airflow/example_dags/tutorial.py for tasks to queue
[2024-04-29T05:47:33.856+0000] {logging_mixin.py:188} INFO - [2024-04-29T05:47:33.856+0000] {dagbag.py:540} INFO - Filling up the DagBag from /home/airflow/.local/lib/python3.8/site-packages/airflow/example_dags/tutorial.py
[2024-04-29T05:47:33.863+0000] {processor.py:840} INFO - DAG(s) 'tutorial' retrieved from /home/airflow/.local/lib/python3.8/site-packages/airflow/example_dags/tutorial.py
[2024-04-29T05:47:33.885+0000] {logging_mixin.py:188} INFO - [2024-04-29T05:47:33.884+0000] {dag.py:3047} INFO - Sync 1 DAGs
[2024-04-29T05:47:33.911+0000] {logging_mixin.py:188} INFO - [2024-04-29T05:47:33.910+0000] {dag.py:3834} INFO - Setting next_dagrun for tutorial to 2024-04-28 00:00:00+00:00, run_after=2024-04-29 00:00:00+00:00
[2024-04-29T05:47:33.934+0000] {processor.py:183} INFO - Processing /home/airflow/.local/lib/python3.8/site-packages/airflow/example_dags/tutorial.py took 0.085 seconds
[2024-04-29T05:48:04.297+0000] {processor.py:161} INFO - Started process (PID=7110) to work on /home/airflow/.local/lib/python3.8/site-packages/airflow/example_dags/tutorial.py
[2024-04-29T05:48:04.298+0000] {processor.py:830} INFO - Processing file /home/airflow/.local/lib/python3.8/site-packages/airflow/example_dags/tutorial.py for tasks to queue
[2024-04-29T05:48:04.299+0000] {logging_mixin.py:188} INFO - [2024-04-29T05:48:04.299+0000] {dagbag.py:540} INFO - Filling up the DagBag from /home/airflow/.local/lib/python3.8/site-packages/airflow/example_dags/tutorial.py
[2024-04-29T05:48:04.306+0000] {processor.py:840} INFO - DAG(s) 'tutorial' retrieved from /home/airflow/.local/lib/python3.8/site-packages/airflow/example_dags/tutorial.py
[2024-04-29T05:48:04.328+0000] {logging_mixin.py:188} INFO - [2024-04-29T05:48:04.327+0000] {dag.py:3047} INFO - Sync 1 DAGs
[2024-04-29T05:48:04.355+0000] {logging_mixin.py:188} INFO - [2024-04-29T05:48:04.354+0000] {dag.py:3834} INFO - Setting next_dagrun for tutorial to 2024-04-28 00:00:00+00:00, run_after=2024-04-29 00:00:00+00:00
[2024-04-29T05:48:04.379+0000] {processor.py:183} INFO - Processing /home/airflow/.local/lib/python3.8/site-packages/airflow/example_dags/tutorial.py took 0.085 seconds
[2024-04-29T05:48:34.500+0000] {processor.py:161} INFO - Started process (PID=7362) to work on /home/airflow/.local/lib/python3.8/site-packages/airflow/example_dags/tutorial.py
[2024-04-29T05:48:34.501+0000] {processor.py:830} INFO - Processing file /home/airflow/.local/lib/python3.8/site-packages/airflow/example_dags/tutorial.py for tasks to queue
[2024-04-29T05:48:34.502+0000] {logging_mixin.py:188} INFO - [2024-04-29T05:48:34.501+0000] {dagbag.py:540} INFO - Filling up the DagBag from /home/airflow/.local/lib/python3.8/site-packages/airflow/example_dags/tutorial.py
[2024-04-29T05:48:34.508+0000] {processor.py:840} INFO - DAG(s) 'tutorial' retrieved from /home/airflow/.local/lib/python3.8/site-packages/airflow/example_dags/tutorial.py
[2024-04-29T05:48:34.529+0000] {logging_mixin.py:188} INFO - [2024-04-29T05:48:34.529+0000] {dag.py:3047} INFO - Sync 1 DAGs
[2024-04-29T05:48:34.558+0000] {logging_mixin.py:188} INFO - [2024-04-29T05:48:34.558+0000] {dag.py:3834} INFO - Setting next_dagrun for tutorial to 2024-04-28 00:00:00+00:00, run_after=2024-04-29 00:00:00+00:00
[2024-04-29T05:48:34.583+0000] {processor.py:183} INFO - Processing /home/airflow/.local/lib/python3.8/site-packages/airflow/example_dags/tutorial.py took 0.087 seconds
[2024-04-29T05:49:05.109+0000] {processor.py:161} INFO - Started process (PID=7614) to work on /home/airflow/.local/lib/python3.8/site-packages/airflow/example_dags/tutorial.py
[2024-04-29T05:49:05.110+0000] {processor.py:830} INFO - Processing file /home/airflow/.local/lib/python3.8/site-packages/airflow/example_dags/tutorial.py for tasks to queue
[2024-04-29T05:49:05.110+0000] {logging_mixin.py:188} INFO - [2024-04-29T05:49:05.110+0000] {dagbag.py:540} INFO - Filling up the DagBag from /home/airflow/.local/lib/python3.8/site-packages/airflow/example_dags/tutorial.py
[2024-04-29T05:49:05.115+0000] {processor.py:840} INFO - DAG(s) 'tutorial' retrieved from /home/airflow/.local/lib/python3.8/site-packages/airflow/example_dags/tutorial.py
[2024-04-29T05:49:05.138+0000] {logging_mixin.py:188} INFO - [2024-04-29T05:49:05.138+0000] {dag.py:3047} INFO - Sync 1 DAGs
[2024-04-29T05:49:05.170+0000] {logging_mixin.py:188} INFO - [2024-04-29T05:49:05.170+0000] {dag.py:3834} INFO - Setting next_dagrun for tutorial to 2024-04-28 00:00:00+00:00, run_after=2024-04-29 00:00:00+00:00
[2024-04-29T05:49:05.196+0000] {processor.py:183} INFO - Processing /home/airflow/.local/lib/python3.8/site-packages/airflow/example_dags/tutorial.py took 0.090 seconds
[2024-04-29T05:49:35.319+0000] {processor.py:161} INFO - Started process (PID=7866) to work on /home/airflow/.local/lib/python3.8/site-packages/airflow/example_dags/tutorial.py
[2024-04-29T05:49:35.320+0000] {processor.py:830} INFO - Processing file /home/airflow/.local/lib/python3.8/site-packages/airflow/example_dags/tutorial.py for tasks to queue
[2024-04-29T05:49:35.322+0000] {logging_mixin.py:188} INFO - [2024-04-29T05:49:35.321+0000] {dagbag.py:540} INFO - Filling up the DagBag from /home/airflow/.local/lib/python3.8/site-packages/airflow/example_dags/tutorial.py
[2024-04-29T05:49:35.328+0000] {processor.py:840} INFO - DAG(s) 'tutorial' retrieved from /home/airflow/.local/lib/python3.8/site-packages/airflow/example_dags/tutorial.py
[2024-04-29T05:49:35.352+0000] {logging_mixin.py:188} INFO - [2024-04-29T05:49:35.351+0000] {dag.py:3047} INFO - Sync 1 DAGs
[2024-04-29T05:49:35.376+0000] {logging_mixin.py:188} INFO - [2024-04-29T05:49:35.376+0000] {dag.py:3834} INFO - Setting next_dagrun for tutorial to 2024-04-28 00:00:00+00:00, run_after=2024-04-29 00:00:00+00:00
[2024-04-29T05:49:35.447+0000] {processor.py:183} INFO - Processing /home/airflow/.local/lib/python3.8/site-packages/airflow/example_dags/tutorial.py took 0.132 seconds
[2024-04-29T05:50:05.494+0000] {processor.py:161} INFO - Started process (PID=8121) to work on /home/airflow/.local/lib/python3.8/site-packages/airflow/example_dags/tutorial.py
[2024-04-29T05:50:05.495+0000] {processor.py:830} INFO - Processing file /home/airflow/.local/lib/python3.8/site-packages/airflow/example_dags/tutorial.py for tasks to queue
[2024-04-29T05:50:05.496+0000] {logging_mixin.py:188} INFO - [2024-04-29T05:50:05.496+0000] {dagbag.py:540} INFO - Filling up the DagBag from /home/airflow/.local/lib/python3.8/site-packages/airflow/example_dags/tutorial.py
[2024-04-29T05:50:05.502+0000] {processor.py:840} INFO - DAG(s) 'tutorial' retrieved from /home/airflow/.local/lib/python3.8/site-packages/airflow/example_dags/tutorial.py
[2024-04-29T05:50:05.529+0000] {logging_mixin.py:188} INFO - [2024-04-29T05:50:05.528+0000] {dag.py:3047} INFO - Sync 1 DAGs
[2024-04-29T05:50:05.548+0000] {logging_mixin.py:188} INFO - [2024-04-29T05:50:05.548+0000] {dag.py:3834} INFO - Setting next_dagrun for tutorial to 2024-04-28 00:00:00+00:00, run_after=2024-04-29 00:00:00+00:00
[2024-04-29T05:50:05.569+0000] {processor.py:183} INFO - Processing /home/airflow/.local/lib/python3.8/site-packages/airflow/example_dags/tutorial.py took 0.077 seconds
