[2024-04-29T05:31:51.437+0000] {processor.py:161} INFO - Started process (PID=216) to work on /home/airflow/.local/lib/python3.8/site-packages/airflow/example_dags/tutorial_dag.py
[2024-04-29T05:31:51.438+0000] {processor.py:830} INFO - Processing file /home/airflow/.local/lib/python3.8/site-packages/airflow/example_dags/tutorial_dag.py for tasks to queue
[2024-04-29T05:31:51.439+0000] {logging_mixin.py:188} INFO - [2024-04-29T05:31:51.439+0000] {dagbag.py:540} INFO - Filling up the DagBag from /home/airflow/.local/lib/python3.8/site-packages/airflow/example_dags/tutorial_dag.py
[2024-04-29T05:31:51.462+0000] {processor.py:840} INFO - DAG(s) 'tutorial_dag' retrieved from /home/airflow/.local/lib/python3.8/site-packages/airflow/example_dags/tutorial_dag.py
[2024-04-29T05:31:51.859+0000] {logging_mixin.py:188} INFO - [2024-04-29T05:31:51.858+0000] {override.py:1769} INFO - Created Permission View: can read on DAG:tutorial_dag
[2024-04-29T05:31:51.903+0000] {logging_mixin.py:188} INFO - [2024-04-29T05:31:51.902+0000] {override.py:1769} INFO - Created Permission View: can edit on DAG:tutorial_dag
[2024-04-29T05:31:51.970+0000] {logging_mixin.py:188} INFO - [2024-04-29T05:31:51.970+0000] {override.py:1769} INFO - Created Permission View: can delete on DAG:tutorial_dag
[2024-04-29T05:31:51.971+0000] {logging_mixin.py:188} INFO - [2024-04-29T05:31:51.970+0000] {dag.py:3047} INFO - Sync 1 DAGs
[2024-04-29T05:31:51.992+0000] {logging_mixin.py:188} INFO - [2024-04-29T05:31:51.992+0000] {dag.py:3069} INFO - Creating ORM DAG for tutorial_dag
[2024-04-29T05:31:51.993+0000] {logging_mixin.py:188} INFO - [2024-04-29T05:31:51.993+0000] {dag.py:3834} INFO - Setting next_dagrun for tutorial_dag to None, run_after=None
[2024-04-29T05:31:52.033+0000] {processor.py:183} INFO - Processing /home/airflow/.local/lib/python3.8/site-packages/airflow/example_dags/tutorial_dag.py took 0.600 seconds
[2024-04-29T05:32:23.062+0000] {processor.py:161} INFO - Started process (PID=470) to work on /home/airflow/.local/lib/python3.8/site-packages/airflow/example_dags/tutorial_dag.py
[2024-04-29T05:32:23.063+0000] {processor.py:830} INFO - Processing file /home/airflow/.local/lib/python3.8/site-packages/airflow/example_dags/tutorial_dag.py for tasks to queue
[2024-04-29T05:32:23.064+0000] {logging_mixin.py:188} INFO - [2024-04-29T05:32:23.064+0000] {dagbag.py:540} INFO - Filling up the DagBag from /home/airflow/.local/lib/python3.8/site-packages/airflow/example_dags/tutorial_dag.py
[2024-04-29T05:32:23.079+0000] {processor.py:840} INFO - DAG(s) 'tutorial_dag' retrieved from /home/airflow/.local/lib/python3.8/site-packages/airflow/example_dags/tutorial_dag.py
[2024-04-29T05:32:23.105+0000] {logging_mixin.py:188} INFO - [2024-04-29T05:32:23.104+0000] {dag.py:3047} INFO - Sync 1 DAGs
[2024-04-29T05:32:23.123+0000] {logging_mixin.py:188} INFO - [2024-04-29T05:32:23.123+0000] {dag.py:3834} INFO - Setting next_dagrun for tutorial_dag to None, run_after=None
[2024-04-29T05:32:23.149+0000] {processor.py:183} INFO - Processing /home/airflow/.local/lib/python3.8/site-packages/airflow/example_dags/tutorial_dag.py took 0.090 seconds
[2024-04-29T05:32:53.425+0000] {processor.py:161} INFO - Started process (PID=721) to work on /home/airflow/.local/lib/python3.8/site-packages/airflow/example_dags/tutorial_dag.py
[2024-04-29T05:32:53.426+0000] {processor.py:830} INFO - Processing file /home/airflow/.local/lib/python3.8/site-packages/airflow/example_dags/tutorial_dag.py for tasks to queue
[2024-04-29T05:32:53.428+0000] {logging_mixin.py:188} INFO - [2024-04-29T05:32:53.427+0000] {dagbag.py:540} INFO - Filling up the DagBag from /home/airflow/.local/lib/python3.8/site-packages/airflow/example_dags/tutorial_dag.py
[2024-04-29T05:32:53.433+0000] {processor.py:840} INFO - DAG(s) 'tutorial_dag' retrieved from /home/airflow/.local/lib/python3.8/site-packages/airflow/example_dags/tutorial_dag.py
[2024-04-29T05:32:53.461+0000] {logging_mixin.py:188} INFO - [2024-04-29T05:32:53.460+0000] {dag.py:3047} INFO - Sync 1 DAGs
[2024-04-29T05:32:53.476+0000] {logging_mixin.py:188} INFO - [2024-04-29T05:32:53.476+0000] {dag.py:3834} INFO - Setting next_dagrun for tutorial_dag to None, run_after=None
[2024-04-29T05:32:53.499+0000] {processor.py:183} INFO - Processing /home/airflow/.local/lib/python3.8/site-packages/airflow/example_dags/tutorial_dag.py took 0.080 seconds
[2024-04-29T05:34:25.414+0000] {processor.py:161} INFO - Started process (PID=215) to work on /home/airflow/.local/lib/python3.8/site-packages/airflow/example_dags/tutorial_dag.py
[2024-04-29T05:34:25.416+0000] {processor.py:830} INFO - Processing file /home/airflow/.local/lib/python3.8/site-packages/airflow/example_dags/tutorial_dag.py for tasks to queue
[2024-04-29T05:34:25.420+0000] {logging_mixin.py:188} INFO - [2024-04-29T05:34:25.416+0000] {dagbag.py:540} INFO - Filling up the DagBag from /home/airflow/.local/lib/python3.8/site-packages/airflow/example_dags/tutorial_dag.py
[2024-04-29T05:34:25.442+0000] {processor.py:840} INFO - DAG(s) 'tutorial_dag' retrieved from /home/airflow/.local/lib/python3.8/site-packages/airflow/example_dags/tutorial_dag.py
[2024-04-29T05:34:25.469+0000] {logging_mixin.py:188} INFO - [2024-04-29T05:34:25.469+0000] {dag.py:3047} INFO - Sync 1 DAGs
[2024-04-29T05:34:25.509+0000] {logging_mixin.py:188} INFO - [2024-04-29T05:34:25.508+0000] {dag.py:3834} INFO - Setting next_dagrun for tutorial_dag to None, run_after=None
[2024-04-29T05:34:25.562+0000] {processor.py:183} INFO - Processing /home/airflow/.local/lib/python3.8/site-packages/airflow/example_dags/tutorial_dag.py took 0.152 seconds
[2024-04-29T05:34:56.718+0000] {processor.py:161} INFO - Started process (PID=467) to work on /home/airflow/.local/lib/python3.8/site-packages/airflow/example_dags/tutorial_dag.py
[2024-04-29T05:34:56.720+0000] {processor.py:830} INFO - Processing file /home/airflow/.local/lib/python3.8/site-packages/airflow/example_dags/tutorial_dag.py for tasks to queue
[2024-04-29T05:34:56.721+0000] {logging_mixin.py:188} INFO - [2024-04-29T05:34:56.720+0000] {dagbag.py:540} INFO - Filling up the DagBag from /home/airflow/.local/lib/python3.8/site-packages/airflow/example_dags/tutorial_dag.py
[2024-04-29T05:34:56.727+0000] {processor.py:840} INFO - DAG(s) 'tutorial_dag' retrieved from /home/airflow/.local/lib/python3.8/site-packages/airflow/example_dags/tutorial_dag.py
[2024-04-29T05:34:56.858+0000] {logging_mixin.py:188} INFO - [2024-04-29T05:34:56.858+0000] {dag.py:3047} INFO - Sync 1 DAGs
[2024-04-29T05:34:56.871+0000] {logging_mixin.py:188} INFO - [2024-04-29T05:34:56.871+0000] {dag.py:3834} INFO - Setting next_dagrun for tutorial_dag to None, run_after=None
[2024-04-29T05:34:56.909+0000] {processor.py:183} INFO - Processing /home/airflow/.local/lib/python3.8/site-packages/airflow/example_dags/tutorial_dag.py took 0.195 seconds
[2024-04-29T05:35:27.772+0000] {processor.py:161} INFO - Started process (PID=718) to work on /home/airflow/.local/lib/python3.8/site-packages/airflow/example_dags/tutorial_dag.py
[2024-04-29T05:35:27.773+0000] {processor.py:830} INFO - Processing file /home/airflow/.local/lib/python3.8/site-packages/airflow/example_dags/tutorial_dag.py for tasks to queue
[2024-04-29T05:35:27.774+0000] {logging_mixin.py:188} INFO - [2024-04-29T05:35:27.774+0000] {dagbag.py:540} INFO - Filling up the DagBag from /home/airflow/.local/lib/python3.8/site-packages/airflow/example_dags/tutorial_dag.py
[2024-04-29T05:35:27.780+0000] {processor.py:840} INFO - DAG(s) 'tutorial_dag' retrieved from /home/airflow/.local/lib/python3.8/site-packages/airflow/example_dags/tutorial_dag.py
[2024-04-29T05:35:27.817+0000] {logging_mixin.py:188} INFO - [2024-04-29T05:35:27.817+0000] {dag.py:3047} INFO - Sync 1 DAGs
[2024-04-29T05:35:27.834+0000] {logging_mixin.py:188} INFO - [2024-04-29T05:35:27.833+0000] {dag.py:3834} INFO - Setting next_dagrun for tutorial_dag to None, run_after=None
[2024-04-29T05:35:27.873+0000] {processor.py:183} INFO - Processing /home/airflow/.local/lib/python3.8/site-packages/airflow/example_dags/tutorial_dag.py took 0.106 seconds
[2024-04-29T05:35:57.985+0000] {processor.py:161} INFO - Started process (PID=970) to work on /home/airflow/.local/lib/python3.8/site-packages/airflow/example_dags/tutorial_dag.py
[2024-04-29T05:35:57.986+0000] {processor.py:830} INFO - Processing file /home/airflow/.local/lib/python3.8/site-packages/airflow/example_dags/tutorial_dag.py for tasks to queue
[2024-04-29T05:35:57.987+0000] {logging_mixin.py:188} INFO - [2024-04-29T05:35:57.987+0000] {dagbag.py:540} INFO - Filling up the DagBag from /home/airflow/.local/lib/python3.8/site-packages/airflow/example_dags/tutorial_dag.py
[2024-04-29T05:35:57.992+0000] {processor.py:840} INFO - DAG(s) 'tutorial_dag' retrieved from /home/airflow/.local/lib/python3.8/site-packages/airflow/example_dags/tutorial_dag.py
[2024-04-29T05:35:58.015+0000] {logging_mixin.py:188} INFO - [2024-04-29T05:35:58.014+0000] {dag.py:3047} INFO - Sync 1 DAGs
[2024-04-29T05:35:58.029+0000] {logging_mixin.py:188} INFO - [2024-04-29T05:35:58.029+0000] {dag.py:3834} INFO - Setting next_dagrun for tutorial_dag to None, run_after=None
[2024-04-29T05:35:58.059+0000] {processor.py:183} INFO - Processing /home/airflow/.local/lib/python3.8/site-packages/airflow/example_dags/tutorial_dag.py took 0.077 seconds
[2024-04-29T05:36:28.577+0000] {processor.py:161} INFO - Started process (PID=1223) to work on /home/airflow/.local/lib/python3.8/site-packages/airflow/example_dags/tutorial_dag.py
[2024-04-29T05:36:28.578+0000] {processor.py:830} INFO - Processing file /home/airflow/.local/lib/python3.8/site-packages/airflow/example_dags/tutorial_dag.py for tasks to queue
[2024-04-29T05:36:28.579+0000] {logging_mixin.py:188} INFO - [2024-04-29T05:36:28.579+0000] {dagbag.py:540} INFO - Filling up the DagBag from /home/airflow/.local/lib/python3.8/site-packages/airflow/example_dags/tutorial_dag.py
[2024-04-29T05:36:28.585+0000] {processor.py:840} INFO - DAG(s) 'tutorial_dag' retrieved from /home/airflow/.local/lib/python3.8/site-packages/airflow/example_dags/tutorial_dag.py
[2024-04-29T05:36:28.614+0000] {logging_mixin.py:188} INFO - [2024-04-29T05:36:28.614+0000] {dag.py:3047} INFO - Sync 1 DAGs
[2024-04-29T05:36:28.628+0000] {logging_mixin.py:188} INFO - [2024-04-29T05:36:28.628+0000] {dag.py:3834} INFO - Setting next_dagrun for tutorial_dag to None, run_after=None
[2024-04-29T05:36:28.652+0000] {processor.py:183} INFO - Processing /home/airflow/.local/lib/python3.8/site-packages/airflow/example_dags/tutorial_dag.py took 0.078 seconds
[2024-04-29T05:36:59.064+0000] {processor.py:161} INFO - Started process (PID=1476) to work on /home/airflow/.local/lib/python3.8/site-packages/airflow/example_dags/tutorial_dag.py
[2024-04-29T05:36:59.065+0000] {processor.py:830} INFO - Processing file /home/airflow/.local/lib/python3.8/site-packages/airflow/example_dags/tutorial_dag.py for tasks to queue
[2024-04-29T05:36:59.066+0000] {logging_mixin.py:188} INFO - [2024-04-29T05:36:59.066+0000] {dagbag.py:540} INFO - Filling up the DagBag from /home/airflow/.local/lib/python3.8/site-packages/airflow/example_dags/tutorial_dag.py
[2024-04-29T05:36:59.072+0000] {processor.py:840} INFO - DAG(s) 'tutorial_dag' retrieved from /home/airflow/.local/lib/python3.8/site-packages/airflow/example_dags/tutorial_dag.py
[2024-04-29T05:36:59.129+0000] {logging_mixin.py:188} INFO - [2024-04-29T05:36:59.126+0000] {dag.py:3047} INFO - Sync 1 DAGs
[2024-04-29T05:36:59.180+0000] {logging_mixin.py:188} INFO - [2024-04-29T05:36:59.179+0000] {dag.py:3834} INFO - Setting next_dagrun for tutorial_dag to None, run_after=None
[2024-04-29T05:36:59.234+0000] {processor.py:183} INFO - Processing /home/airflow/.local/lib/python3.8/site-packages/airflow/example_dags/tutorial_dag.py took 0.173 seconds
[2024-04-29T05:37:29.573+0000] {processor.py:161} INFO - Started process (PID=1728) to work on /home/airflow/.local/lib/python3.8/site-packages/airflow/example_dags/tutorial_dag.py
[2024-04-29T05:37:29.574+0000] {processor.py:830} INFO - Processing file /home/airflow/.local/lib/python3.8/site-packages/airflow/example_dags/tutorial_dag.py for tasks to queue
[2024-04-29T05:37:29.575+0000] {logging_mixin.py:188} INFO - [2024-04-29T05:37:29.575+0000] {dagbag.py:540} INFO - Filling up the DagBag from /home/airflow/.local/lib/python3.8/site-packages/airflow/example_dags/tutorial_dag.py
[2024-04-29T05:37:29.581+0000] {processor.py:840} INFO - DAG(s) 'tutorial_dag' retrieved from /home/airflow/.local/lib/python3.8/site-packages/airflow/example_dags/tutorial_dag.py
[2024-04-29T05:37:29.606+0000] {logging_mixin.py:188} INFO - [2024-04-29T05:37:29.605+0000] {dag.py:3047} INFO - Sync 1 DAGs
[2024-04-29T05:37:29.623+0000] {logging_mixin.py:188} INFO - [2024-04-29T05:37:29.623+0000] {dag.py:3834} INFO - Setting next_dagrun for tutorial_dag to None, run_after=None
[2024-04-29T05:37:29.648+0000] {processor.py:183} INFO - Processing /home/airflow/.local/lib/python3.8/site-packages/airflow/example_dags/tutorial_dag.py took 0.079 seconds
[2024-04-29T05:38:05.775+0000] {processor.py:161} INFO - Started process (PID=2061) to work on /home/airflow/.local/lib/python3.8/site-packages/airflow/example_dags/tutorial_dag.py
[2024-04-29T05:38:05.795+0000] {processor.py:830} INFO - Processing file /home/airflow/.local/lib/python3.8/site-packages/airflow/example_dags/tutorial_dag.py for tasks to queue
[2024-04-29T05:38:05.797+0000] {logging_mixin.py:188} INFO - [2024-04-29T05:38:05.796+0000] {dagbag.py:540} INFO - Filling up the DagBag from /home/airflow/.local/lib/python3.8/site-packages/airflow/example_dags/tutorial_dag.py
[2024-04-29T05:38:05.837+0000] {processor.py:840} INFO - DAG(s) 'tutorial_dag' retrieved from /home/airflow/.local/lib/python3.8/site-packages/airflow/example_dags/tutorial_dag.py
[2024-04-29T05:38:06.285+0000] {logging_mixin.py:188} INFO - [2024-04-29T05:38:06.285+0000] {dag.py:3047} INFO - Sync 1 DAGs
[2024-04-29T05:38:06.483+0000] {logging_mixin.py:188} INFO - [2024-04-29T05:38:06.483+0000] {dag.py:3834} INFO - Setting next_dagrun for tutorial_dag to None, run_after=None
[2024-04-29T05:38:06.984+0000] {processor.py:183} INFO - Processing /home/airflow/.local/lib/python3.8/site-packages/airflow/example_dags/tutorial_dag.py took 1.230 seconds
[2024-04-29T05:38:37.796+0000] {processor.py:161} INFO - Started process (PID=2387) to work on /home/airflow/.local/lib/python3.8/site-packages/airflow/example_dags/tutorial_dag.py
[2024-04-29T05:38:37.797+0000] {processor.py:830} INFO - Processing file /home/airflow/.local/lib/python3.8/site-packages/airflow/example_dags/tutorial_dag.py for tasks to queue
[2024-04-29T05:38:37.798+0000] {logging_mixin.py:188} INFO - [2024-04-29T05:38:37.797+0000] {dagbag.py:540} INFO - Filling up the DagBag from /home/airflow/.local/lib/python3.8/site-packages/airflow/example_dags/tutorial_dag.py
[2024-04-29T05:38:37.803+0000] {processor.py:840} INFO - DAG(s) 'tutorial_dag' retrieved from /home/airflow/.local/lib/python3.8/site-packages/airflow/example_dags/tutorial_dag.py
[2024-04-29T05:38:37.979+0000] {logging_mixin.py:188} INFO - [2024-04-29T05:38:37.979+0000] {dag.py:3047} INFO - Sync 1 DAGs
[2024-04-29T05:38:38.171+0000] {logging_mixin.py:188} INFO - [2024-04-29T05:38:38.171+0000] {dag.py:3834} INFO - Setting next_dagrun for tutorial_dag to None, run_after=None
[2024-04-29T05:38:38.303+0000] {processor.py:183} INFO - Processing /home/airflow/.local/lib/python3.8/site-packages/airflow/example_dags/tutorial_dag.py took 0.532 seconds
[2024-04-29T05:39:09.164+0000] {processor.py:161} INFO - Started process (PID=2648) to work on /home/airflow/.local/lib/python3.8/site-packages/airflow/example_dags/tutorial_dag.py
[2024-04-29T05:39:09.166+0000] {processor.py:830} INFO - Processing file /home/airflow/.local/lib/python3.8/site-packages/airflow/example_dags/tutorial_dag.py for tasks to queue
[2024-04-29T05:39:09.168+0000] {logging_mixin.py:188} INFO - [2024-04-29T05:39:09.167+0000] {dagbag.py:540} INFO - Filling up the DagBag from /home/airflow/.local/lib/python3.8/site-packages/airflow/example_dags/tutorial_dag.py
[2024-04-29T05:39:09.174+0000] {processor.py:840} INFO - DAG(s) 'tutorial_dag' retrieved from /home/airflow/.local/lib/python3.8/site-packages/airflow/example_dags/tutorial_dag.py
[2024-04-29T05:39:09.201+0000] {logging_mixin.py:188} INFO - [2024-04-29T05:39:09.201+0000] {dag.py:3047} INFO - Sync 1 DAGs
[2024-04-29T05:39:09.219+0000] {logging_mixin.py:188} INFO - [2024-04-29T05:39:09.219+0000] {dag.py:3834} INFO - Setting next_dagrun for tutorial_dag to None, run_after=None
[2024-04-29T05:39:09.247+0000] {processor.py:183} INFO - Processing /home/airflow/.local/lib/python3.8/site-packages/airflow/example_dags/tutorial_dag.py took 0.086 seconds
[2024-04-29T05:39:39.474+0000] {processor.py:161} INFO - Started process (PID=2902) to work on /home/airflow/.local/lib/python3.8/site-packages/airflow/example_dags/tutorial_dag.py
[2024-04-29T05:39:39.475+0000] {processor.py:830} INFO - Processing file /home/airflow/.local/lib/python3.8/site-packages/airflow/example_dags/tutorial_dag.py for tasks to queue
[2024-04-29T05:39:39.476+0000] {logging_mixin.py:188} INFO - [2024-04-29T05:39:39.476+0000] {dagbag.py:540} INFO - Filling up the DagBag from /home/airflow/.local/lib/python3.8/site-packages/airflow/example_dags/tutorial_dag.py
[2024-04-29T05:39:39.482+0000] {processor.py:840} INFO - DAG(s) 'tutorial_dag' retrieved from /home/airflow/.local/lib/python3.8/site-packages/airflow/example_dags/tutorial_dag.py
[2024-04-29T05:39:39.518+0000] {logging_mixin.py:188} INFO - [2024-04-29T05:39:39.518+0000] {dag.py:3047} INFO - Sync 1 DAGs
[2024-04-29T05:39:39.533+0000] {logging_mixin.py:188} INFO - [2024-04-29T05:39:39.533+0000] {dag.py:3834} INFO - Setting next_dagrun for tutorial_dag to None, run_after=None
[2024-04-29T05:39:39.557+0000] {processor.py:183} INFO - Processing /home/airflow/.local/lib/python3.8/site-packages/airflow/example_dags/tutorial_dag.py took 0.087 seconds
[2024-04-29T05:40:09.648+0000] {processor.py:161} INFO - Started process (PID=3155) to work on /home/airflow/.local/lib/python3.8/site-packages/airflow/example_dags/tutorial_dag.py
[2024-04-29T05:40:09.649+0000] {processor.py:830} INFO - Processing file /home/airflow/.local/lib/python3.8/site-packages/airflow/example_dags/tutorial_dag.py for tasks to queue
[2024-04-29T05:40:09.650+0000] {logging_mixin.py:188} INFO - [2024-04-29T05:40:09.650+0000] {dagbag.py:540} INFO - Filling up the DagBag from /home/airflow/.local/lib/python3.8/site-packages/airflow/example_dags/tutorial_dag.py
[2024-04-29T05:40:09.656+0000] {processor.py:840} INFO - DAG(s) 'tutorial_dag' retrieved from /home/airflow/.local/lib/python3.8/site-packages/airflow/example_dags/tutorial_dag.py
[2024-04-29T05:40:09.682+0000] {logging_mixin.py:188} INFO - [2024-04-29T05:40:09.682+0000] {dag.py:3047} INFO - Sync 1 DAGs
[2024-04-29T05:40:09.697+0000] {logging_mixin.py:188} INFO - [2024-04-29T05:40:09.697+0000] {dag.py:3834} INFO - Setting next_dagrun for tutorial_dag to None, run_after=None
[2024-04-29T05:40:09.723+0000] {processor.py:183} INFO - Processing /home/airflow/.local/lib/python3.8/site-packages/airflow/example_dags/tutorial_dag.py took 0.079 seconds
[2024-04-29T05:40:39.903+0000] {processor.py:161} INFO - Started process (PID=3407) to work on /home/airflow/.local/lib/python3.8/site-packages/airflow/example_dags/tutorial_dag.py
[2024-04-29T05:40:39.904+0000] {processor.py:830} INFO - Processing file /home/airflow/.local/lib/python3.8/site-packages/airflow/example_dags/tutorial_dag.py for tasks to queue
[2024-04-29T05:40:39.905+0000] {logging_mixin.py:188} INFO - [2024-04-29T05:40:39.904+0000] {dagbag.py:540} INFO - Filling up the DagBag from /home/airflow/.local/lib/python3.8/site-packages/airflow/example_dags/tutorial_dag.py
[2024-04-29T05:40:39.910+0000] {processor.py:840} INFO - DAG(s) 'tutorial_dag' retrieved from /home/airflow/.local/lib/python3.8/site-packages/airflow/example_dags/tutorial_dag.py
[2024-04-29T05:40:39.936+0000] {logging_mixin.py:188} INFO - [2024-04-29T05:40:39.935+0000] {dag.py:3047} INFO - Sync 1 DAGs
[2024-04-29T05:40:39.952+0000] {logging_mixin.py:188} INFO - [2024-04-29T05:40:39.951+0000] {dag.py:3834} INFO - Setting next_dagrun for tutorial_dag to None, run_after=None
[2024-04-29T05:40:39.978+0000] {processor.py:183} INFO - Processing /home/airflow/.local/lib/python3.8/site-packages/airflow/example_dags/tutorial_dag.py took 0.079 seconds
[2024-04-29T05:41:10.238+0000] {processor.py:161} INFO - Started process (PID=3664) to work on /home/airflow/.local/lib/python3.8/site-packages/airflow/example_dags/tutorial_dag.py
[2024-04-29T05:41:10.239+0000] {processor.py:830} INFO - Processing file /home/airflow/.local/lib/python3.8/site-packages/airflow/example_dags/tutorial_dag.py for tasks to queue
[2024-04-29T05:41:10.240+0000] {logging_mixin.py:188} INFO - [2024-04-29T05:41:10.240+0000] {dagbag.py:540} INFO - Filling up the DagBag from /home/airflow/.local/lib/python3.8/site-packages/airflow/example_dags/tutorial_dag.py
[2024-04-29T05:41:10.246+0000] {processor.py:840} INFO - DAG(s) 'tutorial_dag' retrieved from /home/airflow/.local/lib/python3.8/site-packages/airflow/example_dags/tutorial_dag.py
[2024-04-29T05:41:10.275+0000] {logging_mixin.py:188} INFO - [2024-04-29T05:41:10.275+0000] {dag.py:3047} INFO - Sync 1 DAGs
[2024-04-29T05:41:10.289+0000] {logging_mixin.py:188} INFO - [2024-04-29T05:41:10.289+0000] {dag.py:3834} INFO - Setting next_dagrun for tutorial_dag to None, run_after=None
[2024-04-29T05:41:10.314+0000] {processor.py:183} INFO - Processing /home/airflow/.local/lib/python3.8/site-packages/airflow/example_dags/tutorial_dag.py took 0.079 seconds
[2024-04-29T05:41:41.120+0000] {processor.py:161} INFO - Started process (PID=3922) to work on /home/airflow/.local/lib/python3.8/site-packages/airflow/example_dags/tutorial_dag.py
[2024-04-29T05:41:41.121+0000] {processor.py:830} INFO - Processing file /home/airflow/.local/lib/python3.8/site-packages/airflow/example_dags/tutorial_dag.py for tasks to queue
[2024-04-29T05:41:41.122+0000] {logging_mixin.py:188} INFO - [2024-04-29T05:41:41.121+0000] {dagbag.py:540} INFO - Filling up the DagBag from /home/airflow/.local/lib/python3.8/site-packages/airflow/example_dags/tutorial_dag.py
[2024-04-29T05:41:41.127+0000] {processor.py:840} INFO - DAG(s) 'tutorial_dag' retrieved from /home/airflow/.local/lib/python3.8/site-packages/airflow/example_dags/tutorial_dag.py
[2024-04-29T05:41:41.151+0000] {logging_mixin.py:188} INFO - [2024-04-29T05:41:41.151+0000] {dag.py:3047} INFO - Sync 1 DAGs
[2024-04-29T05:41:41.173+0000] {logging_mixin.py:188} INFO - [2024-04-29T05:41:41.173+0000] {dag.py:3834} INFO - Setting next_dagrun for tutorial_dag to None, run_after=None
[2024-04-29T05:41:41.203+0000] {processor.py:183} INFO - Processing /home/airflow/.local/lib/python3.8/site-packages/airflow/example_dags/tutorial_dag.py took 0.087 seconds
[2024-04-29T05:42:11.542+0000] {processor.py:161} INFO - Started process (PID=4174) to work on /home/airflow/.local/lib/python3.8/site-packages/airflow/example_dags/tutorial_dag.py
[2024-04-29T05:42:11.543+0000] {processor.py:830} INFO - Processing file /home/airflow/.local/lib/python3.8/site-packages/airflow/example_dags/tutorial_dag.py for tasks to queue
[2024-04-29T05:42:11.544+0000] {logging_mixin.py:188} INFO - [2024-04-29T05:42:11.544+0000] {dagbag.py:540} INFO - Filling up the DagBag from /home/airflow/.local/lib/python3.8/site-packages/airflow/example_dags/tutorial_dag.py
[2024-04-29T05:42:11.550+0000] {processor.py:840} INFO - DAG(s) 'tutorial_dag' retrieved from /home/airflow/.local/lib/python3.8/site-packages/airflow/example_dags/tutorial_dag.py
[2024-04-29T05:42:11.577+0000] {logging_mixin.py:188} INFO - [2024-04-29T05:42:11.577+0000] {dag.py:3047} INFO - Sync 1 DAGs
[2024-04-29T05:42:11.593+0000] {logging_mixin.py:188} INFO - [2024-04-29T05:42:11.592+0000] {dag.py:3834} INFO - Setting next_dagrun for tutorial_dag to None, run_after=None
[2024-04-29T05:42:11.620+0000] {processor.py:183} INFO - Processing /home/airflow/.local/lib/python3.8/site-packages/airflow/example_dags/tutorial_dag.py took 0.081 seconds
[2024-04-29T05:42:41.950+0000] {processor.py:161} INFO - Started process (PID=4427) to work on /home/airflow/.local/lib/python3.8/site-packages/airflow/example_dags/tutorial_dag.py
[2024-04-29T05:42:41.951+0000] {processor.py:830} INFO - Processing file /home/airflow/.local/lib/python3.8/site-packages/airflow/example_dags/tutorial_dag.py for tasks to queue
[2024-04-29T05:42:41.952+0000] {logging_mixin.py:188} INFO - [2024-04-29T05:42:41.952+0000] {dagbag.py:540} INFO - Filling up the DagBag from /home/airflow/.local/lib/python3.8/site-packages/airflow/example_dags/tutorial_dag.py
[2024-04-29T05:42:41.957+0000] {processor.py:840} INFO - DAG(s) 'tutorial_dag' retrieved from /home/airflow/.local/lib/python3.8/site-packages/airflow/example_dags/tutorial_dag.py
[2024-04-29T05:42:41.981+0000] {logging_mixin.py:188} INFO - [2024-04-29T05:42:41.981+0000] {dag.py:3047} INFO - Sync 1 DAGs
[2024-04-29T05:42:41.995+0000] {logging_mixin.py:188} INFO - [2024-04-29T05:42:41.995+0000] {dag.py:3834} INFO - Setting next_dagrun for tutorial_dag to None, run_after=None
[2024-04-29T05:42:42.018+0000] {processor.py:183} INFO - Processing /home/airflow/.local/lib/python3.8/site-packages/airflow/example_dags/tutorial_dag.py took 0.072 seconds
[2024-04-29T05:43:12.079+0000] {processor.py:161} INFO - Started process (PID=4680) to work on /home/airflow/.local/lib/python3.8/site-packages/airflow/example_dags/tutorial_dag.py
[2024-04-29T05:43:12.080+0000] {processor.py:830} INFO - Processing file /home/airflow/.local/lib/python3.8/site-packages/airflow/example_dags/tutorial_dag.py for tasks to queue
[2024-04-29T05:43:12.081+0000] {logging_mixin.py:188} INFO - [2024-04-29T05:43:12.081+0000] {dagbag.py:540} INFO - Filling up the DagBag from /home/airflow/.local/lib/python3.8/site-packages/airflow/example_dags/tutorial_dag.py
[2024-04-29T05:43:12.087+0000] {processor.py:840} INFO - DAG(s) 'tutorial_dag' retrieved from /home/airflow/.local/lib/python3.8/site-packages/airflow/example_dags/tutorial_dag.py
[2024-04-29T05:43:12.111+0000] {logging_mixin.py:188} INFO - [2024-04-29T05:43:12.111+0000] {dag.py:3047} INFO - Sync 1 DAGs
[2024-04-29T05:43:12.127+0000] {logging_mixin.py:188} INFO - [2024-04-29T05:43:12.127+0000] {dag.py:3834} INFO - Setting next_dagrun for tutorial_dag to None, run_after=None
[2024-04-29T05:43:12.161+0000] {processor.py:183} INFO - Processing /home/airflow/.local/lib/python3.8/site-packages/airflow/example_dags/tutorial_dag.py took 0.085 seconds
[2024-04-29T05:43:42.311+0000] {processor.py:161} INFO - Started process (PID=4932) to work on /home/airflow/.local/lib/python3.8/site-packages/airflow/example_dags/tutorial_dag.py
[2024-04-29T05:43:42.312+0000] {processor.py:830} INFO - Processing file /home/airflow/.local/lib/python3.8/site-packages/airflow/example_dags/tutorial_dag.py for tasks to queue
[2024-04-29T05:43:42.314+0000] {logging_mixin.py:188} INFO - [2024-04-29T05:43:42.313+0000] {dagbag.py:540} INFO - Filling up the DagBag from /home/airflow/.local/lib/python3.8/site-packages/airflow/example_dags/tutorial_dag.py
[2024-04-29T05:43:42.319+0000] {processor.py:840} INFO - DAG(s) 'tutorial_dag' retrieved from /home/airflow/.local/lib/python3.8/site-packages/airflow/example_dags/tutorial_dag.py
[2024-04-29T05:43:42.344+0000] {logging_mixin.py:188} INFO - [2024-04-29T05:43:42.344+0000] {dag.py:3047} INFO - Sync 1 DAGs
[2024-04-29T05:43:42.359+0000] {logging_mixin.py:188} INFO - [2024-04-29T05:43:42.359+0000] {dag.py:3834} INFO - Setting next_dagrun for tutorial_dag to None, run_after=None
[2024-04-29T05:43:42.385+0000] {processor.py:183} INFO - Processing /home/airflow/.local/lib/python3.8/site-packages/airflow/example_dags/tutorial_dag.py took 0.077 seconds
